
Gurobi 7.0.2 (win64) logging started 06/27/20 11:18:53

Read LP format model from file C:\George\Professor\Pesquisa\Orientacoes em Pos-graduacao\2019 MSC PPGCC Guilherme Figueroa\Fanjuls Solver\Results\I_100_30_S_1-9_8_MTZ_KB.lp
Reading time = 1.50 seconds
: 16260 rows, 306101 columns, 1238030 nonzeros
Optimize a model with 16260 rows, 306101 columns and 1238030 nonzeros
Variable types: 3101 continuous, 303000 integer (303000 binary)
Coefficient statistics:
  Matrix range     [1e+00, 1e+02]
  Objective range  [1e+00, 1e+00]
  Bounds range     [1e+00, 1e+00]
  RHS range        [1e+00, 1e+02]
Presolve time: 2.67s
Presolved: 16260 rows, 306101 columns, 1238030 nonzeros
Variable types: 100 continuous, 306001 integer (306000 binary)
Found heuristic solution: objective 5261.0000000
Found heuristic solution: objective 5252.0000000

Root simplex log...

Iteration    Objective       Primal Inf.    Dual Inf.      Time
       0    0.0000000e+00   2.000000e+02   0.000000e+00      5s
    5761    1.0433394e-04   2.771206e+03   0.000000e+00     10s
    8140    3.1315042e-04   1.317643e+03   0.000000e+00     15s
   11272    4.5006154e-04   3.016612e+03   0.000000e+00     20s
   14596    5.7693352e-04   3.374932e+03   0.000000e+00     25s
   17124    6.7491984e-04   3.318456e+03   0.000000e+00     30s
   20284    8.0890230e-04   3.145314e+03   0.000000e+00     35s
   22891    9.3711306e-04   7.091575e+03   0.000000e+00     40s
   25972    1.1014107e-03   6.561321e+03   0.000000e+00     45s
   32213    1.5827010e-03   1.317918e+04   0.000000e+00     50s
   39165    2.6181600e-03   6.223824e+04   0.000000e+00     55s
   46354    5.1656725e-03   6.825030e+04   0.000000e+00     60s
   51419    1.8514806e+01   1.608387e+02   0.000000e+00     65s
   52998    1.8925052e+01   6.006246e+01   0.000000e+00     71s
   54073    1.9097488e+01   2.886808e+02   0.000000e+00     75s
   54934    1.9125454e+01   6.833215e+01   0.000000e+00     80s
   55185    1.9125898e+01   0.000000e+00   0.000000e+00     82s

Root relaxation: objective 1.912590e+01, 55185 iterations, 77.06 seconds

    Nodes    |    Current Node    |     Objective Bounds      |     Work
 Expl Unexpl |  Obj  Depth IntInf | Incumbent    BestBd   Gap | It/Node Time

     0     0   19.12590    0  358 5252.00000   19.12590   100%     -   85s
H    0     0                      32.0000000   19.12590  40.2%     -  127s
H    0     0                      26.0000000   19.12590  26.4%     -  130s
     0     0   19.30668    0  445   26.00000   19.30668  25.7%     -  134s
     0     0   19.30668    0  355   26.00000   19.30668  25.7%     -  143s
     0     0   20.00000    0  517   26.00000   20.00000  23.1%     -  145s
     0     0   20.00000    0  497   26.00000   20.00000  23.1%     -  145s
     0     0   20.00000    0  540   26.00000   20.00000  23.1%     -  146s
     0     0   20.00000    0  491   26.00000   20.00000  23.1%     -  146s
     0     0   20.00000    0  324   26.00000   20.00000  23.1%     -  150s
     0     0   20.00000    0  480   26.00000   20.00000  23.1%     -  151s
     0     0   20.00000    0  382   26.00000   20.00000  23.1%     -  154s
     0     0   20.00000    0  485   26.00000   20.00000  23.1%     -  155s
     0     0   20.00000    0  389   26.00000   20.00000  23.1%     -  159s
     0     0   20.00000    0  389   26.00000   20.00000  23.1%     -  166s
     0     2   20.00000    0  339   26.00000   20.00000  23.1%     -  174s
     1     4   20.00000    1  370   26.00000   20.00000  23.1%  6731  175s
     9    10   20.00000    5  414   26.00000   20.00000  23.1%  1144  180s
    19    18   22.00000   11  522   26.00000   20.00000  23.1%   838  186s
    28    23   21.00000   18  426   26.00000   20.00000  23.1%   694  190s
    51    43   21.00000   35  401   26.00000   20.00000  23.1%   443  195s
    75    64   21.00000   50  392   26.00000   20.00000  23.1%   369  200s
   105    85   22.00000   73  402   26.00000   20.00000  23.1%   312  205s
   183   142   24.00000  137  344   26.00000   20.00000  23.1%   228  210s
   216   157   21.00000    5  468   26.00000   20.00000  23.1%   226  215s
   255   189   21.00000   39  395   26.00000   20.00000  23.1%   213  220s
   282   212   21.00000   57  382   26.00000   20.00000  23.1%   215  225s
   325   248   22.00000   90  357   26.00000   20.00000  23.1%   213  230s
   388   292   25.00000  140  314   26.00000   20.00000  23.1%   205  235s
   440   324   20.05873    7  542   26.00000   20.00000  23.1%   206  240s
   468   350   21.00000   31  399   26.00000   20.00000  23.1%   209  245s
   511   390   24.00000   52  445   26.00000   20.00000  23.1%   202  253s
   513   391   25.00000  156  266   26.00000   20.00000  23.1%   201  257s
   515   393   21.00000   34  481   26.00000   20.00000  23.1%   200  260s
   519   395   22.00000   76  456   26.00000   21.00000  19.2%   199  265s
   525   399   21.00000   19  482   26.00000   21.00000  19.2%   196  270s
   527   401   21.00000   22  493   26.00000   21.00000  19.2%   196  276s
   528   401   24.00000  110  288   26.00000   21.00000  19.2%   195  280s
   530   403   21.00000   22  344   26.00000   21.00000  19.2%   195  286s
   532   404   22.00000   39  318   26.00000   21.00000  19.2%   194  294s
   533   405   25.00000  156  267   26.00000   21.00000  19.2%   193  296s
   536   408   24.00000   66  445   26.00000   21.00000  19.2%   392  312s
   538   409   22.00000   97  271   26.00000   21.00000  19.2%   391  316s
   541   411   24.00000   49  538   26.00000   21.00000  19.2%   389  320s
   543   413   23.00000   37  281   26.00000   21.00000  19.2%   387  328s
   545   414   21.00000   19  238   26.00000   21.00000  19.2%   386  336s
   547   415   21.00000   22  158   26.00000   21.00000  19.2%   384  344s
   548   416   24.00000  110  377   26.00000   21.00000  19.2%   384  345s
   549   417   21.00000   22  205   26.00000   21.00000  19.2%   383  350s
   551   418   24.00000   52  248   26.00000   21.00000  19.2%   381  357s
   553   419   25.00000  156  263   26.00000   21.00000  19.2%   380  364s
   554   420   22.00000   12  408   26.00000   21.00000  19.2%   379  366s
   555   421   21.00000   34  210   26.00000   21.00000  19.2%   379  372s
   557   422   21.00000   85  183   26.00000   21.00000  19.2%   377  387s
   559   423   22.00000   76  183   26.00000   21.00000  19.2%   376  394s
   560   426   21.00000   26  256   26.00000   21.00000  19.2%   551  406s
   561   427   21.00000   26  358   26.00000   21.00000  19.2%   552  420s
   562   427   21.00000   27  367   26.00000   21.00000  19.2%   553  435s
   563   428   21.00000   27  449   26.00000   21.00000  19.2%   554  446s
   564   429   21.00000   28  346   26.00000   21.00000  19.2%   554  451s
   565   429   22.00000   28  394   26.00000   21.00000  19.2%   555  456s
   566   430   21.00000   29  361   26.00000   21.00000  19.2%   556  461s
   567   431   21.00000   29  368   26.00000   21.00000  19.2%   557  465s
   569   432   21.00000   30  416   26.00000   21.00000  19.2%   558  473s
   570   433   21.00000   31  445   26.00000   21.00000  19.2%   558  477s
   571   433   21.00000   31  405   26.00000   21.00000  19.2%   562  482s
   573   435   21.00000   32  386   26.00000   21.00000  19.2%   561  486s
   576   437   21.00000   34  383   26.00000   21.00000  19.2%   561  490s
   579   439   21.00000   35  346   26.00000   21.00000  19.2%   582  499s
   580   439   21.00000   36  354   26.00000   21.00000  19.2%   582  500s
   588   445   21.00000   40  379   26.00000   21.00000  19.2%   578  505s
   595   449   24.00000   43  286   26.00000   21.00000  19.2%   577  510s
   603   454   21.12257   47  361   26.00000   21.00000  19.2%   577  515s
   611   455   21.11357   51  375   26.00000   21.00000  19.2%   577  520s
   618   459   25.00000   55  297   26.00000   21.00000  19.2%   572  525s
   623   462   22.00000   58  358   26.00000   21.00000  19.2%   569  530s
   628   465   25.00000   60  315   26.00000   21.00000  19.2%   566  535s
   635   470   22.00000   64  387   26.00000   21.00000  19.2%   564  540s
   651   478   24.00000   72  271   26.00000   21.00000  19.2%   558  545s
   662   482 infeasible   78        26.00000   21.00000  19.2%   557  550s
   683   487   23.30528   89  274   26.00000   21.00000  19.2%   548  555s
   693   492   24.00000   95  301   26.00000   21.00000  19.2%   549  560s
   715   495   25.00000  106  299   26.00000   21.00000  19.2%   540  565s
   729   497   21.00000   29  419   26.00000   21.00000  19.2%   537  570s
   736   501   21.00000   33  360   26.00000   21.00000  19.2%   537  575s
   744   506   21.00000   37  355   26.00000   21.00000  19.2%   538  580s
   748   508   21.00000   39  361   26.00000   21.00000  19.2%   542  586s
   752   511   21.00000   41  347   26.00000   21.00000  19.2%   542  594s
   754   512   21.00000   42  338   26.00000   21.00000  19.2%   543  595s
   761   516   21.01674   45  383   26.00000   21.00000  19.2%   546  600s
   770   522   21.00000   50  414   26.00000   21.00000  19.2%   548  605s
   781   528   21.00000   55  349   26.00000   21.00000  19.2%   549  610s
   792   535   21.00000   61  341   26.00000   21.00000  19.2%   550  615s
   802   539   21.01630   66  351   26.00000   21.00000  19.2%   552  620s
   810   544   22.00000   70  356   26.00000   21.00000  19.2%   553  625s
   818   549   22.00000   74  363   26.00000   21.00000  19.2%   553  630s
   834   560   22.00000   82  343   26.00000   21.00000  19.2%   548  635s
   847   568   22.00000   89  287   26.00000   21.00000  19.2%   546  640s
   868   578   24.00000  100  270   26.00000   21.00000  19.2%   541  645s
   889   582 infeasible  111        26.00000   21.00000  19.2%   537  650s
   913   576   21.00000   29  419   26.00000   21.00000  19.2%   530  655s
   920   581   21.00000   32  405   26.00000   21.00000  19.2%   530  660s
   925   584   21.00000   35  330   26.00000   21.00000  19.2%   539  668s
   926   585   21.00000   35  242   26.00000   21.00000  19.2%   553  675s
   934   590   21.00000   39  425   26.00000   21.00000  19.2%   553  680s
   940   594   25.00000   42  356   26.00000   21.00000  19.2%   554  685s
   945   598   21.00000   45  312   26.00000   21.00000  19.2%   559  690s
   949   600   21.00000   47  343   26.00000   21.00000  19.2%   566  695s
   962   608   21.11890   53  379   26.00000   21.00000  19.2%   566  700s
   968   611   21.00000   56  356   26.00000   21.00000  19.2%   570  705s
   979   613   22.00000   62  373   26.00000   21.00000  19.2%   570  710s
   992   622   22.00000   69  359   26.00000   21.00000  19.2%   567  715s
  1010   629   23.00000   78  369   26.00000   21.00000  19.2%   563  720s
  1028   638   23.41665   87  280   26.00000   21.00000  19.2%   558  725s
  1043   646   24.00000   95  274   26.00000   21.00000  19.2%   556  730s
  1073   653   25.00000  111  250   26.00000   21.00000  19.2%   547  735s
  1103   657 infeasible  125        26.00000   21.00000  19.2%   540  740s
  1123   654   21.00000   35  207   26.00000   21.00000  19.2%   548  752s
  1129   658   21.00000   41  393   26.00000   21.00000  19.2%   547  755s
  1133   661   21.00000   45  364   26.00000   21.00000  19.2%   551  760s
  1141   666   21.00000   53  391   26.00000   21.00000  19.2%   551  765s
  1149   668   21.02949   56  426   26.00000   21.00000  19.2%   551  770s
  1154   670   22.00000   59  389   26.00000   21.00000  19.2%   551  776s
  1160   674   22.00000   62  363   26.00000   21.00000  19.2%   551  780s
  1170   681   22.00000   72  351   26.00000   21.00000  19.2%   548  785s
  1182   687   22.06789   78  333   26.00000   21.00000  19.2%   547  790s
  1190   691   23.00000   80  342   26.00000   21.00000  19.2%   547  795s
  1213   702   24.00000   97  310   26.00000   21.00000  19.2%   542  800s
  1234   715   24.00000  114  257   26.00000   21.00000  19.2%   537  805s
  1259   721   25.00000  129  231   26.00000   21.00000  19.2%   532  810s
  1283   727   24.00000   50  369   26.00000   21.00000  19.2%   524  815s
  1297   735   24.00000   62  292   26.00000   21.00000  19.2%   521  820s
  1311   745   24.00000   71  269   26.00000   21.00000  19.2%   519  825s
  1329   757   24.00000   85  291   26.00000   21.00000  19.2%   516  830s
  1355   772   24.00000  103  264   26.00000   21.00000  19.2%   511  835s
  1378   787   24.00000  117  273   26.00000   21.00000  19.2%   507  840s
  1395   795   24.00000  128  250   26.00000   21.00000  19.2%   504  845s
  1414   791 infeasible  131        26.00000   21.00000  19.2%   502  850s
  1430   801   21.00000   55  334   26.00000   21.00000  19.2%   501  855s
  1441   803   22.00000   60  361   26.00000   21.00000  19.2%   501  860s
  1455   813   22.00000   73  362   26.00000   21.00000  19.2%   499  865s
  1473   825   23.00000   88  328   26.00000   21.00000  19.2%   497  870s
  1488   828   24.00000   95  336   26.00000   21.00000  19.2%   497  875s
  1510   832   25.00000  105  340   26.00000   21.00000  19.2%   495  881s
  1529   837   25.00000  119  302   26.00000   21.00000  19.2%   492  885s
  1545   838   21.00000   35  231   26.00000   21.00000  19.2%   493  891s
  1552   842   21.00000   42  385   26.00000   21.00000  19.2%   493  895s
  1558   846   21.00000   48  369   26.00000   21.00000  19.2%   496  900s
  1562   849   21.00000   52  383   26.00000   21.00000  19.2%   496  905s
  1565   851   21.00000   55  309   26.00000   21.00000  19.2%   502  911s
  1576   857   21.01802   66  451   26.00000   21.00000  19.2%   501  918s
  1581   861   22.00000   71  410   26.00000   21.00000  19.2%   500  920s
  1608   879   24.00000   98  332   26.00000   21.00000  19.2%   494  925s
  1626   891   24.00000  116  393   26.00000   21.00000  19.2%   492  930s
  1646   904   24.00000  136  398   26.00000   21.00000  19.2%   488  935s
  1674   923   24.00000  164  396   26.00000   21.00000  19.2%   484  940s
  1708   944   25.00000  198  339   26.00000   21.00000  19.2%   477  945s
  1737   950   21.00000   31  389   26.00000   21.00000  19.2%   474  950s
  1742   953   21.00000   36  275   26.00000   21.00000  19.2%   476  956s
  1750   958   21.00000   44  364   26.00000   21.00000  19.2%   476  960s
  1758   963   21.01915   52  437   26.00000   21.00000  19.2%   476  965s
  1776   975   22.00000   70  393   26.00000   21.00000  19.2%   474  970s
  1820  1004   25.00000  114  251   26.00000   21.00000  19.2%   465  975s
  1842  1018   25.00000  134  291   26.00000   21.00000  19.2%   462  980s
  1851  1023   21.00000   35  284   26.00000   21.00000  19.2%   468  989s
  1852  1024   21.00000   36  433   26.00000   21.00000  19.2%   468  990s
  1863  1035   25.00000   47  333   26.00000   21.00000  19.2%   467  995s
  1882  1050   25.00000   64  223   26.00000   21.00000  19.2%   466 1000s
  1898  1052   21.00000   45  363   26.00000   21.00000  19.2%   467 1005s
  1902  1055   22.00000   49  457   26.00000   21.00000  19.2%   467 1010s
  1919  1072   22.00000   66  417   26.00000   21.00000  19.2%   465 1015s
  1928  1080   22.00000   75  443   26.00000   21.00000  19.2%   464 1020s
  1946  1098   23.00000   93  381   26.00000   21.00000  19.2%   462 1025s
  1959  1109 infeasible  106        26.00000   21.00000  19.2%   462 1030s
  1970  1120   25.00000  116  356   26.00000   21.00000  19.2%   461 1035s
  1994  1134   21.00000   34  385   26.00000   21.00000  19.2%   458 1051s
  1995  1135   21.00000   35  258   26.00000   21.00000  19.2%   462 1056s
  2002  1142   21.00000   42  351   26.00000   21.00000  19.2%   462 1060s
  2005  1145   21.00000   45  327   26.00000   21.00000  19.2%   468 1068s
  2006  1146   21.00000   46  393   26.00000   21.00000  19.2%   468 1070s
  2014  1154   21.00000   54  376   26.00000   21.00000  19.2%   468 1075s
  2022  1162   21.00000   62  396   26.00000   21.00000  19.2%   467 1080s
  2026  1164   21.01668   65  375   26.00000   21.00000  19.2%   469 1085s
  2031  1167   23.00000   66  434   26.00000   21.00000  19.2%   470 1092s
  2036  1172   22.00000   69  383   26.00000   21.00000  19.2%   470 1095s
  2045  1181   22.00000   75  363   26.00000   21.00000  19.2%   469 1100s
  2065  1199   22.00000   90  343   26.00000   21.00000  19.2%   467 1105s
  2079  1209   23.00000   99  375   26.00000   21.00000  19.2%   466 1110s
  2090  1220   23.00000  108  308   26.00000   21.00000  19.2%   466 1115s
  2115  1239   24.00000  127  273   26.00000   21.00000  19.2%   463 1120s
  2140  1260   24.00000  148  297   26.00000   21.00000  19.2%   460 1125s
  2157  1263 infeasible  158        26.00000   21.00000  19.2%   459 1130s
  2164  1266   21.00000   45  357   26.00000   21.00000  19.2%   461 1136s
  2169  1270   22.00000   50  429   26.00000   21.00000  19.2%   461 1140s
  2180  1281   22.00000   61  394   26.00000   21.00000  19.2%   460 1145s
  2189  1290   22.00000   70  385   26.00000   21.00000  19.2%   459 1150s
  2203  1303   23.00000   84  382   26.00000   21.00000  19.2%   458 1155s
  2226  1325   24.00000  107  387   26.00000   21.00000  19.2%   456 1160s
  2256  1354   24.30857  137  269   26.00000   21.00000  19.2%   452 1165s
  2268  1356   21.00000   32  386   26.00000   21.00000  19.2%   452 1170s
  2275  1363   21.00000   35  278   26.00000   21.00000  19.2%   455 1177s
  2279  1367   21.00000   35  277   26.00000   21.00000  19.2%   457 1181s
  2280  1368   21.00000   35  171   26.00000   21.00000  19.2%   460 1185s
  2283  1371   21.00000   37  366   26.00000   21.00000  19.2%   462 1190s
  2291  1379   21.00000   40  381   26.00000   21.00000  19.2%   462 1195s
  2299  1387   21.00000   43  382   26.00000   21.00000  19.2%   463 1200s
  2310  1397   22.00000   48  364   26.00000   21.00000  19.2%   462 1205s
  2322  1409   24.00000   54  278   26.00000   21.00000  19.2%   462 1210s
  2355  1442   25.00000   67  282   26.00000   21.00000  19.2%   457 1215s
  2369  1455   25.00000   72  270   26.00000   21.00000  19.2%   457 1220s
  2391  1468   25.00000   79  249   26.00000   21.00000  19.2%   455 1225s
  2411  1476   21.00000   44  367   26.00000   21.00000  19.2%   453 1230s
  2422  1487   21.00000   55  325   26.00000   21.00000  19.2%   455 1237s
  2427  1492   21.00000   60  363   26.00000   21.00000  19.2%   455 1240s
  2439  1503   22.00000   72  419   26.00000   21.00000  19.2%   454 1245s
  2472  1536   24.00000  105  345   26.00000   21.00000  19.2%   449 1250s
  2499  1563   24.00000  132  332   26.00000   21.00000  19.2%   446 1255s
  2526  1590   24.00000  159  339   26.00000   21.00000  19.2%   443 1260s
  2559  1622   25.00000  192  345   26.00000   21.00000  19.2%   439 1265s
  2595  1653   25.00000  224  340   26.00000   21.00000  19.2%   435 1270s
  2614  1660   21.00000   35  297   26.00000   21.00000  19.2%   435 1275s
  2621  1667   22.00000   42  357   26.00000   21.00000  19.2%   436 1280s
  2642  1688   23.00000   63  305   26.00000   21.00000  19.2%   434 1285s
  2675  1721   25.00000   96  255   26.00000   21.00000  19.2%   431 1290s
  2701  1737   21.00000   34  397   26.00000   21.00000  19.2%   429 1295s
  2707  1743   22.00000   40  372   26.00000   21.00000  19.2%   430 1300s
  2726  1762   22.00000   59  361   26.00000   21.00000  19.2%   429 1305s
  2739  1774   24.33072   72  251   26.00000   21.00000  19.2%   429 1310s
  2754  1781   21.00000   35  279   26.00000   21.00000  19.2%   430 1316s
  2762  1789   21.00000   43  397   26.00000   21.00000  19.2%   430 1320s
  2769  1796   21.00000   50  431   26.00000   21.00000  19.2%   431 1325s
  2780  1807   21.00000   61  431   26.00000   21.00000  19.2%   432 1330s
  2793  1819   22.00000   74  386   26.00000   21.00000  19.2%   431 1335s
  2812  1838   22.00000   93  390   26.00000   21.00000  19.2%   430 1340s
  2829  1854   23.00000  110  280   26.00000   21.00000  19.2%   429 1345s
  2862  1885   24.00000  142  271   26.00000   21.00000  19.2%   426 1350s
  2895  1905   21.00000   37  370   26.00000   21.00000  19.2%   422 1355s
  2903  1913   21.00000   45  325   26.00000   21.00000  19.2%   423 1360s
  2916  1925   22.00000   58  435   26.00000   21.00000  19.2%   422 1365s
  2937  1946   22.00000   79  386   26.00000   21.00000  19.2%   421 1370s
  2954  1962   23.00000   96  366   26.00000   21.00000  19.2%   420 1375s
  2978  1986   24.00000  120  329   26.00000   21.00000  19.2%   418 1380s
  3003  2010   25.00000  145  301   26.00000   21.00000  19.2%   416 1385s
  3027  2024   21.00000   41  376   26.00000   21.00000  19.2%   414 1390s
  3034  2031   21.00000   45  350   26.00000   21.00000  19.2%   416 1396s
  3045  2041   21.00000   50  384   26.00000   21.00000  19.2%   416 1400s
  3056  2051   21.00000   56  330   26.00000   21.00000  19.2%   418 1405s
  3070  2059   22.00000   63  359   26.00000   21.00000  19.2%   418 1410s
  3087  2076   22.00000   72  349   26.00000   21.00000  19.2%   417 1415s
  3109  2094   22.00000   83  296   26.00000   21.00000  19.2%   417 1420s
  3125  2106   24.09828   91  245   26.00000   21.00000  19.2%   416 1425s
  3145  2126   23.00000  101  293   26.00000   21.00000  19.2%   416 1430s
  3170  2143   24.00000  114  266   26.00000   21.00000  19.2%   415 1435s
  3185  2145   21.00000   44  429   26.00000   21.00000  19.2%   415 1440s
  3202  2162   22.00000   61  317   26.00000   21.00000  19.2%   414 1445s
  3218  2177   23.00000   77  372   26.00000   21.00000  19.2%   413 1450s
  3235  2193   24.00000   94  337   26.00000   21.00000  19.2%   413 1455s
  3260  2218   25.00000  119  281   26.00000   21.00000  19.2%   411 1460s
  3283  2229   21.00000   45  279   26.00000   21.00000  19.2%   411 1466s
  3291  2237   21.00000   53  371   26.00000   21.00000  19.2%   411 1470s
  3301  2246   22.00000   63  378   26.00000   21.00000  19.2%   411 1475s
  3317  2262   24.00000   79  351   26.00000   21.00000  19.2%   409 1480s
  3333  2278   24.00000   95  324   26.00000   21.00000  19.2%   408 1485s
  3343  2288   24.00000  105  328   26.00000   21.00000  19.2%   408 1490s
  3374  2319   24.00000  136  342   26.00000   21.00000  19.2%   405 1495s
  3399  2344   24.00000  161  376   26.00000   21.00000  19.2%   404 1500s
  3426  2370   25.00000  188  329   26.00000   21.00000  19.2%   402 1505s
  3457  2397   25.00000  216  330   26.00000   21.00000  19.2%   400 1510s
  3473  2400   22.00000   52  350   26.00000   21.00000  19.2%   400 1515s
  3491  2418   22.00000   67  357   26.00000   21.00000  19.2%   399 1520s
  3508  2435   22.00000   79  320   26.00000   21.00000  19.2%   398 1525s
  3532  2453   22.28008   95  323   26.00000   21.00000  19.2%   397 1530s
  3550  2471   23.00000  109  334   26.00000   21.00000  19.2%   397 1535s
  3569  2488   23.00000  120  322   26.00000   21.00000  19.2%   397 1540s
  3596  2508 infeasible  139        26.00000   21.00000  19.2%   396 1545s
  3617  2516   21.00000   42  411   26.00000   21.00000  19.2%   395 1550s
  3630  2528   22.00000   55  385   26.00000   21.00000  19.2%   395 1555s
  3646  2544   22.00000   71  350   26.00000   21.00000  19.2%   394 1560s
  3676  2574   22.00000  101  365   26.00000   21.00000  19.2%   392 1565s
  3706  2602   23.00000  131  359   26.00000   21.00000  19.2%   390 1570s
  3732  2627   25.00000  157  300   26.00000   21.00000  19.2%   389 1575s
  3775  2663   25.00000  194  247   26.00000   21.00000  19.2%   386 1580s
  3797  2671   21.00000   45  325   26.00000   21.00000  19.2%   386 1586s
  3807  2681   21.00000   55  362   26.00000   21.00000  19.2%   386 1590s
  3828  2701   22.00000   76  357   26.00000   21.00000  19.2%   385 1595s
  3848  2721   22.00000   96  369   26.00000   21.00000  19.2%   385 1600s
  3866  2738   25.00000  114  312   26.00000   21.00000  19.2%   384 1605s
  3901  2773   25.00000  149  255   26.00000   21.00000  19.2%   382 1610s
  3947  2807   25.00000  185  186   26.00000   21.00000  19.2%   378 1615s
  3964  2812   22.00000   48  342   26.00000   21.00000  19.2%   378 1620s
  3982  2830   22.00000   66  347   26.00000   21.00000  19.2%   377 1625s
  4004  2852   22.00000   88  325   26.00000   21.00000  19.2%   376 1630s
  4030  2877   24.00000  114  315   26.00000   21.00000  19.2%   375 1635s
  4061  2908   25.00000  145  254   26.00000   21.00000  19.2%   373 1640s
  4106  2941   21.00000   48  358   26.00000   21.00000  19.2%   370 1645s
  4120  2954   22.00000   53  343   26.00000   21.00000  19.2%   370 1650s
  4144  2978   25.00000   67  261   26.00000   21.00000  19.2%   370 1655s
  4170  2988   25.00000   81  258   26.00000   21.00000  19.2%   369 1660s
  4188  2995   22.00000   65  352   26.00000   21.00000  19.2%   369 1665s
  4206  3012   23.00000   83  309   26.00000   21.00000  19.2%   369 1670s
  4231  3035   25.00000  108  256   26.00000   21.00000  19.2%   368 1675s
  4256  3050   22.00000   60  341   26.00000   21.00000  19.2%   367 1680s
  4274  3067   23.00000   78  299   26.00000   21.00000  19.2%   367 1685s
  4296  3089   23.00000  100  329   26.00000   21.00000  19.2%   366 1690s
  4325  3116   25.00000  129  301   26.00000   21.00000  19.2%   365 1695s
  4352  3130   22.00000   56  357   26.00000   21.00000  19.2%   364 1700s
  4373  3150   22.01932   77  337   26.00000   21.00000  19.2%   363 1705s
  4393  3169   24.00000   97  347   26.00000   21.00000  19.2%   363 1710s
  4438  3198   21.01233   54  361   26.00000   21.00000  19.2%   361 1715s
  4454  3214   22.00000   70  324   26.00000   21.00000  19.2%   361 1720s
  4471  3229   24.00000   87  331   26.00000   21.00000  19.2%   361 1725s
  4505  3250 infeasible  112        26.00000   21.00000  19.2%   359 1730s
  4524  3266   22.00000   68  362   26.00000   21.00000  19.2%   359 1735s
  4542  3283   25.00000   86  296   26.00000   21.00000  19.2%   359 1740s
  4577  3306   21.00000   51  342   26.00000   21.00000  19.2%   357 1745s
  4599  3327   22.00000   73  350   26.00000   21.00000  19.2%   357 1750s
  4620  3347   23.00000   94  341   26.00000   21.00000  19.2%   356 1755s
  4656  3381   25.00000  130  270   26.00000   21.00000  19.2%   354 1760s
  4679  3391   21.00000   52  365   26.00000   21.00000  19.2%   354 1765s
  4697  3407   22.00000   66  346   26.00000   21.00000  19.2%   355 1770s
  4718  3426   23.00000   81  323   26.00000   21.00000  19.2%   354 1775s
  4740  3447   23.00000   95  311   26.00000   21.00000  19.2%   354 1780s
  4770  3472   24.00000  118  276   26.00000   21.00000  19.2%   353 1785s
  4791  3488   24.00000  132  271   26.00000   21.00000  19.2%   353 1790s
  4815  3497   21.00000   43  393   26.00000   21.00000  19.2%   352 1795s
  4826  3507   22.00000   54  358   26.00000   21.00000  19.2%   353 1800s
  4838  3519   22.00000   66  367   26.00000   21.00000  19.2%   353 1805s
  4864  3545   23.00000   92  347   26.00000   21.00000  19.2%   352 1810s
  4887  3567   24.00000  115  316   26.00000   21.00000  19.2%   352 1815s
  4925  3598   25.00000  150  232   26.00000   21.00000  19.2%   350 1820s
  4942  3599   24.00000   47  389   26.00000   21.00000  19.2%   351 1826s
  4954  3611   24.00000   59  317   26.00000   21.00000  19.2%   351 1830s
  4971  3628   24.00000   76  350   26.00000   21.00000  19.2%   351 1835s
  4998  3655   24.00000  103  347   26.00000   21.00000  19.2%   350 1840s
  5041  3697   25.00000  146  350   26.00000   21.00000  19.2%   348 1845s
  5084  3730   25.00000  180  295   26.00000   21.00000  19.2%   346 1850s
  5102  3730   21.00000   45  357   26.00000   21.00000  19.2%   345 1855s
  5111  3738   22.00000   54  360   26.00000   21.00000  19.2%   345 1860s
  5128  3755   22.00000   71  338   26.00000   21.00000  19.2%   345 1865s
  5156  3781   24.00000   99  324   26.00000   21.00000  19.2%   344 1870s
  5195  3819   25.00000  138  308   26.00000   21.00000  19.2%   343 1875s
  5226  3840   21.00000   50  365   26.00000   21.00000  19.2%   342 1880s
  5239  3852   22.00000   63  381   26.00000   21.00000  19.2%   342 1885s
  5268  3880   23.00000   92  381   26.00000   21.00000  19.2%   341 1890s
  5280  3891   24.00000  104  363   26.00000   21.00000  19.2%   341 1895s
  5300  3911   25.00000  124  269   26.00000   21.00000  19.2%   341 1900s
  5326  3921   22.00000   52  358   26.00000   21.00000  19.2%   341 1905s
  5338  3933   22.00000   58  348   26.00000   21.00000  19.2%   341 1910s
  5354  3945   23.00000   67  393   26.00000   21.00000  19.2%   341 1915s
  5372  3961   24.00000   76  305   26.00000   21.00000  19.2%   341 1920s
  5394  3979   24.57496   87  251   26.00000   21.00000  19.2%   341 1925s
  5418  3992   24.06814   99  227   26.00000   21.00000  19.2%   341 1930s
  5433  3995   23.00000   47  377   26.00000   21.00000  19.2%   341 1935s
  5445  4006   23.00000   51  349   26.00000   21.00000  19.2%   341 1940s
  5461  4021   24.00000   60  318   26.00000   21.00000  19.2%   341 1945s
  5484  4041   25.00000   66  300   26.00000   21.00000  19.2%   341 1950s
  5499  4042   21.00000   41  362   26.00000   21.00000  19.2%   342 1955s
  5521  4063   22.00000   63  325   26.00000   21.00000  19.2%   342 1960s
  5540  4081   23.00000   82  315   26.00000   21.00000  19.2%   341 1965s
  5566  4106   23.08106  108  283   26.00000   21.00000  19.2%   341 1970s
  5603  4140   25.00000  144  312   26.00000   21.00000  19.2%   339 1975s
  5628  4154   22.00000   55  373   26.00000   21.00000  19.2%   339 1980s
  5646  4172   22.00000   73  324   26.00000   21.00000  19.2%   338 1985s
  5666  4191   23.00000   93  344   26.00000   21.00000  19.2%   338 1990s
  5695  4219   24.00000  122  323   26.00000   21.00000  19.2%   337 1995s
  5726  4245   25.00000  151  253   26.00000   21.00000  19.2%   336 2000s
  5744  4252   22.00000   46  399   26.00000   21.00000  19.2%   336 2005s
  5767  4275   23.00000   69  361   26.00000   21.00000  19.2%   335 2010s
  5797  4304   24.00000   99  366   26.00000   21.00000  19.2%   334 2015s
  5842  4349   25.00000  144  328   26.00000   21.00000  19.2%   332 2020s
  5859  4351   22.00000   46  369   26.00000   21.00000  19.2%   333 2025s
  5880  4371   23.00000   67  362   26.00000   21.00000  19.2%   332 2030s
  5908  4398   24.00000   95  360   26.00000   21.00000  19.2%   331 2035s
  5940  4423 infeasible  124        26.00000   21.00000  19.2%   330 2040s
  5969  4448   22.00000   68  316   26.00000   21.00000  19.2%   330 2045s
  5988  4463   23.00000   83  286   26.00000   21.00000  19.2%   330 2050s
  6014  4487   24.00000  106  293   26.00000   21.00000  19.2%   329 2055s
  6043  4505     cutoff  125        26.00000   21.00000  19.2%   329 2060s
  6071  4510   22.00000   47  320   26.00000   21.00000  19.2%   328 2065s
  6093  4531   23.00000   69  344   26.00000   21.00000  19.2%   328 2070s
  6124  4561   24.00000  100  275   26.00000   21.00000  19.2%   327 2075s
  6163  4597   25.00000  138  248   26.00000   21.00000  19.2%   326 2080s
  6196  4614   25.00000   63  291   26.00000   21.00000  19.2%   325 2085s
  6236  4654   25.00000  103  292   26.00000   21.00000  19.2%   323 2090s
  6272  4688   25.00000  138  302   26.00000   21.00000  19.2%   322 2095s
  6297  4701   21.00000   45  270   26.00000   21.00000  19.2%   322 2101s
  6309  4712   22.00000   57  405   26.00000   21.00000  19.2%   322 2105s
  6330  4733   22.00000   78  347   26.00000   21.00000  19.2%   322 2110s
  6351  4752   23.00000   99  344   26.00000   21.00000  19.2%   322 2115s
  6365  4764   25.00000  113  289   26.00000   21.00000  19.2%   322 2120s
  6388  4776   21.05010   55  401   26.00000   21.00000  19.2%   322 2125s
  6405  4793   22.00000   72  329   26.00000   21.00000  19.2%   322 2130s
  6436  4823   23.00000  103  263   26.00000   21.00000  19.2%   321 2135s
  6459  4842 infeasible  126        26.00000   21.00000  19.2%   321 2140s
  6488  4870   25.00000  153  279   26.00000   21.00000  19.2%   320 2145s
  6523  4893   25.00000  179  274   26.00000   21.00000  19.2%   320 2150s
  6542  4901   22.00000   57  391   26.00000   21.00000  19.2%   319 2155s
  6566  4924   22.03452   81  392   26.00000   21.00000  19.2%   319 2160s
  6584  4942   23.00000   99  357   26.00000   21.00000  19.2%   319 2165s
  6621  4979   25.00000  136  296   26.00000   21.00000  19.2%   318 2170s
  6663  5021   25.00000  178  315   26.00000   21.00000  19.2%   316 2175s
  6707  5063   25.00000  221  322   26.00000   21.00000  19.2%   315 2180s
  6727  5070   22.00000   57  384   26.00000   21.00000  19.2%   315 2185s
  6751  5094   22.00000   81  395   26.00000   21.00000  19.2%   314 2190s
  6780  5122   23.00000  110  349   26.00000   21.00000  19.2%   314 2195s
  6803  5144   25.00000  133  293   26.00000   21.00000  19.2%   313 2200s
  6843  5170   21.00000   47  383   26.00000   21.00000  19.2%   312 2205s
  6860  5186   22.00000   64  363   26.00000   21.00000  19.2%   312 2210s
  6881  5207   22.00000   85  324   26.00000   21.00000  19.2%   312 2215s
  6906  5229   24.28476  110  298   26.00000   21.00000  19.2%   311 2220s
  6933  5250 infeasible  135        26.00000   21.00000  19.2%   311 2225s
  6943  5254   24.00000   51  353   26.00000   21.00000  19.2%   311 2230s
  6956  5267   24.00000   60  329   26.00000   21.00000  19.2%   311 2235s
  6971  5282   24.00000   68  304   26.00000   21.00000  19.2%   312 2240s
  6984  5295   24.00000   74  281   26.00000   21.00000  19.2%   312 2245s
  7001  5306   24.00000   81  261   26.00000   21.00000  19.2%   312 2250s
  7021  5310 infeasible   90        26.00000   21.00000  19.2%   312 2255s
  7033  5319   22.00000   60  390   26.00000   21.00000  19.2%   312 2260s
  7055  5340   22.34401   82  304   26.00000   21.00000  19.2%   312 2265s
  7082  5367   24.00000  109  258   26.00000   21.00000  19.2%   311 2270s
  7117  5396   25.00000  140  264   26.00000   21.00000  19.2%   310 2275s
  7148  5409   23.00000   55  348   26.00000   21.00000  19.2%   310 2280s
  7164  5425   23.00000   71  337   26.00000   21.00000  19.2%   310 2285s
  7185  5446   23.00000   92  319   26.00000   21.00000  19.2%   310 2290s
  7202  5462   24.00000  109  314   26.00000   21.00000  19.2%   309 2295s
  7227  5484   25.00000  133  266   26.00000   21.00000  19.2%   309 2300s
  7250  5496   22.00000   59  359   26.00000   21.00000  19.2%   309 2305s
  7274  5517   22.10442   81  335   26.00000   21.00000  19.2%   308 2310s
  7298  5539   23.00000  101  319   26.00000   21.00000  19.2%   308 2315s
  7320  5552   24.00000  111  286   26.00000   21.00000  19.2%   308 2320s
  7353  5575   24.01331  128  272   26.00000   21.00000  19.2%   307 2325s
  7375  5583   21.05105   49  377   26.00000   21.00000  19.2%   307 2330s
  7388  5596   22.00000   62  363   26.00000   21.00000  19.2%   307 2335s
  7409  5616   23.00000   83  367   26.00000   21.00000  19.2%   307 2340s
  7432  5639   25.00000  106  380   26.00000   21.00000  19.2%   306 2345s
  7471  5678   25.00000  145  359   26.00000   21.00000  19.2%   305 2350s
  7503  5702   25.00000  170  332   26.00000   21.00000  19.2%   305 2355s
  7540  5727   21.00000   41  430   26.00000   21.00000  19.2%   304 2360s
  7548  5735   21.00000   45  283   26.00000   21.00000  19.2%   305 2365s
  7557  5744   21.00000   49  372   26.00000   21.00000  19.2%   306 2370s
  7575  5756   22.00000   59  351   26.00000   21.00000  19.2%   306 2375s
  7592  5769   22.00000   67  317   26.00000   21.00000  19.2%   306 2380s
  7612  5785   22.00000   77  306   26.00000   21.00000  19.2%   306 2385s
  7633  5806   22.00000   88  301   26.00000   21.00000  19.2%   306 2390s
  7658  5828   22.72440  100  266   26.00000   21.00000  19.2%   306 2395s
  7685  5852   23.05184  114  266   26.00000   21.00000  19.2%   306 2400s
  7713  5872   23.46370  128  255   26.00000   21.00000  19.2%   306 2405s
  7736  5893   24.00000  140  260   26.00000   21.00000  19.2%   306 2410s
  7757  5908   25.00000  151  189   26.00000   21.00000  19.2%   306 2415s
  7769  5910   21.00000   46  312   26.00000   21.00000  19.2%   306 2425s
  7794  5934   22.00000   71  369   26.00000   21.00000  19.2%   306 2430s
  7818  5957   23.00000   95  361   26.00000   21.00000  19.2%   306 2435s
  7839  5977   24.00000  116  346   26.00000   21.00000  19.2%   305 2440s
  7867  6000 infeasible  143        26.00000   21.00000  19.2%   305 2445s
  7889  6016   25.00000   62  323   26.00000   21.00000  19.2%   305 2450s
  7921  6048   25.00000   94  332   26.00000   21.00000  19.2%   304 2455s
  7950  6077   25.00000  123  312   26.00000   21.00000  19.2%   304 2460s
  7975  6092   21.00000   45  296   26.00000   21.00000  19.2%   304 2466s
  7977  6094   21.00000   47  353   26.00000   21.00000  19.2%   304 2470s
  7983  6099   22.00000   53  382   26.00000   21.00000  19.2%   304 2475s
  7999  6114   23.00000   69  317   26.00000   21.00000  19.2%   304 2480s
  8025  6139   24.00000   95  340   26.00000   21.00000  19.2%   304 2485s
  8052  6165   25.00000  122  325   26.00000   21.00000  19.2%   304 2490s
  8074  6177   24.00000   52  390   26.00000   21.00000  19.2%   303 2495s
  8088  6191   24.00000   66  362   26.00000   21.00000  19.2%   303 2502s
  8099  6202   24.00000   77  370   26.00000   21.00000  19.2%   303 2505s
  8118  6221   24.00000   96  387   26.00000   21.00000  19.2%   302 2510s
  8148  6251   24.00000  126  354   26.00000   21.00000  19.2%   302 2515s
  8168  6270   25.00000  146  294   26.00000   21.00000  19.2%   302 2520s
  8208  6298 infeasible  178        26.00000   21.00000  19.2%   301 2525s
  8226  6312   21.00000   55  343   26.00000   21.00000  19.2%   301 2531s
  8246  6331   22.00000   75  374   26.00000   21.00000  19.2%   301 2535s
  8267  6351   22.00730   96  347   26.00000   21.00000  19.2%   301 2540s
  8287  6370   23.00724  116  341   26.00000   21.00000  19.2%   301 2545s
  8311  6393   25.00000  140  323   26.00000   21.00000  19.2%   300 2550s
  8331  6403   21.00000   45  359   26.00000   21.00000  19.2%   301 2556s
  8339  6411   21.00000   53  408   26.00000   21.00000  19.2%   301 2560s
  8349  6420   22.00000   63  406   26.00000   21.00000  19.2%   301 2565s
  8369  6440   22.00000   83  400   26.00000   21.00000  19.2%   301 2570s
  8393  6463   23.00000  107  403   26.00000   21.00000  19.2%   301 2575s
  8424  6494   23.00000  138  397   26.00000   21.00000  19.2%   300 2580s
  8426  6496   23.00000  140  390   26.00000   21.00000  19.2%   300 2585s
  8456  6525   24.00000  170  363   26.00000   21.00000  19.2%   300 2590s
  8482  6551   24.00000  196  391   26.00000   21.00000  19.2%   300 2595s
  8517  6585   25.00000  231  383   26.00000   21.00000  19.2%   299 2600s
  8549  6604   22.00000   75  352   26.00000   21.00000  19.2%   298 2605s
  8570  6624   23.00000   96  363   26.00000   21.00000  19.2%   298 2610s
  8604  6657   24.00000  130  349   26.00000   21.00000  19.2%   298 2615s
  8640  6688 infeasible  165        26.00000   21.00000  19.2%   297 2620s
  8655  6697   21.00000   49  375   26.00000   21.00000  19.2%   297 2625s
  8681  6723   25.00000   61  300   26.00000   21.00000  19.2%   297 2630s
  8709  6747   25.00000   74  247   26.00000   21.00000  19.2%   296 2635s
  8740  6770 infeasible   89        26.00000   21.00000  19.2%   296 2640s
  8765  6789   23.00000   66  335   26.00000   21.00000  19.2%   296 2645s
  8783  6807   23.00000   84  337   26.00000   21.00000  19.2%   296 2650s
  8810  6834   23.00000  108  325   26.00000   21.00000  19.2%   296 2655s
  8841  6861   23.00000  126  317   26.00000   21.00000  19.2%   295 2660s
  8870  6885   24.00000  143  282   26.00000   21.00000  19.2%   295 2665s
  8885  6896   25.00000  150  289   26.00000   21.00000  19.2%   295 2670s
  8917  6911   22.00000   54  415   26.00000   21.00000  19.2%   295 2675s
  8942  6935   23.00000   79  398   26.00000   21.00000  19.2%   295 2680s
  8979  6971   24.00000  116  358   26.00000   21.00000  19.2%   294 2685s
  9011  7002   25.00000  148  311   26.00000   21.00000  19.2%   294 2691s
  9035  7011   25.00000  161  325   26.00000   21.00000  19.2%   294 2697s
  9043  7012   22.00000   51  410   26.00000   21.00000  19.2%   294 2700s
  9066  7034   23.00000   74  381   26.00000   21.00000  19.2%   294 2705s
  9093  7061   23.00000  101  333   26.00000   21.00000  19.2%   294 2710s
  9119  7086   24.00000  127  335   26.00000   21.00000  19.2%   293 2715s
  9149  7115   25.00000  157  303   26.00000   21.00000  19.2%   293 2720s
  9169  7124   22.00000   61  401   26.00000   21.00000  19.2%   293 2725s
  9199  7153   23.00000   91  362   26.00000   21.00000  19.2%   292 2730s
  9214  7167   24.00000  106  333   26.00000   21.00000  19.2%   292 2735s
  9253  7204     cutoff  145        26.00000   21.00000  19.2%   292 2740s
  9283  7218   25.00000  162  254   26.00000   21.00000  19.2%   291 2745s
  9313  7242   24.00000   71  336   26.00000   21.00000  19.2%   291 2750s
  9342  7271   24.00000  100  313   26.00000   21.00000  19.2%   290 2755s
  9372  7301   24.00000  130  308   26.00000   21.00000  19.2%   290 2760s
  9409  7337   25.00000  167  348   26.00000   21.00000  19.2%   289 2765s
  9430  7356   25.00000  187  289   26.00000   21.00000  19.2%   289 2770s
  9458  7372   24.00000   61  339   26.00000   21.00000  19.2%   289 2775s
  9490  7404   24.00000   93  308   26.00000   21.00000  19.2%   288 2780s
  9526  7428   21.07863   48  351   26.00000   21.00000  19.2%   288 2785s
  9542  7444   22.00000   64  356   26.00000   21.00000  19.2%   288 2790s
  9566  7467   23.00000   88  345   26.00000   21.00000  19.2%   287 2795s
  9589  7490   23.00000  111  321   26.00000   21.00000  19.2%   287 2800s
  9616  7517   24.00000  138  291   26.00000   21.00000  19.2%   287 2805s
  9651  7545 infeasible  170        26.00000   21.00000  19.2%   286 2810s
  9661  7546   22.00000   50  407   26.00000   21.00000  19.2%   287 2815s
  9680  7565   22.00000   69  382   26.00000   21.00000  19.2%   287 2820s
  9701  7585   23.00000   90  388   26.00000   21.00000  19.2%   287 2825s
  9734  7618   23.00000  123  310   26.00000   21.00000  19.2%   286 2830s
  9757  7640   25.00000  146  280   26.00000   21.00000  19.2%   286 2835s
  9796  7663   21.00000   42  467   26.00000   21.00000  19.2%   285 2841s
  9801  7668   21.00000   47  436   26.00000   21.00000  19.2%   286 2845s
  9810  7676   22.00000   56  406   26.00000   21.00000  19.2%   286 2851s
  9828  7694   22.00000   74  391   26.00000   21.00000  19.2%   286 2855s
  9847  7712   23.00000   93  383   26.00000   21.00000  19.2%   286 2860s
  9859  7723   24.00000  105  382   26.00000   21.00000  19.2%   286 2865s
  9874  7737   25.00000  120  362   26.00000   21.00000  19.2%   286 2870s
  9901  7754   21.00000   31  422   26.00000   21.00000  19.2%   286 2875s
  9905  7758   21.00000   35  230   26.00000   21.00000  19.2%   287 2882s
  9908  7761   21.00000   38  401   26.00000   21.00000  19.2%   287 2885s
  9923  7775   22.00000   53  347   26.00000   21.00000  19.2%   287 2890s
  9949  7801   22.00000   79  394   26.00000   21.00000  19.2%   287 2895s
  9979  7831   22.00000  109  359   26.00000   21.00000  19.2%   287 2900s
 10003  7854   23.00000  133  340   26.00000   21.00000  19.2%   287 2905s
 10022  7871   25.00000  152  312   26.00000   21.00000  19.2%   286 2910s
 10052  7889   21.00000   34  376   26.00000   21.00000  19.2%   286 2915s
 10059  7896   21.00000   38  319   26.00000   21.00000  19.2%   287 2920s
 10070  7907   22.00000   43  370   26.00000   21.00000  19.2%   287 2925s
 10077  7914   21.00000   47  340   26.00000   21.00000  19.2%   288 2930s
 10086  7922   24.00000   51  312   26.00000   21.00000  19.2%   288 2935s
 10095  7930   21.00000   56  345   26.00000   21.00000  19.2%   288 2940s
 10107  7941   21.00000   62  354   26.00000   21.00000  19.2%   288 2945s
 10117  7946   21.00000   67  363   26.00000   21.00000  19.2%   288 2950s
 10130  7958   22.00000   74  330   26.00000   21.00000  19.2%   289 2955s
 10150  7975   23.00000   84  227   26.00000   21.00000  19.2%   289 2960s
 10174  7994   23.00000   96  286   26.00000   21.00000  19.2%   289 2965s
 10190  8003   23.53469  104  242   26.00000   21.00000  19.2%   289 2970s
 10202  8007 infeasible  110        26.00000   21.00000  19.2%   289 3192s
 10215  8010   23.00000  117  260   26.00000   21.00000  19.2%   289 3195s
 10234  8016     cutoff  126        26.00000   21.00000  19.2%   289 3200s
 10251  8015     cutoff  133        26.00000   21.00000  19.2%   289 3205s
 10260  8022   21.00000   45  331   26.00000   21.00000  19.2%   290 3210s
 10272  8031   21.00000   52  385   26.00000   21.00000  19.2%   290 3215s
 10280  8035   21.31622   55  355   26.00000   21.00000  19.2%   291 3220s
 10292  8047   22.00000   68  409   26.00000   21.00000  19.2%   291 3225s
 10317  8072   22.00000   92  323   26.00000   21.00000  19.2%   291 3230s
 10352  8107   22.00000  123  373   26.00000   21.00000  19.2%   290 3235s
 10373  8123   23.00000  136  316   26.00000   21.00000  19.2%   290 3240s
 10396  8146   23.00000  154  330   26.00000   21.00000  19.2%   290 3245s
 10428  8175   25.00000  174  256   26.00000   21.00000  19.2%   289 3250s
 10452  8189   23.38739  184  285   26.00000   21.00000  19.2%   289 3255s
 10468  8203   24.00000  196  310   26.00000   21.00000  19.2%   289 3260s
 10487  8217   24.00000  205  270   26.00000   21.00000  19.2%   289 3265s
 10503  8217 infeasible  210        26.00000   21.00000  19.2%   289 3270s
 10516  8227   22.00000   50  361   26.00000   21.00000  19.2%   290 3275s
 10534  8245   22.00000   62  346   26.00000   21.00000  19.2%   290 3280s
 10560  8271   24.00000   72  341   26.00000   21.00000  19.2%   289 3285s
 10580  8291   25.00000   81  317   26.00000   21.00000  19.2%   289 3290s
 10599  8304   25.00000   88  257   26.00000   21.00000  19.2%   289 3295s
 10616  8311   21.00000   31  387   26.00000   21.00000  19.2%   290 3301s
 10620  8315   21.00000   35  374   26.00000   21.00000  19.2%   290 3307s
 10624  8318   22.00000   39  375   26.00000   21.00000  19.2%   290 3310s
 10651  8345   22.00000   66  354   26.00000   21.00000  19.2%   290 3315s
 10675  8369   23.00000   90  307   26.00000   21.00000  19.2%   290 3320s
 10704  8398   24.00000  119  314   26.00000   21.00000  19.2%   289 3325s
 10744  8437   25.00000  159  265   26.00000   21.00000  19.2%   289 3330s
 10772  8447   21.00000   32  455   26.00000   21.00000  19.2%   289 3335s
 10775  8450   21.00000   35  382   26.00000   21.00000  19.2%   290 3341s
 10783  8458   21.00000   43  469   26.00000   21.00000  19.2%   290 3345s
 10798  8472   22.00000   58  364   26.00000   21.00000  19.2%   290 3350s
 10826  8500   22.00000   86  359   26.00000   21.00000  19.2%   289 3355s
 10859  8532   23.00000  119  348   26.00000   21.00000  19.2%   289 3360s
 10897  8569   24.00000  157  330   26.00000   21.00000  19.2%   288 3365s
 10930  8601   25.00000  190  258   26.00000   21.00000  19.2%   288 3370s
 10957  8606 infeasible  199        26.00000   21.00000  19.2%   288 3375s
 10968  8616   22.00000   71  357   26.00000   21.00000  19.2%   287 3380s
 10989  8635   23.00000   92  307   26.00000   21.00000  19.2%   287 3385s
 11020  8665   24.00000  123  293   26.00000   21.00000  19.2%   287 3390s
 11060  8690   22.00000   63  399   26.00000   21.00000  19.2%   287 3395s
 11091  8719   24.00000   94  287   26.00000   21.00000  19.2%   286 3400s
 11146  8772   25.00000  149  271   26.00000   21.00000  19.2%   285 3405s
 11177  8792   22.00000   71  334   26.00000   21.00000  19.2%   285 3410s
 11214  8829   22.00000  108  309   26.00000   21.00000  19.2%   285 3415s
 11252  8864   25.00000  145  259   26.00000   21.00000  19.2%   284 3420s
 11288  8894   25.00000  178  227   26.00000   21.00000  19.2%   284 3425s
 11313  8907   24.00000   50  313   26.00000   21.00000  19.2%   284 3430s
 11338  8932   24.00000   75  324   26.00000   21.00000  19.2%   283 3435s
 11370  8964   24.00000  107  377   26.00000   21.00000  19.2%   283 3440s
 11400  8994   24.00000  137  380   26.00000   21.00000  19.2%   283 3445s
 11446  9039   24.02737  183  330   26.00000   21.00000  19.2%   282 3450s
 11482  9063   23.00000   45  332   26.00000   21.00000  19.2%   281 3455s
 11513  9094   24.00000   76  319   26.00000   21.00000  19.2%   281 3460s
 11553  9134   24.00000  116  303   26.00000   21.00000  19.2%   280 3465s
 11589  9170   24.00000  152  310   26.00000   21.00000  19.2%   280 3470s
 11633  9206   24.00000  189  301   26.00000   21.00000  19.2%   279 3475s
 11645  9205   21.00000   43  480   26.00000   21.00000  19.2%   280 3480s
 11653  9212   21.00548   51  474   26.00000   21.00000  19.2%   280 3485s
 11674  9233   22.00000   72  367   26.00000   21.00000  19.2%   280 3490s
 11707  9265   23.00000  105  334   26.00000   21.00000  19.2%   280 3495s
 11737  9294   24.00000  135  258   26.00000   21.00000  19.2%   280 3500s
 11778  9334   25.00000  176  242   26.00000   21.00000  19.2%   279 3505s
 11806  9349   22.00000   61  397   26.00000   21.00000  19.2%   279 3510s
 11832  9374   23.00000   87  399   26.00000   21.00000  19.2%   279 3515s
 11861  9402   24.00000  116  355   26.00000   21.00000  19.2%   279 3520s
 11901  9441   25.00000  156  322   26.00000   21.00000  19.2%   278 3525s
 11935  9467 infeasible  187        26.00000   21.00000  19.2%   278 3530s
 11953  9479   25.00000   65  332   26.00000   21.00000  19.2%   278 3535s
 11965  9491   25.00000   72  278   26.00000   21.00000  19.2%   278 3540s
 11983  9509   25.00000   91  294   26.00000   21.00000  19.2%   278 3545s
 12018  9530     cutoff   54        26.00000   21.00000  19.2%   278 3552s
 12025  9536   22.00000   56  395   26.00000   21.00000  19.2%   278 3555s
 12039  9550   22.00000   70  331   26.00000   21.00000  19.2%   278 3560s
 12078  9588   23.00000  109  318   26.00000   21.00000  19.2%   278 3565s
 12117  9627   23.00000  148  299   26.00000   21.00000  19.2%   277 3570s
 12146  9655   25.00000  177  263   26.00000   21.00000  19.2%   277 3575s
 12170  9666   22.00000   64  364   26.00000   21.00000  19.2%   277 3580s
 12194  9689   23.00000   88  381   26.00000   21.00000  19.2%   277 3585s
 12226  9719   24.00000  120  333   26.00000   21.00000  19.2%   277 3590s
 12263  9755   25.00000  157  360   26.00000   21.00000  19.2%   276 3595s

Cutting planes:
  Gomory: 6
  Cover: 5
  Implied bound: 25
  Clique: 104
  MIR: 55
  StrongCG: 6
  Flow cover: 188
  Zero half: 49

Explored 12299 nodes (3455011 simplex iterations) in 3600.04 seconds
Thread count was 1 (of 12 available processors)

Solution count 4: 26 32 5252 5261 
Pool objective bound 21

Time limit reached
Best objective 2.600000000000e+01, best bound 2.100000000000e+01, gap 19.2308%
