
Gurobi 7.0.2 (win64) logging started 06/27/20 08:18:12

Read LP format model from file C:\George\Professor\Pesquisa\Orientacoes em Pos-graduacao\2019 MSC PPGCC Guilherme Figueroa\Fanjuls Solver\Results\I_200_15_S_1-99_1_MTZ_KB.lp
Reading time = 4.19 seconds
: 46430 rows, 606201 columns, 2498015 nonzeros
Optimize a model with 46430 rows, 606201 columns and 2498015 nonzeros
Variable types: 3201 continuous, 603000 integer (603000 binary)
Coefficient statistics:
  Matrix range     [1e+00, 2e+02]
  Objective range  [1e+00, 1e+00]
  Bounds range     [1e+00, 1e+00]
  RHS range        [1e+00, 2e+02]
Presolve removed 0 rows and 0 columns (presolve time = 5s) ...
Presolve time: 6.46s
Presolved: 46430 rows, 606201 columns, 2498015 nonzeros
Variable types: 200 continuous, 606001 integer (606000 binary)
Found heuristic solution: objective 19745.000000

Root simplex log...

Iteration    Objective       Primal Inf.    Dual Inf.      Time
       0    0.0000000e+00   4.000000e+02   0.000000e+00     18s
    2279    7.0660114e-05   2.082171e+03   0.000000e+00     20s
    4124    1.4073509e-04   1.822273e+03   0.000000e+00     25s
    5794    2.0463917e-04   3.554853e+03   0.000000e+00     30s
    6868    2.5027272e-04   2.764566e+03   0.000000e+00     36s
    7828    2.9140067e-04   3.138525e+03   0.000000e+00     41s
    8915    3.3480148e-04   9.196742e+03   0.000000e+00     47s
    9560    3.5296234e-04   3.429664e+03   0.000000e+00     51s
   10322    3.7941394e-04   3.269724e+03   0.000000e+00     56s
   11042    4.0454749e-04   7.844857e+03   0.000000e+00     61s
   11747    4.3432259e-04   3.097193e+03   0.000000e+00     65s
   12789    4.8316574e-04   5.860800e+03   0.000000e+00     71s
   13624    5.1979520e-04   1.997278e+03   0.000000e+00     77s
   14297    5.5393241e-04   2.815213e+03   0.000000e+00     81s
   15361    5.9833625e-04   2.189157e+03   0.000000e+00     86s
   16471    6.7218247e-04   5.066689e+03   0.000000e+00     90s
   17109    7.0432103e-04   1.128642e+04   0.000000e+00     96s
   17869    7.4522492e-04   1.317613e+04   0.000000e+00    101s
   18331    7.6954628e-04   6.721704e+03   0.000000e+00    105s
   19463    8.6146519e-04   5.922081e+03   0.000000e+00    111s
   19998    9.2901029e-04   1.260360e+04   0.000000e+00    116s
   21092    1.0371584e-03   1.062577e+04   0.000000e+00    123s
   21902    1.1447759e-03   1.294393e+04   0.000000e+00    128s
   22467    1.2288995e-03   7.143942e+03   0.000000e+00    132s
   23001    1.3318393e-03   2.138629e+04   0.000000e+00    136s
   23502    1.4265196e-03   9.989618e+03   0.000000e+00    140s
   23974    1.5224853e-03   9.550076e+05   0.000000e+00    145s
   24570    1.6825391e-03   3.534814e+04   0.000000e+00    150s
   25138    1.8415759e-03   2.958735e+04   0.000000e+00    156s
   26619    3.1649055e-03   1.727807e+05   0.000000e+00    160s
   31685    1.3202616e+02   2.505137e+03   0.000000e+00    165s
   33959    1.4078943e+02   1.957369e+03   0.000000e+00    170s
   35957    1.4850068e+02   5.773801e+02   0.000000e+00    175s
   37466    1.5168141e+02   1.517181e+03   0.000000e+00    180s
   38722    1.5364758e+02   7.835801e+02   0.000000e+00    185s
   39566    1.5456617e+02   5.185056e+02   0.000000e+00    190s
   40315    1.5531834e+02   4.954993e+02   0.000000e+00    195s
   40838    1.5559491e+02   2.466279e+03   0.000000e+00    200s
   41483    1.5589568e+02   5.294286e+03   0.000000e+00    206s
   41987    1.5611335e+02   3.658804e+02   0.000000e+00    210s
   42617    1.5644928e+02   5.578172e+03   0.000000e+00    216s
   42995    1.5659010e+02   5.349473e+03   0.000000e+00    220s
   43499    1.5674266e+02   1.224413e+03   0.000000e+00    226s
   43877    1.5685211e+02   7.452611e+02   0.000000e+00    230s
   44381    1.5694302e+02   4.562846e+02   0.000000e+00    237s
   44759    1.5708511e+02   9.125779e+02   0.000000e+00    241s
   45137    1.5716904e+02   5.573572e+02   0.000000e+00    246s
   45515    1.5726474e+02   1.830026e+02   0.000000e+00    252s
   45767    1.5732898e+02   2.181170e+01   0.000000e+00    255s
   46145    1.5739084e+02   3.262538e+02   0.000000e+00    262s
   46397    1.5741038e+02   4.119512e+00   0.000000e+00    266s
   46481    1.5741030e+02   0.000000e+00   0.000000e+00    267s

Root relaxation: objective 1.574103e+02, 46481 iterations, 249.68 seconds

    Nodes    |    Current Node    |     Objective Bounds      |     Work
 Expl Unexpl |  Obj  Depth IntInf | Incumbent    BestBd   Gap | It/Node Time

     0     0  157.41030    0  845 19745.0000  157.41030  99.2%     -  268s
H    0     0                     353.0000000  157.41030  55.4%     -  627s
H    0     0                     248.0000000  157.41030  36.5%     -  827s
     0     0  157.51251    0  866  248.00000  157.51251  36.5%     -  997s
     0     0  157.51251    0  866  248.00000  157.51251  36.5%     - 1178s
     0     0  157.51251    0  866  248.00000  157.51251  36.5%     - 1179s
     0     0  157.66149    0  847  248.00000  157.66149  36.4%     - 1362s
     0     0  157.66149    0  847  248.00000  157.66149  36.4%     - 1364s
     0     0  157.66149    0  847  248.00000  157.66149  36.4%     - 1369s
     0     0  157.66149    0  847  248.00000  157.66149  36.4%     - 1377s
     0     0  157.66149    0  847  248.00000  157.66149  36.4%     - 1384s
     0     0          -    0       248.00000  157.66149  36.4%     - 3600s

Cutting planes:
  Learned: 3
  MIR: 165

Explored 0 nodes (59848 simplex iterations) in 3600.12 seconds
Thread count was 1 (of 12 available processors)

Solution count 3: 248 353 19745 
Pool objective bound 158

Time limit reached
Best objective 2.480000000000e+02, best bound 1.580000000000e+02, gap 36.2903%
