
Gurobi 7.0.2 (win64) logging started 06/27/20 09:18:20

Read LP format model from file C:\George\Professor\Pesquisa\Orientacoes em Pos-graduacao\2019 MSC PPGCC Guilherme Figueroa\Fanjuls Solver\Results\I_200_20_S_1-124_2_MTZ_KB.lp
Reading time = 5.27 seconds
: 48440 rows, 808201 columns, 3304020 nonzeros
Optimize a model with 48440 rows, 808201 columns and 3304020 nonzeros
Variable types: 4201 continuous, 804000 integer (804000 binary)
Coefficient statistics:
  Matrix range     [1e+00, 2e+02]
  Objective range  [1e+00, 1e+00]
  Bounds range     [1e+00, 1e+00]
  RHS range        [1e+00, 2e+02]
Presolve removed 0 rows and 0 columns (presolve time = 5s) ...
Presolve removed 0 rows and 0 columns (presolve time = 11s) ...
Presolve time: 10.73s
Presolved: 48440 rows, 808201 columns, 3304020 nonzeros
Variable types: 200 continuous, 808001 integer (808000 binary)
Found heuristic solution: objective 21862.000000
Found heuristic solution: objective 21813.000000

Root simplex log...

Iteration    Objective       Primal Inf.    Dual Inf.      Time
       0    0.0000000e+00   4.000000e+02   0.000000e+00     27s
    3584    8.2583982e-05   4.820995e+03   0.000000e+00     30s
    4874    1.2458233e-04   5.078374e+03   0.000000e+00     35s
    6164    1.4863783e-04   1.844621e+04   0.000000e+00     40s
    8228    2.7334336e-04   2.700576e+03   0.000000e+00     45s
    9905    3.4676848e-04   2.558146e+03   0.000000e+00     50s
   11863    4.5231697e-04   4.692048e+03   0.000000e+00     56s
   13153    5.1670442e-04   6.311192e+03   0.000000e+00     60s
   14449    5.9288796e-04   1.414256e+04   0.000000e+00     65s
   16372    8.1174800e-04   1.048840e+03   0.000000e+00     70s
   19080    9.1621961e-04   4.695472e+03   0.000000e+00     76s
   21071    9.9099373e-04   5.973349e+03   0.000000e+00     80s
   22376    1.0393066e-03   5.832253e+03   0.000000e+00     87s
   23374    1.0762638e-03   3.454867e+03   0.000000e+00     90s
   23898    1.0922974e-03   3.400153e+03   0.000000e+00     96s
   24416    1.1098480e-03   6.308510e+03   0.000000e+00    102s
   25115    1.1372784e-03   2.196279e+03   0.000000e+00    106s
   25764    1.1733926e-03   3.894776e+03   0.000000e+00    111s
   26276    1.1906221e-03   5.155041e+03   0.000000e+00    116s
   26705    1.2114292e-03   3.632462e+03   0.000000e+00    121s
   27081    1.2256285e-03   6.051703e+03   0.000000e+00    126s
   27438    1.2419415e-03   7.495231e+03   0.000000e+00    132s
   27785    1.2582266e-03   3.614411e+03   0.000000e+00    136s
   28169    1.2717840e-03   7.331595e+03   0.000000e+00    141s
   28694    1.3016435e-03   3.512281e+03   0.000000e+00    147s
   29034    1.3112509e-03   4.725407e+03   0.000000e+00    150s
   29598    1.3441155e-03   1.226484e+04   0.000000e+00    156s
   30133    1.3766126e-03   9.362600e+03   0.000000e+00    161s
   31291    1.4442920e-03   5.729960e+03   0.000000e+00    165s
   32621    1.5312793e-03   9.562926e+03   0.000000e+00    171s
   33211    1.5630430e-03   5.836851e+03   0.000000e+00    175s
   34806    1.6691720e-03   4.376857e+03   0.000000e+00    181s
   35599    1.7115264e-03   8.313334e+03   0.000000e+00    186s
   36737    1.7899579e-03   8.318199e+03   0.000000e+00    190s
   38035    1.8737705e-03   4.364706e+03   0.000000e+00    195s
   39217    1.9511678e-03   7.009805e+03   0.000000e+00    201s
   40002    1.9942391e-03   4.954165e+03   0.000000e+00    206s
   40714    2.0508194e-03   3.964619e+03   0.000000e+00    210s
   41244    2.0842551e-03   1.922126e+04   0.000000e+00    216s
   41903    2.1071135e-03   3.682972e+04   0.000000e+00    221s
   42988    2.1807495e-03   7.242357e+03   0.000000e+00    226s
   43533    2.2175114e-03   8.732197e+03   0.000000e+00    231s
   44225    2.2877433e-03   1.515249e+04   0.000000e+00    236s
   44778    2.3451172e-03   3.258199e+04   0.000000e+00    242s
   45460    2.4304675e-03   2.567282e+04   0.000000e+00    246s
   46757    2.5786927e-03   5.661935e+03   0.000000e+00    250s
   47837    2.6750506e-03   9.331200e+03   0.000000e+00    255s
   48780    2.7784738e-03   6.032171e+03   0.000000e+00    261s
   50282    2.9539589e-03   1.085417e+04   0.000000e+00    265s
   51910    3.2083808e-03   1.172558e+04   0.000000e+00    270s
   53071    3.4095253e-03   1.955941e+04   0.000000e+00    275s
   54921    3.7785211e-03   1.152004e+04   0.000000e+00    280s
   55921    4.1398944e-03   1.323964e+04   0.000000e+00    285s
   57727    4.9351909e-03   8.152354e+04   0.000000e+00    290s
   61105    6.4797179e-03   3.590343e+04   0.000000e+00    295s
   64732    9.7568455e-03   5.938187e+04   0.000000e+00    300s
   68791    1.3845450e-02   2.813477e+04   0.000000e+00    305s
   73792    5.0204399e-02   4.054534e+05   0.000000e+00    310s
   78536    9.2238846e+01   3.349981e+03   0.000000e+00    315s
   80519    9.8162979e+01   4.127280e+03   0.000000e+00    320s
   82074    1.0153316e+02   2.505880e+03   0.000000e+00    325s
   83465    1.0490511e+02   5.880314e+03   0.000000e+00    330s
   84501    1.0639755e+02   3.054358e+03   0.000000e+00    335s
   85436    1.0736573e+02   2.481314e+03   0.000000e+00    341s
   86229    1.0825192e+02   1.174958e+03   0.000000e+00    345s
   86886    1.0887405e+02   1.378968e+03   0.000000e+00    350s
   87568    1.0942847e+02   8.180694e+02   0.000000e+00    356s
   88228    1.1024247e+02   1.840230e+03   0.000000e+00    360s
   88902    1.1059001e+02   1.239998e+03   0.000000e+00    365s
   89547    1.1096946e+02   1.365183e+03   0.000000e+00    371s
   89934    1.1114049e+02   7.196574e+02   0.000000e+00    375s
   90450    1.1134040e+02   7.401222e+02   0.000000e+00    380s
   90966    1.1148197e+02   3.240953e+02   0.000000e+00    386s
   91353    1.1183291e+02   2.986157e+03   0.000000e+00    390s
   91869    1.1208546e+02   3.838948e+03   0.000000e+00    396s
   92256    1.1227535e+02   6.499190e+02   0.000000e+00    401s
   92643    1.1243649e+02   7.872101e+02   0.000000e+00    405s
   93030    1.1252184e+02   4.666207e+02   0.000000e+00    411s
   93288    1.1258086e+02   8.382637e+02   0.000000e+00    416s
   93675    1.1273420e+02   2.299326e+03   0.000000e+00    421s
   94062    1.1285249e+02   9.526527e+02   0.000000e+00    426s
   94449    1.1294883e+02   2.320777e+02   0.000000e+00    431s
   94707    1.1301099e+02   1.489024e+03   0.000000e+00    436s
   94965    1.1306036e+02   9.386515e+01   0.000000e+00    441s
   95223    1.1310124e+02   2.751825e+02   0.000000e+00    447s
   95481    1.1314574e+02   5.958228e+02   0.000000e+00    452s
   95739    1.1317127e+02   6.411137e+01   0.000000e+00    458s
   95868    1.1318506e+02   4.137743e+02   0.000000e+00    461s
   96126    1.1320690e+02   5.496082e+02   0.000000e+00    468s
   96255    1.1321493e+02   2.929157e+01   0.000000e+00    472s
   96384    1.1322303e+02   4.788950e+00   0.000000e+00    476s
   96642    1.1323645e+02   1.989405e+01   0.000000e+00    483s
   96771    1.1324049e+02   8.536057e+00   0.000000e+00    487s
   96900    1.1324217e+02   1.398188e-01   0.000000e+00    490s
   96980    1.1324039e+02   0.000000e+00   0.000000e+00    492s

Root relaxation: objective 1.132404e+02, 96980 iterations, 465.98 seconds

    Nodes    |    Current Node    |     Objective Bounds      |     Work
 Expl Unexpl |  Obj  Depth IntInf | Incumbent    BestBd   Gap | It/Node Time

     0     0  113.24039    0  960 21813.0000  113.24039  99.5%     -  494s
H    0     0                     232.0000000  113.24039  51.2%     - 1079s
H    0     0                     166.0000000  113.24039  31.8%     - 1426s
     0     0  113.36541    0  999  166.00000  113.36541  31.7%     - 1657s
     0     0  113.38102    0  983  166.00000  113.38102  31.7%     - 1686s
     0     0  113.42649    0  962  166.00000  113.42649  31.7%     - 1904s
     0     0  113.42649    0  962  166.00000  113.42649  31.7%     - 1907s
     0     0  113.55166    0 1025  166.00000  113.55166  31.6%     - 2098s
     0     0  113.55273    0 1031  166.00000  113.55273  31.6%     - 2105s
     0     0  113.63751    0 1022  166.00000  113.63751  31.5%     - 2131s
     0     0  113.63751    0 1022  166.00000  113.63751  31.5%     - 2134s
     0     0  113.63751    0 1022  166.00000  113.63751  31.5%     - 2140s
     0     0  113.63751    0 1022  166.00000  113.63751  31.5%     - 2149s
     0     0  114.00000    0  836  166.00000  114.00000  31.3%     - 3374s
     0     0  114.00000    0  816  166.00000  114.00000  31.3%     - 3499s

Cutting planes:
  Learned: 3
  MIR: 77
  Zero half: 1

Explored 0 nodes (193999 simplex iterations) in 3601.66 seconds
Thread count was 1 (of 12 available processors)

Solution count 4: 166 232 21813 21862 
Pool objective bound 114

Time limit reached
Best objective 1.660000000000e+02, best bound 1.140000000000e+02, gap 31.3253%
