
Gurobi 7.0.2 (win64) logging started 06/27/20 07:17:34

Read LP format model from file C:\George\Professor\Pesquisa\Orientacoes em Pos-graduacao\2019 MSC PPGCC Guilherme Figueroa\Fanjuls Solver\Results\I_50_10_S_1-124_5_MTZ_KB.lp
Reading time = 0.08 seconds
: 3620 rows, 26051 columns, 108010 nonzeros
Optimize a model with 3620 rows, 26051 columns and 108010 nonzeros
Variable types: 551 continuous, 25500 integer (25500 binary)
Coefficient statistics:
  Matrix range     [1e+00, 1e+02]
  Objective range  [1e+00, 1e+00]
  Bounds range     [1e+00, 1e+00]
  RHS range        [1e+00, 5e+01]
Presolve time: 0.11s
Presolved: 3620 rows, 26051 columns, 108010 nonzeros
Variable types: 50 continuous, 26001 integer (26000 binary)
Found heuristic solution: objective 6099.0000000
Found heuristic solution: objective 5934.0000000

Root relaxation: objective 9.400441e+01, 5196 iterations, 0.46 seconds

    Nodes    |    Current Node    |     Objective Bounds      |     Work
 Expl Unexpl |  Obj  Depth IntInf | Incumbent    BestBd   Gap | It/Node Time

     0     0   94.00441    0  238 5934.00000   94.00441  98.4%     -    0s
H    0     0                     191.0000000   94.00441  50.8%     -    1s
H    0     0                     148.0000000   94.00441  36.5%     -    2s
     0     0   95.00000    0  276  148.00000   95.00000  35.8%     -    5s
H    0     0                     141.0000000   95.00000  32.6%     -    6s
     0     0   95.00000    0  276  141.00000   95.00000  32.6%     -    6s
     0     0   95.00000    0  258  141.00000   95.00000  32.6%     -    8s
     0     0   95.00000    0  196  141.00000   95.00000  32.6%     -   11s
H    0     0                     132.0000000   95.00000  28.0%     -   12s
     0     0   95.00000    0  258  132.00000   95.00000  28.0%     -   12s
     0     0   95.00000    0  262  132.00000   95.00000  28.0%     -   13s
     0     0   95.17122    0  277  132.00000   95.17122  27.9%     -   13s
     0     0   95.17122    0  277  132.00000   95.17122  27.9%     -   13s
     0     0   95.17208    0  280  132.00000   95.17208  27.9%     -   14s
     0     0   95.17208    0  280  132.00000   95.17208  27.9%     -   14s
     0     0   95.17208    0  280  132.00000   95.17208  27.9%     -   14s
     0     0   96.00000    0  144  132.00000   96.00000  27.3%     -   17s
     0     0   96.00000    0  144  132.00000   96.00000  27.3%     -   17s
     0     2   96.00000    0  144  132.00000   96.00000  27.3%     -   18s
     8     7   98.00000    6  225  132.00000   96.00000  27.3%   640   20s
H   27    19                     129.0000000   96.00000  25.6%   465   25s
    81    51   97.00000    4  276  129.00000   96.00000  25.6%   333   30s
   155    97  109.00000   64  108  129.00000   96.00000  25.6%   267   35s
   190   105   99.00000    6  285  129.00000   96.00000  25.6%   250   40s
   216   121  102.56386   26  221  129.00000   96.00000  25.6%   259   45s
   269   152  112.00000   67  190  129.00000   96.00000  25.6%   252   50s
   392   217   99.00000    9  309  129.00000   96.00000  25.6%   209   55s
   440   250  109.89368   40  168  129.00000   96.00000  25.6%   218   60s
H  471   250                     123.0000000   96.00000  22.0%   219   64s
   477   253  109.00000   60  163  123.00000   96.00000  22.0%   219   65s
   511   275  109.00000   59  258  123.00000   96.00000  22.0%   211   71s
   514   277  107.00000   46  259  123.00000   96.00000  22.0%   210   75s
   521   282  104.00000   33  287  123.00000   96.00000  22.0%   207   80s
   525   284  112.00000   78  309  123.00000   96.00000  22.0%   205   85s
   528   286  108.00000   53  195  123.00000   97.00000  21.1%   204   90s
   534   290  107.00000   46  216  123.00000   97.00000  21.1%   202   96s
   540   296  104.00000   41  258  123.00000   97.00000  21.1%   285  108s
   542   297  102.00000   35  115  123.00000   97.00000  21.1%   284  111s
   547   301  112.00000   73  211  123.00000   97.00000  21.1%   282  115s
   551   303  109.00000   59  267  123.00000   97.00000  21.1%   280  120s
   555   306  105.00000   45  253  123.00000   97.00000  21.1%   278  125s
   559   309  100.00000   22  270  123.00000   97.00000  21.1%   276  130s
   561   310  104.00000   33  256  123.00000   97.00000  21.1%   275  137s
   564   314   97.00000   24  276  123.00000   97.00000  21.1%   336  145s
   565   315   97.00000   24  290  123.00000   97.00000  21.1%   336  151s
   569   315   97.45332   26  239  123.00000   97.00000  21.1%   337  155s
   580   320  100.50507   32  191  123.00000   97.00000  21.1%   338  160s
   596   320  101.55372   41  174  123.00000   97.00000  21.1%   340  165s
   609   323  103.30661   49  173  123.00000   97.00000  21.1%   344  170s
H  616   305                     114.0000000   97.00000  14.9%   342  171s
   635   309  103.00000   63  154  114.00000   97.00000  14.9%   340  175s
   703   308   98.00000   27  272  114.00000   97.00000  14.9%   323  180s
   725   313  100.00000   39  199  114.00000   97.00000  14.9%   323  185s
   752   317  102.54818   53  206  114.00000   97.00000  14.9%   323  191s
   766   319  105.54362   61  162  114.00000   97.00000  14.9%   324  195s
   789   323  106.00000   74  194  114.00000   97.00000  14.9%   323  200s
   820   323  111.00000   92  191  114.00000   97.00000  14.9%   322  205s
   836   320   98.16692   31  214  114.00000   97.00000  14.9%   321  210s
   853   323  112.00000   41  218  114.00000   97.00000  14.9%   322  215s
   888   330  107.62708   60  166  114.00000   97.00000  14.9%   322  220s
   941   325   98.00000   26  272  114.00000   97.00000  14.9%   315  225s
   956   328  100.00000   35  255  114.00000   97.00000  14.9%   316  230s
   975   333  102.00000   47  251  114.00000   97.00000  14.9%   318  235s
   995   339  103.00000   61  204  114.00000   97.00000  14.9%   318  240s
  1016   343  105.00000   71  204  114.00000   97.00000  14.9%   319  245s
  1024   347  105.38560   78  157  114.00000   97.00000  14.9%   317  250s
  1053   353  108.00000   95  175  114.00000   97.00000  14.9%   316  255s
  1080   348   99.00000   29  263  114.00000   98.00000  14.0%   318  260s
  1097   352  100.41919   36  217  114.00000   98.00000  14.0%   320  265s
  1114   355  103.00000   44  226  114.00000   98.00000  14.0%   323  270s
  1140   362  105.00000   58  220  114.00000   98.00000  14.0%   324  275s
  1179   367  110.00000   78  121  114.00000   98.00000  14.0%   323  280s
  1207   367  101.00454   37  177  114.00000   98.00000  14.0%   325  285s
  1234   372  104.00000   52  180  114.00000   98.00000  14.0%   326  290s
  1280   376  108.00000   82  116  114.00000   98.00000  14.0%   322  295s
  1306   380  104.00000   47  244  114.00000   98.00000  14.0%   322  300s
  1332   389     cutoff   73       114.00000   98.00000  14.0%   322  305s
  1377   396  101.00000   42  214  114.00000   98.00000  14.0%   320  310s
  1402   405  109.04549   67  137  114.00000   98.00000  14.0%   321  315s
  1444   406   98.79657   30  203  114.00000   98.00000  14.0%   319  320s
  1462   417  110.00000   48  207  114.00000   98.00000  14.0%   322  325s
  1499   435  102.00000   44  174  114.00000   98.00000  14.0%   321  330s
  1544   459  108.00000   72  191  114.00000   98.00000  14.0%   320  335s
  1581   474  103.00000   51  205  114.00000   98.00000  14.0%   319  340s
  1619   497   99.00000   35  229  114.00000   98.00000  14.0%   319  345s
  1640   516  109.00000   45  187  114.00000   98.00000  14.0%   320  350s
  1661   523  102.00000   42  252  114.00000   98.00000  14.0%   321  355s
  1674   532  105.20150   55  233  114.00000   98.00000  14.0%   320  361s
  1701   555  110.00000   82  220  114.00000   98.00000  14.0%   319  365s
  1738   577  108.00000   66  173  114.00000   98.00000  14.0%   319  370s
  1774   600  103.00000   47  167  114.00000   98.00000  14.0%   318  375s
  1820   628  101.00000   44  216  114.00000   98.00000  14.0%   316  380s
  1849   641   99.00000   35  226  114.00000   98.00000  14.0%   316  385s
  1866   653  105.00000   52  206  114.00000   98.00000  14.0%   317  390s
  1904   676   99.00000   34  215  114.00000   98.00000  14.0%   316  395s
  1926   686  104.83089   47  154  114.00000   98.00000  14.0%   317  400s
  1963   704  107.00000   68  114  114.00000   98.00000  14.0%   316  405s
  1995   715  104.00000   45  199  114.00000   98.00000  14.0%   315  410s
  2025   737  109.11384   74  127  114.00000   98.00000  14.0%   314  415s
  2053   752  103.00000   47  211  114.00000   98.00000  14.0%   315  420s
  2087   771  107.00000   32  214  114.00000   98.00000  14.0%   315  425s
  2151   807  110.00000   69  122  114.00000   98.00000  14.0%   310  430s
  2174   814  102.00000   44  246  114.00000   98.00000  14.0%   310  435s
  2207   838  109.00000   76  191  114.00000   98.00000  14.0%   309  440s
  2240   852  101.00000   39  248  114.00000   98.00000  14.0%   309  445s
  2256   864  105.00000   55  203  114.00000   98.00000  14.0%   310  450s
  2283   888  108.00000   82  192  114.00000   98.00000  14.0%   308  455s
  2316   906  101.00000   38  244  114.00000   98.00000  14.0%   307  460s
  2342   926  107.13204   64  155  114.00000   98.00000  14.0%   308  465s
  2376   950  107.00000   34  217  114.00000   98.00000  14.0%   306  470s
  2395   964  107.76200   41  201  114.00000   98.00000  14.0%   306  475s
  2425   975  100.00000   37  241  114.00000   98.00000  14.0%   307  480s
  2444   990  104.00000   56  205  114.00000   98.00000  14.0%   308  485s
  2486  1012   99.00000   32  241  114.00000   98.00000  14.0%   305  490s
  2506  1024  107.00000   52  216  114.00000   98.00000  14.0%   307  495s
  2535  1041  100.00000   34  245  114.00000   98.00000  14.0%   306  500s
  2562  1053  107.00000   29  250  114.00000   98.00000  14.0%   307  505s
  2600  1069 infeasible   55       114.00000   98.00000  14.0%   307  510s
  2622  1080  103.00000   46  228  114.00000   98.00000  14.0%   308  515s
  2648  1088  101.00000   35  215  114.00000   98.00000  14.0%   309  520s
  2668  1101  107.00000   55  196  114.00000   98.00000  14.0%   310  525s
  2694  1114   99.01509   30  245  114.00000   98.00000  14.0%   309  530s
H 2714  1050                     111.0000000   98.00000  11.7%   310  537s
  2742  1063  108.00000   59  149  111.00000   98.00000  11.7%   309  540s
  2771  1079  102.00000   51  262  111.00000   98.00000  11.7%   309  545s
  2799  1093   99.00000   33  256  111.00000   98.00000  11.7%   309  550s
  2820  1108  107.00000   54  258  111.00000   98.00000  11.7%   310  555s
  2852  1128  102.00000   42  249  111.00000   98.00000  11.7%   309  560s
  2882  1149  109.00000   71  195  111.00000   98.00000  11.7%   309  565s
  2911  1163  103.00000   50  266  111.00000   98.00000  11.7%   309  570s
  2942  1188  109.00000   81  209  111.00000   98.00000  11.7%   308  575s
  2968  1196  101.00000   43  222  111.00000   99.00000  10.8%   308  580s
  2979  1202  101.18566   48  156  111.00000   99.00000  10.8%   308  585s
  3010  1213  100.00000   38  189  111.00000   99.00000  10.8%   308  590s
  3032  1223  105.00000   46  202  111.00000   99.00000  10.8%   309  595s
  3057  1233  101.00000   41  216  111.00000   99.00000  10.8%   309  600s
  3085  1252  106.27917   69  128  111.00000   99.00000  10.8%   308  605s
  3106  1264  104.00000   48  170  111.00000   99.00000  10.8%   309  610s
  3128  1276  101.49780   40  176  111.00000   99.00000  10.8%   308  615s
  3163  1294  103.00000   40  203  111.00000   99.00000  10.8%   308  620s
  3186  1305  101.39586   39  197  111.00000   99.00000  10.8%   308  625s
  3217  1323  105.00000   60  165  111.00000   99.00000  10.8%   307  630s
  3248  1331  100.25486   37  199  111.00000   99.00000  10.8%   307  637s
  3258  1338  103.00000   47  184  111.00000   99.00000  10.8%   307  640s
  3304  1362  107.96666   58  138  111.00000   99.00000  10.8%   305  645s
  3328  1373  106.00000   55  217  111.00000   99.00000  10.8%   306  650s
  3344  1380  101.00000   40  205  111.00000   99.00000  10.8%   306  655s
  3376  1400  100.00000   35  250  111.00000   99.00000  10.8%   306  660s
  3383  1404  102.18502   42  226  111.00000   99.00000  10.8%   306  669s
  3387  1408  103.00000   46  256  111.00000   99.00000  10.8%   306  670s
  3419  1428  101.00000   39  230  111.00000   99.00000  10.8%   306  675s
  3443  1445  108.00000   63  227  111.00000   99.00000  10.8%   306  680s
  3493  1467  107.00000   32  228  111.00000   99.00000  10.8%   306  685s
  3516  1475  103.00000   39  252  111.00000   99.00000  10.8%   306  690s
  3556  1485  100.00000   39  243  111.00000   99.00000  10.8%   306  695s
  3578  1496  103.00000   52  202  111.00000   99.00000  10.8%   306  700s
  3606  1508  106.00000   65  228  111.00000   99.00000  10.8%   307  705s
  3635  1517  104.00000   51  256  111.00000   99.00000  10.8%   307  710s
  3678  1534  101.00000   38  190  111.00000   99.00000  10.8%   306  715s
  3723  1551  106.00000   64  147  111.00000   99.00000  10.8%   306  720s
  3764  1576  106.00000   67  185  111.00000   99.00000  10.8%   305  725s
  3797  1595  104.00000   51  231  111.00000   99.00000  10.8%   304  730s
  3833  1611  101.00000   39  239  111.00000   99.00000  10.8%   304  735s
  3869  1634  102.00000   40  204  111.00000   99.00000  10.8%   304  740s
  3905  1655  102.00000   41  245  111.00000   99.00000  10.8%   304  745s
  3941  1678  100.00000   37  223  111.00000   99.00000  10.8%   303  750s
  3968  1695  106.00000   61  186  111.00000   99.00000  10.8%   304  755s
  4006  1712  106.00000   46  224  111.00000   99.00000  10.8%   304  760s
  4033  1723  101.00000   40  217  111.00000   99.00000  10.8%   304  765s
  4065  1738  107.06158   59  176  111.00000   99.00000  10.8%   304  770s
  4081  1740  101.00000   38  183  111.00000   99.00000  10.8%   303  775s
  4118  1759  101.00000   36  227  111.00000   99.00000  10.8%   303  780s
  4155  1788  106.00000   70  146  111.00000   99.00000  10.8%   302  785s
  4178  1799  107.00000   52  246  111.00000   99.00000  10.8%   303  790s
  4212  1816  103.00000   46  219  111.00000   99.00000  10.8%   302  795s
  4244  1829  100.00000   36  204  111.00000   99.00000  10.8%   303  800s
  4269  1848  105.00000   61  168  111.00000   99.00000  10.8%   302  805s
  4303  1868  102.00000   48  224  111.00000   99.00000  10.8%   302  810s
  4332  1889  108.00000   77  197  111.00000   99.00000  10.8%   301  815s
  4370  1911  107.00000   61  201  111.00000   99.00000  10.8%   301  820s
  4405  1933  106.00000   60  148  111.00000   99.00000  10.8%   301  825s
  4426  1941  103.44519   44  228  111.00000   99.00000  10.8%   301  833s
  4432  1946  105.00000   50  207  111.00000   99.00000  10.8%   301  835s
  4464  1963  100.00000   32  265  111.00000   99.00000  10.8%   301  840s
  4488  1972  106.10146   47  157  111.00000   99.00000  10.8%   302  845s
  4520  1980  102.00000   43  227  111.00000   99.00000  10.8%   303  850s
  4555  1999  106.00000   63  158  111.00000   99.00000  10.8%   302  855s
  4591  2015  107.00000   40  224  111.00000   99.00000  10.8%   302  860s
  4618  2029  104.09876   48  190  111.00000   99.00000  10.8%   303  865s
  4655  2048  104.00000   47  241  111.00000   99.00000  10.8%   303  870s
  4687  2064  101.00000   40  219  111.00000   99.00000  10.8%   303  875s
  4725  2085  102.00000   40  230  111.00000   99.00000  10.8%   302  880s
  4758  2103  100.00000   32  251  111.00000   99.00000  10.8%   302  885s
  4786  2118  101.00101   38  215  111.00000   99.00000  10.8%   303  890s
  4806  2125  108.00000   55  214  111.00000   99.00000  10.8%   303  895s
  4848  2148  101.00000   35  252  111.00000   99.00000  10.8%   303  901s
  4881  2169  101.00000   37  224  111.00000   99.00000  10.8%   303  906s
  4906  2186  108.46796   62  150  111.00000   99.00000  10.8%   302  910s
  4938  2196  106.00000   52  130  111.00000   99.00000  10.8%   303  915s
  4966  2207  104.00000   47  231  111.00000   99.00000  10.8%   304  920s
  4998  2227  101.00000   39  217  111.00000   99.00000  10.8%   304  925s
  5021  2243  109.37351   62  161  111.00000   99.00000  10.8%   304  930s
  5031  2246  102.00000   43  267  111.00000   99.00000  10.8%   304  936s
  5049  2261  105.00000   61  237  111.00000   99.00000  10.8%   304  940s
  5085  2283  105.00000   46  238  111.00000   99.00000  10.8%   304  945s
  5102  2295  102.00000   44  258  111.00000   99.00000  10.8%   304  958s
  5104  2296  105.00000   55  186  111.00000   99.00000  10.8%   304  960s
  5111  2301  109.00000   61  267  111.00000   99.00000  10.8%   303  965s
  5115  2304  101.00000   40  267  111.00000   99.00000  10.8%   303  970s
  5119  2306  103.03294   51  281  111.00000   99.00000  10.8%   303  977s
  5122  2310   99.00000   38  296  111.00000   99.00000  10.8%   307  987s
  5123  2310   99.00000   38  252  111.00000   99.00000  10.8%   307  990s
  5125  2311   99.00000   39  267  111.00000   99.00000  10.8%   307  996s
  5127  2311   99.00000   40  222  111.00000   99.00000  10.8%   307 1001s
  5128  2311   99.00000   41  262  111.00000   99.00000  10.8%   307 1007s
  5129  2312   99.00000   42  261  111.00000   99.00000  10.8%   307 1010s
  5132  2313   99.98118   43  193  111.00000   99.00000  10.8%   307 1015s
  5138  2314   99.00000   46  246  111.00000   99.00000  10.8%   307 1020s
  5145  2316   99.46689   50  223  111.00000   99.00000  10.8%   307 1025s
  5154  2317  102.00000   56  241  111.00000   99.00000  10.8%   308 1030s
  5166  2317  104.43920   63  189  111.00000   99.00000  10.8%   308 1035s
  5187  2316  106.26728   75  177  111.00000   99.00000  10.8%   308 1040s
  5220  2308   99.00000   40  280  111.00000   99.00000  10.8%   307 1045s
  5229  2309   99.00000   45  208  111.00000   99.00000  10.8%   307 1050s
  5238  2311  100.18772   50  186  111.00000   99.00000  10.8%   308 1055s
  5251  2314  101.00000   58  249  111.00000   99.00000  10.8%   308 1060s
  5267  2319  102.00000   66  217  111.00000   99.00000  10.8%   308 1065s
  5284  2323  103.00000   75  226  111.00000   99.00000  10.8%   308 1070s
  5307  2325  107.36125   88  132  111.00000   99.00000  10.8%   308 1075s
  5329  2323  107.00000  100  227  111.00000   99.00000  10.8%   308 1080s
  5361  2319  109.00000  119  161  111.00000   99.00000  10.8%   307 1085s
  5389  2316   99.00000   49  243  111.00000   99.00000  10.8%   307 1090s
  5405  2319  101.44601   57  228  111.00000   99.00000  10.8%   308 1095s
  5425  2321  103.00000   69  225  111.00000   99.00000  10.8%   308 1100s
  5443  2323  105.00000   79  186  111.00000   99.00000  10.8%   309 1105s
  5469  2321  108.00000   94  185  111.00000   99.00000  10.8%   309 1110s
  5498  2320   99.46562   53  181  111.00000   99.00000  10.8%   309 1115s
  5514  2324  101.25476   63  200  111.00000   99.00000  10.8%   309 1120s
  5548  2331  106.00000   83  192  111.00000   99.00000  10.8%   309 1125s
  5591  2329   99.00000   48  241  111.00000   99.00000  10.8%   309 1130s
  5617  2331  103.21758   61  231  111.00000   99.00000  10.8%   309 1135s
  5637  2336  103.00000   77  222  111.00000   99.00000  10.8%   309 1140s
  5654  2341  104.00000   86  184  111.00000   99.00000  10.8%   310 1145s
  5679  2342   99.00000   49  216  111.00000   99.00000  10.8%   310 1150s
  5701  2344  101.00000   58  197  111.00000   99.00000  10.8%   310 1155s
  5733  2351  104.00000   79  157  111.00000   99.00000  10.8%   310 1160s
  5781  2347  100.00000   53  255  111.00000   99.00000  10.8%   309 1165s
  5807  2358  106.00000   79  239  111.00000   99.00000  10.8%   309 1170s
  5837  2373  109.00000  108  245  111.00000   99.00000  10.8%   309 1175s
  5865  2371  100.00000   51  210  111.00000   99.00000  10.8%   309 1180s
  5903  2367  100.00000   47  230  111.00000   99.00000  10.8%   308 1185s
  5926  2377  105.00000   70  228  111.00000   99.00000  10.8%   308 1190s
  5951  2390  108.92240   95  171  111.00000   99.00000  10.8%   308 1195s
  5979  2393  100.19327   54  225  111.00000   99.00000  10.8%   308 1200s
  5996  2399  105.71384   71  170  111.00000   99.00000  10.8%   308 1205s
  6037  2409   99.00000   42  289  111.00000   99.00000  10.8%   308 1210s
  6056  2414  105.44806   53  159  111.00000   99.00000  10.8%   308 1215s
  6083  2418  110.00000   64  219  111.00000   99.00000  10.8%   308 1220s
  6109  2426  107.00000   69  265  111.00000   99.00000  10.8%   309 1225s
  6136  2430  101.00000   54  260  111.00000   99.00000  10.8%   309 1230s
  6178  2451  108.00000   96  209  111.00000   99.00000  10.8%   308 1235s
  6221  2461   99.52981   53  237  111.00000   99.00000  10.8%   307 1240s
  6232  2466  103.00000   64  254  111.00000   99.00000  10.8%   308 1245s
  6251  2473  110.00000   83  215  111.00000   99.00000  10.8%   308 1250s
  6273  2478  102.00000   61  216  111.00000   99.00000  10.8%   308 1255s
  6298  2480   99.00000   47  271  111.00000   99.00000  10.8%   308 1260s
  6318  2488  104.10211   67  194  111.00000   99.00000  10.8%   309 1265s
  6348  2495   99.00000   52  243  111.00000   99.00000  10.8%   309 1270s
  6375  2498  104.00000   67  232  111.00000   99.00000  10.8%   309 1275s
  6398  2499  106.08398   79  166  111.00000   99.00000  10.8%   309 1280s
  6440  2493   99.00000   49  287  111.00000   99.00000  10.8%   309 1285s
  6458  2500  103.00000   67  232  111.00000   99.00000  10.8%   309 1290s
  6483  2502  101.05374   51  246  111.00000   99.00000  10.8%   309 1295s
  6498  2508  106.00000   66  271  111.00000   99.00000  10.8%   310 1300s
  6521  2510   99.00000   47  263  111.00000   99.00000  10.8%   310 1305s
  6542  2513  102.00000   56  203  111.00000   99.00000  10.8%   311 1310s
  6570  2519  107.09042   68  133  111.00000   99.00000  10.8%   311 1315s
  6605  2517   99.00000   46  267  111.00000   99.00000  10.8%   311 1320s
  6618  2521  103.00000   59  266  111.00000   99.00000  10.8%   311 1325s
  6637  2528  109.00000   78  207  111.00000   99.00000  10.8%   311 1330s
  6663  2529  102.00000   58  237  111.00000   99.00000  10.8%   312 1335s
  6694  2534  100.00000   57  186  111.00000   99.00000  10.8%   311 1340s
  6723  2547  108.00000   86  205  111.00000   99.00000  10.8%   311 1345s
  6754  2551  101.00000   51  229  111.00000   99.00000  10.8%   311 1350s
  6784  2555   99.00000   46  241  111.00000   99.00000  10.8%   311 1355s
  6808  2564  106.00000   70  251  111.00000   99.00000  10.8%   312 1360s
  6838  2569  101.84478   50  252  111.00000   99.00000  10.8%   311 1365s
  6867  2582  109.00000   79  244  111.00000   99.00000  10.8%   311 1370s
  6894  2580  102.00000   53  221  111.00000   99.00000  10.8%   311 1375s
  6919  2585   99.00000   55  226  111.00000   99.00000  10.8%   311 1380s
  6937  2591  105.48333   73  176  111.00000   99.00000  10.8%   312 1385s
  6965  2587  100.00000   49  274  111.00000   99.00000  10.8%   312 1390s
  6985  2595  104.44144   69  247  111.00000   99.00000  10.8%   312 1395s
  7003  2602  109.37788   87  202  111.00000   99.00000  10.8%   313 1401s
  7022  2606  101.00000   62  240  111.00000   99.00000  10.8%   313 1405s
  7052  2610   99.00000   49  234  111.00000   99.00000  10.8%   313 1410s
  7069  2613  100.00000   58  231  111.00000   99.00000  10.8%   313 1415s
  7089  2615  102.48625   67  179  111.00000   99.00000  10.8%   313 1420s
  7121  2621  106.00000   90  146  111.00000   99.00000  10.8%   313 1425s
  7154  2620  101.00000   61  265  111.00000   99.00000  10.8%   313 1430s
  7186  2625   99.00000   50  260  111.00000   99.00000  10.8%   313 1435s
  7209  2634  107.00000   73  277  111.00000   99.00000  10.8%   313 1440s
  7239  2640   99.00000   47  258  111.00000   99.00000  10.8%   313 1445s
  7253  2644  105.00000   61  237  111.00000   99.00000  10.8%   313 1450s
  7283  2649  101.00000   57  259  111.00000   99.00000  10.8%   314 1455s
  7304  2657  108.00000   78  225  111.00000   99.00000  10.8%   314 1460s
  7336  2662  100.00000   49  263  111.00000   99.00000  10.8%   314 1465s
  7362  2672  105.00000   65  222  111.00000   99.00000  10.8%   314 1470s
  7395  2675  101.10400   52  233  111.00000   99.00000  10.8%   314 1475s
  7413  2683  106.00000   70  244  111.00000   99.00000  10.8%   314 1480s
  7442  2689   99.00000   48  246  111.00000   99.00000  10.8%   314 1485s
  7460  2695  104.13426   66  247  111.00000   99.00000  10.8%   314 1490s
  7485  2707  110.00000   91  221  111.00000   99.00000  10.8%   315 1495s
  7506  2709  104.00000   65  262  111.00000   99.00000  10.8%   315 1500s
  7532  2711  100.54397   53  254  111.00000   99.00000  10.8%   315 1505s
  7568  2725  109.00000   88  203  111.00000   99.00000  10.8%   315 1510s
  7593  2727  100.54843   48  176  111.00000   99.00000  10.8%   315 1515s
  7604  2728  101.00000   51  208  111.00000   99.00000  10.8%   316 1520s
  7633  2731  108.00000   68  127  111.00000   99.00000  10.8%   316 1525s
  7661  2733  100.07818   54  198  111.00000   99.00000  10.8%   316 1530s
  7689  2746  109.00000   82  168  111.00000   99.00000  10.8%   316 1535s
  7721  2753  105.00000   76  248  111.00000   99.00000  10.8%   316 1540s
  7746  2756  102.00000   55  247  111.00000   99.00000  10.8%   316 1545s
  7778  2770  109.00000   87  214  111.00000   99.00000  10.8%   316 1550s
  7796  2769  102.00000   50  256  111.00000   99.00000  10.8%   316 1555s
  7831  2785  108.00000   85  202  111.00000   99.00000  10.8%   316 1560s
  7860  2793  104.00000   54  236  111.00000   99.00000  10.8%   316 1565s
  7880  2802  109.00000   74  238  111.00000   99.00000  10.8%   317 1570s
  7908  2801  102.00000   56  257  111.00000   99.00000  10.8%   317 1575s
  7930  2809  107.44793   78  181  111.00000   99.00000  10.8%   317 1580s
  7977  2826  103.00000   61  187  111.00000   99.00000  10.8%   316 1585s
  8016  2834  101.00000   49  234  111.00000   99.00000  10.8%   316 1590s
  8036  2837  106.38727   60  195  111.00000   99.00000  10.8%   316 1595s
  8074  2828  101.00000   50  277  111.00000   99.00000  10.8%   316 1600s
  8109  2838 infeasible   84       111.00000   99.00000  10.8%   316 1605s
  8142  2848  106.00000   75  228  111.00000   99.00000  10.8%   316 1610s
  8188  2857  103.30420   59  182  111.00000   99.00000  10.8%   315 1615s
  8250  2869  109.33800  105  119  111.00000   99.00000  10.8%   314 1620s
  8282  2874  108.00000   74  204  111.00000   99.00000  10.8%   314 1625s
  8314  2878  102.20113   58  165  111.00000   99.00000  10.8%   314 1630s
  8347  2877  100.00000   53  215  111.00000   99.00000  10.8%   314 1635s
  8390  2886  100.00000   51  258  111.00000   99.00000  10.8%   313 1640s
  8436  2901  110.00000   92  144  111.00000   99.00000  10.8%   313 1645s
  8457  2904  105.00000   63  221  111.00000   99.00000  10.8%   313 1650s
  8482  2907  101.00000   51  275  111.00000   99.00000  10.8%   313 1655s
  8503  2915  109.00000   72  227  111.00000   99.00000  10.8%   314 1660s
  8527  2918  104.00000   59  244  111.00000   99.00000  10.8%   314 1665s
  8551  2918  100.00000   51  270  111.00000   99.00000  10.8%   314 1670s
  8588  2932  109.00000   87  220  111.00000   99.00000  10.8%   314 1675s
  8624  2935  108.58939   60  168  111.00000   99.00000  10.8%   314 1680s
  8658  2937  104.70113   67  121  111.00000   99.00000  10.8%   314 1685s
  8705  2942 infeasible   97       111.00000   99.00000  10.8%   313 1690s
  8732  2947  106.00000   72  215  111.00000   99.00000  10.8%   313 1695s
  8771  2957  102.00000   57  194  111.00000   99.00000  10.8%   313 1700s
  8801  2963  102.00000   59  248  111.00000   99.00000  10.8%   313 1705s
  8823  2965 infeasible   77       111.00000   99.00000  10.8%   313 1710s
  8848  2974  108.00000   74  243  111.00000   99.00000  10.8%   313 1715s
  8869  2977  103.00000   59  221  111.00000   99.00000  10.8%   314 1720s
  8925  2997  100.00000   56  174  111.00000   99.00000  10.8%   312 1725s
  8942  3002  108.11110   73  175  111.00000   99.00000  10.8%   313 1730s
  8969  3007  103.00000   55  232  111.00000   99.00000  10.8%   313 1735s
  8993  3010 infeasible   75       111.00000   99.00000  10.8%   313 1740s
  9016  3019  106.00000   71  210  111.00000   99.00000  10.8%   313 1745s
  9048  3028  106.00000   67  201  111.00000   99.00000  10.8%   313 1750s
  9081  3030  100.17226   54  176  111.00000   99.00000  10.8%   313 1755s
  9099  3031  106.59527   65  140  111.00000   99.00000  10.8%   313 1760s
  9126  3030  101.95734   56  193  111.00000   99.00000  10.8%   313 1765s
  9150  3031  105.59443   69  145  111.00000   99.00000  10.8%   313 1770s
  9178  3027  102.02457   56  192  111.00000   99.00000  10.8%   313 1775s
  9204  3025  100.80537   56  242  111.00000   99.00000  10.8%   313 1780s
  9227  3033  108.00000   79  251  111.00000   99.00000  10.8%   314 1785s
  9257  3040  104.00000   58  224  111.00000   99.00000  10.8%   314 1790s
  9301  3053  100.56480   49  186  111.00000   99.00000  10.8%   313 1795s
  9339  3060  100.26809   51  205  111.00000   99.00000  10.8%   313 1800s
  9389  3073  104.00000   62  226  111.00000   99.00000  10.8%   312 1805s
  9423  3082  100.00000   46  240  111.00000   99.00000  10.8%   312 1810s
  9441  3088  106.00000   64  242  111.00000   99.00000  10.8%   313 1815s
  9470  3088  101.00000   54  216  111.00000   99.00000  10.8%   313 1820s
  9501  3099  109.26018   84  153  111.00000   99.00000  10.8%   313 1825s
  9531  3105  108.00000   68  224  111.00000   99.00000  10.8%   313 1830s
  9570  3114  102.35681   60  201  111.00000   99.00000  10.8%   312 1835s
  9594  3119  105.00043   73  181  111.00000   99.00000  10.8%   312 1840s
  9625  3121  108.06180   90  154  111.00000   99.00000  10.8%   312 1845s
  9662  3130  106.00000   78  162  111.00000   99.00000  10.8%   312 1850s
  9703  3136  104.00000   63  223  111.00000   99.00000  10.8%   312 1855s
  9740  3153  110.00000  100  225  111.00000   99.00000  10.8%   311 1860s
  9767  3156  108.00000   71  227  111.00000   99.00000  10.8%   311 1865s
  9813  3165  106.00000   78  235  111.00000   99.00000  10.8%   311 1870s
  9851  3176  103.45732   63  251  111.00000   99.00000  10.8%   311 1875s
  9887  3186   99.00000   53  234  111.00000   99.00000  10.8%   310 1880s
  9911  3197  105.15968   77  165  111.00000   99.00000  10.8%   310 1885s
  9942  3201  102.00000   63  221  111.00000   99.00000  10.8%   310 1890s
  9973  3204  107.02147   80  190  111.00000   99.00000  10.8%   310 1895s
  9997  3203  103.00000   64  249  111.00000   99.00000  10.8%   310 1900s
 10021  3207  110.00000   83  239  111.00000   99.00000  10.8%   310 1905s
 10038  3207  102.40308   61  168  111.00000   99.00000  10.8%   310 1910s
 10064  3209  103.00000   61  260  111.00000   99.00000  10.8%   311 1915s
 10098  3213  101.00000   54  240  111.00000   99.00000  10.8%   311 1920s
 10117  3216  102.00000   63  196  111.00000   99.00000  10.8%   311 1925s
 10151  3218  105.00000   72  191  111.00000   99.00000  10.8%   311 1930s
 10184  3218  108.00000   80  156  111.00000   99.00000  10.8%   311 1935s
 10202  3213 infeasible   86       111.00000   99.00000  10.8%   311 2023s
 10209  3208  102.56161   55  213  111.00000   99.00000  10.8%   311 2026s
 10223  3211  109.00000   69  238  111.00000   99.00000  10.8%   311 2030s
 10245  3215  103.00000   59  217  111.00000   99.00000  10.8%   311 2035s
 10268  3217  103.51776   48  195  111.00000   99.00000  10.8%   311 2040s
 10293  3221  101.00000   52  264  111.00000   99.00000  10.8%   311 2045s
 10310  3226  108.00000   69  241  111.00000   99.00000  10.8%   311 2050s
 10332  3227  100.00000   51  251  111.00000   99.00000  10.8%   312 2055s
 10348  3232  103.23242   60  205  111.00000   99.00000  10.8%   312 2060s
 10376  3231  102.00000   49  257  111.00000   99.00000  10.8%   312 2065s
 10398  3240  109.73436   71  232  111.00000   99.00000  10.8%   312 2070s
 10426  3244  103.00000   72  233  111.00000   99.00000  10.8%   312 2075s
 10447  3244  101.00000   58  246  111.00000   99.00000  10.8%   313 2080s
 10476  3257  108.00000   87  224  111.00000   99.00000  10.8%   313 2085s
 10502  3260  104.00000   64  241  111.00000   99.00000  10.8%   313 2090s
 10547  3267  100.00000   52  258  111.00000   99.00000  10.8%   312 2095s
 10567  3272  103.04782   67  196  111.00000   99.00000  10.8%   313 2100s
 10601  3275  109.00000   84  123  111.00000   99.00000  10.8%   313 2105s
 10634  3280  105.00000   57  230  111.00000   99.00000  10.8%   312 2110s
 10654  3281  104.18677   56  234  111.00000   99.00000  10.8%   312 2115s
 10674  3291  109.00000   76  230  111.00000   99.00000  10.8%   313 2120s
 10704  3293  104.00000   65  272  111.00000   99.00000  10.8%   313 2125s
 10733  3303  109.08390   92  174  111.00000   99.00000  10.8%   313 2130s
 10760  3303  103.74947   62  228  111.00000   99.00000  10.8%   313 2135s
 10795  3304  109.00000   82  168  111.00000   99.00000  10.8%   313 2140s
 10818  3306  105.00000   74  231  111.00000   99.00000  10.8%   313 2145s
 10860  3317  101.56360   62  245  111.00000   99.00000  10.8%   313 2150s
 10884  3328  107.00000   86  234  111.00000   99.00000  10.8%   313 2155s
 10913  3332  102.00000   54  243  111.00000   99.00000  10.8%   313 2160s
 10934  3336  105.55061   64  239  111.00000   99.00000  10.8%   313 2165s
 10965  3337  101.00000   61  223  111.00000   99.00000  10.8%   313 2170s
 10978  3341  105.00000   74  185  111.00000   99.00000  10.8%   314 2175s
 11007  3347  103.00000   59  255  111.00000   99.00000  10.8%   314 2180s
 11033  3355 infeasible   85       111.00000   99.00000  10.8%   314 2185s
 11055  3355  104.00000   67  228  111.00000   99.00000  10.8%   314 2190s
 11082  3363  110.00000   91  229  111.00000   99.00000  10.8%   314 2195s
 11120  3364  105.83136   68  158  111.00000   99.00000  10.8%   314 2200s
 11169  3365   99.57646   51  190  111.00000   99.00000  10.8%   313 2205s
 11193  3379  110.00000   75  150  111.00000   99.00000  10.8%   313 2210s
 11223  3382  105.00000   73  243  111.00000   99.00000  10.8%   313 2215s
 11256  3390  102.00000   59  245  111.00000   99.00000  10.8%   313 2220s
 11284  3402  108.00000   87  232  111.00000   99.00000  10.8%   313 2225s
 11317  3406  103.00000   61  225  111.00000   99.00000  10.8%   313 2230s
 11358  3419  102.85826   56  205  111.00000   99.00000  10.8%   313 2235s
 11378  3426  109.00000   76  242  111.00000   99.00000  10.8%   313 2240s
 11405  3425  100.19840   54  229  111.00000   99.00000  10.8%   313 2245s
 11433  3435     cutoff   82       111.00000   99.00000  10.8%   313 2250s
 11457  3438  105.00000   68  207  111.00000   99.00000  10.8%   313 2255s
 11480  3437  105.04536   60  233  111.00000   99.00000  10.8%   314 2260s
 11515  3442   99.00000   50  245  111.00000   99.00000  10.8%   313 2265s
 11540  3447  106.56483   66  128  111.00000   99.00000  10.8%   314 2270s
 11575  3446  102.00000   60  165  111.00000   99.00000  10.8%   314 2275s
 11610  3450  102.00000   57  207  111.00000   99.00000  10.8%   314 2280s
 11641  3453  108.12463   73  119  111.00000   99.00000  10.8%   314 2285s
 11680  3460  108.00000   67  202  111.00000   99.00000  10.8%   313 2290s
 11711  3464  101.00000   54  258  111.00000   99.00000  10.8%   313 2295s
 11744  3474  109.92278   84  208  111.00000   99.00000  10.8%   313 2300s
 11766  3479  103.03243   64  196  111.00000   99.00000  10.8%   313 2305s
 11797  3481  101.00000   55  247  111.00000   99.00000  10.8%   313 2310s
 11822  3492  108.00000   80  165  111.00000   99.00000  10.8%   313 2315s
 11849  3494  106.00000   58  233  111.00000   99.00000  10.8%   313 2320s
 11875  3497  101.00000   52  241  111.00000   99.00000  10.8%   313 2325s
 11892  3497  109.67545   65  144  111.00000   99.00000  10.8%   313 2330s
 11919  3505  108.00000   75  220  111.00000   99.00000  10.8%   314 2335s
 11947  3509  103.00000   60  240  111.00000   99.00000  10.8%   314 2340s
 11975  3514   99.00000   48  238  111.00000   99.00000  10.8%   314 2345s
 11999  3525  105.00000   72  224  111.00000   99.00000  10.8%   314 2350s
 12030  3533  102.00000   59  245  111.00000   99.00000  10.8%   313 2355s
 12064  3547   99.25080   51  194  111.00000   99.00000  10.8%   313 2360s
 12092  3563  104.07039   66  154  111.00000   99.00000  10.8%   313 2365s
 12133  3572  101.46337   54  247  111.00000   99.00000  10.8%   313 2370s
 12159  3592  108.00000   80  162  111.00000   99.00000  10.8%   313 2375s
 12198  3616  105.00000   67  241  111.00000   99.00000  10.8%   313 2380s
 12228  3630  109.62201   87  188  111.00000   99.00000  10.8%   313 2385s
 12255  3646  109.32154   75  159  111.00000   99.00000  10.8%   313 2390s
 12293  3661  107.00000   59  228  111.00000   99.00000  10.8%   313 2395s
 12324  3677  102.00000   54  249  111.00000   99.00000  10.8%   313 2400s
 12356  3693  101.00000   55  240  111.00000   99.00000  10.8%   313 2405s
 12384  3714  109.67903   83  156  111.00000   99.00000  10.8%   313 2410s
 12411  3733  106.00000   74  170  111.00000   99.00000  10.8%   313 2415s
 12443  3752  108.00000   55  222  111.00000   99.00000  10.8%   313 2420s
 12473  3771  101.61767   51  247  111.00000   99.00000  10.8%   313 2425s
 12483  3775  102.80711   57  215  111.00000   99.00000  10.8%   313 2430s
 12513  3789  109.11434   74  189  111.00000   99.00000  10.8%   313 2435s
 12545  3810  107.00000   68  161  111.00000   99.00000  10.8%   313 2440s
 12584  3833  109.00000   76  205  111.00000   99.00000  10.8%   313 2445s
 12610  3843  104.33944   59  210  111.00000   99.00000  10.8%   313 2450s
 12644  3860  101.00000   53  263  111.00000   99.00000  10.8%   313 2455s
 12663  3873  107.00000   72  237  111.00000   99.00000  10.8%   313 2460s
 12686  3882  108.00000   66  190  111.00000   99.00000  10.8%   313 2465s
 12715  3897  102.09209   55  208  111.00000   99.00000  10.8%   313 2470s
 12743  3912 infeasible   78       111.00000   99.00000  10.8%   313 2475s
 12758  3922  106.00000   64  232  111.00000   99.00000  10.8%   313 2480s
 12787  3937  104.00000   66  185  111.00000   99.00000  10.8%   313 2485s
 12815  3947  106.00000   59  226  111.00000   99.00000  10.8%   313 2490s
 12852  3971  100.00000   52  245  111.00000   99.00000  10.8%   313 2495s
 12864  3977  103.12667   59  195  111.00000   99.00000  10.8%   313 2500s
 12890  3990  107.00000   75  165  111.00000   99.00000  10.8%   313 2505s
 12914  4003  107.00000   68  209  111.00000   99.00000  10.8%   313 2510s
 12946  4017  104.00000   61  223  111.00000   99.00000  10.8%   313 2515s
 12967  4029     cutoff   81       111.00000   99.00000  10.8%   313 2520s
 12992  4043  105.00000   67  235  111.00000   99.00000  10.8%   313 2525s
 13016  4053  110.00000   84  229  111.00000   99.00000  10.8%   313 2530s
 13043  4055  102.01259   56  168  111.00000   99.00000  10.8%   313 2535s
 13078  4071 infeasible   68       111.00000   99.00000  10.8%   313 2540s
 13111  4087  106.00000   74  181  111.00000   99.00000  10.8%   313 2545s
 13147  4106  102.00000   51  244  111.00000   99.00000  10.8%   313 2550s
 13172  4124  109.00000   76  235  111.00000   99.00000  10.8%   313 2555s
 13198  4133  105.00000   61  237  111.00000   99.00000  10.8%   313 2560s
 13232  4150  104.60963   59  206  111.00000   99.00000  10.8%   313 2565s
 13263  4166  101.00000   52  224  111.00000   99.00000  10.8%   313 2570s
 13285  4181  108.00000   74  256  111.00000   99.00000  10.8%   313 2575s
 13315  4195  100.00000   57  278  111.00000   99.00000  10.8%   313 2580s
 13331  4202  104.62651   66  200  111.00000   99.00000  10.8%   313 2585s
 13360  4216  107.50655   82  115  111.00000   99.00000  10.8%   314 2590s
 13386  4225  101.35723   57  230  111.00000   99.00000  10.8%   314 2595s
 13405  4238  109.00000   76  182  111.00000   99.00000  10.8%   314 2600s
 13424  4245  102.00000   58  186  111.00000   99.00000  10.8%   314 2605s
 13448  4254  100.11438   49  256  111.00000   99.00000  10.8%   314 2610s
 13461  4263  106.00000   62  249  111.00000   99.00000  10.8%   314 2615s
 13485  4273  103.00000   55  259  111.00000   99.00000  10.8%   314 2620s
 13506  4281  100.36371   48  230  111.00000   99.00000  10.8%   314 2625s
 13523  4291  109.00000   64  141  111.00000   99.00000  10.8%   315 2630s
 13547  4301  104.00000   57  242  111.00000   99.00000  10.8%   315 2635s
 13573  4312  100.00000   45  258  111.00000   99.00000  10.8%   315 2640s
 13595  4329  106.00000   67  222  111.00000   99.00000  10.8%   315 2645s
 13616  4339  100.00000   57  215  111.00000   99.00000  10.8%   315 2650s
 13636  4353  107.00000   77  225  111.00000   99.00000  10.8%   315 2655s
 13670  4370  103.00000   56  275  111.00000   99.00000  10.8%   315 2661s
 13681  4377  108.00000   67  241  111.00000   99.00000  10.8%   315 2665s
 13714  4392  101.41000   55  204  111.00000   99.00000  10.8%   315 2670s
 13757  4414  108.00000   79  164  111.00000   99.00000  10.8%   315 2675s
 13787  4427  106.20708   66  255  111.00000   99.00000  10.8%   315 2680s
 13816  4438  101.00000   50  236  111.00000   99.00000  10.8%   315 2685s
 13838  4454  107.00000   72  237  111.00000   99.00000  10.8%   315 2690s
 13866  4463  104.08556   58  196  111.00000   99.00000  10.8%   315 2695s
 13887  4473  107.00000   70  175  111.00000   99.00000  10.8%   316 2700s
 13914  4479  102.00000   49  283  111.00000   99.00000  10.8%   316 2705s
 13930  4490  107.00000   65  240  111.00000   99.00000  10.8%   316 2710s
 13959  4502   99.00000   45  263  111.00000   99.00000  10.8%   316 2715s
 13977  4515  104.00000   63  246  111.00000   99.00000  10.8%   316 2720s
 14017  4536  103.00000   60  195  111.00000   99.00000  10.8%   316 2725s
 14049  4553  102.04477   52  257  111.00000   99.00000  10.8%   316 2730s
 14074  4573  108.00000   77  241  111.00000   99.00000  10.8%   316 2735s
 14094  4580  103.00000   54  232  111.00000   99.00000  10.8%   316 2740s
 14127  4606  109.18236   74  173  111.00000   99.00000  10.8%   316 2745s
 14152  4616  108.00000   66  248  111.00000   99.00000  10.8%   316 2750s
 14170  4623  100.00000   53  252  111.00000   99.00000  10.8%   316 2755s
 14185  4632  105.49809   68  266  111.00000   99.00000  10.8%   316 2760s
 14208  4642  101.00000   56  224  111.00000   99.00000  10.8%   316 2765s
 14233  4656  104.00000   71  196  111.00000   99.00000  10.8%   316 2770s
 14261  4669  108.00000   86  128  111.00000   99.00000  10.8%   316 2775s
 14280  4669  105.50041   60  229  111.00000   99.00000  10.8%   316 2780s
 14299  4674  104.00000   59  239  111.00000   99.00000  10.8%   317 2785s
 14332  4691  101.00000   59  223  111.00000   99.00000  10.8%   317 2790s
 14370  4711   99.00000   52  273  111.00000   99.00000  10.8%   316 2795s
 14393  4728  105.51243   75  240  111.00000   99.00000  10.8%   317 2800s
 14417  4739  101.00000   50  236  111.00000   99.00000  10.8%   317 2805s
 14441  4754 infeasible   74       111.00000   99.00000  10.8%   317 2810s
 14466  4763  103.01452   63  220  111.00000   99.00000  10.8%   317 2815s
 14494  4777  100.00000   55  235  111.00000   99.00000  10.8%   317 2820s
 14523  4803  110.00000   84  168  111.00000   99.00000  10.8%   317 2825s
 14550  4817  105.00000   69  243  111.00000   99.00000  10.8%   317 2830s
 14570  4824  100.00000   49  222  111.00000   99.00000  10.8%   317 2835s
 14600  4847  107.00000   79  191  111.00000   99.00000  10.8%   317 2840s
 14630  4861  101.20485   60  222  111.00000   99.00000  10.8%   317 2845s
 14646  4871  107.05872   68  184  111.00000   99.00000  10.8%   317 2850s
 14661  4876  101.53556   52  242  111.00000   99.00000  10.8%   317 2855s
 14681  4887  104.00000   63  189  111.00000   99.00000  10.8%   318 2860s
 14710  4897  101.00000   52  231  111.00000   99.00000  10.8%   317 2865s
 14733  4912  108.49284   75  163  111.00000   99.00000  10.8%   318 2870s
 14761  4927  105.00000   68  216  111.00000   99.00000  10.8%   317 2875s
 14785  4935  102.00000   56  273  111.00000   99.00000  10.8%   318 2880s
 14800  4945  109.00000   71  222  111.00000   99.00000  10.8%   318 2885s
 14827  4956  106.08487   69  215  111.00000   99.00000  10.8%   318 2890s
 14858  4969  102.35763   47  188  111.00000   99.00000  10.8%   318 2895s
 14879  4985  108.00000   68  203  111.00000   99.00000  10.8%   318 2900s
 14910  4991  101.04564   49  236  111.00000   99.00000  10.8%   318 2905s
 14927  5005  105.00000   66  212  111.00000   99.00000  10.8%   318 2910s
 14947  5020  110.00000   86  201  111.00000   99.00000  10.8%   318 2915s
 14976  5039  107.03865   65  147  111.00000   99.00000  10.8%   318 2920s
 15007  5051  106.00000   64  257  111.00000   99.00000  10.8%   318 2925s
 15036  5060   99.00000   48  279  111.00000   99.00000  10.8%   318 2930s
 15047  5067  103.00000   59  230  111.00000   99.00000  10.8%   319 2935s
 15086  5089  110.00000   90  233  111.00000   99.00000  10.8%   318 2940s
 15106  5096  106.00000   66  245  111.00000   99.00000  10.8%   319 2945s
 15139  5117  106.00000   61  253  111.00000   99.00000  10.8%   318 2950s
 15174  5139  108.00000   78  192  111.00000   99.00000  10.8%   318 2955s
 15202  5146  101.34467   54  255  111.00000   99.00000  10.8%   318 2960s
 15217  5155  104.90968   59  235  111.00000   99.00000  10.8%   318 2965s
 15231  5162  108.00000   67  237  111.00000   99.00000  10.8%   319 2970s
 15258  5170  102.00000   58  231  111.00000   99.00000  10.8%   319 2975s
 15292  5186  102.06581   51  245  111.00000   99.00000  10.8%   319 2980s
 15311  5201  107.00000   70  236  111.00000   99.00000  10.8%   319 2985s
 15342  5217  110.00000   57  251  111.00000   99.00000  10.8%   319 2990s
 15380  5245  107.00000   65  249  111.00000   99.00000  10.8%   318 2995s
 15415  5269   99.00000   52  288  111.00000   99.00000  10.8%   318 3000s
 15437  5284  106.00000   74  244  111.00000   99.00000  10.8%   318 3005s
 15469  5301  101.07654   56  261  111.00000   99.00000  10.8%   318 3010s
 15502  5319  100.00000   51  230  111.00000   99.00000  10.8%   318 3015s
 15523  5329  105.00000   64  200  111.00000   99.00000  10.8%   319 3020s
 15549  5336  101.00000   55  257  111.00000   99.00000  10.8%   319 3025s
 15569  5348  108.00000   73  242  111.00000   99.00000  10.8%   319 3030s
 15597  5361  105.00000   65  212  111.00000   99.00000  10.8%   319 3035s
 15643  5380  107.12000   54  246  111.00000   99.00000  10.8%   319 3040s
 15653  5386  104.00000   60  195  111.00000   99.00000  10.8%   319 3045s
 15682  5399  107.00000   74  166  111.00000   99.00000  10.8%   319 3050s
 15707  5408  101.78348   63  209  111.00000   99.00000  10.8%   319 3055s
 15738  5426   99.00000   51  256  111.00000   99.00000  10.8%   319 3060s
 15758  5440  104.12184   71  200  111.00000   99.00000  10.8%   319 3065s
 15790  5455  101.00000   50  251  111.00000   99.00000  10.8%   319 3070s
 15804  5460  103.18730   55  208  111.00000   99.00000  10.8%   319 3075s
 15836  5475  110.00000   73  231  111.00000   99.00000  10.8%   319 3080s
 15863  5486  105.00000   74  200  111.00000   99.00000  10.8%   319 3085s
 15903  5511  103.00000   64  243  111.00000   99.00000  10.8%   319 3090s
 15935  5528  101.00000   61  238  111.00000   99.00000  10.8%   319 3095s
 15957  5542  109.00000   83  228  111.00000   99.00000  10.8%   319 3100s
 15986  5549  104.00000   59  249  111.00000   99.00000  10.8%   319 3105s
 16031  5576  101.60923   50  243  111.00000   99.00000  10.8%   319 3110s
 16059  5597  108.93562   78  221  111.00000   99.00000  10.8%   319 3115s
 16100  5618  107.00000   72  243  111.00000   99.00000  10.8%   319 3120s
 16134  5634  103.00000   55  246  111.00000   99.00000  10.8%   319 3125s
 16152  5643  106.04036   66  143  111.00000   99.00000  10.8%   319 3130s
 16183  5647  100.00000   43  268  111.00000   99.00000  10.8%   319 3135s
 16207  5664  106.23701   67  188  111.00000   99.00000  10.8%   319 3140s
 16244  5688  101.00000   50  218  111.00000   99.00000  10.8%   319 3145s
 16268  5706  107.00000   74  190  111.00000   99.00000  10.8%   319 3150s
 16293  5719  104.00000   52  230  111.00000   99.00000  10.8%   319 3155s
 16313  5731 infeasible   72       111.00000   99.00000  10.8%   319 3160s
 16329  5737  105.60400   61  213  111.00000   99.00000  10.8%   319 3165s
 16356  5748  101.00000   55  231  111.00000   99.00000  10.8%   319 3170s
 16384  5761  108.00000   69  195  111.00000   99.00000  10.8%   319 3175s
 16415  5775  104.00000   59  230  111.00000   99.00000  10.8%   320 3180s
 16444  5785  101.00000   54  234  111.00000   99.00000  10.8%   320 3185s
 16489  5811  101.00000   56  283  111.00000   99.00000  10.8%   320 3190s
 16518  5835  106.00000   85  208  111.00000   99.00000  10.8%   320 3195s
 16553  5854  103.68858   54  218  111.00000   99.00000  10.8%   319 3201s
 16577  5865  106.00000   56  213  111.00000   99.00000  10.8%   319 3205s
 16605  5880  101.00000   53  254  111.00000   99.00000  10.8%   320 3210s
 16626  5890  105.16346   64  199  111.00000   99.00000  10.8%   320 3215s
 16648  5902  107.00000   74  205  111.00000   99.00000  10.8%   320 3220s
 16684  5918  103.00000   69  230  111.00000   99.00000  10.8%   320 3225s
 16722  5940  100.00000   45  228  111.00000   99.00000  10.8%   320 3230s
 16749  5959  108.15753   72  212  111.00000   99.00000  10.8%   320 3235s
 16775  5972  103.05413   61  240  111.00000   99.00000  10.8%   320 3240s
 16818  5999  103.00000   57  244  111.00000   99.00000  10.8%   320 3245s
 16842  6016  110.00000   81  167  111.00000   99.00000  10.8%   320 3250s
 16863  6024  104.00000   69  261  111.00000   99.00000  10.8%   320 3255s
 16889  6037   99.65767   54  239  111.00000   99.00000  10.8%   320 3260s
 16906  6047  110.00000   71  267  111.00000   99.00000  10.8%   320 3265s
 16927  6051  101.00000   50  269  111.00000   99.00000  10.8%   320 3270s
 16949  6068  106.00000   59  229  111.00000   99.00000  10.8%   321 3275s
 16978  6080  106.00000   63  250  111.00000   99.00000  10.8%   321 3280s
 17011  6091  110.00000   74  196  111.00000   99.00000  10.8%   321 3285s
 17025  6095  105.00000   59  252  111.00000   99.00000  10.8%   321 3290s
 17051  6107   99.92264   50  252  111.00000   99.00000  10.8%   321 3295s
 17069  6120  105.00000   68  230  111.00000   99.00000  10.8%   321 3300s
 17096  6127   99.41288   50  221  111.00000   99.00000  10.8%   321 3305s
 17125  6154  109.00000   79  186  111.00000   99.00000  10.8%   321 3310s
 17144  6159  103.57329   53  204  111.00000   99.00000  10.8%   321 3316s
 17163  6168  104.24727   61  179  111.00000   99.00000  10.8%   321 3320s
 17206  6186  110.00000   87  171  111.00000   99.00000  10.8%   321 3325s
 17235  6202  105.00000   67  243  111.00000   99.00000  10.8%   321 3330s
 17279  6231  102.00000   53  266  111.00000   99.00000  10.8%   321 3336s
 17292  6239  107.00000   66  259  111.00000   99.00000  10.8%   321 3340s
 17321  6250  107.87778   64  187  111.00000   99.00000  10.8%   321 3345s
 17357  6265  107.00000   69  222  111.00000   99.00000  10.8%   321 3350s
 17391  6284  103.00000   63  238  111.00000   99.00000  10.8%   321 3355s
 17416  6292  102.00000   54  286  111.00000   99.00000  10.8%   321 3360s
 17441  6304  100.43826   54  222  111.00000   99.00000  10.8%   321 3365s
 17471  6315   99.00000   46  266  111.00000   99.00000  10.8%   321 3370s
 17480  6320  102.48816   55  247  111.00000   99.00000  10.8%   321 3375s
 17497  6332  107.02926   72  242  111.00000   99.00000  10.8%   321 3380s
 17524  6343  102.00000   53  254  111.00000   99.00000  10.8%   321 3385s
 17552  6364  109.00000   81  225  111.00000   99.00000  10.8%   321 3390s
 17574  6373  103.00000   59  249  111.00000   99.00000  10.8%   321 3395s
 17589  6384  107.00000   74  272  111.00000   99.00000  10.8%   322 3400s
 17620  6396  100.57407   57  241  111.00000   99.00000  10.8%   321 3405s
 17648  6412  107.01083   71  145  111.00000   99.00000  10.8%   322 3410s
 17683  6428  109.13946   89  129  111.00000   99.00000  10.8%   321 3415s
 17697  6433  110.00000   57  242  111.00000   99.00000  10.8%   321 3420s
 17722  6446  103.05335   60  211  111.00000   99.00000  10.8%   321 3425s
 17753  6462  101.00000   52  272  111.00000   99.00000  10.8%   322 3430s
 17775  6471  101.11321   54  202  111.00000   99.00000  10.8%   322 3435s
 17812  6492  102.00000   57  263  111.00000   99.00000  10.8%   322 3440s
 17844  6502 infeasible   51       111.00000   99.00000  10.8%   322 3445s
 17867  6517  108.22607   74  175  111.00000   99.00000  10.8%   322 3450s
 17887  6526  103.00000   58  229  111.00000   99.00000  10.8%   322 3455s
 17920  6539  100.00000   49  275  111.00000   99.00000  10.8%   322 3460s
 17941  6559  108.00000   70  204  111.00000   99.00000  10.8%   322 3465s
 17963  6566  101.00000   52  235  111.00000   99.00000  10.8%   322 3470s
 17986  6577  105.56124   65  205  111.00000   99.00000  10.8%   322 3475s
 18020  6585  100.89642   47  239  111.00000  100.00000  9.91%   322 3480s
 18045  6597  105.64169   59  203  111.00000  100.00000  9.91%   322 3485s
 18084  6611 infeasible   78       111.00000  100.00000  9.91%   322 3490s
 18102  6617  110.00000   63  219  111.00000  100.00000  9.91%   322 3495s
 18119  6624  106.00000   67  209  111.00000  100.00000  9.91%   323 3500s
 18143  6633  102.16493   60  187  111.00000  100.00000  9.91%   323 3505s
 18180  6655  100.00000   49  211  111.00000  100.00000  9.91%   322 3510s
 18204  6666  103.98842   60  175  111.00000  100.00000  9.91%   323 3515s
 18242  6691  102.00000   58  224  111.00000  100.00000  9.91%   322 3520s
 18269  6703  109.00000   62  171  111.00000  100.00000  9.91%   323 3525s
 18299  6719  107.86039   68  225  111.00000  100.00000  9.91%   323 3530s
 18335  6730  102.00000   60  160  111.00000  100.00000  9.91%   323 3535s
 18370  6747  106.00000   60  200  111.00000  100.00000  9.91%   323 3540s
 18391  6753 infeasible   72       111.00000  100.00000  9.91%   323 3545s
 18426  6771 infeasible   87       111.00000  100.00000  9.91%   323 3550s
 18448  6779  105.53165   58  118  111.00000  100.00000  9.91%   323 3555s
 18482  6793  105.00000   67  204  111.00000  100.00000  9.91%   323 3560s
 18517  6813  101.00000   45  287  111.00000  100.00000  9.91%   323 3565s
 18536  6819  101.59841   52  163  111.00000  100.00000  9.91%   323 3570s
 18565  6834  102.00000   59  187  111.00000  100.00000  9.91%   323 3575s
 18597  6850  104.19839   63  200  111.00000  100.00000  9.91%   323 3580s
 18626  6856  110.00000   81  117  111.00000  100.00000  9.91%   323 3585s
 18641  6862  104.19779   63  265  111.00000  100.00000  9.91%   323 3590s
 18665  6876  110.00000   83  233  111.00000  100.00000  9.91%   323 3595s

Cutting planes:
  Gomory: 2
  Cover: 1
  Implied bound: 4
  Clique: 7
  MIR: 16
  Flow cover: 88
  Inf proof: 4
  Zero half: 4
  Mod-K: 1

Explored 18680 nodes (6042314 simplex iterations) in 3600.01 seconds
Thread count was 1 (of 12 available processors)

Solution count 10: 111 114 123 ... 6099
Pool objective bound 100

Time limit reached
Best objective 1.110000000000e+02, best bound 1.000000000000e+02, gap 9.9099%
