
Gurobi 7.0.2 (win64) logging started 06/27/20 08:17:34

Read LP format model from file C:\George\Professor\Pesquisa\Orientacoes em Pos-graduacao\2019 MSC PPGCC Guilherme Figueroa\Fanjuls Solver\Results\I_50_15_S_1-99_4_MTZ_KB.lp
Reading time = 0.25 seconds
: 4130 rows, 39051 columns, 159515 nonzeros
Optimize a model with 4130 rows, 39051 columns and 159515 nonzeros
Variable types: 801 continuous, 38250 integer (38250 binary)
Coefficient statistics:
  Matrix range     [1e+00, 1e+02]
  Objective range  [1e+00, 1e+00]
  Bounds range     [1e+00, 1e+00]
  RHS range        [1e+00, 5e+01]
Presolve time: 0.31s
Presolved: 4130 rows, 39051 columns, 159515 nonzeros
Variable types: 50 continuous, 39001 integer (39000 binary)
Found heuristic solution: objective 4696.0000000
Found heuristic solution: objective 4660.0000000

Root relaxation: objective 4.466620e+01, 8835 iterations, 2.12 seconds

    Nodes    |    Current Node    |     Objective Bounds      |     Work
 Expl Unexpl |  Obj  Depth IntInf | Incumbent    BestBd   Gap | It/Node Time

     0     0   44.66620    0  276 4660.00000   44.66620  99.0%     -    2s
H    0     0                     348.0000000   44.66620  87.2%     -    6s
H    0     0                     121.0000000   44.66620  63.1%     -    8s
     0     0   45.12270    0  302  121.00000   45.12270  62.7%     -   13s
     0     0   45.12270    0  302  121.00000   45.12270  62.7%     -   13s
     0     0   46.00000    0  303  121.00000   46.00000  62.0%     -   19s
     0     0   46.00695    0  303  121.00000   46.00695  62.0%     -   20s
     0     0   46.26480    0  325  121.00000   46.26480  61.8%     -   21s
     0     0   46.26480    0  220  121.00000   46.26480  61.8%     -   34s
H    0     0                      93.0000000   46.26480  50.3%     -   34s
     0     0   46.26480    0  306   93.00000   46.26480  50.3%     -   36s
H    0     0                      67.0000000   46.26480  30.9%     -   40s
     0     0   46.26480    0  306   67.00000   46.26480  30.9%     -   40s
     0     0   47.00000    0  237   67.00000   47.00000  29.9%     -   42s
     0     2   47.00000    0  237   67.00000   47.00000  29.9%     -   50s
     5     5   47.00000    0  322   67.00000   47.00000  29.9%   149   55s
    15    12   48.00000    0  274   67.00000   48.00000  28.4%  49.7   60s
    25    18   49.00000    0  356   67.00000   49.00000  26.9%  29.8   65s
    31    22   49.00000    0  225   67.00000   49.00000  26.9%  24.1   70s
    37    26   49.00000    0  301   67.00000   49.00000  26.9%  20.2   75s
    41    30   49.00000    0  325   67.00000   49.00000  26.9%  1589   83s
    43    31   49.00000    0  155   67.00000   49.00000  26.9%  1515   85s
    50    36   49.00000    0  306   67.00000   49.00000  26.9%  1303   91s
    54    39   49.00000    0  250   67.00000   49.00000  26.9%  1207   95s
    59    42   49.00000    0  356   67.00000   49.00000  26.9%  1104  100s
    62    44   49.00000    0  335   67.00000   49.00000  26.9%  1051  107s
    65    47   49.08691   25  333   67.00000   49.00000  26.9%  1622  111s
    67    48   49.00000   26  336   67.00000   49.00000  26.9%  1579  115s
    76    49   49.04766   30  358   67.00000   49.00000  26.9%  1461  120s
    93    56   65.00000   39  308   67.00000   49.00000  26.9%  1259  125s
   120    71   59.00000   53  254   67.00000   49.00000  26.9%  1034  130s
   163    84   53.00000   76  217   67.00000   49.00000  26.9%   837  135s
   210   100   56.99370  100  190   67.00000   49.00000  26.9%   709  140s
   271   142   59.00000  132  144   67.00000   49.00000  26.9%   598  145s
   339   161   50.00000   40  300   67.00000   49.00000  26.9%   509  150s
   372   188   51.00000   56  235   67.00000   49.00000  26.9%   487  155s
   410   211   55.71537   76  188   67.00000   49.00000  26.9%   466  160s
   461   245   59.48238  103  161   67.00000   49.00000  26.9%   440  165s
   522   279   59.33170  136  150   67.00000   49.00000  26.9%   413  170s
   581   283   50.00000   34  272   67.00000   50.00000  25.4%   388  175s
   607   304   51.00000   48  236   67.00000   50.00000  25.4%   386  180s
   657   336   60.00000   74  224   67.00000   50.00000  25.4%   375  185s
   700   362   63.00000   97  168   67.00000   50.00000  25.4%   367  190s
   757   378   51.00000   56  266   67.00000   50.00000  25.4%   354  195s
   812   424   55.71229  101  179   67.00000   50.00000  25.4%   345  200s
   872   466   59.00000  137  155   67.00000   50.00000  25.4%   335  205s
   945   499   55.00000   42  231   67.00000   50.00000  25.4%   319  210s
   986   526   57.00000   63  245   67.00000   50.00000  25.4%   317  215s
  1056   554     cutoff  101        67.00000   50.00000  25.4%   309  220s
  1123   589   55.00000   74  178   67.00000   50.00000  25.4%   304  225s
  1180   616   54.00000   67  243   67.00000   50.00000  25.4%   301  230s
  1255   682   63.00000  142  259   67.00000   50.00000  25.4%   293  235s
  1319   726   52.86902   52  186   67.00000   50.00000  25.4%   285  240s
  1379   760   51.00000   44  268   67.00000   50.00000  25.4%   281  245s
  1451   814 infeasible  114        67.00000   50.00000  25.4%   275  250s
  1483   825   55.00000   57  228   67.00000   50.00000  25.4%   277  255s
  1543   856   65.00000   93  168   67.00000   50.00000  25.4%   274  260s
  1594   889   57.00000   83  216   67.00000   50.00000  25.4%   271  265s
  1642   924   59.00000   53  233   67.00000   50.00000  25.4%   269  270s
  1694   949   52.00000   44  262   67.00000   50.00000  25.4%   268  275s
  1749   995   61.00000   99  243   67.00000   50.00000  25.4%   267  280s
  1820  1049   52.00000   56  227   67.00000   50.00000  25.4%   262  285s
  1880  1092 infeasible  110        67.00000   50.00000  25.4%   259  290s
  1930  1124   57.77280   77  199   67.00000   50.00000  25.4%   258  295s
  1989  1165   51.00000   44  224   67.00000   50.00000  25.4%   255  300s
  2024  1192   57.00000   78  200   67.00000   50.00000  25.4%   256  305s
  2072  1222   56.00000   66  248   67.00000   50.00000  25.4%   256  310s
  2138  1268   55.00000   41  248   67.00000   50.00000  25.4%   254  315s
  2189  1297   65.00000   69  133   67.00000   50.00000  25.4%   253  320s
  2237  1309   53.00000   55  226   67.00000   50.00000  25.4%   252  325s
  2291  1341   51.00000   41  287   67.00000   50.00000  25.4%   252  330s
  2335  1376   60.00000   85  301   67.00000   50.00000  25.4%   253  335s
  2409  1440 infeasible  158        67.00000   50.00000  25.4%   250  340s
  2447  1456   52.41701   50  165   67.00000   50.00000  25.4%   251  345s
  2512  1501   58.00000   92  144   67.00000   50.00000  25.4%   250  350s
  2571  1529   56.00000   67  245   67.00000   50.00000  25.4%   250  355s
  2622  1560   54.00000   56  203   67.00000   50.00000  25.4%   251  360s
  2696  1612   52.00000   46  238   67.00000   50.00000  25.4%   249  365s
  2767  1664   59.00000   46  171   67.00000   50.00000  25.4%   247  370s
  2823  1711   62.00000   55  194   67.00000   50.00000  25.4%   246  375s
  2890  1768   59.00000   81  205   67.00000   50.00000  25.4%   244  380s
  2955  1816   54.23789   58  192   67.00000   50.00000  25.4%   242  385s
  3015  1857   52.00000   44  252   67.00000   50.00000  25.4%   241  390s
  3070  1883   50.00000   37  260   67.00000   50.00000  25.4%   241  395s
  3123  1924   61.41510   90  184   67.00000   50.00000  25.4%   241  400s
  3180  1961   64.00000   71  202   67.00000   50.00000  25.4%   241  405s
  3254  2014   53.00000   52  192   67.00000   50.00000  25.4%   239  410s
  3311  2049   59.00000   87  144   67.00000   50.00000  25.4%   238  415s
  3353  2072   56.00000   64  204   67.00000   50.00000  25.4%   239  420s
  3415  2117   56.00000   67  225   67.00000   50.00000  25.4%   238  425s
  3466  2159   65.00000  118  239   67.00000   50.00000  25.4%   237  430s
  3518  2189   58.35672   75  150   67.00000   50.00000  25.4%   237  435s
  3566  2217   58.48805   58  197   67.00000   50.00000  25.4%   237  440s
  3624  2252   52.00000   49  264   67.00000   50.00000  25.4%   236  445s
  3669  2277   58.55335   74  170   67.00000   50.00000  25.4%   237  450s
  3718  2300   51.00000   41  258   67.00000   50.00000  25.4%   237  455s
  3762  2336   63.29053   58  171   67.00000   50.00000  25.4%   238  460s
  3809  2357   55.00000   54  263   67.00000   50.00000  25.4%   238  465s
  3857  2389   52.00000   39  269   67.00000   50.00000  25.4%   238  470s
  3902  2426   60.00000   84  233   67.00000   50.00000  25.4%   238  475s
  3958  2468   62.00000   55  244   67.00000   50.00000  25.4%   237  480s
  4029  2527   55.00000   38  269   67.00000   50.00000  25.4%   235  485s
  4080  2559   50.20896   40  229   67.00000   50.00000  25.4%   235  490s
  4139  2597   57.36375   75  170   67.00000   50.00000  25.4%   235  495s
  4202  2627   51.04274   45  191   67.00000   50.00000  25.4%   234  500s
  4237  2651   65.45303   79  194   67.00000   50.00000  25.4%   235  505s
  4283  2681   66.00000   77  174   67.00000   50.00000  25.4%   235  510s
  4327  2711   66.00000   64  200   67.00000   50.00000  25.4%   235  515s
  4391  2757   50.00000   40  260   67.00000   50.00000  25.4%   234  520s
  4423  2780   59.00000   72  236   67.00000   50.00000  25.4%   235  525s
  4484  2834   66.00000  133  215   67.00000   50.00000  25.4%   234  530s
  4532  2864   63.00000   81  181   67.00000   50.00000  25.4%   234  535s
  4599  2915   53.38658   57  211   67.00000   50.00000  25.4%   233  540s
  4644  2952   65.00000   52  229   67.00000   50.00000  25.4%   232  545s
  4685  2982   53.00000   55  244   67.00000   50.00000  25.4%   233  550s
  4740  3017   65.00000   56  232   67.00000   50.00000  25.4%   233  555s
  4788  3049   54.00000   67  189   67.00000   50.00000  25.4%   233  560s
  4850  3084   64.42888  102  158   67.00000   50.00000  25.4%   233  565s
  4907  3127   62.00000   84  246   67.00000   50.00000  25.4%   232  570s
  4956  3164   59.00000   55  184   67.00000   50.00000  25.4%   232  575s
  5009  3186   53.00000   60  248   67.00000   50.00000  25.4%   232  580s
  5071  3236   65.00000  122  215   67.00000   50.00000  25.4%   231  585s
  5113  3259   58.00000   76  208   67.00000   50.00000  25.4%   231  590s
  5163  3288   58.00000   71  235   67.00000   50.00000  25.4%   232  595s
  5217  3322   53.00000   61  243   67.00000   50.00000  25.4%   232  600s
  5279  3362   52.00000   52  214   67.00000   50.00000  25.4%   231  605s
  5326  3400   61.05887   99  185   67.00000   50.00000  25.4%   231  610s
  5400  3461   62.00000   68  240   67.00000   50.00000  25.4%   230  615s
  5462  3505   55.18475   66  204   67.00000   50.00000  25.4%   230  620s
  5526  3549   51.67800   48  213   67.00000   50.00000  25.4%   229  625s
  5564  3580   66.00000   63  162   67.00000   50.00000  25.4%   230  630s
  5614  3598   65.00000   58  225   67.00000   50.00000  25.4%   229  635s
  5678  3644   63.00000   78  236   67.00000   50.00000  25.4%   229  640s
  5735  3688   62.00000   69  211   67.00000   50.00000  25.4%   228  645s
  5796  3738   50.00000   46  244   67.00000   50.00000  25.4%   227  650s
  5831  3765   58.00000   81  233   67.00000   50.00000  25.4%   228  655s
  5892  3809   62.00000   59  179   67.00000   50.00000  25.4%   227  660s
  5962  3864   51.36353   52  222   67.00000   50.00000  25.4%   226  665s
  6003  3896   61.00000   93  197   67.00000   50.00000  25.4%   226  670s
  6059  3930   57.00000   73  220   67.00000   50.00000  25.4%   226  675s
  6104  3959   50.00000   42  263   67.00000   50.00000  25.4%   226  680s
  6145  3991   59.00000   83  236   67.00000   50.00000  25.4%   226  685s
  6202  4028   52.10383   54  228   67.00000   50.00000  25.4%   226  690s
  6256  4075   63.00000  108  213   67.00000   50.00000  25.4%   226  695s
  6308  4114   62.00000   67  248   67.00000   50.00000  25.4%   225  700s
  6358  4150   64.00000   45  241   67.00000   50.00000  25.4%   225  705s
  6389  4180   64.00000   61  133   67.00000   50.00000  25.4%   225  710s
  6435  4191   51.40935   49  213   67.00000   50.00000  25.4%   225  715s
  6476  4214   56.21313   73  168   67.00000   50.00000  25.4%   226  720s
  6530  4245   62.00000   55  139   67.00000   50.00000  25.4%   226  725s
  6579  4269   54.00000   57  213   67.00000   50.00000  25.4%   226  730s
  6635  4307   59.00000   56  220   67.00000   50.00000  25.4%   225  735s
  6703  4359   60.00000   54  208   67.00000   50.00000  25.4%   225  740s
  6765  4401   52.00000   50  227   67.00000   50.00000  25.4%   224  745s
  6813  4438   65.20396   98  186   67.00000   50.00000  25.4%   224  750s
  6855  4465   56.00000   73  225   67.00000   50.00000  25.4%   224  755s
  6911  4510   66.00000  129  250   67.00000   50.00000  25.4%   224  760s
  6966  4559   64.00000   93  288   67.00000   50.00000  25.4%   224  765s
  7024  4603   62.00000   60  214   67.00000   50.00000  25.4%   223  770s
  7071  4628   55.00000   63  236   67.00000   50.00000  25.4%   223  775s
  7114  4662   65.00000  106  211   67.00000   50.00000  25.4%   223  780s
  7154  4688   55.00000   62  267   67.00000   50.00000  25.4%   223  785s
  7209  4731   65.40828  116  152   67.00000   50.00000  25.4%   223  790s
  7240  4752   59.00000   60  245   67.00000   50.00000  25.4%   222  795s
  7291  4785   63.47542   89  130   67.00000   50.00000  25.4%   222  800s
  7348  4820   52.00000   50  260   67.00000   50.00000  25.4%   222  805s
  7396  4856   64.00000   98  200   67.00000   50.00000  25.4%   222  810s
  7451  4892   58.55983   78  245   67.00000   50.00000  25.4%   222  815s
  7498  4920   53.00000   56  257   67.00000   50.00000  25.4%   222  820s
  7546  4958   62.77280  104  178   67.00000   50.00000  25.4%   222  825s
  7591  4988   64.00000   64  214   67.00000   50.00000  25.4%   222  830s
  7632  5017   54.00000   63  219   67.00000   50.00000  25.4%   223  835s
  7690  5052   64.00000   51  216   67.00000   50.00000  25.4%   223  840s
  7732  5089     cutoff   72        67.00000   50.00000  25.4%   223  845s
  7798  5132   52.00000   49  254   67.00000   50.00000  25.4%   223  850s
  7833  5160   59.00000   84  227   67.00000   50.00000  25.4%   223  855s
  7878  5188   59.00000   52  254   67.00000   50.00000  25.4%   223  860s
  7917  5226   65.00000   91  260   67.00000   50.00000  25.4%   223  865s
  7959  5250   52.11025   47  234   67.00000   50.00000  25.4%   223  870s
  8003  5278   55.00000   66  190   67.00000   50.00000  25.4%   223  875s
  8053  5305   58.00000   82  175   67.00000   50.00000  25.4%   223  880s
  8121  5331   65.00000   46  252   67.00000   50.00000  25.4%   223  885s
  8179  5388   66.00000  104  184   67.00000   50.00000  25.4%   222  890s
  8234  5430   65.00000   88  214   67.00000   50.00000  25.4%   222  895s
  8283  5461   60.00000   79  204   67.00000   50.00000  25.4%   222  900s
  8351  5510   62.00000   76  196   67.00000   50.00000  25.4%   222  905s
  8415  5561 infeasible   58        67.00000   50.00000  25.4%   221  910s
  8483  5595   51.06682   51  236   67.00000   50.00000  25.4%   221  915s
  8536  5640   61.00000  104  217   67.00000   50.00000  25.4%   221  920s
  8582  5664   58.00000   65  207   67.00000   50.00000  25.4%   222  925s
  8633  5692   60.00000   73  202   67.00000   50.00000  25.4%   222  930s
  8674  5715   56.00000   63  208   67.00000   50.00000  25.4%   222  935s
  8726  5749   54.00000   57  240   67.00000   50.00000  25.4%   222  940s
  8778  5780   55.00000   55  246   67.00000   50.00000  25.4%   222  945s
  8832  5815   60.00000   80  188   67.00000   50.00000  25.4%   222  950s
  8884  5840   56.00000   62  209   67.00000   50.00000  25.4%   222  955s
  8944  5880   59.00000   43  274   67.00000   50.00000  25.4%   222  960s
  8992  5918   62.00000   50  226   67.00000   50.00000  25.4%   222  965s
  9057  5970   50.85924   42  259   67.00000   50.00000  25.4%   222  970s
  9095  5994   56.00000   64  191   67.00000   50.00000  25.4%   222  975s
  9155  6017   52.05301   50  255   67.00000   50.00000  25.4%   222  980s
  9206  6056   66.00000  101  181   67.00000   50.00000  25.4%   223  985s
  9260  6088 infeasible   91        67.00000   50.00000  25.4%   223  990s
  9303  6115   66.00000   65  185   67.00000   50.00000  25.4%   223  995s
  9336  6121   51.00000   44  254   67.00000   50.00000  25.4%   223 1000s
  9364  6144   56.00000   72  238   67.00000   50.00000  25.4%   224 1005s
  9436  6193   51.03265   41  242   67.00000   50.00000  25.4%   223 1010s
  9488  6235   64.00000   93  255   67.00000   50.00000  25.4%   223 1015s
  9557  6287   65.00000   88  178   67.00000   50.00000  25.4%   223 1020s
  9603  6310   53.97098   65  199   67.00000   50.00000  25.4%   223 1025s
  9652  6337   61.80999   93  160   67.00000   50.00000  25.4%   223 1030s
  9705  6357   53.00000   52  256   67.00000   50.00000  25.4%   223 1035s
  9768  6410   63.00000  115  174   67.00000   50.00000  25.4%   223 1040s
  9825  6448   56.00000   75  217   67.00000   50.00000  25.4%   223 1045s
  9881  6487   59.00000   42  227   67.00000   50.00000  25.4%   222 1050s
  9931  6527   53.00000   47  258   67.00000   50.00000  25.4%   222 1055s
  9980  6565   64.60996   96  176   67.00000   50.00000  25.4%   222 1060s
 10034  6606   59.00000   80  226   67.00000   50.00000  25.4%   222 1065s
 10098  6653   50.00000   28  313   67.00000   50.00000  25.4%   221 1070s
 10124  6673   56.00000   54  239   67.00000   50.00000  25.4%   222 1075s
 10177  6705   53.00000   44  269   67.00000   50.00000  25.4%   222 1080s
 10203  6725   63.00000   95  325   67.00000   50.00000  25.4%   222 1156s
 10209  6729   56.00000   62  435   67.00000   50.00000  25.4%   222 1161s
 10213  6732   66.00000  124  315   67.00000   50.00000  25.4%   222 1167s
 10215  6733   56.00000   61  346   67.00000   50.00000  25.4%   222 1170s
 10219  6736   62.00000   96  336   67.00000   50.00000  25.4%   222 1175s
 10223  6738   63.00000   95  371   67.00000   50.00000  25.4%   222 1180s
 10227  6741   66.00000  149  354   67.00000   50.00000  25.4%   222 1185s
 10231  6744   66.00000   84  376   67.00000   50.00000  25.4%   221 1190s
 10235  6746   56.00000   61  387   67.00000   50.00000  25.4%   221 1195s
 10239  6749   62.00000   96  410   67.00000   50.00000  25.4%   221 1200s
 10243  6752   63.00000   95  425   67.00000   50.00000  25.4%   221 1205s
 10247  6754   66.00000  149  417   67.00000   50.00000  25.4%   221 1211s
 10251  6757   66.00000   84  409   67.00000   50.00000  25.4%   221 1216s
 10255  6760   56.00000   61  417   67.00000   50.00000  25.4%   221 1221s
 10259  6762   62.00000   96  444   67.00000   50.00000  25.4%   221 1226s
 10263  6765   63.00000   95  410   67.00000   50.00000  25.4%   221 1230s
 10267  6768   66.00000  149  506   67.00000   50.00652  25.4%   221 1235s
 10272  6771   52.00000   55  486   67.00000   50.01701  25.3%   221 1240s
 10277  6774   55.00000   61  482   67.00000   50.02852  25.3%   220 1246s
 10281  6777   58.00000   76  487   67.00000   50.03441  25.3%   220 1251s
 10285  6780   60.00000   90  483   67.00000   50.03651  25.3%   220 1256s
 10289  6782   56.00000   62  483   67.00000   50.04069  25.3%   220 1260s
 10293  6785   66.00000  124  470   67.00000   50.04154  25.3%   220 1265s
 10297  6788   55.00000   61  471   67.00000   50.04366  25.3%   220 1270s
 10303  6792   63.00000   95  467   67.00000   50.04529  25.3%   220 1277s
 10307  6794   66.00000  149  461   67.00000   50.04688  25.3%   220 1282s
 10311  6797   66.00000   84  468   67.00000   50.04739  25.3%   220 1286s
 10315  6800   56.00000   61  468   67.00000   50.04785  25.3%   220 1290s
 10320  6803   59.00000   82  474   67.00000   50.04952  25.3%   220 1295s
 10325  6806   60.00000   90  485   67.00000   50.05363  25.3%   219 1301s
 10329  6809   56.00000   62  463   67.00000   50.05516  25.3%   219 1305s
 10333  6812   66.00000  124  463   67.00000   50.05997  25.3%   219 1310s
 10339  6816   62.00000   96  448   67.00000   50.06807  25.3%   219 1316s
 10343  6818   63.00000   95  463   67.00000   50.06964  25.3%   219 1321s
 10347  6821   66.00000  149  470   67.00000   50.07125  25.3%   219 1325s
 10351  6824   66.00000   84  464   67.00000   50.07295  25.3%   219 1330s
 10355  6826   56.00000   61  455   67.00000   50.07655  25.3%   219 1335s
 10360  6830   59.00000   82  465   67.00000   50.07825  25.3%   219 1351s
 10361  6830   58.00000   76  220   67.00000   51.00000  23.9%   219 1356s
 10364  6834   51.00000   36  215   67.00000   51.00000  23.9%   222 1365s
 10365  6835   51.00000   36  262   67.00000   51.00000  23.9%   222 1370s
 10367  6836   66.00000   37  234   67.00000   51.00000  23.9%   222 1377s
 10368  6837   51.00000   38  211   67.00000   51.00000  23.9%   222 1381s
 10369  6838   66.00000   38  271   67.00000   51.00000  23.9%   222 1385s
 10370  6838   51.00000   39  263   67.00000   51.00000  23.9%   222 1390s
 10372  6840   51.00000   40  281   67.00000   51.00000  23.9%   222 1400s
 10374  6841   51.00000   41  278   67.00000   51.00000  23.9%   222 1407s
 10375  6842   51.00000   41  311   67.00000   51.00000  23.9%   222 1414s
 10376  6842   51.00000   42  275   67.00000   51.00000  23.9%   222 1417s
 10378  6844   51.00000   43  262   67.00000   51.00000  23.9%   222 1420s
 10381  6846   51.00000   44  286   67.00000   51.00000  23.9%   222 1426s
 10384  6848   51.00000   46  288   67.00000   51.00000  23.9%   222 1431s
 10387  6849   51.00000   47  282   67.00000   51.00000  23.9%   222 1436s
 10391  6851   64.00000   49  208   67.00000   51.00000  23.9%   222 1440s
 10400  6854   52.00000   54  228   67.00000   51.00000  23.9%   222 1445s
 10414  6862   52.20402   61  176   67.00000   51.00000  23.9%   222 1450s
 10437  6873   54.00000   74  182   67.00000   51.00000  23.9%   222 1455s
 10470  6882   58.08950   91  164   67.00000   51.00000  23.9%   222 1460s
 10514  6891   57.00000  114  178   67.00000   51.00000  23.9%   222 1465s
 10574  6885 infeasible  145        67.00000   51.00000  23.9%   222 1470s
 10618  6881   51.00000   41  284   67.00000   51.00000  23.9%   222 1475s
 10637  6889   51.00000   51  265   67.00000   51.00000  23.9%   222 1480s
 10665  6899   54.01090   65  218   67.00000   51.00000  23.9%   222 1485s
 10694  6906   53.00000   80  192   67.00000   51.00000  23.9%   222 1490s
 10724  6914   55.69794   95  136   67.00000   51.00000  23.9%   222 1495s
 10762  6923   63.25186  116  145   67.00000   51.00000  23.9%   222 1500s
 10819  6907   52.00000   56  207   67.00000   51.00000  23.9%   222 1505s
 10851  6913   56.00000   74  200   67.00000   51.00000  23.9%   222 1510s
 10916  6918     cutoff  108        67.00000   51.00000  23.9%   222 1515s
 10966  6916   53.00000   60  221   67.00000   51.00000  23.9%   222 1520s
 10990  6922   56.00000   75  231   67.00000   51.00000  23.9%   222 1525s
 11037  6928   63.38531  104  161   67.00000   51.00000  23.9%   222 1530s
 11079  6934   51.00000   60  269   67.00000   51.00000  23.9%   222 1535s
 11103  6947   51.67939   73  225   67.00000   51.00000  23.9%   222 1540s
 11131  6962   52.00000   95  236   67.00000   51.00000  23.9%   222 1545s
 11180  6981   57.03462  131  163   67.00000   51.00000  23.9%   222 1550s
 11233  6998   59.10790  171  145   67.00000   51.00000  23.9%   221 1555s
 11294  6996   51.00000   45  299   67.00000   51.00000  23.9%   221 1560s
 11321  7014   51.00000   67  257   67.00000   51.00000  23.9%   221 1565s
 11351  7030   53.00000   87  217   67.00000   51.00000  23.9%   221 1570s
 11392  7054   62.00000  110  163   67.00000   51.00000  23.9%   221 1575s
 11457  7066   51.00000   40  274   67.00000   51.00000  23.9%   220 1580s
 11493  7087   54.00000   76  261   67.00000   51.00000  23.9%   220 1585s
 11536  7110   60.00000  119  248   67.00000   51.00000  23.9%   220 1590s
 11587  7140   64.00000  170  232   67.00000   51.00000  23.9%   219 1595s
 11646  7161   51.00000   48  272   67.00000   51.00000  23.9%   219 1600s
 11672  7178   51.00000   74  275   67.00000   51.00000  23.9%   219 1605s
 11696  7190   55.00000   98  225   67.00000   51.00000  23.9%   219 1610s
 11761  7226   51.00000   46  321   67.00000   51.00000  23.9%   218 1615s
 11796  7231   52.00000   55  277   67.00000   51.00000  23.9%   218 1620s
 11827  7248   56.00000   86  251   67.00000   51.00000  23.9%   218 1625s
 11873  7261   62.00000   68  199   67.00000   51.00000  23.9%   218 1630s
 11949  7290   51.00000   71  264   67.00000   51.00000  23.9%   217 1635s
 11998  7313   61.00000  120  207   67.00000   51.00000  23.9%   217 1640s
 12063  7335   58.00000   79  176   67.00000   51.00000  23.9%   217 1645s
 12112  7345   64.00000   91  215   67.00000   51.00000  23.9%   217 1650s
 12179  7386   65.00000  157  220   67.00000   51.00000  23.9%   216 1655s
 12225  7401   58.00000  105  172   67.00000   51.00000  23.9%   216 1660s
 12266  7403   59.00000   89  226   67.00000   51.00000  23.9%   216 1665s
 12335  7433   66.00000   75  187   67.00000   51.00000  23.9%   215 1670s
 12384  7454   56.00000   90  224   67.00000   51.00000  23.9%   215 1675s
 12453  7480   64.00000   77  203   67.00000   51.00000  23.9%   215 1680s
 12496  7488   58.57024  101  155   67.00000   51.00000  23.9%   215 1685s
 12554  7499   61.24988  131  130   67.00000   51.00000  23.9%   215 1690s
 12623  7494   62.00000  167  177   67.00000   51.00000  23.9%   215 1695s
 12672  7498   59.00000   89  204   67.00000   51.00000  23.9%   214 1700s
 12739  7529   64.00000  113  233   67.00000   51.00000  23.9%   214 1705s
 12803  7546   56.00000   78  228   67.00000   51.00000  23.9%   214 1710s
 12878  7577   52.52775   73  232   67.00000   51.00000  23.9%   213 1715s
 12948  7600   54.00000   78  209   67.00000   51.00000  23.9%   213 1720s
 13008  7620   58.00000   70  231   67.00000   51.00000  23.9%   213 1725s
 13060  7628   53.00000   54  257   67.00000   51.00000  23.9%   213 1730s
 13120  7659   61.33079  114  195   67.00000   51.00000  23.9%   213 1735s
 13182  7678   57.00000   77  242   67.00000   51.00000  23.9%   213 1740s
 13259  7726   66.00000  154  214   67.00000   51.00000  23.9%   212 1745s
 13308  7738   66.00000  104  193   67.00000   51.00000  23.9%   212 1750s
 13361  7752   66.00000  110  176   67.00000   51.00000  23.9%   212 1755s
 13419  7757   64.00000  106  196   67.00000   51.00000  23.9%   212 1760s
 13474  7776   61.00000   91  193   67.00000   51.00000  23.9%   212 1765s
 13553  7805   60.00000  106  154   67.00000   51.00000  23.9%   212 1770s
 13634  7818   60.43439  106  157   67.00000   51.00000  23.9%   212 1775s
 13708  7853   64.00000  102  245   67.00000   51.00000  23.9%   211 1780s
 13781  7887   52.63144   61  242   67.00000   51.00000  23.9%   211 1785s
 13829  7911   64.00000  109  241   67.00000   51.00000  23.9%   211 1790s
 13900  7943   62.00000  108  232   67.00000   51.00000  23.9%   211 1795s
 13944  7950   59.00000   58  236   67.00000   51.00000  23.9%   210 1800s
 13994  7968   63.50930   84  123   67.00000   51.00000  23.9%   210 1805s
 14037  7974   62.00000   63  303   67.00000   51.00000  23.9%   210 1810s
 14085  7999   63.16124   85  143   67.00000   51.00000  23.9%   211 1815s
 14145  8020   61.00000  104  205   67.00000   51.00000  23.9%   211 1820s
 14214  8044   62.00000   75  261   67.00000   51.00000  23.9%   210 1825s
 14283  8076   51.00000   55  268   67.00000   51.00000  23.9%   210 1830s
 14323  8099   57.00000   95  270   67.00000   51.00000  23.9%   210 1835s
 14370  8127   65.00000  142  271   67.00000   51.00000  23.9%   210 1840s
 14418  8143   55.00000   71  230   67.00000   51.00000  23.9%   210 1845s
 14484  8168   51.00000   47  293   67.00000   51.00000  23.9%   209 1850s
 14512  8178   52.00547   66  274   67.00000   51.00000  23.9%   210 1855s
 14544  8190   55.00000   86  285   67.00000   51.00000  23.9%   210 1860s
 14579  8205   57.00000  111  263   67.00000   51.00000  23.9%   210 1865s
 14632  8218   63.92819  143  160   67.00000   51.00000  23.9%   210 1870s
 14701  8235   53.03351   64  239   67.00000   51.00000  23.9%   210 1875s
 14760  8269   59.00000  123  270   67.00000   51.00000  23.9%   210 1880s
 14833  8298   51.00000   47  289   67.00000   51.00000  23.9%   209 1885s
 14866  8316   61.00000   80  214   67.00000   51.00000  23.9%   209 1890s
 14903  8326   52.00000   61  297   67.00000   51.00000  23.9%   209 1895s
 14939  8346   56.00000   97  231   67.00000   51.00000  23.9%   209 1900s
 14979  8360   52.00000   56  289   67.00000   51.00000  23.9%   209 1905s
 15005  8373   56.00000   82  241   67.00000   51.00000  23.9%   209 1910s
 15044  8395   60.00000  121  254   67.00000   51.00000  23.9%   209 1915s
 15085  8418   65.00000  162  198   67.00000   51.00000  23.9%   209 1920s
 15144  8446   62.00000   94  230   67.00000   51.00000  23.9%   209 1925s
 15198  8469   57.11417   76  237   67.00000   51.00000  23.9%   209 1930s
 15266  8496   51.00000   51  273   67.00000   51.00000  23.9%   208 1935s
 15303  8517   55.00000   88  238   67.00000   51.00000  23.9%   208 1940s
 15368  8552   66.00000  153  137   67.00000   51.00000  23.9%   208 1945s
 15414  8560   64.00000   60  192   67.00000   51.00000  23.9%   208 1950s
 15466  8573   64.00000   68  193   67.00000   51.00000  23.9%   208 1955s
 15522  8593   64.00000   74  253   67.00000   51.00000  23.9%   208 1960s
 15575  8610   52.00000   58  256   67.00000   51.00000  23.9%   208 1965s
 15614  8619   56.00000   80  189   67.00000   51.00000  23.9%   208 1970s
 15693  8636   52.02567   55  231   67.00000   51.00000  23.9%   208 1975s
 15751  8668   60.00000  113  285   67.00000   51.00000  23.9%   208 1980s
 15807  8699   66.00000  169  266   67.00000   51.00000  23.9%   208 1985s
 15866  8716 infeasible   87        67.00000   51.00000  23.9%   207 1990s
 15908  8733   54.00000   83  255   67.00000   51.00000  23.9%   207 1995s
 15978  8768   65.07674  153  177   67.00000   51.00000  23.9%   207 2000s
 16011  8774   56.50985   76  221   67.00000   51.00000  23.9%   207 2005s
 16067  8786   54.00000   66  264   67.00000   51.00000  23.9%   207 2010s
 16108  8809   59.00000  107  234   67.00000   51.00000  23.9%   207 2015s
 16179  8839   52.00000   70  275   67.00000   51.00000  23.9%   206 2020s
 16242  8868   51.00000   50  255   67.00000   51.00000  23.9%   206 2025s
 16286  8892   56.00000   94  233   67.00000   51.00000  23.9%   206 2030s
 16355  8929   66.00000  163  164   67.00000   51.00000  23.9%   206 2035s
 16403  8942   60.00000   89  235   67.00000   51.00000  23.9%   206 2040s
 16477  8977   53.00000   56  263   67.00000   51.00000  23.9%   205 2045s
 16535  9011   57.00000  114  179   67.00000   51.00000  23.9%   205 2050s
 16606  9041   54.56504   60  233   67.00000   51.00000  23.9%   205 2055s
 16645  9051   64.00000   81  185   67.00000   51.00000  23.9%   205 2060s
 16686  9056   54.26642   74  226   67.00000   51.00000  23.9%   205 2065s
 16723  9069   58.81644   98  180   67.00000   51.00000  23.9%   206 2070s
 16788  9079   52.00000   59  226   67.00000   51.00000  23.9%   205 2075s
 16850  9109 infeasible  121        67.00000   51.00000  23.9%   205 2080s
 16922  9145   62.00000  119  167   67.00000   51.00000  23.9%   205 2085s
 16979  9165   59.00000   94  205   67.00000   51.00000  23.9%   205 2090s
 17037  9188   56.00000   79  254   67.00000   51.00000  23.9%   205 2095s
 17095  9221   63.00000  137  253   67.00000   51.00000  23.9%   205 2100s
 17146  9238   59.00000   76  226   67.00000   51.00000  23.9%   205 2105s
 17214  9276   65.15375  144  193   67.00000   51.00000  23.9%   204 2110s
 17278  9303   57.00000  113  163   67.00000   51.00000  23.9%   204 2115s
 17341  9325   55.00000   75  265   67.00000   51.00000  23.9%   204 2120s
 17388  9351   59.03199  122  192   67.00000   51.00000  23.9%   204 2125s
 17443  9373   54.00000   77  196   67.00000   51.00000  23.9%   204 2130s
 17516  9402   64.00000   63  222   67.00000   51.00000  23.9%   203 2135s
 17588  9445 infeasible  135        67.00000   51.00000  23.9%   203 2140s
 17624  9453   53.02143   72  183   67.00000   51.00000  23.9%   203 2145s
 17667  9466   55.00000   95  201   67.00000   51.00000  23.9%   203 2150s
 17744  9472   64.00000  138  130   67.00000   51.00000  23.9%   203 2155s
 17780  9478   53.00000   65  261   67.00000   51.00000  23.9%   203 2160s
 17839  9505   62.00000  112  182   67.00000   51.00000  23.9%   203 2165s
 17894  9508     cutoff  146        67.00000   51.00000  23.9%   203 2170s
 17933  9527   64.00000   80  201   67.00000   51.00000  23.9%   203 2175s
 17968  9531   53.00000   72  272   67.00000   51.00000  23.9%   203 2180s
 18009  9553   58.00000  113  225   67.00000   51.00000  23.9%   203 2185s
 18082  9579   52.00000   66  259   67.00000   51.00000  23.9%   202 2190s
 18138  9611   57.00000  122  207   67.00000   51.00000  23.9%   202 2195s
 18193  9630   53.00000   71  239   67.00000   51.00000  23.9%   202 2200s
 18250  9663   58.00000  128  222   67.00000   51.00000  23.9%   202 2205s
 18300  9679   53.11070   79  275   67.00000   51.00000  23.9%   202 2210s
 18351  9710   57.00000  130  246   67.00000   51.00000  23.9%   202 2215s
 18420  9751   65.00000  199  182   67.00000   51.00000  23.9%   201 2220s
 18463  9767   56.00000   87  237   67.00000   51.00000  23.9%   201 2225s
 18519  9800   60.00000  143  242   67.00000   51.00000  23.9%   201 2230s
 18587  9841   64.00000  211  246   67.00000   51.00000  23.9%   201 2235s
 18632  9857   58.00000   65  213   67.00000   51.00000  23.9%   201 2240s
 18699  9899   61.00000  132  252   67.00000   51.00000  23.9%   200 2245s
 18747  9915   60.00000   80  243   67.00000   51.00000  23.9%   200 2250s
 18809  9952   63.25733  142  218   67.00000   51.00000  23.9%   200 2255s
 18865  9973   56.00000   77  261   67.00000   51.00000  23.9%   200 2260s
 18925 10005   66.00000  137  203   67.00000   51.00000  23.9%   200 2265s
 18972 10018   54.00000   91  231   67.00000   51.00000  23.9%   200 2270s
 19025 10032   61.28142  123  119   67.00000   51.00000  23.9%   200 2275s
 19064 10037   54.00000   78  258   67.00000   51.00000  23.9%   200 2280s
 19108 10063   58.00000  122  206   67.00000   51.00000  23.9%   200 2285s
 19149 10076   55.00000   79  240   67.00000   51.00000  23.9%   200 2290s
 19199 10100   64.21344  129  167   67.00000   51.00000  23.9%   200 2295s
 19241 10111   55.00000   74  259   67.00000   51.00000  23.9%   200 2300s
 19286 10137   58.02671  119  253   67.00000   51.00000  23.9%   200 2305s
 19359 10182   64.00000  192  238   67.00000   51.00000  23.9%   199 2310s
 19434 10215   62.00000   77  199   67.00000   51.00000  23.9%   199 2315s
 19498 10245   64.00000   72  235   67.00000   51.00000  23.9%   199 2320s
 19564 10289   64.00000  138  177   67.00000   51.00000  23.9%   198 2325s
 19608 10299   55.00000   62  256   67.00000   51.00000  23.9%   198 2330s
 19656 10328   58.00000  110  213   67.00000   51.00000  23.9%   198 2335s
 19735 10377   64.00000  189  157   67.00000   51.00000  23.9%   198 2340s
 19775 10381   53.87293   65  212   67.00000   51.00000  23.9%   198 2345s
 19810 10389   59.00000   85  134   67.00000   51.00000  23.9%   198 2350s
 19849 10390   54.00000   67  235   67.00000   51.00000  23.9%   198 2355s
 19891 10413   61.00000  109  201   67.00000   51.00000  23.9%   198 2360s
 19945 10432   53.00000   60  289   67.00000   51.00000  23.9%   198 2365s
 19977 10448   60.00000   92  216   67.00000   51.00000  23.9%   198 2370s
 20022 10462   52.00000   60  259   67.00000   51.00000  23.9%   198 2375s
 20065 10485   59.00000  103  231   67.00000   51.00000  23.9%   198 2380s
 20126 10506   52.28831   60  268   67.00000   51.00000  23.9%   198 2385s
 20157 10517   54.00000   70  279   67.00000   51.00000  23.9%   198 2390s
 20194 10528   56.27556   88  186   67.00000   51.00000  23.9%   198 2395s
 20227 10534   59.00000  100  205   67.00000   51.00000  23.9%   198 2400s
 20279 10549   62.27109  135  159   67.00000   51.00000  23.9%   198 2405s
 20325 10539   51.03503   50  243   67.00000   51.00000  23.9%   198 2410s
 20356 10556   56.00000   81  255   67.00000   51.00000  23.9%   198 2415s
 20404 10583   61.00000  129  230   67.00000   51.00000  23.9%   198 2420s
 20446 10601   53.01662   75  208   67.00000   51.00000  23.9%   198 2425s
 20487 10623   60.00000  116  206   67.00000   51.00000  23.9%   198 2430s
 20539 10637   53.00000   65  260   67.00000   51.00000  23.9%   198 2435s
 20582 10660   58.00000  108  205   67.00000   51.00000  23.9%   198 2440s
 20640 10685   53.00000   70  263   67.00000   51.00000  23.9%   198 2445s
 20676 10705   57.00000  106  241   67.00000   51.00000  23.9%   198 2450s
 20735 10728     cutoff  159        67.00000   51.00000  23.9%   198 2455s
 20763 10740   53.16447   61  197   67.00000   51.00000  23.9%   198 2460s
 20798 10755   66.00000   73  185   67.00000   51.00000  23.9%   198 2465s
 20837 10761   64.00000   89  210   67.00000   51.00000  23.9%   198 2470s
 20889 10780   55.00000   69  232   67.00000   51.00000  23.9%   198 2475s
 20937 10802   64.00000  116  242   67.00000   51.00000  23.9%   198 2480s
 20983 10820   54.00000   75  241   67.00000   51.00000  23.9%   198 2485s
 21044 10858   62.00000  136  196   67.00000   51.00000  23.9%   197 2490s
 21105 10879   55.17920   73  228   67.00000   51.00000  23.9%   197 2495s
 21151 10906   60.00000  119  205   67.00000   51.00000  23.9%   197 2500s
 21223 10937   52.00000   64  270   67.00000   51.00000  23.9%   197 2505s
 21259 10956   56.39418  100  232   67.00000   51.00000  23.9%   197 2510s
 21311 10984   63.00000  152  234   67.00000   51.00000  23.9%   197 2515s
 21364 11002   52.00000   63  267   67.00000   51.00000  23.9%   197 2520s
 21412 11023   60.00000  101  144   67.00000   51.00000  23.9%   197 2525s
 21491 11051   62.71082  146  125   67.00000   51.00000  23.9%   197 2530s
 21539 11055   55.00000   82  221   67.00000   51.00000  23.9%   197 2535s
 21602 11091   61.00000  145  206   67.00000   51.00000  23.9%   196 2540s
 21684 11131   65.00000   76  236   67.00000   51.00000  23.9%   196 2545s
 21765 11183   65.00000  156  220   67.00000   51.00000  23.9%   196 2550s
 21818 11205   56.00000   84  241   67.00000   51.00000  23.9%   196 2555s
 21878 11237   62.00000  143  236   67.00000   51.00000  23.9%   196 2560s
 21950 11264   53.00000   58  272   67.00000   51.00000  23.9%   195 2565s
 21981 11275   54.00000   74  241   67.00000   51.00000  23.9%   195 2570s
 22025 11282   60.69028   97  177   67.00000   51.00000  23.9%   196 2575s
 22070 11286   51.60601   54  254   67.00000   51.00000  23.9%   196 2580s
 22103 11304   56.00000   87  273   67.00000   51.00000  23.9%   196 2585s
 22160 11337   62.00000  144  184   67.00000   51.00000  23.9%   196 2590s
 22222 11363   54.00000   63  271   67.00000   51.00000  23.9%   195 2595s
 22268 11389   58.00000  109  234   67.00000   51.00000  23.9%   195 2600s
 22345 11434   65.59619  186  178   67.00000   51.00000  23.9%   195 2605s
 22384 11442   65.00000   68  184   67.00000   51.00000  23.9%   195 2610s
 22434 11446   54.00000   73  239   67.00000   51.00000  23.9%   195 2615s
 22489 11475   63.00000  128  211   67.00000   51.00000  23.9%   195 2620s
 22545 11494   60.00000  101  212   67.00000   51.00000  23.9%   195 2625s
 22610 11520   55.00000   57  271   67.00000   51.00000  23.9%   195 2630s
 22700 11574   62.00000  147  190   67.00000   51.00000  23.9%   195 2635s
 22776 11598   55.00000   75  240   67.00000   51.00000  23.9%   194 2640s
 22834 11620   62.00653  114  121   67.00000   51.00000  23.9%   194 2645s
 22900 11630   54.00000   73  265   67.00000   51.00000  23.9%   194 2650s
 22972 11673   59.00000  145  221   67.00000   51.00000  23.9%   194 2655s
 23046 11699   55.00000   74  265   67.00000   51.00000  23.9%   194 2660s
 23098 11730   59.00000  126  244   67.00000   51.00000  23.9%   194 2665s
 23189 11781   65.00000  216  231   67.00000   51.00000  23.9%   193 2670s
 23255 11807   58.00000   94  235   67.00000   51.00000  23.9%   193 2675s
 23338 11846   51.40971   58  240   67.00000   51.00000  23.9%   193 2680s
 23404 11882   61.46754  124  189   67.00000   51.00000  23.9%   193 2685s
 23461 11903   60.00000   77  247   67.00000   51.00000  23.9%   193 2690s
 23523 11927   54.00000   65  212   67.00000   51.00000  23.9%   193 2695s
 23586 11963   60.00000  128  260   67.00000   51.00000  23.9%   193 2700s
 23642 11984   53.00000   69  269   67.00000   51.00000  23.9%   193 2705s
 23700 12018   58.00000  127  224   67.00000   51.00000  23.9%   193 2710s
 23785 12056   55.00000   84  233   67.00000   51.00000  23.9%   193 2715s
 23850 12083   60.00000   69  215   67.00000   51.00000  23.9%   193 2720s
 23890 12085   52.00000   67  241   67.00000   51.00000  23.9%   193 2725s
 23953 12119   59.00000  130  211   67.00000   51.00000  23.9%   193 2730s
 23995 12130   62.00000   80  169   67.00000   51.00000  23.9%   193 2735s
 24051 12148   55.26071   75  228   67.00000   51.00000  23.9%   193 2740s
 24121 12184 infeasible  144        67.00000   51.00000  23.9%   193 2745s
 24177 12212   66.00000  106  190   67.00000   51.00000  23.9%   193 2750s
 24252 12247   56.00000   82  212   67.00000   51.00000  23.9%   193 2755s
 24354 12295   53.00000   65  238   67.00000   51.00000  23.9%   192 2760s
 24401 12318   61.00000  112  205   67.00000   51.00000  23.9%   192 2765s
 24456 12336   53.00000   82  270   67.00000   51.00000  23.9%   192 2770s
 24525 12377   58.00000  151  222   67.00000   51.00000  23.9%   192 2775s
 24623 12426   66.00000   83  186   67.00000   51.00000  23.9%   192 2780s
 24665 12439   56.00000  109  235   67.00000   51.00000  23.9%   192 2785s
 24750 12475   58.00000   69  186   67.00000   51.00000  23.9%   192 2790s
 24845 12512   62.00000  115  185   67.00000   51.00000  23.9%   192 2795s
 24898 12526   53.00000   85  274   67.00000   51.00000  23.9%   192 2800s
 24942 12545   56.59946  116  192   67.00000   51.00000  23.9%   192 2805s
 24991 12559   61.08434  146  185   67.00000   51.00000  23.9%   192 2810s
 25052 12560   63.00000   80  227   67.00000   51.00000  23.9%   192 2815s
 25106 12578   53.00000   71  270   67.00000   51.00000  23.9%   191 2820s
 25166 12613   58.00000  131  279   67.00000   51.00000  23.9%   191 2825s
 25217 12635   65.94706  176  220   67.00000   51.00000  23.9%   191 2830s
 25256 12651   56.00000  104  260   67.00000   51.00000  23.9%   191 2835s
 25303 12666   53.00000   81  236   67.00000   51.00000  23.9%   191 2840s
 25368 12700   60.78144  145  227   67.00000   51.00000  23.9%   191 2845s
 25413 12711   55.55506   85  203   67.00000   51.00000  23.9%   191 2850s
 25477 12738   54.00000   89  292   67.00000   51.00000  23.9%   191 2855s
 25518 12759   59.00000  130  200   67.00000   51.00000  23.9%   191 2860s
 25581 12784   59.00000   88  234   67.00000   51.00000  23.9%   191 2865s
 25667 12824   51.00000   72  272   67.00000   51.00000  23.9%   191 2870s
 25695 12831   54.00000   88  234   67.00000   51.00000  23.9%   191 2875s
 25724 12834   57.83896  104  180   67.00000   51.00000  23.9%   191 2880s
 25786 12831   51.00000   72  275   67.00000   51.00000  23.9%   191 2885s
 25817 12843   58.00000  103  261   67.00000   51.00000  23.9%   192 2890s
 25904 12896   63.00000  190  219   67.00000   51.00000  23.9%   191 2895s
 25949 12905   54.06092   83  194   67.00000   51.00000  23.9%   191 2900s
 26028 12933   64.00000  143  115   67.00000   51.00000  23.9%   191 2905s
 26079 12951   64.21690   96  194   67.00000   51.00000  23.9%   191 2910s
 26126 12958   56.00000   71  236   67.00000   51.00000  23.9%   191 2915s
 26171 12964   66.00000   88  183   67.00000   51.00000  23.9%   191 2920s
 26216 12983   56.00000  101  211   67.00000   51.00000  23.9%   191 2925s
 26315 13026   53.00000   57  268   67.00000   51.00000  23.9%   191 2930s
 26390 13069   60.00000  132  216   67.00000   51.00000  23.9%   191 2935s
 26436 13082   53.00000   68  271   67.00000   51.00000  23.9%   191 2940s
 26475 13101   61.00000  107  267   67.00000   51.00000  23.9%   191 2945s
 26526 13118   54.18603   79  256   67.00000   51.00000  23.9%   191 2951s
 26564 13139   59.00000  117  252   67.00000   51.00000  23.9%   191 2955s
 26621 13161   54.00000   76  264   67.00000   51.00000  23.9%   191 2960s
 26663 13181   62.00000  118  282   67.00000   51.00000  23.9%   191 2965s
 26727 13206   52.00000   72  260   67.00000   51.00000  23.9%   191 2970s
 26808 13252   61.00000  153  184   67.00000   51.00000  23.9%   191 2975s
 26878 13273   55.00000   82  285   67.00000   51.00000  23.9%   191 2980s
 26924 13298   60.00000  128  228   67.00000   51.00000  23.9%   191 2985s
 26998 13327   54.00000   67  256   67.00000   51.00000  23.9%   191 2990s
 27053 13355   64.00000  122  200   67.00000   51.00000  23.9%   191 2995s
 27090 13360   54.00000   69  254   67.00000   51.00000  23.9%   191 3000s
 27120 13367   57.00000   85  221   67.00000   51.00000  23.9%   191 3005s
 27172 13384   62.00000  122  163   67.00000   51.00000  23.9%   191 3010s
 27232 13393   56.00000   83  218   67.00000   51.00000  23.9%   191 3015s
 27298 13419   51.00000   69  285   67.00000   51.00000  23.9%   191 3020s
 27338 13435   61.00000  109  247   67.00000   51.00000  23.9%   191 3025s
 27400 13458   51.00000   58  291   67.00000   51.00000  23.9%   191 3030s
 27447 13482   58.00000  105  282   67.00000   51.00000  23.9%   191 3035s
 27517 13525   62.00000  175  274   67.00000   51.00000  23.9%   191 3040s
 27572 13547 infeasible  223        67.00000   51.00000  23.9%   191 3045s
 27608 13565   53.00000   54  242   67.00000   51.00000  23.9%   191 3050s
 27658 13591   66.00000   74  165   67.00000   51.00000  23.9%   191 3055s
 27700 13600   55.00000   71  246   67.00000   51.00000  23.9%   191 3060s
 27750 13626   64.00000  121  252   67.00000   51.00000  23.9%   191 3065s
 27788 13631   53.00000   55  269   67.00000   51.00000  23.9%   191 3070s
 27822 13638   56.00000   74  181   67.00000   51.00000  23.9%   191 3075s
 27882 13642     cutoff  105        67.00000   51.00000  23.9%   191 3080s
 27912 13653   58.13444   72  207   67.00000   51.00000  23.9%   191 3085s
 27959 13672   53.00000   72  254   67.00000   51.00000  23.9%   191 3090s
 28018 13707   58.00000  131  225   67.00000   51.00000  23.9%   191 3095s
 28079 13726   53.00000   63  275   67.00000   51.00000  23.9%   191 3100s
 28120 13745   62.08844  104  230   67.00000   51.00000  23.9%   191 3105s
 28182 13768   54.00000   73  257   67.00000   51.00000  23.9%   191 3110s
 28231 13794   61.00000  122  271   67.00000   51.00000  23.9%   191 3115s
 28295 13831   65.02814  186  266   67.00000   51.00000  23.9%   191 3120s
 28345 13844   52.00000   66  246   67.00000   51.00000  23.9%   191 3125s
 28390 13863   55.00000   99  213   67.00000   51.00000  23.9%   191 3130s
 28444 13877     cutoff  136        67.00000   51.00000  23.9%   191 3135s
 28505 13884   53.00000   64  257   67.00000   51.00000  23.9%   191 3140s
 28552 13909   59.16324  111  205   67.00000   51.00000  23.9%   191 3145s
 28604 13931   66.00000   65  255   67.00000   51.00000  23.9%   191 3150s
 28694 13990   66.00000  155  234   67.00000   51.00000  23.9%   191 3155s
 28766 14022   57.00000   91  238   67.00000   51.00000  23.9%   191 3160s
 28831 14049   56.00000   55  265   67.00000   51.00000  23.9%   190 3165s
 28881 14076   64.00000  105  219   67.00000   51.00000  23.9%   191 3170s
 28927 14080   53.00000   56  223   67.00000   51.00000  23.9%   191 3175s
 28973 14103   62.00000  102  217   67.00000   51.00000  23.9%   191 3180s
 29030 14125   52.00000   66  281   67.00000   51.00000  23.9%   191 3185s
 29084 14153   61.00000  120  236   67.00000   51.00000  23.9%   191 3190s
 29164 14186   54.00000   61  229   67.00000   51.00000  23.9%   190 3195s
 29237 14225   62.00000  134  256   67.00000   51.00000  23.9%   190 3200s
 29305 14253   54.00000   72  248   67.00000   51.00000  23.9%   190 3205s
 29353 14275   66.00000  120  206   67.00000   51.00000  23.9%   190 3210s
 29429 14309   57.00000  110  207   67.00000   51.00000  23.9%   190 3215s
 29500 14337   52.36755   63  242   67.00000   51.00000  23.9%   190 3220s
 29550 14357   56.00000   95  210   67.00000   51.00000  23.9%   190 3225s
 29582 14366   60.44253  110  185   67.00000   51.00000  23.9%   190 3230s
 29652 14379   54.12187   83  217   67.00000   51.00000  23.9%   190 3235s
 29728 14424   62.09109  159  197   67.00000   51.00000  23.9%   190 3240s
 29795 14449   53.00000   71  246   67.00000   51.00000  23.9%   190 3245s
 29841 14473   62.00000  117  237   67.00000   51.00000  23.9%   190 3250s
 29894 14478   54.00000   65  212   67.00000   51.00000  23.9%   190 3255s
 29940 14486   63.81383   90  192   67.00000   51.00000  23.9%   190 3260s
 29985 14490   63.00000  115  176   67.00000   51.00000  23.9%   190 3265s
 30040 14508   58.00000   94  219   67.00000   51.00000  23.9%   190 3270s
 30138 14549   52.00000   51  202   67.00000   51.00000  23.9%   190 3275s
 30194 14571   60.00000   55  210   67.00000   51.00000  23.9%   190 3280s
 30267 14602   52.27063   55  212   67.00000   51.00000  23.9%   190 3285s
 30347 14636 infeasible  132        67.00000   51.00000  23.9%   190 3290s
 30378 14648   64.00000   69  164   67.00000   51.00000  23.9%   190 3295s
 30461 14683   64.00000  119  231   67.00000   51.00000  23.9%   190 3300s
 30517 14702   57.00000   70  213   67.00000   51.00000  23.9%   190 3305s
 30594 14733   52.00000   53  229   67.00000   51.00000  23.9%   190 3310s
 30636 14748   55.65733   81  179   67.00000   51.00000  23.9%   190 3315s
 30669 14756   58.24703   99  151   67.00000   51.00000  23.9%   190 3320s
 30714 14762   53.21730   76  206   67.00000   51.00000  23.9%   190 3325s
 30782 14798   65.00000  144  184   67.00000   51.00000  23.9%   190 3330s
 30863 14824   53.00000   59  215   67.00000   51.00000  23.9%   190 3335s
 30918 14858   51.00000   57  225   67.00000   51.00000  23.9%   190 3340s
 30986 14914   64.00000  125  198   67.00000   51.00000  23.9%   190 3345s
 31054 14960   61.00000   99  208   67.00000   51.00000  23.9%   189 3350s
 31120 15005   56.00000   79  253   67.00000   51.00000  23.9%   189 3355s
 31184 15050   55.00000   82  247   67.00000   51.00000  23.9%   189 3360s
 31270 15116   51.38912   52  221   67.00000   51.00000  23.9%   189 3365s
 31330 15163   65.00000  112  180   67.00000   51.00000  23.9%   189 3370s
 31374 15176   52.00000   62  260   67.00000   51.00000  23.9%   189 3375s
 31427 15211   56.00000   91  234   67.00000   51.00000  23.9%   189 3380s
 31476 15244   60.92855  127  148   67.00000   51.00000  23.9%   189 3385s
 31547 15273   53.00000   66  241   67.00000   51.00000  23.9%   189 3390s
 31625 15329   58.00000   51  249   67.00000   51.00000  23.9%   189 3395s
 31703 15386   52.42872   54  210   67.00000   51.00000  23.9%   189 3400s
 31785 15455   65.00000  136  200   67.00000   51.00000  23.9%   189 3405s
 31871 15517   56.00000   75  216   67.00000   51.00000  23.9%   189 3410s
 31958 15581   64.00000   80  239   67.00000   51.00000  23.9%   189 3415s
 32022 15623   56.00000   64  236   67.00000   51.00000  23.9%   189 3420s
 32086 15672   58.00000   94  227   67.00000   51.00000  23.9%   189 3425s
 32197 15762   54.00000   65  246   67.00000   51.00000  23.9%   188 3430s
 32269 15814   52.00000   51  245   67.00000   51.00000  23.9%   188 3435s
 32324 15863   58.00000  106  209   67.00000   51.00000  23.9%   188 3440s
 32392 15910   53.00000   62  254   67.00000   51.00000  23.9%   188 3445s
 32475 15961   61.88767  119  135   67.00000   51.00000  23.9%   188 3450s
 32539 15988   56.22272   62  209   67.00000   51.00000  23.9%   188 3455s
 32572 16001   54.00000   63  259   67.00000   51.00000  23.9%   188 3460s
 32647 16069   61.00000  138  215   67.00000   51.00000  23.9%   188 3465s
 32732 16137   61.00000  115  194   67.00000   51.00000  23.9%   188 3470s
 32786 16173   58.00000   91  245   67.00000   51.00000  23.9%   188 3475s
 32857 16235   66.00000  162  260   67.00000   51.00000  23.9%   188 3480s
 32926 16284   65.00000  108  185   67.00000   51.00000  23.9%   188 3485s
 33004 16344   57.35629   99  208   67.00000   51.00000  23.9%   187 3490s
 33099 16424   66.00000  191  197   67.00000   51.00000  23.9%   187 3495s
 33174 16478   60.00000  114  228   67.00000   51.00000  23.9%   187 3500s
 33222 16504   56.00000   67  189   67.00000   51.00000  23.9%   187 3505s
 33262 16521     cutoff   90        67.00000   51.00000  23.9%   187 3510s
 33322 16569   62.00000  110  214   67.00000   51.00000  23.9%   187 3515s
 33375 16601   56.07839   74  253   67.00000   51.00000  23.9%   187 3520s
 33430 16640   60.00000   72  263   67.00000   51.00000  23.9%   187 3525s
 33476 16673   64.00000   64  225   67.00000   51.00000  23.9%   187 3530s
 33507 16692   54.00000   66  232   67.00000   51.00000  23.9%   187 3535s
 33579 16752   58.00000   55  251   67.00000   51.00000  23.9%   187 3540s
 33679 16838   53.54389   50  238   67.00000   51.00000  23.9%   187 3545s
 33783 16924   58.00000   69  267   67.00000   51.00000  23.9%   187 3550s
 33886 17014   60.00000   56  252   67.00000   51.00000  23.9%   186 3555s
 33953 17068   52.35035   53  242   67.00000   51.00000  23.9%   186 3560s
 34048 17139 infeasible   54        67.00000   51.00000  23.9%   186 3565s
 34108 17192   60.00000  113  216   67.00000   51.00000  23.9%   186 3570s
 34217 17287   64.00000  108  260   67.00000   51.00000  23.9%   186 3575s
 34300 17353   66.00000  176  234   67.00000   51.00000  23.9%   186 3580s
 34352 17385   60.00000   97  260   67.00000   51.00000  23.9%   186 3585s
 34408 17421   55.00000   72  261   67.00000   51.00000  23.9%   186 3590s
 34500 17507   61.00000  164  215   67.00000   51.00000  23.9%   186 3595s

Cutting planes:
  Gomory: 2
  Clique: 99
  MIR: 9
  Flow cover: 32
  Inf proof: 2
  Zero half: 4
  Mod-K: 1

Explored 34562 nodes (6424620 simplex iterations) in 3600.06 seconds
Thread count was 1 (of 12 available processors)

Solution count 6: 67 93 121 ... 4696
Pool objective bound 51

Time limit reached
Best objective 6.700000000000e+01, best bound 5.100000000000e+01, gap 23.8806%
