
Gurobi 7.0.2 (win64) logging started 06/27/20 09:17:35

Read LP format model from file C:\George\Professor\Pesquisa\Orientacoes em Pos-graduacao\2019 MSC PPGCC Guilherme Figueroa\Fanjuls Solver\Results\I_50_20_S_1-49_5_MTZ_KB.lp
Reading time = 0.27 seconds
: 4640 rows, 52051 columns, 211020 nonzeros
Optimize a model with 4640 rows, 52051 columns and 211020 nonzeros
Variable types: 1051 continuous, 51000 integer (51000 binary)
Coefficient statistics:
  Matrix range     [1e+00, 1e+02]
  Objective range  [1e+00, 1e+00]
  Bounds range     [1e+00, 1e+00]
  RHS range        [1e+00, 5e+01]
Presolve time: 0.55s
Presolved: 4640 rows, 52051 columns, 211020 nonzeros
Variable types: 50 continuous, 52001 integer (52000 binary)
Found heuristic solution: objective 3631.0000000
Found heuristic solution: objective 3630.0000000

Root relaxation: objective 2.070875e+01, 8126 iterations, 3.63 seconds

    Nodes    |    Current Node    |     Objective Bounds      |     Work
 Expl Unexpl |  Obj  Depth IntInf | Incumbent    BestBd   Gap | It/Node Time

     0     0   20.70875    0  280 3630.00000   20.70875  99.4%     -    4s
H    0     0                      56.0000000   20.70875  63.0%     -    8s
H    0     0                      32.0000000   20.70875  35.3%     -   11s
     0     0   21.86061    0  287   32.00000   21.86061  31.7%     -   11s
     0     0   21.86061    0  208   32.00000   21.86061  31.7%     -   12s
     0     0   22.98625    0  241   32.00000   22.98625  28.2%     -   12s
     0     0   22.99855    0  244   32.00000   22.99855  28.1%     -   12s
     0     0   23.33252    0  273   32.00000   23.33252  27.1%     -   13s
     0     0   23.44616    0  271   32.00000   23.44616  26.7%     -   13s
     0     0   23.63577    0  276   32.00000   23.63577  26.1%     -   13s
     0     0   23.70074    0  271   32.00000   23.70074  25.9%     -   13s
     0     0   23.89356    0  291   32.00000   23.89356  25.3%     -   13s
     0     0   23.91557    0  288   32.00000   23.91557  25.3%     -   13s
     0     0   23.94583    0  281   32.00000   23.94583  25.2%     -   13s
     0     0   23.95690    0  290   32.00000   23.95690  25.1%     -   13s
     0     0   24.02185    0  280   32.00000   24.02185  24.9%     -   13s
     0     0   24.02581    0  281   32.00000   24.02581  24.9%     -   13s
     0     0   24.05027    0  281   32.00000   24.05027  24.8%     -   13s
     0     0   24.05930    0  293   32.00000   24.05930  24.8%     -   13s
     0     0   24.07031    0  296   32.00000   24.07031  24.8%     -   13s
     0     0   24.07730    0  291   32.00000   24.07730  24.8%     -   13s
     0     0   24.08590    0  299   32.00000   24.08590  24.7%     -   13s
     0     0   25.00000    0  170   32.00000   25.00000  21.9%     -   13s
     0     0   25.00000    0  158   32.00000   25.00000  21.9%     -   14s
     0     2   25.00000    0  158   32.00000   25.00000  21.9%     -   14s
    50    43   28.00000   40  154   32.00000   25.00000  21.9%   113   15s
   472   282   25.13457    8  234   32.00000   25.00000  21.9%  90.5   20s
   531   328   28.00000   18  200   32.00000   26.00000  18.8%  88.7   25s
   547   340   28.00000   28  169   32.00000   26.00000  18.8%   128   30s
   561   349   27.00000   15   75   32.00000   27.00000  15.6%   125   35s
   575   360   30.00000   51  264   32.00000   27.00000  15.6%   179   40s
   588   368   27.00000   27  190   32.00000   27.00000  15.6%   175   45s
   596   376   27.00000   36  267   32.00000   27.00000  15.6%   222   51s
   607   381   28.00000   42  239   32.00000   27.00000  15.6%   223   55s
   684   399   30.00000   45  213   32.00000   27.00000  15.6%   216   60s
   798   434   29.00000   61  167   32.00000   27.00000  15.6%   207   65s
   932   472   27.02801   52  268   32.00000   27.00000  15.6%   196   70s
  1132   544   28.00000   59  208   32.00000   27.00000  15.6%   177   75s
  1283   590   28.00000   49  194   32.00000   27.00000  15.6%   170   80s
  1479   672   28.00000   70  208   32.00000   27.00000  15.6%   160   85s
  1613   724   30.00000   59  151   32.00000   27.00000  15.6%   157   90s
  1767   784   28.00000   62  245   32.00000   27.00000  15.6%   155   95s
  1991   944 infeasible   99        32.00000   27.00000  15.6%   147  100s
  2154  1052   31.00000   59  196   32.00000   27.00000  15.6%   145  105s
  2344  1174   27.10869   42  244   32.00000   27.00000  15.6%   142  110s
  2516  1274   28.00000   52  246   32.00000   27.00000  15.6%   140  115s
  2717  1408   28.00000   54  205   32.00000   27.00000  15.6%   138  120s
  3010  1641   30.00000   87  177   32.00000   27.00000  15.6%   133  125s
  3225  1789   28.00000   46  216   32.00000   27.00000  15.6%   131  130s
  3451  1958   28.00000   63  164   32.00000   27.00000  15.6%   128  135s
  3636  2079   30.00000   69  174   32.00000   27.00051  15.6%   127  140s
  3883  2256   30.00000   68  144   32.00000   28.00000  12.5%   124  145s
  4131  2391   28.41965   58  129   32.00000   28.00000  12.5%   122  150s
  4457  2516 infeasible   73        32.00000   28.00000  12.5%   118  155s
  4733  2638   29.00000   80  166   32.00000   28.00000  12.5%   115  160s
  4985  2761   30.00000   67  149   32.00000   28.00000  12.5%   114  165s
  5282  2889   29.30418   83  144   32.00000   28.00000  12.5%   111  170s
  5697  3053   31.00000   73  133   32.00000   28.00000  12.5%   107  175s
  6052  3220   29.00000   78  107   32.00000   28.00000  12.5%   105  180s
  6384  3349   28.00000   52  171   32.00000   28.00000  12.5%   103  185s
  6661  3533   30.00000   59  151   32.00000   28.00000  12.5%   101  190s
  6908  3623 infeasible   63        32.00000   28.00000  12.5%   101  195s
  7164  3720   30.00000   60  155   32.00000   28.00000  12.5%   101  200s
  7461  3856 infeasible   57        32.00000   28.00000  12.5%  99.2  205s
  7743  3955   30.00000   65  108   32.00000   28.00000  12.5%  98.4  210s
  8001  4043   30.00000   66  173   32.00000   28.00000  12.5%  98.0  215s
* 8263  3319             104      31.0000000   28.00000  9.68%  96.9  218s
  8343  3317   29.00000   78  147   31.00000   28.00000  9.68%  96.8  220s
  8586  3334   29.00000   68  163   31.00000   28.00000  9.68%  96.9  225s
  8822  3369   30.00000   76  100   31.00000   28.00000  9.68%  97.0  230s
  9036  3449   28.00000   50  178   31.00000   28.00000  9.68%  97.0  235s
  9258  3537   28.00000   64  151   31.00000   28.00000  9.68%  96.8  240s
  9459  3591 infeasible   62        31.00000   28.00000  9.68%  97.1  245s
  9670  3627   28.65653   61  169   31.00000   28.00000  9.68%  97.3  250s
H 9811  2464                      30.0000000   28.00000  6.67%  97.1  254s
  9840  2467   28.00000   57  186   30.00000   28.00000  6.67%  97.2  255s
 10002  2494   29.00000   72  151   30.00000   28.00000  6.67%  97.0  260s
 10199  2520   28.00000   53  180   30.00000   28.00000  6.67%  96.6  265s
 10203  2523   28.00000   61  287   30.00000   28.00000  6.67%  96.6  300s
 10215  2531   29.00000   64  234   30.00000   28.00000  6.67%  96.5  305s
 10225  2538   29.00000   63  231   30.00000   28.00000  6.67%  96.4  310s
 10233  2543   29.00000   67  256   30.00000   28.00000  6.67%  96.3  315s
 10243  2550   28.00000   61  277   30.00000   28.00000  6.67%  96.2  320s
 10251  2555   29.00000   78  239   30.00000   28.00000  6.67%  96.1  325s
 10261  2562   28.00000   69  265   30.00000   28.00000  6.67%  96.0  331s
 10269  2567   28.00000   62  275   30.00000   28.00000  6.67%  96.0  335s
 10277  2572   28.00000   46  295   30.00000   28.00000  6.67%  95.9  340s
 10285  2578   29.00000   63  293   30.00000   28.00000  6.67%  95.8  345s
 10292  2582   29.00000   70  280   30.00000   28.00000  6.67%  95.7  350s
 10300  2588   29.00000   70  308   30.00000   28.00000  6.67%  95.7  356s
 10306  2592   28.00000   50  338   30.00000   28.00000  6.67%  95.6  360s
 10314  2597   28.00000   68  351   30.00000   28.00000  6.67%  95.5  365s
 10322  2602   28.00155   58  396   30.00000   28.00155  6.66%  95.5  370s
 10332  2609   29.00000   70  401   30.00000   28.00437  6.65%  95.4  375s
 10344  2617   29.00000   49  398   30.00000   28.00479  6.65%  95.3  380s
 10353  2623   29.00000   67  405   30.00000   28.00501  6.65%  95.2  386s
 10360  2629   29.00000   70  132   30.00000   29.00000  3.33%  97.7  390s
 10372  2637   29.00000   70  186   30.00000   29.00000  3.33%  97.5  395s
 10384  2645   29.00000   49  245   30.00000   29.00000  3.33%  97.4  400s
 10396  2653   29.00000   72  238   30.00000   29.00000  3.33%  97.3  405s
 10408  2661   29.00000   44  245   30.00000   29.00000  3.33%  97.2  410s
 10420  2669   29.00000   70  274   30.00000   29.00000  3.33%  97.1  415s
 10432  2677   29.00000   70  252   30.00000   29.00000  3.33%  97.0  420s
 10444  2685   29.00000   49  263   30.00000   29.00000  3.33%  96.9  425s
 10456  2693   29.00000   72  270   30.00000   29.00000  3.33%  96.8  430s
 10468  2701   29.00000   44  258   30.00000   29.00000  3.33%  96.7  435s
 10478  2708   29.00000   58  236   30.00000   29.00000  3.33%  96.6  440s
 10490  2716   29.00000   69  259   30.00000   29.00000  3.33%  96.5  445s
 10502  2724   29.00000   58  204   30.00000   29.00000  3.33%  96.3  450s
 10513  2731   29.00000   67  223   30.00000   29.00000  3.33%  96.2  455s
 10524  2739   29.00000   49  248   30.00000   29.00000  3.33%  96.1  460s
 10536  2747   29.00000   72  259   30.00000   29.00000  3.33%  96.0  465s
 10547  2754   29.00000   44  233   30.00000   29.00000  3.33%  95.9  470s
 10558  2761   29.00000   58  273   30.00000   29.00000  3.33%  95.8  475s
 10563  2767   29.00000   61  238   30.00000   29.00000  3.33%  98.7  481s
 10566  2769   29.00000   62  216   30.00000   29.00000  3.33%  98.8  485s
 10570  2771   29.00000   64  203   30.00000   29.00000  3.33%  98.8  490s
 10576  2775   29.00000   67  233   30.00000   29.00000  3.33%  98.9  495s
 10591  2779   29.00000   66  195   30.00000   29.00000  3.33%  99.1  500s
 10622  2781 infeasible   74        30.00000   29.00000  3.33%  99.4  505s
 10669  2786   29.00000   71  223   30.00000   29.00000  3.33%   100  510s
 10742  2786   29.00000   69  201   30.00000   29.00000  3.33%   100  515s
 10879  2760   29.00000   69  196   30.00000   29.00000  3.33%   100  520s
 11013  2721   29.00000   75  174   30.00000   29.00000  3.33%   101  525s
 11168  2665 infeasible   77        30.00000   29.00000  3.33%   102  530s
 11323  2634   29.00000   79  164   30.00000   29.00000  3.33%   103  535s
 11461  2608   29.00000   76  182   30.00000   29.00000  3.33%   103  540s
 11621  2559   29.00000   67  184   30.00000   29.00000  3.33%   104  545s
 11762  2521   29.00000   75  191   30.00000   29.00000  3.33%   105  550s
 11895  2479   29.00000   77  157   30.00000   29.00000  3.33%   105  555s
 12052  2431   29.00000   77  217   30.00000   29.00000  3.33%   106  560s
 12202  2401   29.00000   78  190   30.00000   29.00000  3.33%   106  565s
 12360  2333   29.00000   71  177   30.00000   29.00000  3.33%   107  570s
 12513  2272   29.00000   70  217   30.00000   29.00000  3.33%   107  575s
 12679  2226   29.00000   68  146   30.00000   29.00000  3.33%   107  580s
 12829  2178   29.00000   78  182   30.00000   29.00000  3.33%   108  585s
 12953  2157 infeasible   82        30.00000   29.00000  3.33%   108  590s
 13101  2099 infeasible   77        30.00000   29.00000  3.33%   109  595s
 13245  2041   29.00000   72  198   30.00000   29.00000  3.33%   110  600s
 13394  1984   29.00000   72  218   30.00000   29.00000  3.33%   110  605s
 13539  1938   29.00000   75  185   30.00000   29.00000  3.33%   111  610s
 13677  1892   29.00000   85  178   30.00000   29.00000  3.33%   111  615s
 13842  1833   29.00000   76  150   30.00000   29.00000  3.33%   112  620s
 14001  1771 infeasible   74        30.00000   29.00000  3.33%   112  625s
 14151  1733   29.00000   78  198   30.00000   29.00000  3.33%   112  630s
 14299  1707   29.00000   79  236   30.00000   29.00000  3.33%   112  635s
 14454  1673 infeasible   88        30.00000   29.00000  3.33%   112  640s
 14606  1612 infeasible   82        30.00000   29.00000  3.33%   113  645s
 14737  1617   29.00000   68  248   30.00000   29.00000  3.33%   113  650s
 14886  1625   29.00000   85  164   30.00000   29.00000  3.33%   113  655s
 15048  1599   29.00000   94  137   30.00000   29.00000  3.33%   113  660s
 15188  1566 infeasible   86        30.00000   29.00000  3.33%   113  665s
 15332  1530 infeasible   81        30.00000   29.00000  3.33%   113  670s
 15482  1471   29.00000   79  171   30.00000   29.00000  3.33%   114  675s
 15645  1422   29.00000   76  194   30.00000   29.00000  3.33%   114  680s
 15820  1378   29.00000   89  174   30.00000   29.00000  3.33%   114  685s
 15968  1347 infeasible   80        30.00000   29.00000  3.33%   115  690s
 16117  1306   29.00000   73  199   30.00000   29.00000  3.33%   115  695s
 16289  1259 infeasible   85        30.00000   29.00000  3.33%   115  700s
 16457  1207 infeasible   81        30.00000   29.00000  3.33%   115  705s
 16605  1160 infeasible   76        30.00000   29.00000  3.33%   115  710s
 16802  1111   29.00000   91  142   30.00000   29.00000  3.33%   115  715s
 16970  1071 infeasible   89        30.00000   29.00000  3.33%   116  720s
 17152  1016   29.00000   85  147   30.00000   29.00000  3.33%   116  725s
 17307   966   29.00000   83  141   30.00000   29.00000  3.33%   116  730s
 17493   930 infeasible   91        30.00000   29.00000  3.33%   116  735s
 17704   882   29.00000   88  158   30.00000   29.00000  3.33%   116  740s
 17884   798   29.00000   91  183   30.00000   29.00000  3.33%   116  745s
 18030   753   29.00000   94  165   30.00000   29.00000  3.33%   116  750s
 18212   696 infeasible   99        30.00000   29.00000  3.33%   116  755s
 18385   625   29.00000   91  160   30.00000   29.00000  3.33%   116  760s
 18548   562 infeasible   98        30.00000   29.00000  3.33%   117  765s
 18721   492   29.00000   87  163   30.00000   29.00000  3.33%   117  770s
 18879   448   29.00000   87  151   30.00000   29.00000  3.33%   117  775s
 18991   444   29.00000   76  167   30.00000   29.00000  3.33%   117  780s
 19101   450   29.00000   85  172   30.00000   29.00000  3.33%   117  785s
 19222   499   29.00000   84  173   30.00000   29.00000  3.33%   117  790s
 19358   507 infeasible   91        30.00000   29.00000  3.33%   117  795s
 19488   503   29.00000   85  174   30.00000   29.00000  3.33%   117  800s
 19608   508 infeasible   89        30.00000   29.00000  3.33%   117  805s
 19739   497   29.00000   86  169   30.00000   29.00000  3.33%   117  810s
 19834   494   29.00000   80  156   30.00000   29.00000  3.33%   117  815s
 19964   496   29.00000   71  222   30.00000   29.00000  3.33%   117  820s
 20098   496   29.00000   90  171   30.00000   29.00000  3.33%   117  825s
 20267   507   29.00000   71  206   30.00000   29.00000  3.33%   117  830s
 20429   521 infeasible   90        30.00000   29.00000  3.33%   117  835s
 20594   520   29.00000   77  249   30.00000   29.00000  3.33%   117  840s
 20738   528 infeasible   75        30.00000   29.00000  3.33%   118  845s
 20873   543 infeasible   83        30.00000   29.00000  3.33%   118  850s
 21054   568 infeasible   80        30.00000   29.00000  3.33%   118  855s
 21217   563 infeasible   82        30.00000   29.00000  3.33%   118  860s
 21377   583   29.00000   87  204   30.00000   29.00000  3.33%   118  865s
 21561   557   29.00000   87  195   30.00000   29.00000  3.33%   118  870s
 21739   551   29.00000   96  169   30.00000   29.00000  3.33%   118  875s
 21897   561   29.00000   95  168   30.00000   29.00000  3.33%   118  880s
 22036   544   29.00000   87  147   30.00000   29.00000  3.33%   118  885s
 22183   533   29.00000   77  154   30.00000   29.00000  3.33%   118  890s
 22361   535 infeasible   79        30.00000   29.00000  3.33%   118  895s
 22486   539   29.00000   81  136   30.00000   29.00000  3.33%   119  900s
 22645   542   29.00000   89  161   30.00000   29.00000  3.33%   119  905s
 22804   528 infeasible   80        30.00000   29.00000  3.33%   119  910s
 22946   529   29.00000   75  157   30.00000   29.00000  3.33%   119  915s
 23074   533   29.00000   77  193   30.00000   29.00000  3.33%   119  920s
 23254   530 infeasible   92        30.00000   29.00000  3.33%   119  925s
 23436   542   29.00000   84  167   30.00000   29.00000  3.33%   119  930s
 23584   556   29.00000   85  128   30.00000   29.00000  3.33%   119  935s
 23740   552   29.00000   85  189   30.00000   29.00000  3.33%   119  940s
 23927   553   29.00000   81  170   30.00000   29.00000  3.33%   119  945s
 24120   541   29.00000   83  143   30.00000   29.00000  3.33%   119  950s
 24292   525   29.00000   78  211   30.00000   29.00000  3.33%   119  955s
 24476   509   29.00000   87  180   30.00000   29.00000  3.33%   119  960s
 24634   503   29.00000   90  162   30.00000   29.00000  3.33%   119  965s
 24826   491 infeasible   92        30.00000   29.00000  3.33%   119  970s
 24980   495   29.00000   93  209   30.00000   29.00000  3.33%   119  975s
 25161   510 infeasible   91        30.00000   29.00000  3.33%   119  980s
 25353   512   29.00000   83  161   30.00000   29.00000  3.33%   119  985s
 25535   524   29.00000   92  188   30.00000   29.00000  3.33%   119  990s
 25739   532   29.00000   95  150   30.00000   29.00000  3.33%   119  995s
 25931   527   29.00000   96  119   30.00000   29.00000  3.33%   119 1000s
 26108   522   29.00000   84  156   30.00000   29.00000  3.33%   119 1005s
 26303   539   29.00000   94  155   30.00000   29.00000  3.33%   119 1010s
 26506   520   29.00000   95  125   30.00000   29.00000  3.33%   119 1015s
 26704   516   29.00000   95  104   30.00000   29.00000  3.33%   119 1020s
 26864   509   29.00000   85  155   30.00000   29.00000  3.33%   119 1025s
 27030   509   29.00000   87  202   30.00000   29.00000  3.33%   119 1030s
 27172   505 infeasible   78        30.00000   29.00000  3.33%   119 1035s
 27312   503   29.00000   89  185   30.00000   29.00000  3.33%   119 1040s
 27486   499   29.00000   71  160   30.00000   29.00000  3.33%   119 1045s
 27655   506   29.00000   80  158   30.00000   29.00000  3.33%   119 1050s
 27812   495 infeasible   85        30.00000   29.00000  3.33%   120 1055s
 27966   507 infeasible   85        30.00000   29.00000  3.33%   120 1060s
 28113   522   29.00000   80  173   30.00000   29.00000  3.33%   120 1065s
 28256   506   29.00000   76  195   30.00000   29.00000  3.33%   120 1070s
 28408   499 infeasible   87        30.00000   29.00000  3.33%   120 1075s
 28573   504   29.00000   81  148   30.00000   29.00000  3.33%   120 1080s
 28727   499 infeasible   90        30.00000   29.00000  3.33%   120 1085s
 28900   530   29.00000   90  154   30.00000   29.00000  3.33%   120 1090s
 29097   570   29.00000   85  144   30.00000   29.00000  3.33%   120 1095s
 29272   590   29.00000   74  189   30.00000   29.00000  3.33%   120 1100s
 29459   603 infeasible   92        30.00000   29.00000  3.33%   120 1105s
 29645   595 infeasible   86        30.00000   29.00000  3.33%   120 1110s
 29830   570 infeasible   77        30.00000   29.00000  3.33%   120 1115s
 30037   593 infeasible   89        30.00000   29.00000  3.33%   120 1120s
 30249   593   29.00000   85  148   30.00000   29.00000  3.33%   120 1125s
 30432   618   29.00000   89  157   30.00000   29.00000  3.33%   120 1130s
 30638   640 infeasible   92        30.00000   29.00000  3.33%   120 1135s
 30851   637 infeasible   90        30.00000   29.00000  3.33%   119 1140s
 31077   607   29.00000   83  169   30.00000   29.00000  3.33%   119 1145s
 31288   605 infeasible   92        30.00000   29.00000  3.33%   119 1150s
 31498   605   29.00000   89  163   30.00000   29.00000  3.33%   119 1155s
 31689   616 infeasible   81        30.00000   29.00000  3.33%   119 1160s
 31881   620 infeasible   84        30.00000   29.00000  3.33%   119 1165s
 32082   621 infeasible   85        30.00000   29.00000  3.33%   119 1170s
 32281   612   29.00000   89  154   30.00000   29.00000  3.33%   119 1175s
 32481   606   29.00000   84  149   30.00000   29.00000  3.33%   119 1180s
 32621   594   29.00000   77  134   30.00000   29.00000  3.33%   119 1185s
 32778   591 infeasible   84        30.00000   29.00000  3.33%   119 1190s
 32936   597 infeasible   86        30.00000   29.00000  3.33%   119 1195s
 33092   579   29.00000   80  146   30.00000   29.00000  3.33%   119 1200s
 33308   571   29.00000   77  165   30.00000   29.00000  3.33%   119 1205s
 33477   577   29.00000   76  173   30.00000   29.00000  3.33%   119 1210s
 33642   578 infeasible   79        30.00000   29.00000  3.33%   119 1215s
 33830   552   29.00000   79  166   30.00000   29.00000  3.33%   119 1220s
 33981   547   29.00000   67  191   30.00000   29.00000  3.33%   119 1225s
 34166   591   29.00000   90  126   30.00000   29.00000  3.33%   119 1230s
 34367   653 infeasible   91        30.00000   29.00000  3.33%   119 1235s
 34603   649   29.00000   93  136   30.00000   29.00000  3.33%   119 1240s
 34860   641   29.00000   88  132   30.00000   29.00000  3.33%   119 1245s
 35056   625 infeasible   80        30.00000   29.00000  3.33%   119 1250s
 35269   612 infeasible   82        30.00000   29.00000  3.33%   119 1255s
 35434   613   29.00000   88  157   30.00000   29.00000  3.33%   119 1260s
 35634   606   29.00000   71  202   30.00000   29.00000  3.33%   119 1265s
 35800   613   29.00000   88  184   30.00000   29.00000  3.33%   119 1270s
 36027   640 infeasible   95        30.00000   29.00000  3.33%   119 1275s
 36266   639 infeasible   83        30.00000   29.00000  3.33%   118 1280s
 36487   634 infeasible   94        30.00000   29.00000  3.33%   118 1285s
 36698   645   29.00000   85  151   30.00000   29.00000  3.33%   118 1290s
 36928   651 infeasible   85        30.00000   29.00000  3.33%   118 1295s
 37142   668 infeasible   90        30.00000   29.00000  3.33%   118 1300s
*37181     6             102      29.0000000   29.00000  0.00%   118 1300s

Cutting planes:
  Cover: 5
  Clique: 102
  MIR: 12
  Flow cover: 56
  GUB cover: 1
  Inf proof: 3
  Zero half: 29

Explored 37182 nodes (4395396 simplex iterations) in 1300.90 seconds
Thread count was 1 (of 12 available processors)

Solution count 7: 29 30 31 ... 3631
Pool objective bound 29

Optimal solution found (tolerance 0.00e+00)
Best objective 2.900000000000e+01, best bound 2.900000000000e+01, gap 0.0000%
