
Gurobi 7.0.2 (win64) logging started 06/24/20 00:27:46

Read LP format model from file C:\George\Professor\Pesquisa\Orientacoes em Pos-graduacao\2019 MSC PPGCC Guilherme Figueroa\Fanjuls Solver\Results\I_100_30_S_1-9_8_MTZ_KB.lp
Reading time = 1.58 seconds
: 16260 rows, 306101 columns, 1238030 nonzeros
Optimize a model with 16260 rows, 306101 columns and 1238030 nonzeros
Variable types: 3101 continuous, 303000 integer (303000 binary)
Coefficient statistics:
  Matrix range     [1e+00, 1e+02]
  Objective range  [1e+00, 1e+00]
  Bounds range     [1e+00, 1e+00]
  RHS range        [1e+00, 1e+02]
Presolve time: 2.23s
Presolved: 16260 rows, 306101 columns, 1238030 nonzeros
Variable types: 100 continuous, 306001 integer (306000 binary)
Found heuristic solution: objective 5261.0000000
Found heuristic solution: objective 5252.0000000

Root simplex log...

Iteration    Objective       Primal Inf.    Dual Inf.      Time
       0    0.0000000e+00   2.000000e+02   0.000000e+00      5s
    5460    9.8162105e-05   2.403999e+03   0.000000e+00     10s
    7736    2.8909801e-04   1.297255e+03   0.000000e+00     15s
   10798    4.2919261e-04   2.129593e+03   0.000000e+00     20s
   13964    5.5020010e-04   4.217991e+03   0.000000e+00     25s
   16966    6.6804431e-04   5.624144e+03   0.000000e+00     30s
   20837    8.3221837e-04   1.020401e+04   0.000000e+00     35s
   24155    1.0049749e-03   3.064231e+03   0.000000e+00     40s
   30949    1.4667168e-03   6.943471e+03   0.000000e+00     45s
   40903    3.0086233e-03   1.033523e+04   0.000000e+00     50s
   51048    1.8326527e+01   6.354331e+02   0.000000e+00     55s
   53672    1.9040569e+01   1.861211e+02   0.000000e+00     60s
   55185    1.9126973e+01   0.000000e+00   0.000000e+00     65s

Root relaxation: objective 1.912590e+01, 55185 iterations, 60.38 seconds

    Nodes    |    Current Node    |     Objective Bounds      |     Work
 Expl Unexpl |  Obj  Depth IntInf | Incumbent    BestBd   Gap | It/Node Time

     0     0   19.12590    0  358 5252.00000   19.12590   100%     -   67s
H    0     0                      32.0000000   19.12590  40.2%     -  101s
H    0     0                      26.0000000   19.12590  26.4%     -  104s
     0     0   19.30668    0  445   26.00000   19.30668  25.7%     -  107s
     0     0   19.30668    0  355   26.00000   19.30668  25.7%     -  114s
     0     0   20.00000    0  517   26.00000   20.00000  23.1%     -  115s
     0     0   20.00000    0  497   26.00000   20.00000  23.1%     -  115s
     0     0   20.00000    0  540   26.00000   20.00000  23.1%     -  116s
     0     0   20.00000    0  491   26.00000   20.00000  23.1%     -  117s
     0     0   20.00000    0  324   26.00000   20.00000  23.1%     -  120s
     0     0   20.00000    0  480   26.00000   20.00000  23.1%     -  121s
     0     0   20.00000    0  382   26.00000   20.00000  23.1%     -  124s
     0     0   20.00000    0  485   26.00000   20.00000  23.1%     -  125s
     0     0   20.00000    0  389   26.00000   20.00000  23.1%     -  128s
     0     0   20.00000    0  389   26.00000   20.00000  23.1%     -  135s
     0     2   20.00000    0  339   26.00000   20.00000  23.1%     -  141s
     7     8   20.00112    4  473   26.00000   20.00000  23.1%  1320  146s
    16    15   20.00000    9  421   26.00000   20.00000  23.1%   898  150s
    23    19   21.00000   14  430   26.00000   20.00000  23.1%   813  155s
    45    39   21.00000   32  466   26.00000   20.00000  23.1%   473  160s
    67    58   21.00000   46  407   26.00000   20.00000  23.1%   385  165s
    99    81   21.00000   68  391   26.00000   20.00000  23.1%   317  170s
   165   131   24.00000  121  255   26.00000   20.00000  23.1%   242  175s
   216   157   21.00000    5  468   26.00000   20.00000  23.1%   226  180s
   253   187   21.00000   37  401   26.00000   20.00000  23.1%   213  185s
   282   212   21.00000   57  382   26.00000   20.00000  23.1%   215  190s
   331   254   22.00000   95  299   26.00000   20.00000  23.1%   211  195s
   400   303   24.02912  151  256   26.00000   20.00000  23.1%   203  200s
   444   326   21.00000    9  488   26.00000   20.00000  23.1%   211  205s
   479   359   21.05149   38  386   26.00000   20.00000  23.1%   213  210s
   511   390   24.00000   52  445   26.00000   20.00000  23.1%   202  216s
   513   391   25.00000  156  266   26.00000   20.00000  23.1%   201  220s
   517   394   21.00000   85  548   26.00000   20.00000  23.1%   199  225s
   522   397   22.00000   83  484   26.00000   21.00000  19.2%   198  230s
   526   400   21.00000    4  242   26.00000   21.00000  19.2%   196  236s
   528   401   24.00000  110  288   26.00000   21.00000  19.2%   195  242s
   530   403   21.00000   22  344   26.00000   21.00000  19.2%   195  248s
   532   404   22.00000   39  318   26.00000   21.00000  19.2%   194  255s
   536   408   24.00000   66  445   26.00000   21.00000  19.2%   392  271s
   538   409   22.00000   97  271   26.00000   21.00000  19.2%   391  275s
   542   412   22.00000   83  501   26.00000   21.00000  19.2%   388  280s
   543   413   23.00000   37  281   26.00000   21.00000  19.2%   387  286s
   545   414   21.00000   19  238   26.00000   21.00000  19.2%   386  293s
   546   415   21.00000    4  421   26.00000   21.00000  19.2%   385  295s
   547   415   21.00000   22  158   26.00000   21.00000  19.2%   384  300s
   549   417   21.00000   22  205   26.00000   21.00000  19.2%   383  305s
   551   418   24.00000   52  248   26.00000   21.00000  19.2%   381  313s
   553   419   25.00000  156  263   26.00000   21.00000  19.2%   380  319s
   554   420   22.00000   12  408   26.00000   21.00000  19.2%   379  321s
   555   421   21.00000   34  210   26.00000   21.00000  19.2%   379  326s
   557   422   21.00000   85  183   26.00000   21.00000  19.2%   377  340s
   559   423   22.00000   76  183   26.00000   21.00000  19.2%   376  347s
   560   426   21.00000   26  256   26.00000   21.00000  19.2%   551  357s
   561   427   21.00000   26  358   26.00000   21.00000  19.2%   552  370s
   562   427   21.00000   27  367   26.00000   21.00000  19.2%   553  384s
   563   428   21.00000   27  449   26.00000   21.00000  19.2%   554  394s
   564   429   21.00000   28  346   26.00000   21.00000  19.2%   554  399s
   565   429   22.00000   28  394   26.00000   21.00000  19.2%   555  404s
   566   430   21.00000   29  361   26.00000   21.00000  19.2%   556  408s
   567   431   21.00000   29  368   26.00000   21.00000  19.2%   557  412s
   568   431   21.00000   30  373   26.00000   21.00000  19.2%   556  415s
   569   432   21.00000   30  416   26.00000   21.00000  19.2%   558  420s
   571   433   21.00000   31  405   26.00000   21.00000  19.2%   562  428s
   573   435   21.00000   32  386   26.00000   21.00000  19.2%   561  431s
   578   438   21.00000   35  226   26.00000   21.00000  19.2%   571  438s
   579   439   21.00000   35  346   26.00000   21.00000  19.2%   582  443s
   583   441   24.00000   37  329   26.00000   21.00000  19.2%   580  446s
   592   447   21.00000   42  363   26.00000   21.00000  19.2%   578  450s
   601   453   25.00000   46  332   26.00000   21.00000  19.2%   577  456s
   608   455   21.04451   50  370   26.00000   21.00000  19.2%   577  460s
   617   458   22.00000   55  352   26.00000   21.00000  19.2%   573  465s
   623   462   22.00000   58  358   26.00000   21.00000  19.2%   569  470s
   628   465   25.00000   60  315   26.00000   21.00000  19.2%   566  475s
   636   471   22.00000   64  357   26.00000   21.00000  19.2%   565  480s
   655   480   23.00000   74  306   26.00000   21.00000  19.2%   557  485s
   669   484   23.06932   82  258   26.00000   21.00000  19.2%   554  490s
   688   488   24.00000   92  298   26.00000   21.00000  19.2%   548  495s
   706   496   24.00000  101  260   26.00000   21.00000  19.2%   544  500s
   728   496   21.00000   29  331   26.00000   21.00000  19.2%   536  505s
   736   501   21.00000   33  360   26.00000   21.00000  19.2%   537  510s
   745   506   21.00000   37  391   26.00000   21.00000  19.2%   538  515s
   751   510   21.00000   40  386   26.00000   21.00000  19.2%   542  520s
   752   511   21.00000   41  347   26.00000   21.00000  19.2%   542  526s
   761   516   21.01674   45  383   26.00000   21.00000  19.2%   546  531s
   768   521   21.00000   49  344   26.00000   21.00000  19.2%   548  535s
   779   527   21.00000   54  345   26.00000   21.00000  19.2%   549  540s
   793   535   21.00000   61  367   26.00000   21.00000  19.2%   550  545s
   804   540   22.00000   67  382   26.00000   21.00000  19.2%   553  551s
   811   544   22.00000   71  397   26.00000   21.00000  19.2%   553  555s
   824   553   22.00000   77  334   26.00000   21.00000  19.2%   551  560s
   846   568   22.00000   88  324   26.00000   21.00000  19.2%   546  566s
   865   576   25.00000   98  232   26.00000   21.00000  19.2%   542  570s
   891   582 infeasible  112        26.00000   21.00000  19.2%   536  575s
   914   577   21.00000   29  451   26.00000   21.00000  19.2%   531  580s
   924   584   21.00000   34  409   26.00000   21.00000  19.2%   531  585s
   926   585   21.00000   35  242   26.00000   21.00000  19.2%   553  596s
   934   590   21.00000   39  425   26.00000   21.00000  19.2%   553  600s
   942   596   21.00000   43  426   26.00000   21.00000  19.2%   553  605s
   946   598   21.00000   45  244   26.00000   21.00000  19.2%   566  612s
   956   605   21.00000   50  345   26.00000   21.00000  19.2%   565  615s
   965   610   21.00000   55  306   26.00000   21.00000  19.2%   569  620s
   977   613   21.13045   61  368   26.00000   21.00000  19.2%   570  625s
   989   620   25.00000   67  322   26.00000   21.00000  19.2%   567  630s
  1010   629   23.00000   78  369   26.00000   21.00000  19.2%   563  635s
  1031   638   24.00000   89  327   26.00000   21.00000  19.2%   558  640s
  1055   647   24.00000  101  275   26.00000   21.00000  19.2%   553  645s
  1091   651 infeasible  119        26.00000   21.00000  19.2%   543  650s
  1120   652   21.00000   32  377   26.00000   21.00000  19.2%   536  655s
  1123   654   21.00000   35  207   26.00000   21.00000  19.2%   548  662s
  1129   658   21.00000   41  393   26.00000   21.00000  19.2%   547  665s
  1134   662   21.00000   46  417   26.00000   21.00000  19.2%   551  670s
  1144   666   21.00027   55  408   26.00000   21.00000  19.2%   551  675s
  1152   669   22.00000   57  376   26.00000   21.00000  19.2%   552  680s
  1159   673   22.00000   63  376   26.00000   21.00000  19.2%   550  685s
  1169   680   22.00000   71  342   26.00000   21.00000  19.2%   549  690s
  1182   687   22.06789   78  333   26.00000   21.00000  19.2%   547  695s
  1193   693   23.00000   83  334   26.00000   21.00000  19.2%   546  700s
  1218   705   24.00000  100  307   26.00000   21.00000  19.2%   541  705s
  1246   718   25.00000  120  269   26.00000   21.00000  19.2%   536  710s
  1282   726   24.00000   49  385   26.00000   21.00000  19.2%   524  715s
  1298   736   24.00000   62  320   26.00000   21.00000  19.2%   521  720s
  1318   749   24.00000   78  291   26.00000   21.00000  19.2%   517  725s
  1344   767   25.00000   94  223   26.00000   21.00000  19.2%   513  730s
  1372   783   24.00000  115  249   26.00000   21.00000  19.2%   508  735s
  1395   795   24.00000  128  250   26.00000   21.00000  19.2%   504  740s
  1417   793   21.00000   44  353   26.00000   21.00000  19.2%   502  745s
  1436   802   21.00916   59  384   26.00000   21.00000  19.2%   501  750s
  1451   810   22.00000   69  368   26.00000   21.00000  19.2%   499  755s
  1473   825   23.00000   88  328   26.00000   21.00000  19.2%   497  760s
  1489   828   24.00000   96  325   26.00000   21.00000  19.2%   497  765s
  1510   832   25.00000  105  340   26.00000   21.00000  19.2%   495  770s
  1539   834   21.00000   29  388   26.00000   21.00000  19.2%   490  775s
  1547   839   21.00000   37  397   26.00000   21.00000  19.2%   494  780s
  1556   845   21.00000   46  383   26.00000   21.00000  19.2%   496  785s
  1560   848   21.00000   50  382   26.00000   21.00000  19.2%   496  790s
  1565   851   21.00000   55  309   26.00000   21.00000  19.2%   502  796s
  1576   857   21.01802   66  451   26.00000   21.00000  19.2%   501  802s
  1587   865   22.00000   77  389   26.00000   21.00000  19.2%   499  805s
  1618   885   24.00000  108  312   26.00000   21.00000  19.2%   493  810s
  1638   899   24.00000  128  387   26.00000   21.00000  19.2%   490  815s
  1673   922   24.00000  163  333   26.00000   21.00000  19.2%   484  820s
  1714   948   25.00000  204  329   26.00000   21.00000  19.2%   476  825s
  1738   950   21.00000   32  429   26.00000   21.00000  19.2%   474  830s
  1744   954   21.00000   38  407   26.00000   21.00000  19.2%   476  835s
  1752   960   21.00000   46  379   26.00000   21.00000  19.2%   476  840s
  1770   971   22.00000   64  404   26.00000   21.00000  19.2%   475  845s
  1816  1001   25.00000  110  273   26.00000   21.00000  19.2%   466  850s
  1842  1018   25.00000  134  291   26.00000   21.00000  19.2%   462  855s
  1851  1023   21.00000   35  284   26.00000   21.00000  19.2%   468  862s
  1855  1027   25.00000   39  357   26.00000   21.00000  19.2%   468  865s
  1873  1045   25.00000   57  273   26.00000   21.00000  19.2%   467  870s
  1898  1052   21.00000   45  363   26.00000   21.00000  19.2%   467  876s
  1902  1055   22.00000   49  457   26.00000   21.00000  19.2%   467  880s
  1921  1074   22.00000   68  391   26.00000   21.00000  19.2%   465  885s
  1933  1085   22.00000   80  417   26.00000   21.00000  19.2%   463  890s
  1950  1102   23.00000   97  374   26.00000   21.00000  19.2%   462  895s
  1961  1111   25.00000  107  365   26.00000   21.00000  19.2%   462  901s
  1991  1133 infeasible  132        26.00000   21.00000  19.2%   458  905s
  1994  1134   21.00000   34  385   26.00000   21.00000  19.2%   458  916s
  1995  1135   21.00000   35  258   26.00000   21.00000  19.2%   462  920s
  2005  1145   21.00000   45  327   26.00000   21.00000  19.2%   468  930s
  2014  1154   21.00000   54  376   26.00000   21.00000  19.2%   468  935s
  2024  1163   21.04618   64  410   26.00000   21.00000  19.2%   467  940s
  2030  1166   21.03359   67  379   26.00000   21.00000  19.2%   469  945s
  2033  1169   22.00000   68  345   26.00000   21.00000  19.2%   470  950s
  2047  1183   22.00000   77  367   26.00000   21.00000  19.2%   468  955s
  2072  1205   22.00000   96  357   26.00000   21.00000  19.2%   466  960s
  2088  1218   23.00000  106  325   26.00000   21.00000  19.2%   466  965s
  2114  1238   24.00000  126  283   26.00000   21.00000  19.2%   464  970s
  2144  1261   24.00000  149  259   26.00000   21.00000  19.2%   460  975s
  2162  1264   21.00000   43  396   26.00000   21.00000  19.2%   459  980s
  2167  1268   22.00000   48  418   26.00000   21.00000  19.2%   461  985s
  2180  1281   22.00000   61  394   26.00000   21.00000  19.2%   460  990s
  2196  1297   22.00000   77  386   26.00000   21.00000  19.2%   459  995s
  2221  1321   23.00000  102  368   26.00000   21.00000  19.2%   457 1000s
  2254  1353   24.00000  135  328   26.00000   21.00000  19.2%   452 1005s
  2270  1358   21.00000   33  375   26.00000   21.00000  19.2%   452 1010s
  2275  1363   21.00000   35  278   26.00000   21.00000  19.2%   455 1015s
  2280  1368   21.00000   35  171   26.00000   21.00000  19.2%   460 1022s
  2282  1370   21.00000   35  266   26.00000   21.00000  19.2%   462 1026s
  2289  1377   21.00000   37  369   26.00000   21.00000  19.2%   462 1030s
  2300  1388   21.00000   43  384   26.00000   21.00000  19.2%   463 1035s
  2314  1401   22.00000   50  351   26.00000   21.00000  19.2%   462 1040s
  2343  1430   25.00000   66  297   26.00000   21.00000  19.2%   458 1045s
  2367  1453   25.00000   71  252   26.00000   21.00000  19.2%   456 1050s
  2392  1467 infeasible   79        26.00000   21.00000  19.2%   455 1055s
  2413  1478   21.00000   46  379   26.00000   21.00000  19.2%   453 1060s
  2422  1487   21.00000   55  325   26.00000   21.00000  19.2%   455 1065s
  2435  1499   22.00000   68  422   26.00000   21.00000  19.2%   454 1070s
  2457  1521   24.00000   90  369   26.00000   21.00000  19.2%   451 1075s
  2490  1554   24.00000  123  323   26.00000   21.00000  19.2%   447 1080s
  2519  1583   24.00000  152  361   26.00000   21.00000  19.2%   444 1085s
  2551  1614   25.00000  184  378   26.00000   21.00000  19.2%   440 1090s
  2591  1653   25.00000  224  385   26.00000   21.00000  19.2%   435 1095s
  2614  1660   21.00000   35  297   26.00000   21.00000  19.2%   435 1100s
  2624  1670   22.00000   45  353   26.00000   21.00000  19.2%   435 1105s
  2654  1700   23.00000   75  314   26.00000   21.00000  19.2%   433 1110s
  2691  1737   25.00000  112  225   26.00000   21.00000  19.2%   429 1115s
  2703  1739   22.00000   36  404   26.00000   21.00000  19.2%   430 1120s
  2720  1756   22.00000   53  352   26.00000   21.00000  19.2%   429 1125s
  2737  1773   23.00000   70  289   26.00000   21.00000  19.2%   429 1130s
  2754  1781   21.00000   35  279   26.00000   21.00000  19.2%   430 1135s
  2764  1791   21.00000   45  342   26.00000   21.00000  19.2%   431 1141s
  2773  1800   21.00000   54  406   26.00000   21.00000  19.2%   431 1145s
  2783  1809   22.00000   64  409   26.00000   21.00000  19.2%   432 1150s
  2805  1831   22.00000   86  364   26.00000   21.00000  19.2%   430 1155s
  2826  1851   23.00000  107  275   26.00000   21.00000  19.2%   429 1160s
  2859  1882   24.00000  139  264   26.00000   21.00000  19.2%   426 1165s
  2894  1904   21.00000   36  342   26.00000   21.00000  19.2%   422 1170s
  2904  1914   21.00000   46  369   26.00000   21.00000  19.2%   423 1175s
  2921  1930   22.00000   63  407   26.00000   21.00000  19.2%   422 1180s
  2945  1953   23.00000   87  382   26.00000   21.00000  19.2%   420 1185s
  2963  1971   24.00000  105  323   26.00000   21.00000  19.2%   419 1190s
  2994  2001   25.00000  136  327   26.00000   21.00000  19.2%   417 1195s
  3027  2024   21.00000   41  376   26.00000   21.00000  19.2%   414 1200s
  3034  2031   21.00000   45  350   26.00000   21.00000  19.2%   416 1205s
  3051  2047   24.00000   53  342   26.00000   21.00000  19.2%   417 1211s
  3060  2053   22.00000   58  339   26.00000   21.00000  19.2%   418 1215s
  3075  2064   22.00000   66  374   26.00000   21.00000  19.2%   418 1220s
  3096  2084   22.07564   76  286   26.00000   21.00000  19.2%   417 1225s
  3114  2096   24.00000   86  293   26.00000   21.00000  19.2%   417 1230s
  3130  2111   23.00000   94  288   26.00000   21.00000  19.2%   416 1235s
  3156  2134   23.00000  107  273   26.00000   21.00000  19.2%   415 1240s
  3176  2144   25.00000  118  266   26.00000   21.00000  19.2%   415 1245s
  3190  2150   22.00000   49  346   26.00000   21.00000  19.2%   415 1250s
  3208  2168   22.00000   67  328   26.00000   21.00000  19.2%   414 1255s
  3227  2186   23.00000   86  332   26.00000   21.00000  19.2%   413 1260s
  3243  2201   24.00000  102  346   26.00000   21.00000  19.2%   412 1265s
  3275  2229   25.00000  131  281   26.00000   21.00000  19.2%   410 1270s
  3283  2229   21.00000   45  279   26.00000   21.00000  19.2%   411 1275s
  3293  2238   22.00000   55  410   26.00000   21.00000  19.2%   411 1280s
  3306  2251   24.00000   68  344   26.00000   21.00000  19.2%   410 1285s
  3325  2270   24.00000   87  335   26.00000   21.00000  19.2%   409 1290s
  3336  2281   24.00000   98  330   26.00000   21.00000  19.2%   408 1295s
  3356  2301   24.00000  118  298   26.00000   21.00000  19.2%   407 1300s
  3381  2326   24.00000  143  348   26.00000   21.00000  19.2%   405 1305s
  3405  2349   25.00000  167  361   26.00000   21.00000  19.2%   404 1310s
  3438  2378   25.00000  197  318   26.00000   21.00000  19.2%   402 1315s
  3467  2401 infeasible  223        26.00000   21.00000  19.2%   400 1320s
  3480  2407   22.00000   58  355   26.00000   21.00000  19.2%   400 1325s
  3497  2424   22.00000   71  344   26.00000   21.00000  19.2%   399 1330s
  3518  2444   22.05331   87  346   26.00000   21.00000  19.2%   398 1335s
  3541  2462   23.00000  103  337   26.00000   21.00000  19.2%   397 1340s
  3559  2479   23.00000  117  329   26.00000   21.00000  19.2%   397 1345s
  3580  2496   24.00000  123  282   26.00000   21.00000  19.2%   397 1350s
  3606  2516   24.00000  146  266   26.00000   21.00000  19.2%   395 1355s
  3624  2522   21.00017   49  410   26.00000   21.00000  19.2%   395 1360s
  3641  2539   22.00000   66  396   26.00000   21.00000  19.2%   395 1365s
  3662  2560   22.00000   87  357   26.00000   21.00000  19.2%   393 1370s
  3691  2588   23.00000  116  413   26.00000   21.00000  19.2%   392 1375s
  3723  2618   24.00000  148  370   26.00000   21.00000  19.2%   389 1380s
  3765  2659   25.00000  190  287   26.00000   21.00000  19.2%   386 1385s
  3793  2667   21.00000   41  401   26.00000   21.00000  19.2%   385 1390s
  3802  2676   21.00000   50  373   26.00000   21.00000  19.2%   386 1395s
  3820  2693   22.00000   68  365   26.00000   21.00000  19.2%   385 1400s
  3838  2711   22.00000   86  409   26.00000   21.00000  19.2%   385 1405s
  3860  2732   25.00000  108  332   26.00000   21.00000  19.2%   384 1410s
  3891  2763   25.00000  139  269   26.00000   21.00000  19.2%   383 1415s
  3934  2804   25.00000  181  193   26.00000   21.00000  19.2%   380 1420s
  3962  2810   22.00000   46  372   26.00000   21.00000  19.2%   378 1425s
  3978  2826   22.00000   62  333   26.00000   21.00000  19.2%   377 1430s
  4001  2849   22.00000   85  322   26.00000   21.00000  19.2%   376 1435s
  4028  2875   24.00000  112  302   26.00000   21.00000  19.2%   375 1440s
  4061  2908   25.00000  145  254   26.00000   21.00000  19.2%   373 1445s
  4108  2942   21.04192   50  370   26.00000   21.00000  19.2%   370 1450s
  4123  2957   25.00000   56  340   26.00000   21.00000  19.2%   370 1455s
  4147  2977 infeasible   68        26.00000   21.00000  19.2%   370 1460s
  4175  2989 infeasible   85        26.00000   21.00000  19.2%   369 1465s
  4190  2997   22.00000   67  334   26.00000   21.00000  19.2%   369 1470s
  4211  3017   23.00000   88  285   26.00000   21.00000  19.2%   369 1475s
  4248  3042   22.00000   52  300   26.00000   21.00000  19.2%   367 1480s
  4262  3056   22.00000   66  320   26.00000   21.00000  19.2%   367 1485s
  4284  3077   23.00000   88  316   26.00000   21.00000  19.2%   366 1490s
  4310  3102   24.00000  114  336   26.00000   21.00000  19.2%   366 1495s
  4341  3128   25.00000  142  293   26.00000   21.00000  19.2%   364 1500s
  4366  3144   22.00000   70  336   26.00000   21.00000  19.2%   363 1505s
  4385  3162   23.00000   89  347   26.00000   21.00000  19.2%   363 1510s
  4420  3193   25.00000  123  231   26.00000   21.00000  19.2%   362 1515s
  4447  3207   22.00000   63  352   26.00000   21.00000  19.2%   361 1520s
  4468  3227   23.00000   84  313   26.00000   21.00000  19.2%   360 1525s
  4493  3250   25.00000  109  229   26.00000   21.00000  19.2%   359 1530s
  4523  3265   22.00000   67  363   26.00000   21.00000  19.2%   359 1535s
  4544  3285   25.00000   88  294   26.00000   21.00000  19.2%   358 1540s
  4581  3309   21.05271   55  367   26.00000   21.00000  19.2%   357 1545s
  4606  3334   22.00000   80  340   26.00000   21.00000  19.2%   357 1550s
  4644  3370   24.00000  118  289   26.00000   21.00000  19.2%   355 1555s
  4678  3390   23.00000   53  346   26.00000   21.00000  19.2%   354 1560s
  4698  3408   22.00000   67  317   26.00000   21.00000  19.2%   355 1565s
  4720  3427   23.00000   81  290   26.00000   21.00000  19.2%   354 1570s
  4743  3449   23.00000   95  328   26.00000   21.00000  19.2%   354 1575s
  4774  3476   24.00000  121  292   26.00000   21.00000  19.2%   353 1580s
  4799  3496   24.00000  135  222   26.00000   21.00000  19.2%   352 1585s
  4818  3500   21.00000   46  369   26.00000   21.00000  19.2%   353 1590s
  4830  3511   22.00000   58  364   26.00000   21.00000  19.2%   353 1595s
  4854  3535   23.00000   82  293   26.00000   21.00000  19.2%   353 1600s
  4883  3563   24.00000  111  291   26.00000   21.00000  19.2%   352 1605s
  4922  3597   25.00000  148  247   26.00000   21.00000  19.2%   350 1610s
  4942  3599   24.00000   47  389   26.00000   21.00000  19.2%   351 1616s
  4954  3611   24.00000   59  317   26.00000   21.00000  19.2%   351 1620s
  4971  3628   24.00000   76  350   26.00000   21.00000  19.2%   351 1625s
  4997  3654   24.00000  102  355   26.00000   21.00000  19.2%   350 1630s
  5040  3696   25.00000  145  347   26.00000   21.00000  19.2%   348 1635s
  5085  3731   25.00000  181  279   26.00000   21.00000  19.2%   346 1640s
  5102  3730   21.00000   45  357   26.00000   21.00000  19.2%   345 1645s
  5112  3739   22.00000   55  351   26.00000   21.00000  19.2%   345 1650s
  5133  3760   22.00000   76  322   26.00000   21.00000  19.2%   345 1655s
  5167  3792   24.00000  110  332   26.00000   21.00000  19.2%   344 1660s
  5208  3832   25.00000  151  275   26.00000   21.00000  19.2%   342 1665s
  5229  3842   22.00000   53  377   26.00000   21.00000  19.2%   342 1670s
  5250  3863   22.00000   74  353   26.00000   21.00000  19.2%   341 1675s
  5273  3884   24.00000   97  352   26.00000   21.00000  19.2%   341 1680s
  5288  3899   25.00000  112  321   26.00000   21.00000  19.2%   341 1685s
  5317  3914   21.00000   47  371   26.00000   21.00000  19.2%   341 1690s
  5334  3929   22.00000   56  348   26.00000   21.00000  19.2%   341 1695s
  5345  3939   22.00000   62  306   26.00000   21.00000  19.2%   341 1700s
  5362  3953   23.00000   71  339   26.00000   21.00000  19.2%   341 1705s
  5378  3967   24.00000   79  314   26.00000   21.00000  19.2%   341 1710s
  5396  3980   24.57496   88  242   26.00000   21.00000  19.2%   341 1715s
  5417  3992   24.00000   99  247   26.00000   21.00000  19.2%   341 1720s
  5432  3994   23.00000   46  395   26.00000   21.00000  19.2%   341 1726s
  5440  4002   23.00000   50  307   26.00000   21.00000  19.2%   341 1730s
  5452  4013   24.00000   53  328   26.00000   21.00000  19.2%   341 1735s
  5475  4034   25.00000   64  280   26.00000   21.00000  19.2%   341 1740s
  5491  4046   25.00000   68  271   26.00000   21.00000  19.2%   341 1745s
  5506  4048   22.00000   48  331   26.00000   21.00000  19.2%   342 1750s
  5526  4068   22.00000   68  359   26.00000   21.00000  19.2%   342 1755s
  5544  4085   23.00000   86  315   26.00000   21.00000  19.2%   341 1760s
  5575  4115   24.00000  117  308   26.00000   21.00000  19.2%   340 1765s
  5606  4143   25.00000  147  301   26.00000   21.00000  19.2%   339 1770s
  5630  4156   22.00000   57  352   26.00000   21.00000  19.2%   339 1775s
  5647  4173   22.00000   74  330   26.00000   21.00000  19.2%   338 1780s
  5664  4189   23.00000   91  342   26.00000   21.00000  19.2%   338 1785s
  5691  4215   24.00000  118  315   26.00000   21.00000  19.2%   337 1790s
  5722  4243   25.00000  148  269   26.00000   21.00000  19.2%   336 1795s

Cutting planes:
  Gomory: 6
  Cover: 4
  Implied bound: 20
  Clique: 90
  MIR: 21
  Flow cover: 75
  Zero half: 20

Explored 5743 nodes (1985460 simplex iterations) in 1800.04 seconds
Thread count was 1 (of 12 available processors)

Solution count 4: 26 32 5252 5261 
Pool objective bound 21

Time limit reached
Best objective 2.600000000000e+01, best bound 2.100000000000e+01, gap 19.2308%
