
Gurobi 7.0.2 (win64) logging started 06/24/20 00:57:50

Read LP format model from file C:\George\Professor\Pesquisa\Orientacoes em Pos-graduacao\2019 MSC PPGCC Guilherme Figueroa\Fanjuls Solver\Results\I_150_30_S_1-9_1_MTZ_KB.lp
Reading time = 4.20 seconds
: 31860 rows, 684151 columns, 2772030 nonzeros
Optimize a model with 31860 rows, 684151 columns and 2772030 nonzeros
Variable types: 4651 continuous, 679500 integer (679500 binary)
Coefficient statistics:
  Matrix range     [1e+00, 2e+02]
  Objective range  [1e+00, 1e+00]
  Bounds range     [1e+00, 1e+00]
  RHS range        [1e+00, 1e+02]
Presolve removed 0 rows and 0 columns (presolve time = 7s) ...
Presolve time: 8.11s
Presolved: 31860 rows, 684151 columns, 2772030 nonzeros
Variable types: 150 continuous, 684001 integer (684000 binary)
Found heuristic solution: objective 8149.0000000
Found heuristic solution: objective 8148.0000000

Root simplex log...

Iteration    Objective       Primal Inf.    Dual Inf.      Time
       0    0.0000000e+00   3.000000e+02   0.000000e+00     19s
    2039    2.8051980e-05   3.236001e+04   0.000000e+00     20s
    4996    7.2960090e-05   4.119770e+03   0.000000e+00     25s
    6280    1.3527058e-04   1.675486e+03   0.000000e+00     30s
    8741    2.4078063e-04   6.990321e+03   0.000000e+00     35s
   10346    3.0689785e-04   2.631239e+03   0.000000e+00     40s
   10960    3.3489008e-04   2.056479e+03   0.000000e+00     46s
   11388    3.6662294e-04   1.101593e+04   0.000000e+00     50s
   11816    3.8962705e-04   1.315077e+04   0.000000e+00     55s
   12351    4.1680413e-04   5.192744e+03   0.000000e+00     60s
   12886    4.4867154e-04   2.988690e+03   0.000000e+00     66s
   13318    4.6675702e-04   3.226616e+03   0.000000e+00     70s
   13931    4.8769978e-04   2.859850e+03   0.000000e+00     76s
   14361    4.9790687e-04   7.859558e+03   0.000000e+00     80s
   15065    5.4216178e-04   6.411256e+03   0.000000e+00     85s
   15667    5.7122547e-04   5.482447e+03   0.000000e+00     91s
   16120    6.0394923e-04   2.796279e+04   0.000000e+00     95s
   16656    6.5130876e-04   2.776743e+03   0.000000e+00    100s
   18043    7.3131645e-04   1.057808e+04   0.000000e+00    105s
   18741    7.5914487e-04   4.368262e+03   0.000000e+00    110s
   19491    8.0027128e-04   5.090581e+03   0.000000e+00    116s
   20027    8.2526465e-04   2.753790e+03   0.000000e+00    121s
   20704    8.6844098e-04   2.716294e+03   0.000000e+00    126s
   21265    8.9728141e-04   6.564765e+03   0.000000e+00    130s
   21698    9.1909489e-04   6.742144e+03   0.000000e+00    136s
   22485    9.5928252e-04   2.638848e+03   0.000000e+00    140s
   24135    1.0377703e-03   4.904365e+03   0.000000e+00    145s
   26202    1.1251709e-03   3.607450e+04   0.000000e+00    150s
   27169    1.1577429e-03   6.376698e+03   0.000000e+00    155s
   28311    1.2064002e-03   4.990539e+03   0.000000e+00    160s
   29702    1.2668743e-03   1.115148e+04   0.000000e+00    165s
   30673    1.3125793e-03   1.795045e+04   0.000000e+00    170s
   31850    1.3515985e-03   7.765064e+05   0.000000e+00    175s
   32385    1.3703043e-03   2.397452e+04   0.000000e+00    180s
   33355    1.4151046e-03   7.050297e+03   0.000000e+00    186s
   35495    1.5181078e-03   5.832724e+03   0.000000e+00    190s
   37761    1.6068322e-03   8.530641e+04   0.000000e+00    195s
   38727    1.6429412e-03   8.658889e+03   0.000000e+00    200s
   39694    1.6804773e-03   1.451060e+04   0.000000e+00    205s
   40336    1.7042757e-03   6.181171e+03   0.000000e+00    210s
   41299    1.7475287e-03   1.875278e+04   0.000000e+00    216s
   41727    1.7626290e-03   2.492014e+04   0.000000e+00    220s
   42478    1.7893550e-03   2.034776e+04   0.000000e+00    226s
   43120    1.8154733e-03   1.196686e+04   0.000000e+00    230s
   44017    1.8642751e-03   1.305154e+04   0.000000e+00    235s
   44876    1.9070217e-03   7.130776e+03   0.000000e+00    240s
   46588    1.9919046e-03   8.729730e+03   0.000000e+00    245s
   47234    2.0211457e-03   8.153174e+03   0.000000e+00    251s
   48304    2.0663297e-03   1.502763e+04   0.000000e+00    255s
   49718    2.1322031e-03   1.088691e+04   0.000000e+00    260s
   51323    2.1950245e-03   1.072879e+04   0.000000e+00    265s
   52857    2.2551958e-03   1.910314e+04   0.000000e+00    270s
   55235    2.3741351e-03   6.226332e+03   0.000000e+00    276s
   56124    2.4301935e-03   2.916648e+04   0.000000e+00    281s
   57434    2.5193576e-03   1.582286e+04   0.000000e+00    287s
   58730    2.6105079e-03   9.739353e+03   0.000000e+00    291s
   60294    2.7317910e-03   2.370725e+04   0.000000e+00    295s
   62864    2.9877771e-03   5.325907e+03   0.000000e+00    301s
   63538    3.0634664e-03   2.592220e+04   0.000000e+00    305s
   66173    3.4901921e-03   2.831601e+04   0.000000e+00    310s
   69410    4.0811306e-03   4.832032e+04   0.000000e+00    315s
   71829    4.5909351e-03   1.600411e+04   0.000000e+00    320s
   74817    5.0560184e-03   1.054611e+04   0.000000e+00    326s
   79213    6.4643654e-03   3.618974e+04   0.000000e+00    330s
   87434    1.6457254e-02   1.407523e+05   0.000000e+00    335s
   91363    2.4708203e+01   3.150831e+03   0.000000e+00    340s
   93887    2.5641705e+01   1.332228e+03   0.000000e+00    345s
   95721    2.6054722e+01   2.823521e+03   0.000000e+00    351s
   97167    2.6322113e+01   2.718360e+03   0.000000e+00    357s
   97767    2.6448379e+01   6.753053e+02   0.000000e+00    360s
   99252    2.6720037e+01   8.129105e+02   0.000000e+00    366s
  100097    2.6828670e+01   3.396171e+02   0.000000e+00    371s
  100542    2.6881606e+01   2.708727e+02   0.000000e+00    375s
  101204    2.6999313e+01   7.533952e+02   0.000000e+00    380s
  101732    2.7037952e+01   5.234812e+02   0.000000e+00    386s
  102358    2.7091090e+01   2.781199e+03   0.000000e+00    391s
  103005    2.7127633e+01   5.390927e+02   0.000000e+00    396s
  103309    2.7138264e+01   1.279662e+03   0.000000e+00    401s
  103762    2.7160489e+01   1.822526e+03   0.000000e+00    406s
  104147    2.7164068e+01   1.149278e+01   0.000000e+00    411s
  104498    2.7167093e+01   1.102120e+01   0.000000e+00    416s
  104788    2.7169427e+01   7.251747e+00   0.000000e+00    420s
  105187    2.7171871e+01   2.576178e+00   0.000000e+00    427s
  105401    2.7173490e+01   2.022935e+01   0.000000e+00    431s
  105720    2.7174014e+01   1.929327e+00   0.000000e+00    437s
  105957    2.7174114e+01   9.574649e-02   0.000000e+00    442s
  106078    2.7172554e+01   0.000000e+00   0.000000e+00    445s

Root relaxation: objective 2.717255e+01, 106078 iterations, 425.49 seconds
Total elapsed time = 447.72s

    Nodes    |    Current Node    |     Objective Bounds      |     Work
 Expl Unexpl |  Obj  Depth IntInf | Incumbent    BestBd   Gap | It/Node Time

     0     0   27.17255    0  473 8148.00000   27.17255   100%     -  450s
H    0     0                     102.0000000   27.17255  73.4%     -  699s
H    0     0                      45.0000000   27.17255  39.6%     -  817s
     0     0   27.34700    0  526   45.00000   27.34700  39.2%     -  835s
     0     0   27.34700    0  467   45.00000   27.34700  39.2%     -  917s
H    0     0                      40.0000000   27.34700  31.6%     -  921s
     0     0   28.00000    0  651   40.00000   28.00000  30.0%     -  960s
H    0     0                      39.0000000   28.00000  28.2%     -  978s
     0     0   28.00000    0  583   39.00000   28.00000  28.2%     -  988s
     0     0   28.00000    0  612   39.00000   28.00000  28.2%     - 1015s
     0     0   28.00000    0  607   39.00000   28.00000  28.2%     - 1017s
     0     0   28.00000    0  582   39.00000   28.00000  28.2%     - 1043s
     0     0   28.00000    0  584   39.00000   28.00000  28.2%     - 1050s
     0     0   28.00000    0  553   39.00000   28.00000  28.2%     - 1066s
     0     0   28.00000    0  579   39.00000   28.00000  28.2%     - 1071s
     0     0   28.00000    0  590   39.00000   28.00000  28.2%     - 1083s
H    0     0                      35.0000000   28.00000  20.0%     - 1109s
     0     0   28.00000    0  551   35.00000   28.00000  20.0%     - 1109s
     0     0   28.00000    0  410   35.00000   28.00000  20.0%     - 1144s
     0     0   28.00000    0  619   35.00000   28.00000  20.0%     - 1160s
     0     0   28.00000    0  360   35.00000   28.00000  20.0%     - 1206s
     0     0   28.00000    0  590   35.00000   28.00000  20.0%     - 1222s
     0     0   28.00000    0  396   35.00000   28.00000  20.0%     - 1257s
     0     0   28.00000    0  493   35.00000   28.00000  20.0%     - 1269s
     0     0   28.00000    0  347   35.00000   28.00000  20.0%     - 1313s
     0     0   28.00000    0  558   35.00000   28.00000  20.0%     - 1345s
     0     0   28.00000    0  347   35.00000   28.00000  20.0%     - 1384s
     0     0   28.00000    0  347   35.00000   28.00000  20.0%     - 1474s
     0     2   28.00000    0  336   35.00000   28.00000  20.0%     - 1525s
     2     3   28.00000    0  526   35.00000   28.00000  20.0%  3883 1611s
     4     4   28.00000    0  341   35.00000   28.00000  20.0%  1942 1641s
     5     5   28.00000    0  694   35.00000   28.00000  20.0%  1553 1660s
     6     6   28.00000    0  634   35.00000   28.00000  20.0%  1294 1673s
     7     6   28.00000    0  708   35.00000   28.00000  20.0%  1109 1680s
     8     7   28.00000    0  683   35.00000   28.00000  20.0%   971 1686s
     9     8   28.00000    0  388   35.00000   28.00000  20.0%   863 1720s
    10     8   28.00000    0  551   35.00000   28.00000  20.0%   777 1741s
    11     9   28.00000    0  491   35.00000   28.00000  20.0%   706 1768s
    12    10   28.00000    0  611   35.00000   28.00000  20.0%   647 1779s

Cutting planes:
  Gomory: 3
  Implied bound: 9
  Clique: 23
  MIR: 46
  Flow cover: 157
  Zero half: 10

Explored 12 nodes (419743 simplex iterations) in 1800.11 seconds
Thread count was 1 (of 12 available processors)

Solution count 7: 35 39 40 ... 8149
Pool objective bound 28

Time limit reached
Best objective 3.500000000000e+01, best bound 2.800000000000e+01, gap 20.0000%
