
Gurobi 7.0.2 (win64) logging started 06/24/20 01:56:16

Read LP format model from file C:\George\Professor\Pesquisa\Orientacoes em Pos-graduacao\2019 MSC PPGCC Guilherme Figueroa\Fanjuls Solver\Results\I_200_15_S_1-99_1_MTZ_KB.lp
Reading time = 4.00 seconds
: 46430 rows, 606201 columns, 2498015 nonzeros
Optimize a model with 46430 rows, 606201 columns and 2498015 nonzeros
Variable types: 3201 continuous, 603000 integer (603000 binary)
Coefficient statistics:
  Matrix range     [1e+00, 2e+02]
  Objective range  [1e+00, 1e+00]
  Bounds range     [1e+00, 1e+00]
  RHS range        [1e+00, 2e+02]
Presolve removed 0 rows and 0 columns (presolve time = 7s) ...
Presolve time: 8.02s
Presolved: 46430 rows, 606201 columns, 2498015 nonzeros
Variable types: 200 continuous, 606001 integer (606000 binary)
Found heuristic solution: objective 19745.000000

Root simplex log...

Iteration    Objective       Primal Inf.    Dual Inf.      Time
       0    0.0000000e+00   4.000000e+02   0.000000e+00     23s
    2120    5.9744808e-05   3.500304e+03   0.000000e+00     25s
    3088    1.0728997e-04   2.059945e+03   0.000000e+00     31s
    4124    1.4073509e-04   1.822273e+03   0.000000e+00     35s
    5298    1.8302668e-04   3.094977e+03   0.000000e+00     40s
    6318    2.2555030e-04   4.985739e+03   0.000000e+00     45s
    7067    2.5848221e-04   2.641425e+03   0.000000e+00     51s
    8393    3.1427149e-04   1.868207e+03   0.000000e+00     56s
    9128    3.4153073e-04   2.999152e+03   0.000000e+00     61s
    9772    3.5808454e-04   2.897671e+03   0.000000e+00     66s
   10517    3.8749815e-04   2.792670e+03   0.000000e+00     70s
   11222    4.1275577e-04   4.609873e+03   0.000000e+00     76s
   12265    4.5878468e-04   3.751279e+03   0.000000e+00     81s
   12997    4.9153379e-04   2.366017e+03   0.000000e+00     85s
   13850    5.3309543e-04   4.630255e+03   0.000000e+00     90s
   15023    5.8371943e-04   8.336833e+03   0.000000e+00     95s
   16471    6.7218247e-04   5.066689e+03   0.000000e+00    101s
   17109    7.0432103e-04   1.128642e+04   0.000000e+00    105s
   17869    7.4522492e-04   1.317613e+04   0.000000e+00    110s
   18575    7.8887544e-04   1.474827e+04   0.000000e+00    115s
   19665    8.8274382e-04   7.320978e+03   0.000000e+00    121s
   20373    9.7046645e-04   1.322540e+04   0.000000e+00    126s
   21399    1.0623768e-03   1.020480e+04   0.000000e+00    130s
   22104    1.1704689e-03   1.097269e+04   0.000000e+00    135s
   23001    1.3318393e-03   2.138629e+04   0.000000e+00    141s
   23637    1.4617690e-03   1.436611e+04   0.000000e+00    146s
   24137    1.5795401e-03   9.495789e+05   0.000000e+00    151s
   24833    1.7556259e-03   5.102242e+04   0.000000e+00    155s
   25400    1.9453991e-03   1.756047e+04   0.000000e+00    161s
   30817    1.2610509e+02   2.361748e+03   0.000000e+00    165s
   33414    1.3886187e+02   8.618743e+02   0.000000e+00    170s
   35755    1.4773266e+02   1.448307e+03   0.000000e+00    176s
   36959    1.5081781e+02   1.923170e+03   0.000000e+00    180s
   38392    1.5320956e+02   1.263685e+03   0.000000e+00    185s
   39427    1.5443261e+02   1.012062e+03   0.000000e+00    191s
   40189    1.5519950e+02   1.486887e+03   0.000000e+00    195s
   40838    1.5559491e+02   2.466279e+03   0.000000e+00    201s
   41357    1.5587065e+02   8.764438e+02   0.000000e+00    206s
   41735    1.5603459e+02   1.651047e+03   0.000000e+00    210s
   42239    1.5624993e+02   3.626027e+02   0.000000e+00    217s
   42617    1.5644928e+02   5.578172e+03   0.000000e+00    221s
   42995    1.5659010e+02   5.349473e+03   0.000000e+00    226s
   43373    1.5670771e+02   5.549195e+02   0.000000e+00    231s
   43751    1.5680211e+02   5.331116e+02   0.000000e+00    237s
   44129    1.5689229e+02   2.157721e+02   0.000000e+00    242s
   44381    1.5694302e+02   4.562846e+02   0.000000e+00    246s
   44759    1.5708511e+02   9.125779e+02   0.000000e+00    251s
   45011    1.5713460e+02   2.048124e+02   0.000000e+00    255s
   45389    1.5723558e+02   9.193535e+01   0.000000e+00    262s
   45641    1.5729805e+02   3.052613e+03   0.000000e+00    266s
   45893    1.5735338e+02   2.114351e+02   0.000000e+00    270s
   46271    1.5740410e+02   9.616176e+01   0.000000e+00    277s
   46397    1.5741038e+02   4.119512e+00   0.000000e+00    280s
   46481    1.5741030e+02   0.000000e+00   0.000000e+00    282s

Root relaxation: objective 1.574103e+02, 46481 iterations, 259.29 seconds

    Nodes    |    Current Node    |     Objective Bounds      |     Work
 Expl Unexpl |  Obj  Depth IntInf | Incumbent    BestBd   Gap | It/Node Time

     0     0  157.41030    0  845 19745.0000  157.41030  99.2%     -  283s
H    0     0                     353.0000000  157.41030  55.4%     -  690s
H    0     0                     248.0000000  157.41030  36.5%     -  901s
     0     0  157.51251    0  866  248.00000  157.51251  36.5%     - 1073s
     0     0  157.51251    0  866  248.00000  157.51251  36.5%     - 1242s
     0     0  157.51251    0  866  248.00000  157.51251  36.5%     - 1244s
     0     0  157.66149    0  847  248.00000  157.66149  36.4%     - 1444s
     0     0  157.66149    0  847  248.00000  157.66149  36.4%     - 1446s
     0     0  157.66149    0  847  248.00000  157.66149  36.4%     - 1451s
     0     0  157.66149    0  847  248.00000  157.66149  36.4%     - 1460s
     0     0  157.66149    0  847  248.00000  157.66149  36.4%     - 1468s

Cutting planes:
  Learned: 3
  MIR: 165

Explored 0 nodes (51021 simplex iterations) in 1819.32 seconds
Thread count was 1 (of 12 available processors)

Solution count 3: 248 353 19745 
Pool objective bound 158

Time limit reached
Best objective 2.480000000000e+02, best bound 1.580000000000e+02, gap 36.2903%
