
Gurobi 7.0.2 (win64) logging started 06/24/20 02:26:44

Read LP format model from file C:\George\Professor\Pesquisa\Orientacoes em Pos-graduacao\2019 MSC PPGCC Guilherme Figueroa\Fanjuls Solver\Results\I_250_15_S_1-9_8_MTZ_KB.lp
Reading time = 7.09 seconds
: 70530 rows, 945251 columns, 3897515 nonzeros
Optimize a model with 70530 rows, 945251 columns and 3897515 nonzeros
Variable types: 4001 continuous, 941250 integer (941250 binary)
Coefficient statistics:
  Matrix range     [1e+00, 3e+02]
  Objective range  [1e+00, 1e+00]
  Bounds range     [1e+00, 1e+00]
  RHS range        [1e+00, 2e+02]
Presolve removed 0 rows and 0 columns (presolve time = 5s) ...
Presolve removed 0 rows and 0 columns (presolve time = 14s) ...
Presolve removed 0 rows and 0 columns (presolve time = 16s) ...
Presolve time: 15.91s
Presolved: 70530 rows, 945251 columns, 3897515 nonzeros
Variable types: 250 continuous, 945001 integer (945000 binary)
Found heuristic solution: objective 13348.000000
Found heuristic solution: objective 13346.000000

Root simplex log...

Iteration    Objective       Primal Inf.    Dual Inf.      Time
       0    0.0000000e+00   5.000000e+02   0.000000e+00     38s
    3106    5.7293301e-05   2.249506e+03   0.000000e+00     40s
    4775    8.9390311e-05   9.705974e+03   0.000000e+00     45s
    5383    1.2364657e-04   6.485325e+03   0.000000e+00     51s
    5687    1.4989508e-04   4.381064e+03   0.000000e+00     56s
    5991    1.7016595e-04   7.638754e+03   0.000000e+00     63s
    6143    1.8580305e-04   4.192866e+03   0.000000e+00     67s
    6944    2.2800535e-04   7.217691e+03   0.000000e+00     73s
    7123    2.4493858e-04   5.676766e+03   0.000000e+00     76s
    7519    2.6736718e-04   4.819498e+03   0.000000e+00     82s
    7991    2.7874103e-04   8.024052e+03   0.000000e+00     86s
    8676    2.9739870e-04   5.154234e+03   0.000000e+00     90s
    9362    3.1795445e-04   4.104930e+03   0.000000e+00     96s
   10163    3.3515374e-04   3.393821e+03   0.000000e+00    101s
   11083    3.5053886e-04   3.931109e+03   0.000000e+00    105s
   11697    3.6479945e-04   4.712586e+03   0.000000e+00    110s
   12438    3.7853986e-04   4.031194e+03   0.000000e+00    116s
   13178    3.8792178e-04   3.630050e+03   0.000000e+00    123s
   13649    3.9483718e-04   4.495880e+03   0.000000e+00    126s
   14176    4.0449894e-04   5.917781e+03   0.000000e+00    134s
   14652    4.1374278e-04   6.485333e+03   0.000000e+00    137s
   15148    4.2296710e-04   5.879286e+03   0.000000e+00    142s
   15642    4.2852056e-04   8.485272e+03   0.000000e+00    147s
   16002    4.3690248e-04   7.584603e+03   0.000000e+00    151s
   16327    4.4896767e-04   4.637353e+03   0.000000e+00    156s
   17093    4.6380280e-04   5.961321e+03   0.000000e+00    160s
   17800    4.8346151e-04   5.408307e+03   0.000000e+00    165s
   18602    4.9907416e-04   6.194101e+03   0.000000e+00    173s
   18807    5.0615016e-04   5.929475e+03   0.000000e+00    175s
   19697    5.2462505e-04   1.056190e+04   0.000000e+00    182s
   20218    5.3882578e-04   9.284794e+03   0.000000e+00    187s
   20878    5.5276503e-04   4.220206e+03   0.000000e+00    190s
   21358    5.6665988e-04   7.099783e+03   0.000000e+00    198s
   21639    5.7555669e-04   3.785027e+03   0.000000e+00    201s
   22186    5.9002832e-04   4.681282e+03   0.000000e+00    208s
   22629    6.0217770e-04   5.225630e+03   0.000000e+00    212s
   23142    6.1436707e-04   4.947564e+03   0.000000e+00    218s
   23467    6.2171048e-04   6.903548e+03   0.000000e+00    221s
   24138    6.3375699e-04   5.081649e+03   0.000000e+00    228s
   24400    6.3911994e-04   3.578121e+03   0.000000e+00    231s
   24658    6.4473636e-04   4.078414e+03   0.000000e+00    235s
   25294    6.6142611e-04   6.485655e+03   0.000000e+00    241s
   25722    6.7182281e-04   7.534017e+03   0.000000e+00    248s
   26172    6.8346919e-04   1.073641e+04   0.000000e+00    254s
   26375    6.9071941e-04   7.741616e+03   0.000000e+00    257s
   26581    6.9672712e-04   4.421598e+03   0.000000e+00    261s
   27053    7.0896303e-04   1.866492e+04   0.000000e+00    267s
   27314    7.1822071e-04   9.893009e+03   0.000000e+00    270s
   28104    7.3952274e-04   9.333466e+03   0.000000e+00    278s
   28397    7.4511094e-04   1.157021e+04   0.000000e+00    282s
   28835    7.5421069e-04   1.013178e+04   0.000000e+00    287s
   29756    7.6866364e-04   9.178276e+03   0.000000e+00    294s
   30111    7.7611963e-04   7.567305e+03   0.000000e+00    297s
   30528    7.9113480e-04   4.790397e+03   0.000000e+00    303s
   30852    8.0011667e-04   5.071881e+03   0.000000e+00    307s
   31605    8.1747650e-04   6.722329e+03   0.000000e+00    313s
   32445    8.4617557e-04   6.009313e+03   0.000000e+00    318s
   32877    8.5562774e-04   7.460005e+03   0.000000e+00    322s
   33242    8.6678234e-04   6.432412e+03   0.000000e+00    326s
   34523    9.0018487e-04   7.284498e+03   0.000000e+00    334s
   34930    9.1616622e-04   9.685630e+03   0.000000e+00    338s
   35405    9.2180954e-04   8.893518e+03   0.000000e+00    343s
   35729    9.3907602e-04   8.835621e+03   0.000000e+00    347s
   36409    9.7295190e-04   5.995078e+03   0.000000e+00    352s
   36878    9.8740686e-04   1.273554e+04   0.000000e+00    356s
   37670    1.0129300e-03   9.803826e+03   0.000000e+00    364s
   38154    1.0224455e-03   5.645517e+03   0.000000e+00    370s
   38797    1.0400590e-03   7.560378e+03   0.000000e+00    379s
   39124    1.0488091e-03   6.449938e+03   0.000000e+00    382s
   39826    1.0681824e-03   6.741240e+03   0.000000e+00    391s
   41108    1.1052254e-03   8.717556e+03   0.000000e+00    399s
   41459    1.1242026e-03   1.567393e+04   0.000000e+00    403s
   42351    1.1475588e-03   1.146639e+04   0.000000e+00    405s
   43019    1.1937122e-03   1.795803e+04   0.000000e+00    413s
   43551    1.2166263e-03   1.605577e+04   0.000000e+00    420s
   44158    1.2269524e-03   1.159974e+04   0.000000e+00    428s
   44623    1.2396394e-03   1.762330e+04   0.000000e+00    433s
   45200    1.2821638e-03   1.398620e+04   0.000000e+00    440s
   46299    1.3339956e-03   2.350354e+04   0.000000e+00    451s
   46850    1.3853471e-03   1.505947e+04   0.000000e+00    455s
   47437    1.4203099e-03   5.488556e+04   0.000000e+00    461s
   47968    1.4810785e-03   2.318866e+04   0.000000e+00    465s
   48899    1.5697525e-03   2.260371e+04   0.000000e+00    473s
   50287    1.6299947e-03   3.971324e+04   0.000000e+00    477s
   52204    1.7143769e-03   1.377563e+04   0.000000e+00    482s
   52865    1.7439583e-03   9.852003e+03   0.000000e+00    487s
   53338    1.7720679e-03   3.435696e+04   0.000000e+00    491s
   54045    1.8352448e-03   8.838209e+03   0.000000e+00    497s
   55549    1.9534118e-03   2.264445e+04   0.000000e+00    501s
   56098    2.0325209e-03   2.525726e+04   0.000000e+00    509s
   57266    2.0909100e-03   1.847493e+04   0.000000e+00    517s
   58806    2.1504023e-03   1.479655e+04   0.000000e+00    520s
   60418    2.2932147e-03   3.168769e+04   0.000000e+00    532s
   61288    2.3294264e-03   2.862953e+04   0.000000e+00    540s
   75959    1.1214733e+02   2.056294e+03   0.000000e+00    545s
   81631    1.2070984e+02   8.004125e+02   0.000000e+00    552s
   84399    1.2231766e+02   6.386877e+02   0.000000e+00    559s
   85817    1.2310774e+02   3.797004e+02   0.000000e+00    562s
   87235    1.2334827e+02   3.386956e+02   0.000000e+00    567s
   88653    1.2378097e+02   1.260218e+03   0.000000e+00    571s
   89768    1.2418253e+02   7.278506e+02   0.000000e+00    576s
   91186    1.2432507e+02   1.956412e+02   0.000000e+00    586s
   92604    1.2434064e+02   1.370858e+01   0.000000e+00    600s
   93298    1.2434306e+02   2.084933e+01   0.000000e+00    606s
   93847    1.2434473e+02   2.084335e+01   0.000000e+00    610s
   95040    1.2435751e+02   7.989244e-02   0.000000e+00    618s
   95075    1.2435639e+02   0.000000e+00   0.000000e+00    618s

Root relaxation: objective 1.243564e+02, 95075 iterations, 580.12 seconds
Total elapsed time = 622.17s
Total elapsed time = 626.89s
Total elapsed time = 631.61s

    Nodes    |    Current Node    |     Objective Bounds      |     Work
 Expl Unexpl |  Obj  Depth IntInf | Incumbent    BestBd   Gap | It/Node Time

     0     0  124.35639    0  316 13346.0000  124.35639  99.1%     -  632s
H    0     0                     145.0000000  124.35639  14.2%     -  655s
     0     0  124.52414    0  418  145.00000  124.52414  14.1%     -  829s
     0     0  124.52414    0  420  145.00000  124.52414  14.1%     -  848s
     0     0  124.57740    0  434  145.00000  124.57740  14.1%     -  891s
     0     0  124.57740    0  432  145.00000  124.57740  14.1%     - 1250s
     0     0  124.57953    0  410  145.00000  124.57953  14.1%     - 1276s
     0     0  124.57953    0  410  145.00000  124.57953  14.1%     - 1278s
     0     0  124.57953    0  416  145.00000  124.57953  14.1%     - 1283s
     0     0  124.57953    0  416  145.00000  124.57953  14.1%     - 1285s
     0     0  124.57953    0  316  145.00000  124.57953  14.1%     - 1297s
     0     0  124.57953    0  328  145.00000  124.57953  14.1%     - 1301s
     0     0  124.57953    0  301  145.00000  124.57953  14.1%     - 1313s
     0     0  124.57953    0  304  145.00000  124.57953  14.1%     - 1314s
     0     0  124.57953    0  302  145.00000  124.57953  14.1%     - 1322s
     0     0  124.57953    0  298  145.00000  124.57953  14.1%     - 1326s
     0     0  124.57953    0  303  145.00000  124.57953  14.1%     - 1337s
     0     0  124.57953    0  303  145.00000  124.57953  14.1%     - 1339s
     0     0  124.57953    0  301  145.00000  124.57953  14.1%     - 1349s

Cutting planes:
  Learned: 13
  MIR: 42

Explored 0 nodes (152069 simplex iterations) in 1802.59 seconds
Thread count was 1 (of 12 available processors)

Solution count 3: 145 13346 13348 
Pool objective bound 125

Time limit reached
Best objective 1.450000000000e+02, best bound 1.250000000000e+02, gap 13.7931%
