
Gurobi 7.0.2 (win64) logging started 06/24/20 01:58:16

Read LP format model from file C:\George\Professor\Pesquisa\Orientacoes em Pos-graduacao\2019 MSC PPGCC Guilherme Figueroa\Fanjuls Solver\Results\I_250_30_S_1-49_1_MTZ_KB.lp
Reading time = 14.00 seconds
: 78060 rows, 1890251 columns, 7670030 nonzeros
Optimize a model with 78060 rows, 1890251 columns and 7670030 nonzeros
Variable types: 7751 continuous, 1882500 integer (1882500 binary)
Coefficient statistics:
  Matrix range     [1e+00, 3e+02]
  Objective range  [1e+00, 1e+00]
  Bounds range     [1e+00, 1e+00]
  RHS range        [1e+00, 2e+02]
Presolve removed 0 rows and 0 columns (presolve time = 5s) ...
Presolve removed 0 rows and 0 columns (presolve time = 10s) ...
Presolve removed 0 rows and 0 columns (presolve time = 15s) ...
Presolve removed 0 rows and 0 columns (presolve time = 24s) ...
Presolve removed 0 rows and 0 columns (presolve time = 28s) ...
Presolve time: 27.55s
Presolved: 78060 rows, 1890251 columns, 7670030 nonzeros
Variable types: 250 continuous, 1890001 integer (1890000 binary)
Found heuristic solution: objective 19452.000000

Root simplex log...

Iteration    Objective       Primal Inf.    Dual Inf.      Time
       0    0.0000000e+00   5.000000e+02   0.000000e+00     75s
    1009    1.5728734e-12   9.947459e+03   0.000000e+00     75s
    4003    6.1429844e-05   5.277484e+03   0.000000e+00     80s
    5297    8.2744204e-05   6.664949e+03   0.000000e+00     85s
    5937    9.7309498e-05   3.185788e+04   0.000000e+00     90s
    6518    1.4482451e-04   5.919732e+03   0.000000e+00    100s
    6678    1.5458940e-04   8.303376e+03   0.000000e+00    104s
    6838    1.9064389e-04   1.635401e+04   0.000000e+00    110s
    7011    2.0978733e-04   7.249752e+03   0.000000e+00    115s
    7171    2.3289213e-04   6.638416e+03   0.000000e+00    121s
    7331    2.5313476e-04   7.263025e+03   0.000000e+00    125s
    7651    2.8103545e-04   7.508096e+03   0.000000e+00    134s
    7811    2.9226121e-04   6.361373e+03   0.000000e+00    137s
    7971    3.0302569e-04   7.012333e+03   0.000000e+00    141s
    8131    3.1311807e-04   6.655568e+03   0.000000e+00    146s
    8451    3.2829851e-04   5.657364e+03   0.000000e+00    154s
    8652    3.3271264e-04   6.724374e+03   0.000000e+00    158s
    8883    3.3405435e-04   5.707390e+03   0.000000e+00    161s
    9106    3.4448617e-04   6.796943e+03   0.000000e+00    165s
    9266    3.6699537e-04   5.309018e+03   0.000000e+00    171s
    9426    3.8419581e-04   4.394731e+03   0.000000e+00    176s
    9586    4.0047550e-04   5.079377e+03   0.000000e+00    181s
   10066    4.4202400e-04   3.268408e+03   0.000000e+00    188s
   10279    4.6169056e-04   4.080380e+03   0.000000e+00    193s
   10503    4.8351002e-04   8.163033e+03   0.000000e+00    197s
   10868    5.1747502e-04   1.110757e+04   0.000000e+00    203s
   11050    5.3142096e-04   5.682500e+03   0.000000e+00    206s
   11640    5.7239472e-04   3.061010e+03   0.000000e+00    213s
   12198    5.8823179e-04   2.734594e+03   0.000000e+00    218s
   12684    6.1681165e-04   3.528240e+03   0.000000e+00    223s
   13185    6.4833930e-04   3.318342e+03   0.000000e+00    227s
   13649    6.7387074e-04   3.712107e+03   0.000000e+00    230s
   14443    7.1227682e-04   4.076406e+03   0.000000e+00    236s
   15362    7.4380052e-04   3.111992e+03   0.000000e+00    242s
   15821    7.5716800e-04   3.029513e+03   0.000000e+00    245s
   16417    7.7315180e-04   3.143006e+03   0.000000e+00    254s
   16700    7.8042254e-04   3.304725e+03   0.000000e+00    256s
   16952    7.8834659e-04   5.311810e+03   0.000000e+00    261s
   17430    8.1207355e-04   2.745272e+03   0.000000e+00    269s
   17733    8.2226621e-04   3.326685e+03   0.000000e+00    275s
   18309    8.4052020e-04   2.843385e+03   0.000000e+00    288s
   18659    8.4965996e-04   2.561559e+03   0.000000e+00    295s
   19257    8.6998488e-04   3.615073e+03   0.000000e+00    305s
   19562    8.7657088e-04   4.579721e+03   0.000000e+00    305s
   20086    8.9010587e-04   5.203107e+03   0.000000e+00    320s
   20299    8.9846298e-04   8.080809e+03   0.000000e+00    321s
   20528    9.0642295e-04   3.761922e+03   0.000000e+00    330s
   20952    9.1794776e-04   5.014467e+03   0.000000e+00    340s
   21169    9.2430894e-04   5.269417e+03   0.000000e+00    345s
   21357    9.3120512e-04   9.644031e+03   0.000000e+00    353s
   21560    9.3305988e-04   2.370654e+03   0.000000e+00    359s
   21725    9.3709743e-04   3.970559e+03   0.000000e+00    364s
   21939    9.4411046e-04   4.316172e+03   0.000000e+00    370s
   22099    9.4805275e-04   3.008945e+03   0.000000e+00    374s
   22259    9.5212307e-04   4.033998e+03   0.000000e+00    379s
   22579    9.5947261e-04   7.187967e+03   0.000000e+00    382s
   22756    9.6773077e-04   4.828220e+03   0.000000e+00    390s
   22989    9.7447643e-04   4.282083e+03   0.000000e+00    390s
   23216    9.7890288e-04   5.112341e+03   0.000000e+00    395s
   23433    9.8492885e-04   6.361531e+03   0.000000e+00    405s
   23644    9.9144422e-04   6.130512e+03   0.000000e+00    407s
   23874    9.9506012e-04   6.624342e+03   0.000000e+00    415s
   24287    1.0091434e-03   4.505205e+03   0.000000e+00    415s
   24665    1.0145171e-03   3.751155e+03   0.000000e+00    426s
   25176    1.0294651e-03   4.316879e+03   0.000000e+00    434s
   25406    1.0388583e-03   6.256051e+03   0.000000e+00    439s
   25657    1.0474705e-03   5.194909e+03   0.000000e+00    446s
   25901    1.0512844e-03   6.391150e+03   0.000000e+00    453s
   26061    1.0552119e-03   6.987035e+03   0.000000e+00    457s
   26272    1.0598876e-03   4.361012e+03   0.000000e+00    462s
   26467    1.0644308e-03   5.357485e+03   0.000000e+00    470s
   26642    1.0690203e-03   5.456739e+03   0.000000e+00    477s
   26808    1.0729969e-03   4.550823e+03   0.000000e+00    483s
   26968    1.0760380e-03   4.757409e+03   0.000000e+00    486s
   27535    1.0815443e-03   6.369165e+03   0.000000e+00    493s
   27715    1.0848642e-03   1.050294e+04   0.000000e+00    498s
   27893    1.0904306e-03   6.706190e+03   0.000000e+00    507s
   28068    1.0948265e-03   5.658929e+03   0.000000e+00    512s
   28403    1.1016018e-03   4.636198e+03   0.000000e+00    519s
   28587    1.1077288e-03   6.385914e+03   0.000000e+00    526s
   28772    1.1146228e-03   5.432274e+03   0.000000e+00    534s
   28952    1.1212481e-03   5.670915e+03   0.000000e+00    537s
   29133    1.1268052e-03   4.778732e+03   0.000000e+00    543s
   29312    1.1352213e-03   1.220447e+04   0.000000e+00    547s
   29472    1.1417230e-03   5.662752e+03   0.000000e+00    555s
   29632    1.1462520e-03   4.053209e+03   0.000000e+00    559s
   29792    1.1495387e-03   4.504138e+03   0.000000e+00    565s
   29952    1.1561880e-03   4.580843e+03   0.000000e+00    571s
   30965    1.1810546e-03   5.264991e+03   0.000000e+00    581s
   31311    1.1892856e-03   5.792889e+03   0.000000e+00    587s
   31471    1.1932434e-03   8.847411e+03   0.000000e+00    590s
   31642    1.1969676e-03   3.923140e+03   0.000000e+00    595s
   31984    1.2034284e-03   5.712526e+03   0.000000e+00    605s
   32148    1.2070508e-03   6.483993e+03   0.000000e+00    610s
   32308    1.2120716e-03   5.561423e+03   0.000000e+00    613s
   32628    1.2208815e-03   3.950309e+03   0.000000e+00    619s
   32788    1.2250530e-03   7.547630e+03   0.000000e+00    622s
   32948    1.2314880e-03   7.413852e+03   0.000000e+00    625s
   33112    1.2338601e-03   4.053104e+03   0.000000e+00    631s
   33432    1.2479651e-03   4.958824e+03   0.000000e+00    635s
   33754    1.2558219e-03   3.254706e+03   0.000000e+00    646s
   34077    1.2704327e-03   3.440300e+03   0.000000e+00    652s
   34237    1.2752771e-03   3.035627e+03   0.000000e+00    660s
   34416    1.2799481e-03   1.078510e+04   0.000000e+00    665s
   34606    1.2852664e-03   6.324434e+03   0.000000e+00    673s
   34783    1.2902598e-03   2.833665e+03   0.000000e+00    679s
   34964    1.2949951e-03   2.840297e+03   0.000000e+00    684s
   35339    1.3030803e-03   3.568734e+03   0.000000e+00    695s
   35505    1.3115990e-03   4.337144e+03   0.000000e+00    701s
   35666    1.3160404e-03   2.220387e+03   0.000000e+00    706s
   35986    1.3267503e-03   3.840748e+03   0.000000e+00    715s
   36146    1.3308776e-03   3.458924e+03   0.000000e+00    720s
   36306    1.3354869e-03   5.328947e+03   0.000000e+00    724s
   36488    1.3376032e-03   1.419234e+04   0.000000e+00    731s
   36830    1.3496100e-03   4.818314e+03   0.000000e+00    736s
   37312    1.3642895e-03   4.868769e+03   0.000000e+00    744s
   37634    1.3752200e-03   7.409216e+03   0.000000e+00    747s
   37794    1.3794911e-03   4.887561e+03   0.000000e+00    753s
   38114    1.3860757e-03   3.808323e+03   0.000000e+00    763s
   38434    1.3957145e-03   7.682575e+03   0.000000e+00    766s
   38914    1.4108316e-03   1.730449e+04   0.000000e+00    773s
   39074    1.4154893e-03   1.683431e+04   0.000000e+00    778s
   39234    1.4183209e-03   1.528627e+04   0.000000e+00    784s
   39396    1.4221813e-03   9.923384e+03   0.000000e+00    791s
   39558    1.4260414e-03   6.745959e+03   0.000000e+00    798s
   39723    1.4293604e-03   7.176991e+03   0.000000e+00    806s
   39890    1.4339072e-03   5.564176e+03   0.000000e+00    814s
   40050    1.4397086e-03   8.036089e+03   0.000000e+00    821s
   40222    1.4449663e-03   6.697515e+03   0.000000e+00    829s
   40385    1.4505555e-03   5.756908e+03   0.000000e+00    837s
   40545    1.4544034e-03   6.258629e+03   0.000000e+00    842s
   40706    1.4607706e-03   6.856717e+03   0.000000e+00    850s
   40879    1.4640646e-03   7.562690e+03   0.000000e+00    854s
   41039    1.4671861e-03   4.559432e+03   0.000000e+00    859s
   41199    1.4709954e-03   4.466010e+03   0.000000e+00    861s
   41576    1.4797104e-03   1.936831e+04   0.000000e+00    877s
   41751    1.4820039e-03   1.779694e+04   0.000000e+00    883s
   42116    1.4923661e-03   8.219647e+03   0.000000e+00    885s
   42335    1.4959353e-03   3.975306e+04   0.000000e+00    894s
   42532    1.4990668e-03   1.674327e+04   0.000000e+00    901s
   42713    1.5021118e-03   7.009421e+03   0.000000e+00    908s
   42879    1.5053322e-03   6.429673e+03   0.000000e+00    915s
   43199    1.5130998e-03   7.400463e+03   0.000000e+00    921s
   43359    1.5187735e-03   6.207846e+03   0.000000e+00    928s
   43519    1.5239120e-03   6.920052e+03   0.000000e+00    933s
   43679    1.5288376e-03   6.360154e+03   0.000000e+00    940s
   43856    1.5350507e-03   7.492890e+03   0.000000e+00    946s
   44176    1.5421171e-03   8.027433e+03   0.000000e+00    957s
   44336    1.5465861e-03   6.529510e+03   0.000000e+00    963s
   44496    1.5516339e-03   5.323819e+03   0.000000e+00    968s
   44656    1.5561936e-03   7.012108e+03   0.000000e+00    974s
   44816    1.5597585e-03   4.599209e+03   0.000000e+00    980s
   44982    1.5627180e-03   5.036977e+03   0.000000e+00    986s
   45142    1.5655841e-03   7.349812e+03   0.000000e+00    994s
   45302    1.5681650e-03   6.360233e+03   0.000000e+00    999s
   45472    1.5733758e-03   1.343874e+04   0.000000e+00   1004s
   45635    1.5787052e-03   6.748189e+03   0.000000e+00   1009s
   45795    1.5836672e-03   6.299613e+03   0.000000e+00   1013s
   45955    1.5892342e-03   4.433564e+03   0.000000e+00   1019s
   46115    1.5943171e-03   5.113709e+03   0.000000e+00   1025s
   46275    1.5971457e-03   3.791123e+03   0.000000e+00   1031s
   46435    1.6019044e-03   5.672561e+03   0.000000e+00   1037s
   46595    1.6057725e-03   4.775944e+03   0.000000e+00   1042s
   46915    1.6137081e-03   7.490419e+03   0.000000e+00   1047s
   47075    1.6179492e-03   1.367823e+04   0.000000e+00   1053s
   47421    1.6238197e-03   2.066134e+04   0.000000e+00   1063s
   47581    1.6249187e-03   2.015865e+04   0.000000e+00   1069s
   47741    1.6299516e-03   9.310270e+03   0.000000e+00   1072s
   47901    1.6345474e-03   2.558962e+04   0.000000e+00   1077s
   48061    1.6403749e-03   7.206705e+03   0.000000e+00   1081s
   48221    1.6431607e-03   1.270716e+04   0.000000e+00   1087s
   48381    1.6470790e-03   9.748528e+03   0.000000e+00   1095s
   48541    1.6524205e-03   5.426000e+03   0.000000e+00   1100s
   48701    1.6563751e-03   6.893248e+03   0.000000e+00   1106s
   48861    1.6606105e-03   8.367934e+03   0.000000e+00   1113s
   49021    1.6658949e-03   1.615464e+04   0.000000e+00   1116s
   49341    1.6753901e-03   9.561876e+03   0.000000e+00   1126s
   49501    1.6812001e-03   1.038127e+04   0.000000e+00   1133s
   49661    1.6882682e-03   6.725068e+03   0.000000e+00   1135s
   49821    1.6901272e-03   5.731620e+03   0.000000e+00   1142s
   49981    1.6934298e-03   8.446784e+03   0.000000e+00   1150s
   50141    1.6997447e-03   9.509613e+03   0.000000e+00   1155s
   50301    1.7040238e-03   4.375944e+03   0.000000e+00   1160s
   50625    1.7147950e-03   2.024865e+04   0.000000e+00   1166s
   51107    1.7360799e-03   7.929912e+03   0.000000e+00   1170s
   51273    1.7428389e-03   7.403755e+03   0.000000e+00   1177s
   51450    1.7463173e-03   7.163617e+03   0.000000e+00   1184s
   51626    1.7501730e-03   7.626137e+03   0.000000e+00   1193s
   51794    1.7537170e-03   1.213028e+04   0.000000e+00   1201s
   51956    1.7579746e-03   6.417735e+03   0.000000e+00   1209s
   52116    1.7605494e-03   5.238605e+03   0.000000e+00   1212s
   52284    1.7655623e-03   5.827505e+03   0.000000e+00   1219s
   52444    1.7726836e-03   4.622452e+03   0.000000e+00   1223s
   52616    1.7747201e-03   6.179789e+03   0.000000e+00   1233s
   52776    1.7788513e-03   9.487502e+03   0.000000e+00   1239s
   52936    1.7847286e-03   3.519282e+04   0.000000e+00   1243s
   53102    1.7896309e-03   1.055864e+04   0.000000e+00   1252s
   53262    1.7956283e-03   2.644599e+04   0.000000e+00   1257s
   53422    1.8035871e-03   1.522797e+04   0.000000e+00   1267s
   53582    1.8070620e-03   3.118167e+04   0.000000e+00   1273s
   53742    1.8119269e-03   8.629923e+03   0.000000e+00   1277s
   53902    1.8190917e-03   1.114539e+05   0.000000e+00   1283s
   54542    1.8398235e-03   1.087396e+04   0.000000e+00   1290s
   54702    1.8468627e-03   1.722074e+04   0.000000e+00   1295s
   54865    1.8545255e-03   2.535592e+04   0.000000e+00   1303s
   55025    1.8591702e-03   1.473690e+04   0.000000e+00   1307s
   55196    1.8648375e-03   7.188549e+03   0.000000e+00   1316s
   55516    1.8796737e-03   6.408986e+03   0.000000e+00   1322s
   55676    1.8850711e-03   1.712787e+04   0.000000e+00   1327s
   55837    1.8915055e-03   9.173733e+03   0.000000e+00   1332s
   55997    1.8962233e-03   2.631100e+04   0.000000e+00   1339s
   56191    1.9054154e-03   1.041565e+04   0.000000e+00   1349s
   56385    1.9089637e-03   1.145533e+04   0.000000e+00   1360s
   56569    1.9145248e-03   6.954505e+03   0.000000e+00   1361s
   56756    1.9211363e-03   1.003069e+04   0.000000e+00   1368s
   56959    1.9282127e-03   1.056367e+04   0.000000e+00   1380s
   57154    1.9340164e-03   8.420638e+03   0.000000e+00   1392s
   57331    1.9396362e-03   1.021904e+04   0.000000e+00   1401s
   57860    1.9602350e-03   9.597371e+05   0.000000e+00   1417s
   58193    1.9716805e-03   1.090921e+04   0.000000e+00   1425s
   58525    1.9818498e-03   8.013494e+03   0.000000e+00   1433s
   58707    1.9871695e-03   9.305687e+03   0.000000e+00   1438s
   59208    2.0042083e-03   7.831557e+03   0.000000e+00   1445s
   59908    2.0223564e-03   7.388489e+03   0.000000e+00   1457s
   60111    2.0276084e-03   5.239886e+03   0.000000e+00   1464s
   60479    2.0374106e-03   9.985383e+03   0.000000e+00   1467s
   61017    2.0529999e-03   9.896596e+03   0.000000e+00   1472s
   61407    2.0657953e-03   4.116973e+03   0.000000e+00   1480s
   61601    2.0726312e-03   7.459080e+03   0.000000e+00   1489s
   61780    2.0790670e-03   8.895878e+03   0.000000e+00   1493s
   61948    2.0857891e-03   5.465361e+03   0.000000e+00   1498s
   62128    2.0899659e-03   6.571647e+03   0.000000e+00   1506s
   62316    2.0966441e-03   1.523108e+04   0.000000e+00   1513s
   62867    2.1118143e-03   9.621749e+03   0.000000e+00   1522s
   63077    2.1175553e-03   1.575172e+04   0.000000e+00   1530s
   63287    2.1220343e-03   1.290504e+04   0.000000e+00   1536s
   63614    2.1302614e-03   4.891852e+03   0.000000e+00   1545s
   63774    2.1360320e-03   1.325940e+04   0.000000e+00   1551s
   63936    2.1381609e-03   2.360994e+04   0.000000e+00   1558s
   64096    2.1424613e-03   5.546172e+03   0.000000e+00   1564s
   64256    2.1498875e-03   1.374880e+04   0.000000e+00   1570s
   64591    2.1592807e-03   2.512005e+04   0.000000e+00   1581s
   64758    2.1613098e-03   7.705037e+03   0.000000e+00   1588s
   64918    2.1670288e-03   1.478523e+04   0.000000e+00   1595s
   65238    2.1763027e-03   3.915917e+04   0.000000e+00   1605s
   65398    2.1853369e-03   1.218862e+04   0.000000e+00   1610s
   65558    2.1897846e-03   2.384034e+04   0.000000e+00   1615s
   65718    2.1963918e-03   1.303886e+04   0.000000e+00   1620s
   65878    2.2010895e-03   1.591170e+04   0.000000e+00   1626s
   66038    2.2064661e-03   1.639048e+04   0.000000e+00   1633s
   66198    2.2123049e-03   3.852930e+04   0.000000e+00   1639s
   66370    2.2208173e-03   1.637406e+04   0.000000e+00   1644s
   66534    2.2283724e-03   1.321485e+04   0.000000e+00   1651s
   66707    2.2334986e-03   1.904992e+04   0.000000e+00   1655s
   66896    2.2420242e-03   1.487292e+04   0.000000e+00   1662s
   67077    2.2509574e-03   6.490421e+03   0.000000e+00   1668s
   67265    2.2575045e-03   8.227220e+03   0.000000e+00   1676s
   67477    2.2649354e-03   7.883476e+03   0.000000e+00   1683s
   67693    2.2717022e-03   6.566509e+03   0.000000e+00   1691s
   67878    2.2771254e-03   9.437342e+03   0.000000e+00   1699s
   68038    2.2810796e-03   6.699360e+03   0.000000e+00   1705s
   68202    2.2852071e-03   8.491132e+03   0.000000e+00   1712s
   68385    2.2904902e-03   4.860981e+03   0.000000e+00   1719s
   68545    2.2959755e-03   1.112458e+04   0.000000e+00   1724s
   68720    2.3038378e-03   6.107472e+03   0.000000e+00   1729s
   68900    2.3082525e-03   5.090982e+03   0.000000e+00   1736s
   69090    2.3125429e-03   6.180105e+03   0.000000e+00   1743s
   69272    2.3185098e-03   5.378772e+03   0.000000e+00   1751s
   69432    2.3241428e-03   6.396922e+03   0.000000e+00   1755s
   69785    2.3384820e-03   1.056241e+04   0.000000e+00   1760s
   70147    2.3467946e-03   5.915956e+03   0.000000e+00   1768s
   70315    2.3534828e-03   9.879744e+03   0.000000e+00   1773s
   70483    2.3587624e-03   9.110238e+03   0.000000e+00   1780s
   70659    2.3654684e-03   3.617212e+04   0.000000e+00   1788s
   70835    2.3738884e-03   1.194845e+04   0.000000e+00   1797s

Root relaxation: time limit, 71026 iterations, 1726.09 seconds

    Nodes    |    Current Node    |     Objective Bounds      |     Work
 Expl Unexpl |  Obj  Depth IntInf | Incumbent    BestBd   Gap | It/Node Time

     0     0          -    0      19452.0000          -      -     - 1800s

Explored 0 nodes (71026 simplex iterations) in 1800.28 seconds
Thread count was 1 (of 12 available processors)

Solution count 1: 19452 

Time limit reached
Best objective 1.945200000000e+04, best bound -, gap -
