
Gurobi 7.0.2 (win64) logging started 06/24/20 02:26:15

Read LP format model from file C:\George\Professor\Pesquisa\Orientacoes em Pos-graduacao\2019 MSC PPGCC Guilherme Figueroa\Fanjuls Solver\Results\I_250_10_S_1-124_9_MTZ_KB.lp
Reading time = 4.52 seconds
: 68020 rows, 630251 columns, 2640010 nonzeros
Optimize a model with 68020 rows, 630251 columns and 2640010 nonzeros
Variable types: 2751 continuous, 627500 integer (627500 binary)
Coefficient statistics:
  Matrix range     [1e+00, 3e+02]
  Objective range  [1e+00, 1e+00]
  Bounds range     [1e+00, 1e+00]
  RHS range        [1e+00, 2e+02]
Presolve removed 0 rows and 0 columns (presolve time = 5s) ...
Presolve removed 0 rows and 0 columns (presolve time = 11s) ...
Presolve time: 10.99s
Presolved: 68020 rows, 630251 columns, 2640010 nonzeros
Variable types: 250 continuous, 630001 integer (630000 binary)
Found heuristic solution: objective 27175.000000
Found heuristic solution: objective 27132.000000

Root simplex log...

Iteration    Objective       Primal Inf.    Dual Inf.      Time
       0    0.0000000e+00   5.000000e+02   0.000000e+00     28s
    2502    7.1162412e-05   3.483532e+03   0.000000e+00     30s
    4342    2.8678995e-04   2.580650e+03   0.000000e+00     35s
    5992    5.2986097e-04   1.153978e+04   0.000000e+00     40s
    7492    6.5592374e-04   5.803839e+03   0.000000e+00     45s
    8394    7.0984208e-04   1.544370e+04   0.000000e+00     52s
    8852    7.6267731e-04   1.002079e+04   0.000000e+00     57s
    9137    7.9862106e-04   1.060049e+04   0.000000e+00     60s
    9813    8.9690860e-04   8.350850e+03   0.000000e+00     67s
   10143    9.3950159e-04   8.687061e+03   0.000000e+00     70s
   10971    1.0059965e-03   1.429748e+04   0.000000e+00     78s
   11277    1.0308526e-03   7.549964e+03   0.000000e+00     82s
   11869    1.0976773e-03   4.737474e+03   0.000000e+00     88s
   12068    1.1135513e-03   5.535326e+03   0.000000e+00     90s
   12632    1.1687191e-03   1.389106e+04   0.000000e+00     99s
   13000    1.1952424e-03   2.333352e+04   0.000000e+00    103s
   13394    1.2170301e-03   6.107297e+03   0.000000e+00    107s
   13778    1.2440877e-03   1.175691e+04   0.000000e+00    110s
   14394    1.2713207e-03   1.741516e+04   0.000000e+00    116s
   16205    1.3951752e-03   4.562904e+03   0.000000e+00    127s
   16722    1.4298365e-03   6.373256e+03   0.000000e+00    131s
   18144    1.5163373e-03   9.105756e+03   0.000000e+00    137s
   18768    1.5592299e-03   7.030190e+03   0.000000e+00    140s
   19486    1.6129255e-03   6.745050e+03   0.000000e+00    146s
   20529    1.6859833e-03   7.263124e+03   0.000000e+00    151s
   21192    1.7252986e-03   1.467814e+04   0.000000e+00    156s
   22271    1.7990582e-03   7.222324e+03   0.000000e+00    162s
   22638    1.8161595e-03   1.995646e+04   0.000000e+00    166s
   24142    1.9337463e-03   5.712615e+03   0.000000e+00    171s
   26214    2.1140579e-03   4.770252e+03   0.000000e+00    175s
   28967    2.3761816e-03   4.214823e+03   0.000000e+00    180s
   30224    2.5091327e-03   6.005154e+03   0.000000e+00    185s
   32888    2.8472666e-03   6.580251e+03   0.000000e+00    191s
   35269    3.2582083e-03   5.365104e+03   0.000000e+00    195s
   40835    5.6397331e-03   1.649789e+04   0.000000e+00    200s
   49434    2.3416484e+02   2.296116e+03   0.000000e+00    205s
   54031    2.9553679e+02   2.518736e+03   0.000000e+00    210s
   57169    3.1989339e+02   2.664583e+03   0.000000e+00    216s
   58681    3.2647096e+02   1.723732e+03   0.000000e+00    220s
   60682    3.3568052e+02   1.215215e+03   0.000000e+00    226s
   62074    3.4018148e+02   1.158356e+03   0.000000e+00    231s
   63460    3.4344237e+02   1.703871e+03   0.000000e+00    236s
   64338    3.4529627e+02   1.515437e+04   0.000000e+00    240s
   65267    3.4729369e+02   4.500651e+03   0.000000e+00    246s
   66002    3.4792253e+02   1.643865e+03   0.000000e+00    251s
   66858    3.4872978e+02   2.186823e+03   0.000000e+00    256s
   67553    3.4914319e+02   8.939956e+02   0.000000e+00    261s
   68011    3.4931584e+02   1.980345e+03   0.000000e+00    266s
   68464    3.4951351e+02   6.933024e+02   0.000000e+00    270s
   69064    3.4979351e+02   4.984836e+02   0.000000e+00    276s
   69521    3.5002294e+02   6.153173e+02   0.000000e+00    281s
   69971    3.5018099e+02   6.625169e+02   0.000000e+00    286s
   70421    3.5031139e+02   1.124057e+02   0.000000e+00    292s
   70721    3.5032307e+02   3.300523e+00   0.000000e+00    297s
   70813    3.5032092e+02   0.000000e+00   0.000000e+00    298s

Root relaxation: objective 3.503209e+02, 70813 iterations, 270.27 seconds

    Nodes    |    Current Node    |     Objective Bounds      |     Work
 Expl Unexpl |  Obj  Depth IntInf | Incumbent    BestBd   Gap | It/Node Time

     0     0  350.32092    0  710 27132.0000  350.32092  98.7%     -  300s
H    0     0                     696.0000000  350.32092  49.7%     -  550s
H    0     0                     548.0000000  350.32092  36.1%     -  711s
     0     0  351.00000    0  807  548.00000  351.00000  35.9%     -  880s
     0     0  351.00000    0  872  548.00000  351.00000  35.9%     - 1108s
     0     0  351.00000    0  861  548.00000  351.00000  35.9%     - 1111s
     0     0  351.00000    0  625  548.00000  351.00000  35.9%     - 1307s
     0     0  351.00000    0  778  548.00000  351.00000  35.9%     - 1464s
     0     0  351.00000    0  691  548.00000  351.00000  35.9%     - 1673s
     0     0          -    0       548.00000  351.00000  35.9%     - 1800s

Cutting planes:
  Learned: 1
  Gomory: 2
  MIR: 92
  Zero half: 2

Explored 0 nodes (134590 simplex iterations) in 1800.07 seconds
Thread count was 1 (of 12 available processors)

Solution count 4: 548 696 27132 27175 
Pool objective bound 351

Time limit reached
Best objective 5.480000000000e+02, best bound 3.510000000000e+02, gap 35.9489%
