
Gurobi 7.0.2 (win64) logging started 06/24/20 00:26:11

Read LP format model from file C:\George\Professor\Pesquisa\Orientacoes em Pos-graduacao\2019 MSC PPGCC Guilherme Figueroa\Fanjuls Solver\Results\I_50_20_S_1-49_5_MTZ_KB.lp
Reading time = 0.31 seconds
: 4640 rows, 52051 columns, 211020 nonzeros
Optimize a model with 4640 rows, 52051 columns and 211020 nonzeros
Variable types: 1051 continuous, 51000 integer (51000 binary)
Coefficient statistics:
  Matrix range     [1e+00, 1e+02]
  Objective range  [1e+00, 1e+00]
  Bounds range     [1e+00, 1e+00]
  RHS range        [1e+00, 5e+01]
Presolve time: 0.37s
Presolved: 4640 rows, 52051 columns, 211020 nonzeros
Variable types: 50 continuous, 52001 integer (52000 binary)
Found heuristic solution: objective 3631.0000000
Found heuristic solution: objective 3630.0000000

Root relaxation: objective 2.070875e+01, 8126 iterations, 2.33 seconds

    Nodes    |    Current Node    |     Objective Bounds      |     Work
 Expl Unexpl |  Obj  Depth IntInf | Incumbent    BestBd   Gap | It/Node Time

     0     0   20.70875    0  280 3630.00000   20.70875  99.4%     -    3s
H    0     0                      56.0000000   20.70875  63.0%     -    6s
H    0     0                      32.0000000   20.70875  35.3%     -    9s
     0     0   21.86061    0  287   32.00000   21.86061  31.7%     -    9s
     0     0   21.86061    0  208   32.00000   21.86061  31.7%     -   10s
     0     0   22.98625    0  241   32.00000   22.98625  28.2%     -   10s
     0     0   22.99855    0  244   32.00000   22.99855  28.1%     -   10s
     0     0   23.33252    0  273   32.00000   23.33252  27.1%     -   11s
     0     0   23.44616    0  271   32.00000   23.44616  26.7%     -   11s
     0     0   23.63577    0  276   32.00000   23.63577  26.1%     -   11s
     0     0   23.70074    0  271   32.00000   23.70074  25.9%     -   11s
     0     0   23.89356    0  291   32.00000   23.89356  25.3%     -   11s
     0     0   23.91557    0  288   32.00000   23.91557  25.3%     -   11s
     0     0   23.94583    0  281   32.00000   23.94583  25.2%     -   11s
     0     0   23.95690    0  290   32.00000   23.95690  25.1%     -   11s
     0     0   24.02185    0  280   32.00000   24.02185  24.9%     -   11s
     0     0   24.02581    0  281   32.00000   24.02581  24.9%     -   11s
     0     0   24.05027    0  281   32.00000   24.05027  24.8%     -   11s
     0     0   24.05930    0  293   32.00000   24.05930  24.8%     -   11s
     0     0   24.07031    0  296   32.00000   24.07031  24.8%     -   11s
     0     0   24.07730    0  291   32.00000   24.07730  24.8%     -   11s
     0     0   24.08590    0  299   32.00000   24.08590  24.7%     -   11s
     0     0   25.00000    0  170   32.00000   25.00000  21.9%     -   11s
     0     0   25.00000    0  158   32.00000   25.00000  21.9%     -   12s
     0     2   25.00000    0  158   32.00000   25.00000  21.9%     -   12s
   232   153   25.05657   15  217   32.00000   25.00000  21.9%  81.7   15s
   513   316   26.00000   15  181   32.00000   25.00000  21.9%  91.9   20s
   534   330   29.00000   36  161   32.00000   26.00000  18.8%  88.2   25s
   549   341   26.00000    7  152   32.00000   26.00000  18.8%   128   30s
   564   351   28.00000    7  195   32.00000   27.00000  15.6%   124   35s
   580   363   30.00000   42  127   32.00000   27.00000  15.6%   177   40s
   592   371   27.00000   21  186   32.00000   27.00000  15.6%   174   46s
   598   377   27.00000   37  235   32.00000   27.00000  15.6%   223   50s
   662   396 infeasible   70        32.00000   27.00000  15.6%   216   55s
   766   422   28.00000   44  197   32.00000   27.00000  15.6%   210   60s
   920   468   27.00000   44  237   32.00000   27.00000  15.6%   196   65s
  1133   544   28.08278   60  209   32.00000   27.00000  15.6%   177   70s
  1323   616   29.00000   83  172   32.00000   27.00000  15.6%   168   75s
  1540   702   30.00000   63  173   32.00000   27.00000  15.6%   157   80s
  1720   762   28.25256   78  161   32.00000   27.00000  15.6%   156   85s
  1948   905   28.00000   56  218   32.00000   27.00000  15.6%   149   90s
  2164  1054 infeasible   64        32.00000   27.00000  15.6%   145   95s
  2389  1200   27.21735   43  264   32.00000   27.00000  15.6%   141  100s
  2559  1305   28.00000   43  211   32.00000   27.00000  15.6%   140  105s
  2791  1470   28.13484   63  200   32.00000   27.00000  15.6%   137  110s
  3056  1666   28.00000   48  230   32.00000   27.00000  15.6%   133  115s
  3295  1838 infeasible   57        32.00000   27.00000  15.6%   130  120s
  3539  2016   28.00000   56  138   32.00000   27.00000  15.6%   128  125s
  3781  2188   30.00000   73  202   32.00000   28.00000  12.5%   126  130s
  4080  2372   28.26968   63  166   32.00000   28.00000  12.5%   122  135s
  4427  2506   28.02542   71  113   32.00000   28.00000  12.5%   118  140s
  4731  2638 infeasible  102        32.00000   28.00000  12.5%   115  145s
  5031  2777   29.00000   80  173   32.00000   28.00000  12.5%   113  150s
  5398  2946   30.94281   78   93   32.00000   28.00000  12.5%   110  155s
  5853  3121   30.00000   66  133   32.00000   28.00000  12.5%   106  160s
  6282  3313 infeasible   81        32.00000   28.00000  12.5%   103  165s
  6569  3470   28.00000   58  181   32.00000   28.00000  12.5%   102  170s
  6856  3625   31.00000   86  120   32.00000   28.00000  12.5%   101  175s
  7118  3691   30.00000   86  111   32.00000   28.00000  12.5%   101  180s
  7489  3868 infeasible   72        32.00000   28.00000  12.5%  99.1  185s
  7843  3995   31.00000   59  106   32.00000   28.00000  12.5%  98.1  190s
  8162  4118 infeasible   98        32.00000   28.00000  12.5%  97.5  195s
* 8263  3319             104      31.0000000   28.00000  9.68%  96.9  195s
  8529  3338 infeasible   69        31.00000   28.00000  9.68%  96.9  200s
  8785  3359 infeasible   68        31.00000   28.00000  9.68%  97.1  205s
  9042  3455   28.00000   56  186   31.00000   28.00000  9.68%  97.0  210s
  9303  3534     cutoff   62        31.00000   28.00000  9.68%  97.0  215s
  9523  3594   28.00000   60  160   31.00000   28.00000  9.68%  97.4  220s
  9765  3633 infeasible   65        31.00000   28.00000  9.68%  97.1  225s
H 9811  2464                      30.0000000   28.00000  6.67%  97.1  226s
  9922  2486   28.00000   66  131   30.00000   28.00000  6.67%  97.1  230s
 10154  2513   28.00000   55  157   30.00000   28.00000  6.67%  96.6  235s
 10203  2523   28.00000   61  287   30.00000   28.00000  6.67%  96.6  269s
 10207  2526   29.00000   44  247   30.00000   28.00000  6.67%  96.5  270s
 10219  2534   29.00000   86  198   30.00000   28.00000  6.67%  96.4  275s
 10229  2540   28.00000   62  258   30.00000   28.00000  6.67%  96.3  280s
 10239  2547   29.00000   86  241   30.00000   28.00000  6.67%  96.2  285s
 10249  2554   28.00000   62  264   30.00000   28.00000  6.67%  96.1  290s
 10259  2560   29.00000   86  262   30.00000   28.00000  6.67%  96.0  295s
 10268  2566   28.00000   44  279   30.00000   28.00000  6.67%  96.0  300s
 10277  2572   28.00000   46  295   30.00000   28.00000  6.67%  95.9  305s
 10285  2578   29.00000   63  293   30.00000   28.00000  6.67%  95.8  310s
 10294  2584   28.00000   68  293   30.00000   28.00000  6.67%  95.7  316s
 10302  2589   28.00000   58  331   30.00000   28.00000  6.67%  95.6  320s
 10310  2594   29.00000   69  356   30.00000   28.00000  6.67%  95.6  325s
 10318  2600   28.00000   58  377   30.00000   28.00000  6.67%  95.5  330s
 10329  2607   28.00415   62  398   30.00000   28.00415  6.65%  95.4  335s
 10342  2616   28.00467   58  403   30.00000   28.00467  6.65%  95.3  340s
 10353  2623   29.00000   67  405   30.00000   28.00501  6.65%  95.2  347s
 10358  2628   29.00000   58  287   30.00000   29.00000  3.33%  97.7  350s
 10374  2639   29.00000   68  220   30.00000   29.00000  3.33%  97.5  355s
 10386  2647   29.00000   50  255   30.00000   29.00000  3.33%  97.4  360s
 10400  2656   29.00000   70  223   30.00000   29.00000  3.33%  97.3  365s
 10413  2665   29.00000   67  246   30.00000   29.00000  3.33%  97.2  370s
 10426  2673   29.00000   50  238   30.00000   29.00000  3.33%  97.0  375s
 10440  2683   29.00000   70  252   30.00000   29.00000  3.33%  96.9  380s
 10452  2691   29.00000   70  266   30.00000   29.00000  3.33%  96.8  385s
 10464  2699   29.00000   49  255   30.00000   29.00000  3.33%  96.7  390s
 10478  2708   29.00000   58  236   30.00000   29.00000  3.33%  96.6  395s
 10490  2716   29.00000   69  259   30.00000   29.00000  3.33%  96.5  400s
 10504  2725   29.00000   49  216   30.00000   29.00000  3.33%  96.3  405s
 10516  2733   29.00000   72  246   30.00000   29.00000  3.33%  96.2  410s
 10528  2741   29.00000   44  250   30.00000   29.00000  3.33%  96.1  415s
 10542  2751   29.00000   58  224   30.00000   29.00000  3.33%  96.0  420s
 10554  2759   29.00000   68  207   30.00000   29.00000  3.33%  95.9  425s
 10562  2766   29.00000   60  175   30.00000   29.00000  3.33%  98.7  431s
 10565  2768   29.00000   62  210   30.00000   29.00000  3.33%  98.7  436s
 10569  2771   29.00000   64  199   30.00000   29.00000  3.33%  98.8  440s
 10573  2773   29.00000   66  224   30.00000   29.00000  3.33%  98.9  445s
 10584  2779 infeasible   71        30.00000   29.00000  3.33%  99.0  450s
 10617  2780   29.00000   71  204   30.00000   29.00000  3.33%  99.4  455s
 10668  2786   29.00000   70  228   30.00000   29.00000  3.33%   100  460s
 10749  2789   29.00000   70  189   30.00000   29.00000  3.33%   100  465s
 10913  2743   29.00000   71  188   30.00000   29.00000  3.33%   101  470s
 11078  2691   29.00000   74  178   30.00000   29.00000  3.33%   102  475s
 11249  2657   29.00000   74  133   30.00000   29.00000  3.33%   102  480s
 11415  2606 infeasible   84        30.00000   29.00000  3.33%   103  485s
 11590  2582   29.00000   77  175   30.00000   29.00000  3.33%   104  490s
 11735  2517 infeasible   72        30.00000   29.00000  3.33%   105  495s
 11902  2469 infeasible   68        30.00000   29.00000  3.33%   105  500s
 12076  2423 infeasible   75        30.00000   29.00000  3.33%   106  505s
 12248  2390   29.00000   77  179   30.00000   29.00000  3.33%   106  510s
 12416  2320   29.00000   74  185   30.00000   29.00000  3.33%   107  515s
 12613  2244   29.00000   70  203   30.00000   29.00000  3.33%   107  520s
 12791  2193   29.00000   73  194   30.00000   29.00000  3.33%   108  525s
 12930  2166   29.00000   83  150   30.00000   29.00000  3.33%   108  530s
 13097  2104 infeasible   80        30.00000   29.00000  3.33%   109  535s
 13258  2037 infeasible   77        30.00000   29.00000  3.33%   110  540s
 13423  1974 infeasible   69        30.00000   29.00000  3.33%   110  545s
 13588  1922   29.00000   80  176   30.00000   29.00000  3.33%   111  550s
 13737  1863   29.00000   77  169   30.00000   29.00000  3.33%   111  555s
 13917  1811   29.00000   88  189   30.00000   29.00000  3.33%   112  560s
 14099  1730   29.00000   74  202   30.00000   29.00000  3.33%   112  565s
 14268  1719   29.00000   85  211   30.00000   29.00000  3.33%   112  570s
 14435  1676   29.00000   86  215   30.00000   29.00000  3.33%   112  575s
 14603  1616 infeasible   85        30.00000   29.00000  3.33%   113  580s
 14752  1627   29.00000   83  181   30.00000   29.00000  3.33%   113  585s
 14919  1617   29.00000   97  181   30.00000   29.00000  3.33%   113  590s
 15094  1579   29.00000   75  193   30.00000   29.00000  3.33%   113  595s
 15250  1557   29.00000   82  165   30.00000   29.00000  3.33%   113  600s
 15426  1491   29.00000   83  196   30.00000   29.00000  3.33%   114  605s
 15578  1447 infeasible   79        30.00000   29.00000  3.33%   114  610s
 15766  1380   29.00000   85  167   30.00000   29.00000  3.33%   114  615s
 15937  1356 infeasible   77        30.00000   29.00000  3.33%   115  620s
 16108  1310   29.00000   78  146   30.00000   29.00000  3.33%   115  625s
 16295  1255   29.00000   78  147   30.00000   29.00000  3.33%   115  630s
 16486  1198   29.00000   80  168   30.00000   29.00000  3.33%   115  635s
 16658  1147   29.00000   78  114   30.00000   29.00000  3.33%   116  640s
 16890  1099   29.00000   86  119   30.00000   29.00000  3.33%   116  645s
 17074  1042 infeasible   88        30.00000   29.00000  3.33%   116  650s
 17275   986 infeasible   91        30.00000   29.00000  3.33%   116  655s
 17481   932   29.00000   85  184   30.00000   29.00000  3.33%   116  660s
 17716   890   29.00000  100  117   30.00000   29.00000  3.33%   116  665s
 17917   782   29.00000   78  147   30.00000   29.00000  3.33%   116  670s
 18103   715   29.00000   76  180   30.00000   29.00000  3.33%   116  675s
 18305   664 infeasible   83        30.00000   29.00000  3.33%   116  680s
 18486   585   29.00000   83  154   30.00000   29.00000  3.33%   117  685s
 18691   504 infeasible   98        30.00000   29.00000  3.33%   117  690s
 18877   446 infeasible   87        30.00000   29.00000  3.33%   117  695s
 19013   442 infeasible   77        30.00000   29.00000  3.33%   117  700s
 19136   447   29.00000   73  221   30.00000   29.00000  3.33%   117  705s
 19287   510 infeasible   86        30.00000   29.00000  3.33%   117  710s
 19442   507   29.00000   97  142   30.00000   29.00000  3.33%   117  715s
 19577   503 infeasible   86        30.00000   29.00000  3.33%   117  720s
 19729   501 infeasible   92        30.00000   29.00000  3.33%   117  725s
 19850   490 infeasible   91        30.00000   29.00000  3.33%   117  730s
 20004   510   29.00000   91  147   30.00000   29.00000  3.33%   117  735s
 20171   503 infeasible   89        30.00000   29.00000  3.33%   117  740s
 20336   514   29.00000   81  196   30.00000   29.00000  3.33%   117  745s
 20524   512   29.00000   82  195   30.00000   29.00000  3.33%   117  750s
 20710   536 infeasible   89        30.00000   29.00000  3.33%   118  755s
 20845   545 infeasible   80        30.00000   29.00000  3.33%   118  760s
 21045   569 infeasible   81        30.00000   29.00000  3.33%   118  765s
 21235   569   29.00000   83  157   30.00000   29.00000  3.33%   118  770s
 21420   582   29.00000   81  133   30.00000   29.00000  3.33%   118  775s
 21629   559   29.00000   82  157   30.00000   29.00000  3.33%   118  780s
 21829   575   29.00000  103  143   30.00000   29.00000  3.33%   118  785s
 21976   548 infeasible   90        30.00000   29.00000  3.33%   118  790s
 22158   534 infeasible   91        30.00000   29.00000  3.33%   118  795s
 22349   535   29.00000   77  123   30.00000   29.00000  3.33%   118  800s
 22502   529   29.00000   96  193   30.00000   29.00000  3.33%   119  805s
 22681   536   29.00000   88  148   30.00000   29.00000  3.33%   119  810s
 22874   542   29.00000   89  159   30.00000   29.00000  3.33%   119  815s
 23027   528 infeasible   82        30.00000   29.00000  3.33%   119  820s
 23210   532 infeasible   91        30.00000   29.00000  3.33%   119  825s
 23421   539   29.00000   89  187   30.00000   29.00000  3.33%   119  830s
 23586   558   29.00000   86  146   30.00000   29.00000  3.33%   119  835s
 23767   553 infeasible   80        30.00000   29.00000  3.33%   119  840s
 23987   547 infeasible   84        30.00000   29.00000  3.33%   119  845s
 24190   533   29.00000   89  169   30.00000   29.00000  3.33%   119  850s
 24409   522   29.00000   84  127   30.00000   29.00000  3.33%   119  855s
 24607   496   29.00000   70  216   30.00000   29.00000  3.33%   119  860s
 24802   493   29.00000  100  160   30.00000   29.00000  3.33%   119  865s
 24985   490 infeasible   95        30.00000   29.00000  3.33%   119  870s
 25202   525   29.00000   89  150   30.00000   29.00000  3.33%   119  875s
 25419   514   29.00000   86  130   30.00000   29.00000  3.33%   119  880s
 25616   533 infeasible   98        30.00000   29.00000  3.33%   119  885s
 25840   537   29.00000  104  137   30.00000   29.00000  3.33%   119  890s
 26035   527   29.00000   86  132   30.00000   29.00000  3.33%   119  895s
 26237   533 infeasible   90        30.00000   29.00000  3.33%   119  900s
 26473   519   29.00000   95  136   30.00000   29.00000  3.33%   119  905s
 26701   515 infeasible   96        30.00000   29.00000  3.33%   119  910s
 26903   508 infeasible   83        30.00000   29.00000  3.33%   119  915s
 27085   514   29.00000   85  178   30.00000   29.00000  3.33%   119  920s
 27229   508   29.00000   83  162   30.00000   29.00000  3.33%   119  925s
 27437   502 infeasible   92        30.00000   29.00000  3.33%   119  930s
 27605   504   29.00000   78  144   30.00000   29.00000  3.33%   119  935s
 27779   500   29.00000   88  110   30.00000   29.00000  3.33%   120  940s
 27964   509 infeasible   90        30.00000   29.00000  3.33%   120  945s
 28130   529 infeasible   79        30.00000   29.00000  3.33%   120  950s
 28300   501   29.00000   93  132   30.00000   29.00000  3.33%   120  955s
 28467   492   29.00000   82  182   30.00000   29.00000  3.33%   120  960s
 28644   504 infeasible   81        30.00000   29.00000  3.33%   120  965s
 28829   493   29.00000   78  176   30.00000   29.00000  3.33%   120  970s
 29042   575 infeasible   82        30.00000   29.00000  3.33%   120  975s
 29236   600   29.00000   93  134   30.00000   29.00000  3.33%   120  980s
 29439   611   29.00000   85  175   30.00000   29.00000  3.33%   120  985s
 29651   591   29.00000   77  176   30.00000   29.00000  3.33%   120  990s
 29862   576 infeasible   93        30.00000   29.00000  3.33%   120  995s
 30117   599 infeasible   81        30.00000   29.00000  3.33%   120 1000s
 30338   594   29.00000   99  202   30.00000   29.00000  3.33%   120 1005s
 30557   635   29.00000   84  175   30.00000   29.00000  3.33%   120 1010s
 30793   643   29.00000   85  114   30.00000   29.00000  3.33%   119 1015s
 31037   617   29.00000   84  151   30.00000   29.00000  3.33%   119 1020s
 31268   605   29.00000   89  149   30.00000   29.00000  3.33%   119 1025s
 31507   602   29.00000   94  132   30.00000   29.00000  3.33%   119 1030s
 31714   625   29.00000   77  155   30.00000   29.00000  3.33%   119 1035s
 31941   614 infeasible   92        30.00000   29.00000  3.33%   119 1040s
 32165   620   29.00000   90  164   30.00000   29.00000  3.33%   119 1045s
 32383   612   29.00000   87  194   30.00000   29.00000  3.33%   119 1050s
 32573   606   29.00000   98  144   30.00000   29.00000  3.33%   119 1055s
 32742   597   29.00000   81  146   30.00000   29.00000  3.33%   119 1060s
 32931   594   29.00000   81  169   30.00000   29.00000  3.33%   119 1065s
 33123   594   29.00000   97  148   30.00000   29.00000  3.33%   119 1070s
 33334   578   29.00000   83  192   30.00000   29.00000  3.33%   119 1075s
 33536   578 infeasible   79        30.00000   29.00000  3.33%   119 1080s
 33727   561 infeasible   77        30.00000   29.00000  3.33%   119 1085s
 33907   549 infeasible   76        30.00000   29.00000  3.33%   119 1090s
 34115   586 infeasible   83        30.00000   29.00000  3.33%   119 1095s
 34312   633   29.00000   75  153   30.00000   29.00000  3.33%   119 1100s
 34589   653   29.00000   93  108   30.00000   29.00000  3.33%   119 1105s
 34874   635 infeasible   74        30.00000   29.00000  3.33%   119 1110s
 35103   634   29.00000   88  144   30.00000   29.00000  3.33%   119 1115s
 35323   606 infeasible   83        30.00000   29.00000  3.33%   119 1120s
 35526   614 infeasible   94        30.00000   29.00000  3.33%   119 1125s
 35707   623   29.00000   89  140   30.00000   29.00000  3.33%   119 1130s
 35954   631   29.00000   96  135   30.00000   29.00000  3.33%   119 1135s
 36218   637   29.00000   83  194   30.00000   29.00000  3.33%   118 1140s
 36471   634   29.00000   90  114   30.00000   29.00000  3.33%   118 1145s
 36706   641   29.00000   82  124   30.00000   29.00000  3.33%   118 1150s
 36954   647 infeasible   80        30.00000   29.00000  3.33%   118 1155s
*37181     6             102      29.0000000   29.00000  0.00%   118 1159s

Cutting planes:
  Cover: 5
  Clique: 102
  MIR: 12
  Flow cover: 56
  GUB cover: 1
  Inf proof: 3
  Zero half: 29

Explored 37182 nodes (4395396 simplex iterations) in 1159.84 seconds
Thread count was 1 (of 12 available processors)

Solution count 7: 29 30 31 ... 3631
Pool objective bound 29

Optimal solution found (tolerance 0.00e+00)
Best objective 2.900000000000e+01, best bound 2.900000000000e+01, gap 0.0000%
