
Gurobi 7.0.2 (win64) logging started 06/24/20 00:26:08

Read LP format model from file C:\George\Professor\Pesquisa\Orientacoes em Pos-graduacao\2019 MSC PPGCC Guilherme Figueroa\Fanjuls Solver\Results\I_50_15_S_1-99_4_MTZ_KB.lp
Reading time = 0.16 seconds
: 4130 rows, 39051 columns, 159515 nonzeros
Optimize a model with 4130 rows, 39051 columns and 159515 nonzeros
Variable types: 801 continuous, 38250 integer (38250 binary)
Coefficient statistics:
  Matrix range     [1e+00, 1e+02]
  Objective range  [1e+00, 1e+00]
  Bounds range     [1e+00, 1e+00]
  RHS range        [1e+00, 5e+01]
Presolve time: 0.23s
Presolved: 4130 rows, 39051 columns, 159515 nonzeros
Variable types: 50 continuous, 39001 integer (39000 binary)
Found heuristic solution: objective 4696.0000000
Found heuristic solution: objective 4660.0000000

Root relaxation: objective 4.466620e+01, 8835 iterations, 1.31 seconds

    Nodes    |    Current Node    |     Objective Bounds      |     Work
 Expl Unexpl |  Obj  Depth IntInf | Incumbent    BestBd   Gap | It/Node Time

     0     0   44.66620    0  276 4660.00000   44.66620  99.0%     -    1s
H    0     0                     348.0000000   44.66620  87.2%     -    4s
H    0     0                     121.0000000   44.66620  63.1%     -    7s
     0     0   45.12270    0  302  121.00000   45.12270  62.7%     -   12s
     0     0   45.12270    0  302  121.00000   45.12270  62.7%     -   12s
     0     0   46.00000    0  303  121.00000   46.00000  62.0%     -   18s
     0     0   46.00695    0  303  121.00000   46.00695  62.0%     -   18s
     0     0   46.26480    0  325  121.00000   46.26480  61.8%     -   20s
     0     0   46.26480    0  220  121.00000   46.26480  61.8%     -   31s
H    0     0                      93.0000000   46.26480  50.3%     -   31s
     0     0   46.26480    0  306   93.00000   46.26480  50.3%     -   33s
H    0     0                      67.0000000   46.26480  30.9%     -   36s
     0     0   46.26480    0  306   67.00000   46.26480  30.9%     -   36s
     0     0   47.00000    0  237   67.00000   47.00000  29.9%     -   38s
     0     2   47.00000    0  237   67.00000   47.00000  29.9%     -   45s
     5     5   47.00000    0  322   67.00000   47.00000  29.9%   149   50s
    16    12   48.00000    0  328   67.00000   48.00000  28.4%  46.6   55s
    27    20   49.00000    0  284   67.00000   49.00000  26.9%  27.6   60s
    34    24   49.00000    0  320   67.00000   49.00000  26.9%  21.9   65s
    41    30   49.00000    0  325   67.00000   49.00000  26.9%  1589   74s
    43    31   49.00000    0  155   67.00000   49.00000  26.9%  1515   75s
    51    37   49.00000    0  350   67.00000   49.00000  26.9%  1278   80s
    56    40   49.00000    0  301   67.00000   49.00000  26.9%  1164   85s
    62    44   49.00000    0  335   67.00000   49.00000  26.9%  1051   92s
    65    47   49.08691   25  333   67.00000   49.00000  26.9%  1622   96s
    67    48   49.00000   26  336   67.00000   49.00000  26.9%  1579  100s
    79    50   49.00000   32  356   67.00000   49.00000  26.9%  1426  105s
    94    56   50.00000   40  316   67.00000   49.00000  26.9%  1247  110s
   126    72   51.65670   56  233   67.00000   49.00000  26.9%  1003  115s
   175    86   55.40040   82  212   67.00000   49.00000  26.9%   805  120s
   232   116   56.00000  112  205   67.00000   49.00000  26.9%   666  125s
   328   151   50.00000   34  294   67.00000   49.00000  26.9%   517  130s
   362   180   50.12328   51  254   67.00000   49.00000  26.9%   494  135s
   409   211   52.00000   76  220   67.00000   49.00000  26.9%   466  140s
   462   246   55.00000  104  186   67.00000   49.00000  26.9%   439  145s
   543   282     cutoff  147        67.00000   49.00000  26.9%   403  150s
   591   293   55.00000   39  253   67.00000   50.00000  25.4%   387  155s
   647   328   56.55776   69  181   67.00000   50.00000  25.4%   376  160s
   701   363   59.00000   98  177   67.00000   50.00000  25.4%   367  165s
   773   391   52.00000   70  205   67.00000   50.00000  25.4%   350  170s
   842   445   57.00000  115  172   67.00000   50.00000  25.4%   341  175s
   942   496   55.00000   39  252   67.00000   50.00000  25.4%   318  180s
   995   531   58.00242   67  228   67.00000   50.00000  25.4%   316  185s
  1082   563   52.00000   49  255   67.00000   50.00000  25.4%   307  190s
  1155   603   64.00121   95  137   67.00000   50.00000  25.4%   303  195s
  1243   672   61.00000  130  238   67.00000   50.00000  25.4%   294  200s
  1328   733   54.18829   61  174   67.00000   50.00000  25.4%   285  205s
  1402   778   56.01125   67  177   67.00000   50.00000  25.4%   280  210s
  1471   819   53.00000   52  221   67.00000   50.00000  25.4%   276  215s
  1539   857   64.59110   92  153   67.00000   50.00000  25.4%   275  220s
  1607   900   58.30973   96  154   67.00000   50.00000  25.4%   270  225s
  1659   936   59.00000   59  175   67.00000   50.00000  25.4%   269  230s
  1726   977   56.00000   76  244   67.00000   50.00000  25.4%   267  235s
  1816  1045   52.00000   52  276   67.00000   50.00000  25.4%   262  240s
  1893  1094   50.00000   40  281   67.00000   50.00000  25.4%   258  245s
  1952  1141   63.00000   99  203   67.00000   50.00000  25.4%   257  250s
  2009  1182   54.00000   64  252   67.00000   50.00000  25.4%   255  255s
  2064  1216   54.00000   58  236   67.00000   50.00000  25.4%   256  260s
  2136  1266   55.00000   40  248   67.00000   50.00000  25.4%   254  265s
  2202  1299 infeasible   76        67.00000   50.00000  25.4%   253  270s
  2252  1320   56.04041   70  225   67.00000   50.00000  25.4%   253  275s
  2315  1360   56.00000   65  256   67.00000   50.00000  25.4%   253  280s
  2388  1424   65.00000  138  254   67.00000   50.00000  25.4%   251  285s
  2440  1451   52.00000   44  237   67.00000   50.00000  25.4%   251  290s
  2515  1500 infeasible   92        67.00000   50.00000  25.4%   250  295s
  2576  1532   58.00000   72  205   67.00000   50.00000  25.4%   251  300s
  2638  1573   57.00000   72  211   67.00000   50.00000  25.4%   251  305s
  2713  1625   56.00000   63  204   67.00000   50.00000  25.4%   250  310s
  2793  1689   65.00000   58  148   67.00000   50.00000  25.4%   247  315s
  2863  1741   59.00000   54  209   67.00000   50.00000  25.4%   245  320s
  2948  1811   53.00000   51  225   67.00000   50.00000  25.4%   242  325s
  3021  1861   54.00000   50  219   67.00000   50.00000  25.4%   241  330s
  3081  1891   53.00000   48  234   67.00000   50.00000  25.4%   242  335s
  3155  1939   52.00000   46  214   67.00000   50.00000  25.4%   241  340s
  3238  2004   52.00000   45  206   67.00000   50.00000  25.4%   238  345s
  3302  2043   57.52944   80  140   67.00000   50.00000  25.4%   239  350s
  3359  2076   58.46708   70  200   67.00000   50.00000  25.4%   239  355s
  3436  2133   61.00000   88  251   67.00000   50.00000  25.4%   238  360s
  3499  2175   54.00000   56  205   67.00000   50.00000  25.4%   237  365s
  3566  2217   58.48805   58  197   67.00000   50.00000  25.4%   237  370s
  3631  2255   54.00000   53  232   67.00000   50.00000  25.4%   236  375s
  3684  2287   64.00000   82  171   67.00000   50.00000  25.4%   237  380s
  3738  2317   59.64737   50  185   67.00000   50.00000  25.4%   237  385s
  3798  2349   52.00000   43  249   67.00000   50.00000  25.4%   238  390s
  3855  2387   52.00000   37  287   67.00000   50.00000  25.4%   238  395s
  3905  2428   62.00000   87  214   67.00000   50.00000  25.4%   238  400s
  3985  2495   62.00000   82  279   67.00000   50.00000  25.4%   236  405s
  4055  2546   63.19126   64  207   67.00000   50.00000  25.4%   235  410s
  4124  2587   56.07074   68  171   67.00000   50.00000  25.4%   235  415s
  4202  2627   51.04274   45  191   67.00000   50.00000  25.4%   234  420s
  4251  2654   52.00000   45  261   67.00000   50.00000  25.4%   235  425s
  4310  2697   53.00000   47  249   67.00000   50.00000  25.4%   235  430s
  4358  2734   65.00000   58  194   67.00000   50.00000  25.4%   234  435s
  4416  2775   57.00000   65  241   67.00000   50.00000  25.4%   235  440s
  4492  2831   50.68361   41  248   67.00000   50.00000  25.4%   233  445s
  4561  2891   63.00000  109  165   67.00000   50.00000  25.4%   233  450s
  4627  2935   65.00000   44  227   67.00000   50.00000  25.4%   232  455s
  4678  2976   52.00000   48  267   67.00000   50.00000  25.4%   233  460s
  4742  3019   65.00000   58  205   67.00000   50.00000  25.4%   233  465s
  4803  3058   56.00000   78  238   67.00000   50.00000  25.4%   233  470s
  4878  3098   62.00000   55  222   67.00000   50.00000  25.4%   232  475s
  4946  3154   62.00000   50  206   67.00000   50.00000  25.4%   232  480s
  5009  3186   53.00000   60  248   67.00000   50.00000  25.4%   232  485s
  5085  3238   51.00000   48  258   67.00000   50.00000  25.4%   231  490s
  5139  3271     cutoff   96        67.00000   50.00000  25.4%   231  495s
  5201  3317     cutoff  109        67.00000   50.00000  25.4%   231  500s
  5277  3361   51.00000   50  234   67.00000   50.00000  25.4%   231  505s
  5339  3412   63.00000  112  183   67.00000   50.00000  25.4%   231  510s
  5430  3489   66.00000   98  251   67.00000   50.00000  25.4%   230  515s
  5498  3536   61.00000  102  188   67.00000   50.00000  25.4%   229  520s
  5557  3573 infeasible   63        67.00000   50.00000  25.4%   230  525s
  5616  3600   65.00000   60  212   67.00000   50.00000  25.4%   229  530s
  5697  3660   65.20606   97  189   67.00000   50.00000  25.4%   229  535s
  5764  3716   64.00000   98  234   67.00000   50.00000  25.4%   228  540s
  5823  3759   56.00000   73  225   67.00000   50.00000  25.4%   228  545s
  5895  3812   62.00000   62  218   67.00000   50.00000  25.4%   227  550s
  5976  3875   55.00000   66  204   67.00000   50.00000  25.4%   226  555s
  6046  3919   55.00000   60  229   67.00000   50.00000  25.4%   226  560s
  6103  3958   50.00000   41  258   67.00000   50.00000  25.4%   226  565s
  6158  4000   62.25568   96  229   67.00000   50.00000  25.4%   226  570s
  6212  4036   55.00000   64  261   67.00000   50.00000  25.4%   226  575s
  6301  4107   62.00000   60  230   67.00000   50.00000  25.4%   225  580s
  6364  4156   64.00000   48  240   67.00000   50.00000  25.4%   225  585s
  6423  4186 infeasible   79        67.00000   50.00000  25.4%   225  590s
  6461  4207   55.00000   64  208   67.00000   50.00000  25.4%   226  595s
  6521  4236   62.00000   50  182   67.00000   50.00000  25.4%   226  600s
  6582  4272   54.00000   60  197   67.00000   50.00000  25.4%   226  605s
  6650  4322   59.00000   71  212   67.00000   50.00000  25.4%   225  610s
  6728  4382   62.00000   79  207   67.00000   50.00000  25.4%   225  615s
  6796  4425   61.00000   81  209   67.00000   50.00000  25.4%   224  620s
  6853  4464   55.00000   71  224   67.00000   50.00000  25.4%   224  625s
  6915  4508   64.00000   42  275   67.00000   50.00000  25.4%   224  630s
  6984  4576   65.00000  111  281   67.00000   50.00000  25.4%   223  635s
  7057  4617   52.00000   49  243   67.00000   50.00000  25.4%   223  640s
  7108  4657   64.00000  100  238   67.00000   50.00000  25.4%   223  645s
  7163  4695   57.00000   71  228   67.00000   50.00000  25.4%   223  650s
  7230  4742   59.00000   50  234   67.00000   50.00000  25.4%   222  655s
  7289  4785   63.44627   90  146   67.00000   50.00000  25.4%   222  660s
  7366  4835   54.88896   68  197   67.00000   50.00000  25.4%   222  665s
  7440  4884   56.00000   67  228   67.00000   50.00000  25.4%   222  670s
  7503  4924   54.00000   61  259   67.00000   50.00000  25.4%   222  675s
  7574  4974   51.34867   47  229   67.00000   50.00000  25.4%   222  680s
  7624  5010   53.00000   55  235   67.00000   50.00000  25.4%   223  685s
  7692  5054   64.00000   52  240   67.00000   50.00000  25.4%   223  690s
  7755  5100   62.00000   56  167   67.00000   50.00000  25.4%   223  695s
  7821  5150   57.00000   72  240   67.00000   50.00000  25.4%   223  700s
  7877  5187   59.00000   51  257   67.00000   50.00000  25.4%   223  705s
  7930  5236 infeasible  104        67.00000   50.00000  25.4%   222  710s
  7979  5263   53.91591   55  201   67.00000   50.00000  25.4%   223  715s
  8029  5292   57.37438   74  171   67.00000   50.00000  25.4%   223  720s
  8117  5327   65.00000   42  267   67.00000   50.00000  25.4%   223  725s
  8186  5385   62.00000   40  201   67.00000   50.00000  25.4%   222  730s
  8254  5439   52.00000   50  228   67.00000   50.00000  25.4%   222  735s
  8324  5486   59.00000   49  264   67.00000   50.00000  25.4%   222  740s
  8396  5544   65.00000   49  198   67.00000   50.00000  25.4%   221  745s
  8483  5595   51.06682   51  236   67.00000   50.00000  25.4%   221  750s
  8547  5647   65.00000  115  244   67.00000   50.00000  25.4%   221  755s
  8606  5672   52.00000   46  240   67.00000   50.00000  25.4%   221  760s
  8658  5702   51.09465   47  236   67.00000   50.00000  25.4%   222  765s
  8719  5744   52.00000   50  251   67.00000   50.00000  25.4%   222  770s
  8777  5779   55.00000   54  238   67.00000   50.00000  25.4%   222  775s
  8839  5820   62.69151   86  155   67.00000   50.00000  25.4%   222  780s
  8903  5855   60.00000   81  226   67.00000   50.00000  25.4%   223  785s
  8973  5908   65.00000   72  250   67.00000   50.00000  25.4%   222  790s
  9046  5968   66.00000  104  198   67.00000   50.00000  25.4%   222  795s
  9095  5994   56.00000   64  191   67.00000   50.00000  25.4%   222  800s
  9162  6022   55.00000   57  232   67.00000   50.00000  25.4%   223  805s
  9230  6069   58.00000   62  260   67.00000   50.00000  25.4%   223  810s
  9274  6093   56.00000   52  230   67.00000   50.00000  25.4%   223  815s
  9334  6120   50.00000   42  253   67.00000   50.00000  25.4%   223  820s
  9362  6142   56.00000   70  225   67.00000   50.00000  25.4%   224  825s
  9444  6200   54.00000   49  248   67.00000   50.00000  25.4%   223  830s
  9512  6247   59.00000   43  224   67.00000   50.00000  25.4%   223  835s
  9587  6302   52.24281   59  186   67.00000   50.00000  25.4%   223  840s
  9647  6335   63.54406   91  130   67.00000   50.00000  25.4%   223  845s
  9712  6362   55.00000   59  212   67.00000   50.00000  25.4%   223  850s
  9799  6425   52.07880   49  237   67.00000   50.00000  25.4%   223  855s
  9878  6484   59.00000   39  240   67.00000   50.00000  25.4%   222  860s
  9941  6535   55.00000   57  255   67.00000   50.00000  25.4%   222  865s
 10013  6585   59.00000   59  228   67.00000   50.00000  25.4%   222  870s
 10086  6651   66.00000  132  248   67.00000   50.00000  25.4%   222  875s
 10123  6672   56.00000   53  243   67.00000   50.00000  25.4%   222  880s
 10183  6709   55.00000   50  228   67.00000   50.00000  25.4%   222  885s
 10203  6725   63.00000   95  325   67.00000   50.00000  25.4%   222  952s
 10207  6728   66.00000  149  377   67.00000   50.00000  25.4%   222  955s
 10211  6730   66.00000   84  315   67.00000   50.00000  25.4%   222  960s
 10215  6733   56.00000   61  346   67.00000   50.00000  25.4%   222  965s
 10221  6737   58.00000   76  339   67.00000   50.00000  25.4%   222  972s
 10225  6740   60.00000   90  364   67.00000   50.00000  25.4%   222  976s
 10229  6742   56.00000   62  372   67.00000   50.00000  25.4%   221  981s
 10233  6745   66.00000  124  382   67.00000   50.00000  25.4%   221  986s
 10237  6748   55.00000   61  396   67.00000   50.00000  25.4%   221  990s
 10241  6750   58.00000   76  419   67.00000   50.00000  25.4%   221  995s
 10245  6753   60.00000   90  405   67.00000   50.00000  25.4%   221 1000s
 10251  6757   66.00000   84  409   67.00000   50.00000  25.4%   221 1007s
 10255  6760   56.00000   61  417   67.00000   50.00000  25.4%   221 1011s
 10259  6762   62.00000   96  444   67.00000   50.00000  25.4%   221 1015s
 10263  6765   63.00000   95  410   67.00000   50.00000  25.4%   221 1020s
 10269  6769   56.00000   62  500   67.00000   50.00833  25.4%   221 1026s
 10273  6772   66.00000  124  502   67.00000   50.01809  25.3%   221 1030s
 10279  6776   62.00000   96  492   67.00000   50.03127  25.3%   220 1036s
 10283  6778   63.00000   95  485   67.00000   50.03506  25.3%   220 1040s
 10289  6782   56.00000   62  483   67.00000   50.04069  25.3%   220 1047s
 10293  6785   66.00000  124  470   67.00000   50.04154  25.3%   220 1051s
 10299  6789   62.00000   96  468   67.00000   50.04398  25.3%   220 1056s
 10303  6792   63.00000   95  467   67.00000   50.04529  25.3%   220 1060s
 10308  6795   64.00000   61  472   67.00000   50.04691  25.3%   220 1065s
 10313  6798   66.00000  124  470   67.00000   50.04777  25.3%   220 1070s
 10319  6802   62.00000   96  472   67.00000   50.04898  25.3%   220 1076s
 10323  6805   63.00000   95  485   67.00000   50.05150  25.3%   219 1080s
 10329  6809   56.00000   62  463   67.00000   50.05516  25.3%   219 1086s
 10333  6812   66.00000  124  463   67.00000   50.05997  25.3%   219 1090s
 10339  6816   62.00000   96  448   67.00000   50.06807  25.3%   219 1096s
 10343  6818   63.00000   95  463   67.00000   50.06964  25.3%   219 1100s
 10349  6822   56.00000   62  468   67.00000   50.07171  25.3%   219 1106s
 10353  6825   66.00000  124  465   67.00000   50.07473  25.3%   219 1110s
 10359  6829   62.00000   96  465   67.00000   50.07825  25.3%   219 1116s
 10360  6830   59.00000   82  465   67.00000   50.07825  25.3%   219 1126s
 10361  6830   58.00000   76  220   67.00000   51.00000  23.9%   219 1131s
 10364  6834   51.00000   36  215   67.00000   51.00000  23.9%   222 1138s
 10365  6835   51.00000   36  262   67.00000   51.00000  23.9%   222 1143s
 10366  6836   51.00000   37  214   67.00000   51.00000  23.9%   222 1146s
 10368  6837   51.00000   38  211   67.00000   51.00000  23.9%   222 1153s
 10369  6838   66.00000   38  271   67.00000   51.00000  23.9%   222 1156s
 10370  6838   51.00000   39  263   67.00000   51.00000  23.9%   222 1160s
 10371  6839   51.00000   39  292   67.00000   51.00000  23.9%   222 1165s
 10373  6840   51.00000   40  281   67.00000   51.00000  23.9%   222 1173s
 10374  6841   51.00000   41  278   67.00000   51.00000  23.9%   222 1176s
 10375  6842   51.00000   41  311   67.00000   51.00000  23.9%   222 1182s
 10376  6842   51.00000   42  275   67.00000   51.00000  23.9%   222 1185s
 10380  6845   51.00000   44  287   67.00000   51.00000  23.9%   222 1190s
 10383  6847   51.00000   45  287   67.00000   51.00000  23.9%   222 1195s
 10386  6848   51.00000   47  282   67.00000   51.00000  23.9%   222 1200s
 10391  6851   64.00000   49  208   67.00000   51.00000  23.9%   222 1205s
 10402  6856   65.00000   55  197   67.00000   51.00000  23.9%   222 1210s
 10421  6866   61.00000   65  203   67.00000   51.00000  23.9%   222 1215s
 10450  6876   55.00000   81  176   67.00000   51.00000  23.9%   222 1220s
 10488  6885   59.85659  100  167   67.00000   51.00000  23.9%   222 1225s
 10553  6890   60.00000  135  159   67.00000   51.00000  23.9%   222 1230s
 10615  6881   51.00000   40  297   67.00000   51.00000  23.9%   221 1235s
 10638  6890   51.00000   51  240   67.00000   51.00000  23.9%   222 1240s
 10673  6900   52.15979   69  224   67.00000   51.00000  23.9%   222 1245s
 10711  6911   55.03667   88  159   67.00000   51.00000  23.9%   222 1250s
 10758  6921   57.50346  114  141   67.00000   51.00000  23.9%   222 1255s
 10822  6908   52.00000   58  215   67.00000   51.00000  23.9%   222 1260s
 10876  6916   58.08298   86  126   67.00000   51.00000  23.9%   222 1265s
 10960  6915   52.80311   60  215   67.00000   51.00000  23.9%   222 1270s
 10989  6921   56.00000   74  240   67.00000   51.00000  23.9%   222 1275s
 11055  6927   64.00000  116  158   67.00000   51.00000  23.9%   222 1280s
 11096  6944   51.00000   71  245   67.00000   51.00000  23.9%   222 1285s
 11130  6961   52.00000   94  232   67.00000   51.00000  23.9%   222 1290s
 11192  6987   55.00000  143  176   67.00000   51.00000  23.9%   221 1295s
 11274  7002   61.84116  199  124   67.00000   51.00000  23.9%   221 1300s
 11321  7014   51.00000   67  257   67.00000   51.00000  23.9%   221 1305s
 11363  7036   54.92147   92  211   67.00000   51.00000  23.9%   221 1310s
 11426  7066   63.00000  136  174   67.00000   51.00000  23.9%   220 1315s
 11484  7081   53.01444   67  251   67.00000   51.00000  23.9%   220 1320s
 11536  7110   60.00000  119  248   67.00000   51.00000  23.9%   220 1325s
 11599  7147   65.00000  182  252   67.00000   51.00000  23.9%   219 1330s
 11659  7170   51.00000   61  276   67.00000   51.00000  23.9%   219 1335s
 11680  7183   52.00000   82  273   67.00000   51.00000  23.9%   219 1340s
 11745  7223   64.00000  147  204   67.00000   51.00000  23.9%   218 1345s
 11797  7232   52.00000   56  279   67.00000   51.00000  23.9%   218 1350s
 11841  7254   61.00000  100  220   67.00000   51.00000  23.9%   218 1355s
 11920  7293   62.00000  112  161   67.00000   51.00000  23.9%   217 1360s
 11996  7311   60.10023  118  195   67.00000   51.00000  23.9%   217 1365s
 12072  7340   62.00000   86  141   67.00000   51.00000  23.9%   217 1370s
 12117  7348   64.00000   96  252   67.00000   51.00000  23.9%   217 1375s
 12200  7387   53.00000   80  249   67.00000   51.00000  23.9%   216 1380s
 12258  7401   54.29905   81  216   67.00000   51.00000  23.9%   216 1385s
 12334  7433   53.00000   74  251   67.00000   51.00000  23.9%   215 1390s
 12393  7458   59.00000   99  228   67.00000   51.00000  23.9%   215 1395s
 12468  7483   55.86228   85  186   67.00000   51.00000  23.9%   215 1400s
 12535  7495   64.84514  121  154   67.00000   51.00000  23.9%   215 1405s
 12620  7493     cutoff  165        67.00000   51.00000  23.9%   215 1410s
 12680  7500   63.00000   97  164   67.00000   51.00000  23.9%   214 1415s
 12768  7542 infeasible  141        67.00000   51.00000  23.9%   214 1420s
 12833  7561   60.23321  108  150   67.00000   51.00000  23.9%   213 1425s
 12930  7601   66.00000  125  169   67.00000   51.00000  23.9%   213 1430s
 13001  7619 infeasible  130        67.00000   51.00000  23.9%   213 1435s
 13059  7627   53.00000   53  251   67.00000   51.00000  23.9%   213 1440s
 13123  7661   62.00000  117  192   67.00000   51.00000  23.9%   213 1445s
 13191  7684   64.00000   86  255   67.00000   51.00000  23.9%   213 1450s
 13273  7723   57.08852   69  210   67.00000   51.00000  23.9%   212 1455s
 13324  7735   57.26133   73  195   67.00000   51.00000  23.9%   212 1460s
 13388  7748   57.00000   79  220   67.00000   51.00000  23.9%   213 1465s
 13455  7766   57.24519   72  184   67.00000   51.00000  23.9%   212 1470s
 13533  7797   59.00000   90  182   67.00000   51.00000  23.9%   212 1475s
 13618  7812   56.99230   90  159   67.00000   51.00000  23.9%   212 1480s
 13705  7851   64.00000   99  252   67.00000   51.00000  23.9%   211 1485s
 13784  7889   56.00000   64  230   67.00000   51.00000  23.9%   211 1490s
 13854  7916   58.00000   62  277   67.00000   51.00000  23.9%   211 1495s
 13933  7943   59.00000   52  275   67.00000   51.00000  23.9%   210 1500s
 13968  7964   59.00000   70  199   67.00000   51.00000  23.9%   211 1505s
 14030  7969   62.00000   60  301   67.00000   51.00000  23.9%   210 1510s
 14076  7998   62.00000   79  216   67.00000   51.00000  23.9%   210 1515s
 14147  8020   61.02429  106  170   67.00000   51.00000  23.9%   211 1520s
 14229  8054   62.00000   90  219   67.00000   51.00000  23.9%   210 1525s
 14294  8080   53.78000   66  281   67.00000   51.00000  23.9%   210 1530s
 14350  8115   64.00000  122  265   67.00000   51.00000  23.9%   210 1535s
 14406  8137   53.00000   59  242   67.00000   51.00000  23.9%   210 1540s
 14478  8174   64.00000  131  190   67.00000   51.00000  23.9%   209 1545s
 14513  8177   53.56214   65  281   67.00000   51.00000  23.9%   210 1550s
 14551  8195   55.00000   93  276   67.00000   51.00000  23.9%   210 1555s
 14595  8209   58.78202  119  196   67.00000   51.00000  23.9%   210 1560s
 14680  8228   64.63923  174  118   67.00000   51.00000  23.9%   210 1565s
 14735  8253   57.02730   98  219   67.00000   51.00000  23.9%   210 1570s
 14817  8299   65.02860  180  195   67.00000   51.00000  23.9%   209 1575s
 14867  8315   62.70988   81  175   67.00000   51.00000  23.9%   209 1580s
 14918  8335   53.00000   76  282   67.00000   51.00000  23.9%   209 1585s
 14965  8359   65.94634  123  180   67.00000   51.00000  23.9%   209 1590s
 14998  8370   55.00000   75  266   67.00000   51.00000  23.9%   209 1595s
 15044  8395   60.00000  121  254   67.00000   51.00000  23.9%   209 1600s
 15104  8429   66.00000  181  197   67.00000   51.00000  23.9%   209 1605s
 15173  8455   55.00000   51  264   67.00000   51.00000  23.9%   209 1610s
 15242  8494   62.00000  120  204   67.00000   51.00000  23.9%   209 1615s
 15293  8510   55.00000   78  232   67.00000   51.00000  23.9%   208 1620s
 15360  8548   64.00000  145  165   67.00000   51.00000  23.9%   208 1625s
 15418  8563   64.00000   63  220   67.00000   51.00000  23.9%   208 1630s
 15485  8584   65.00000   87  156   67.00000   51.00000  23.9%   208 1635s
 15564  8608 infeasible  108        67.00000   51.00000  23.9%   208 1640s
 15610  8617   56.01142   74  184   67.00000   51.00000  23.9%   208 1645s
 15711  8645   55.52228   73  199   67.00000   51.00000  23.9%   208 1650s
 15792  8691   64.00000  154  262   67.00000   51.00000  23.9%   208 1655s
 15874  8714   51.00000   49  269   67.00000   51.00000  23.9%   207 1660s
 15944  8752   59.20420  119  159   67.00000   51.00000  23.9%   207 1665s
 16011  8774   56.50985   76  221   67.00000   51.00000  23.9%   207 1670s
 16076  8791   55.00000   75  237   67.00000   51.00000  23.9%   207 1675s
 16137  8825   63.00000  136  170   67.00000   51.00000  23.9%   207 1680s
 16221  8864   66.00000  112  193   67.00000   51.00000  23.9%   206 1685s
 16285  8892   56.00000   93  244   67.00000   51.00000  23.9%   206 1690s
 16373  8927   54.27282   59  254   67.00000   51.00000  23.9%   206 1695s
 16461  8976   65.00000  147  217   67.00000   51.00000  23.9%   205 1700s
 16538  9013   57.00000  117  199   67.00000   51.00000  23.9%   205 1705s
 16616  9043   56.28110   67  172   67.00000   51.00000  23.9%   205 1710s
 16666  9046   53.76990   56  207   67.00000   51.00000  23.9%   205 1715s
 16708  9064   57.00000   87  231   67.00000   51.00000  23.9%   206 1720s
 16781  9074   52.00000   52  234   67.00000   51.00000  23.9%   205 1725s
 16844  9107   66.00000  115  152   67.00000   51.00000  23.9%   205 1730s
 16938  9149     cutoff  134        67.00000   51.00000  23.9%   205 1735s
 17005  9179   63.00000  120  166   67.00000   51.00000  23.9%   205 1740s
 17073  9208   60.00000  115  272   67.00000   51.00000  23.9%   205 1745s
 17139  9235   56.00000   69  234   67.00000   51.00000  23.9%   205 1750s
 17228  9274   52.00000   63  259   67.00000   51.00000  23.9%   204 1755s
 17311  9321   61.00000  146  163   67.00000   51.00000  23.9%   204 1760s
 17365  9338   58.00000   99  210   67.00000   51.00000  23.9%   204 1765s
 17434  9368   52.65101   68  190   67.00000   51.00000  23.9%   204 1770s
 17522  9406   64.00000   69  233   67.00000   51.00000  23.9%   203 1775s
 17602  9444   53.00000   61  242   67.00000   51.00000  23.9%   203 1780s
 17648  9462   54.00000   85  212   67.00000   51.00000  23.9%   203 1785s
 17740  9475   63.00000  136  122   67.00000   51.00000  23.9%   203 1790s
 17801  9486   54.73292   83  241   67.00000   51.00000  23.9%   203 1795s

Cutting planes:
  Gomory: 2
  Clique: 99
  MIR: 9
  Flow cover: 32
  Zero half: 4
  Mod-K: 1

Explored 17871 nodes (3636276 simplex iterations) in 1800.01 seconds
Thread count was 1 (of 12 available processors)

Solution count 6: 67 93 121 ... 4696
Pool objective bound 51

Time limit reached
Best objective 6.700000000000e+01, best bound 5.100000000000e+01, gap 23.8806%
