
Gurobi 7.0.2 (win64) logging started 06/24/20 00:26:03

Read LP format model from file C:\George\Professor\Pesquisa\Orientacoes em Pos-graduacao\2019 MSC PPGCC Guilherme Figueroa\Fanjuls Solver\Results\I_50_10_S_1-124_5_MTZ_KB.lp
Reading time = 0.08 seconds
: 3620 rows, 26051 columns, 108010 nonzeros
Optimize a model with 3620 rows, 26051 columns and 108010 nonzeros
Variable types: 551 continuous, 25500 integer (25500 binary)
Coefficient statistics:
  Matrix range     [1e+00, 1e+02]
  Objective range  [1e+00, 1e+00]
  Bounds range     [1e+00, 1e+00]
  RHS range        [1e+00, 5e+01]
Presolve time: 0.09s
Presolved: 3620 rows, 26051 columns, 108010 nonzeros
Variable types: 50 continuous, 26001 integer (26000 binary)
Found heuristic solution: objective 6099.0000000
Found heuristic solution: objective 5934.0000000

Root relaxation: objective 9.400441e+01, 5196 iterations, 0.48 seconds

    Nodes    |    Current Node    |     Objective Bounds      |     Work
 Expl Unexpl |  Obj  Depth IntInf | Incumbent    BestBd   Gap | It/Node Time

     0     0   94.00441    0  238 5934.00000   94.00441  98.4%     -    0s
H    0     0                     191.0000000   94.00441  50.8%     -    1s
H    0     0                     148.0000000   94.00441  36.5%     -    2s
     0     0   95.00000    0  276  148.00000   95.00000  35.8%     -    5s
H    0     0                     141.0000000   95.00000  32.6%     -    6s
     0     0   95.00000    0  276  141.00000   95.00000  32.6%     -    6s
     0     0   95.00000    0  258  141.00000   95.00000  32.6%     -    9s
     0     0   95.00000    0  196  141.00000   95.00000  32.6%     -   15s
H    0     0                     132.0000000   95.00000  28.0%     -   15s
     0     0   95.00000    0  258  132.00000   95.00000  28.0%     -   16s
     0     0   95.00000    0  262  132.00000   95.00000  28.0%     -   17s
     0     0   95.17122    0  277  132.00000   95.17122  27.9%     -   18s
     0     0   95.17122    0  277  132.00000   95.17122  27.9%     -   18s
     0     0   95.17208    0  280  132.00000   95.17208  27.9%     -   18s
     0     0   95.17208    0  280  132.00000   95.17208  27.9%     -   18s
     0     0   95.17208    0  280  132.00000   95.17208  27.9%     -   19s
     0     0   96.00000    0  144  132.00000   96.00000  27.3%     -   23s
     0     0   96.00000    0  144  132.00000   96.00000  27.3%     -   23s
     0     2   96.00000    0  144  132.00000   96.00000  27.3%     -   24s
     1     3   96.00000    1  268  132.00000   96.00000  27.3%  1069   25s
    15    12   99.00000   12  239  132.00000   96.00000  27.3%   556   30s
H   27    19                     129.0000000   96.00000  25.6%   465   35s
    64    46  105.00000   52  184  129.00000   96.00000  25.6%   361   40s
   101    65  100.00000   20  197  129.00000   96.00000  25.6%   319   45s
   189   104   98.13938    5  259  129.00000   96.00000  25.6%   241   53s
   202   114  100.83068   16  243  129.00000   96.00000  25.6%   251   55s
   216   121  102.56386   26  221  129.00000   96.00000  25.6%   259   60s
   281   159  114.00000   77  162  129.00000   96.00000  25.6%   248   65s
   405   226  100.40226   16  246  129.00000   96.00000  25.6%   212   70s
   459   259  106.00000   48  194  129.00000   96.00000  25.6%   221   75s
H  471   250                     123.0000000   96.00000  22.0%   219   76s
   511   275  109.00000   59  258  123.00000   96.00000  22.0%   211   82s
   514   277  107.00000   46  259  123.00000   96.00000  22.0%   210   85s
   522   282  102.00000   35  261  123.00000   96.00000  22.0%   207   91s
   527   286  112.00000   73  291  123.00000   96.10119  21.9%   205   95s
   532   289  103.00000   33  222  123.00000   97.00000  21.1%   203  100s
   536   292  105.00000   31  260  123.00000   97.00000  21.1%   201  105s
   540   296  104.00000   41  258  123.00000   97.00000  21.1%   285  114s
   542   297  102.00000   35  115  123.00000   97.00000  21.1%   284  117s
   547   301  112.00000   73  211  123.00000   97.00000  21.1%   282  121s
   551   303  109.00000   59  267  123.00000   97.00000  21.1%   280  126s
   555   306  105.00000   45  253  123.00000   97.00000  21.1%   278  131s
   559   309  100.00000   22  270  123.00000   97.00000  21.1%   276  135s
   561   310  104.00000   33  256  123.00000   97.00000  21.1%   275  142s
   564   314   97.00000   24  276  123.00000   97.00000  21.1%   336  150s
   565   315   97.00000   24  290  123.00000   97.00000  21.1%   336  155s
   570   316   98.00000   27  261  123.00000   97.00000  21.1%   338  160s
   583   320   99.00000   34  234  123.00000   97.00000  21.1%   339  165s
   600   321  105.41805   44  178  123.00000   97.00000  21.1%   342  170s
H  616   305                     114.0000000   97.00000  14.9%   342  174s
   617   306  104.56782   53  170  114.00000   97.00000  14.9%   343  175s
   671   312  106.00000   82  103  114.00000   97.00000  14.9%   332  180s
   718   311  100.00000   35  238  114.00000   97.00000  14.9%   324  185s
   749   317  102.00000   52  205  114.00000   97.00000  14.9%   323  190s
   767   319  104.00000   62  226  114.00000   97.00000  14.9%   324  195s
   793   323  106.00000   76  191  114.00000   97.00000  14.9%   324  200s
   834   320  100.58544   30  191  114.00000   97.00000  14.9%   321  207s
   846   322  100.89136   37  229  114.00000   97.00000  14.9%   322  210s
   876   328  110.00000   54  167  114.00000   97.00000  14.9%   323  215s
   940   325   97.10407   25  290  114.00000   97.00000  14.9%   314  220s
   956   328  100.00000   35  255  114.00000   97.00000  14.9%   316  225s
   977   334  102.00000   49  242  114.00000   97.00000  14.9%   318  230s
  1004   341  103.62676   65  183  114.00000   97.00000  14.9%   318  235s
  1023   347  105.10351   78  155  114.00000   97.00000  14.9%   317  241s
  1050   353  107.04997   94  165  114.00000   97.00000  14.9%   317  245s
  1082   349   99.00000   31  254  114.00000   98.00000  14.0%   317  250s
  1102   354  101.00000   38  223  114.00000   98.00000  14.0%   322  255s
  1126   359  104.00000   50  240  114.00000   98.00000  14.0%   324  260s
  1154   364  106.08592   64  146  114.00000   98.00000  14.0%   324  265s
  1195   364  100.00000   32  197  114.00000   98.00000  14.0%   324  270s
  1220   369  102.62406   46  173  114.00000   98.00000  14.0%   326  275s
  1259   373  106.10509   65  120  114.00000   98.00000  14.0%   325  280s
  1305   379  104.00000   46  213  114.00000   98.00000  14.0%   322  285s
  1340   393  110.00000   78  232  114.00000   98.00000  14.0%   322  290s
  1383   398  102.48224   48  171  114.00000   98.00000  14.0%   320  295s
  1414   405  100.00000   32  243  114.00000   98.00000  14.0%   321  300s
  1451   409  101.00000   37  205  114.00000   98.00000  14.0%   321  305s
  1478   422  101.00000   34  226  114.00000   98.00000  14.0%   322  310s
  1511   443  103.00000   51  202  114.00000   98.00000  14.0%   321  315s
  1563   460   99.00000   33  221  114.00000   98.00000  14.0%   319  320s
  1600   487  110.00000   70  157  114.00000   98.00000  14.0%   318  325s
  1627   505  107.00000   39  218  114.00000   98.00000  14.0%   320  330s
  1658   521  101.00000   39  228  114.00000   98.00000  14.0%   320  335s
  1674   532  105.20150   55  233  114.00000   98.00000  14.0%   320  341s
  1708   555  100.00000   36  245  114.00000   98.00000  14.0%   319  345s
  1760   590   98.25826   33  217  114.00000   98.00000  14.0%   317  350s
  1808   618   99.00000   32  238  114.00000   98.00000  14.0%   316  355s
  1846   639   98.00000   32  231  114.00000   98.00000  14.0%   315  360s
  1870   656  106.00000   56  207  114.00000   98.00000  14.0%   317  365s
  1908   678  100.00000   37  193  114.00000   98.00000  14.0%   317  370s
  1947   695  105.22706   59  131  114.00000   98.00000  14.0%   317  375s
  1993   714  103.00000   43  147  114.00000   98.00000  14.0%   315  380s
  2038   741   99.00000   32  232  114.00000   98.00000  14.0%   314  385s
  2070   764  108.00000   64  234  114.00000   98.00000  14.0%   315  390s
  2149   805 infeasible   67       114.00000   98.00000  14.0%   310  395s
  2178   817  103.00000   48  221  114.00000   98.00000  14.0%   310  400s
  2229   844   98.00000   28  260  114.00000   98.00000  14.0%   308  405s
  2252   861  104.00000   51  202  114.00000   98.00000  14.0%   310  410s
  2294   896  109.00000   92  158  114.00000   98.00000  14.0%   307  415s
  2331   918  104.00000   53  191  114.00000   98.00000  14.0%   307  420s
  2370   944  107.00000   30  242  114.00000   98.00000  14.0%   306  425s
  2395   964  107.76200   41  201  114.00000   98.00000  14.0%   306  430s
  2428   977  101.00000   40  239  114.00000   98.00000  14.0%   307  435s
  2460  1001  107.00000   71  191  114.00000   98.00000  14.0%   307  440s
  2502  1022  104.00000   48  187  114.00000   98.00000  14.0%   306  445s
  2537  1043  100.00000   36  241  114.00000   98.00000  14.0%   306  450s
  2575  1066  107.00000   42  239  114.00000   98.00000  14.0%   307  455s
  2614  1074  100.00000   38  253  114.00000   98.00000  14.0%   308  460s
  2644  1085   98.75102   31  231  114.00000   98.00000  14.0%   309  465s
  2668  1101  107.00000   55  196  114.00000   98.00000  14.0%   310  470s
  2699  1117  100.00000   32  254  114.00000   98.00000  14.0%   310  475s
H 2714  1050                     111.0000000   98.00000  11.7%   310  479s
  2720  1054  106.00000   45  203  111.00000   98.00000  11.7%   310  480s
  2765  1074  101.00000   45  264  111.00000   98.00000  11.7%   309  485s
  2799  1093   99.00000   33  256  111.00000   98.00000  11.7%   309  490s
  2827  1114  108.00000   61  265  111.00000   98.00000  11.7%   310  495s
  2862  1135  105.00000   52  204  111.00000   98.00000  11.7%   310  500s
  2904  1157  102.00000   43  250  111.00000   98.00000  11.7%   309  505s
  2942  1188  109.00000   81  209  111.00000   98.00000  11.7%   308  510s
  2969  1197  110.00000   43  215  111.00000   99.00000  10.8%   308  515s
  2988  1209  104.00000   54  216  111.00000   99.00000  10.8%   309  520s
  3020  1218  101.66974   43  182  111.00000   99.00000  10.8%   309  525s
  3055  1231  100.06808   39  179  111.00000   99.00000  10.8%   309  530s
  3086  1252  106.29223   70  133  111.00000   99.00000  10.8%   308  535s
  3113  1270  104.01383   55  150  111.00000   99.00000  10.8%   309  540s
  3150  1293  108.00000   62  187  111.00000   99.00000  10.8%   308  545s
  3179  1301  100.00000   35  197  111.00000   99.00000  10.8%   308  550s
  3216  1322  105.00000   59  194  111.00000   99.00000  10.8%   307  555s
  3248  1331  100.25486   37  199  111.00000   99.00000  10.8%   307  561s
  3275  1350  107.10110   64  130  111.00000   99.00000  10.8%   306  565s
  3320  1368  104.00000   47  217  111.00000   99.00000  10.8%   306  570s
  3342  1378  101.00000   38  223  111.00000   99.00000  10.8%   306  575s
  3377  1400  100.28944   36  214  111.00000   99.00000  10.8%   306  580s
  3383  1404  102.18502   42  226  111.00000   99.00000  10.8%   306  587s
  3402  1419  107.00000   61  263  111.00000   99.00000  10.8%   306  590s
  3437  1440  107.00000   57  224  111.00000   99.00000  10.8%   306  595s
  3493  1467  107.00000   32  228  111.00000   99.00000  10.8%   306  600s
  3520  1478  104.00000   43  242  111.00000   99.00000  10.8%   306  605s
  3565  1490  101.00000   45  231  111.00000   99.00000  10.8%   306  610s
  3597  1505  104.38946   61  173  111.00000   99.00000  10.8%   307  615s
  3638  1519  105.00000   54  246  111.00000   99.00000  10.8%   307  620s
  3690  1540  103.02466   45  134  111.00000   99.00000  10.8%   306  625s
  3747  1561  104.00000   50  201  111.00000   99.00000  10.8%   305  630s
  3795  1593  104.00000   49  229  111.00000   99.00000  10.8%   304  635s
  3835  1612  102.00000   41  240  111.00000   99.00000  10.8%   304  640s
  3870  1635  102.00000   41  232  111.00000   99.00000  10.8%   304  645s
  3911  1659  105.00000   47  225  111.00000   99.00000  10.8%   304  650s
  3950  1685  102.00000   46  203  111.00000   99.00000  10.8%   304  655s
  3994  1705  102.00000   37  218  111.00000   99.00000  10.8%   303  660s
  4024  1717   99.40024   34  210  111.00000   99.00000  10.8%   304  665s
  4066  1738  105.82048   61  175  111.00000   99.00000  10.8%   304  672s
  4090  1746  104.00000   47  202  111.00000   99.00000  10.8%   304  675s
  4134  1771  102.12279   51  148  111.00000   99.00000  10.8%   303  680s
  4175  1797  106.00000   49  220  111.00000   99.00000  10.8%   303  685s
  4217  1819  106.00000   51  258  111.00000   99.00000  10.8%   303  690s
  4256  1838  102.11020   48  173  111.00000   99.00000  10.8%   303  695s
  4298  1864  101.00000   43  237  111.00000   99.00000  10.8%   302  700s
  4328  1887  107.00000   73  185  111.00000   99.00000  10.8%   301  705s
  4379  1918  109.00000   70  149  111.00000   99.00000  10.8%   301  710s
  4420  1938  101.00000   38  227  111.00000   99.00000  10.8%   301  715s
  4426  1941  103.44519   44  228  111.00000   99.00000  10.8%   301  721s
  4450  1961  108.00000   68  179  111.00000   99.00000  10.8%   301  725s
  4478  1970  102.78004   40  191  111.00000   99.00000  10.8%   302  730s
  4516  1978  101.23550   42  226  111.00000   99.00000  10.8%   302  735s
  4560  2000  108.93818   63  153  111.00000   99.00000  10.8%   302  740s
  4600  2017   99.00000   30  233  111.00000   99.00000  10.8%   302  745s
  4629  2037  107.28626   59  176  111.00000   99.00000  10.8%   303  750s
  4666  2055  108.00000   58  217  111.00000   99.00000  10.8%   303  755s
  4703  2076  105.00000   56  183  111.00000   99.00000  10.8%   303  760s
  4753  2099 infeasible   65       111.00000   99.00000  10.8%   302  765s
  4785  2117  100.45150   37  233  111.00000   99.00000  10.8%   303  770s
  4823  2134  107.00000   36  230  111.00000   99.00000  10.8%   303  775s
  4863  2160  110.00000   50  197  111.00000   99.00000  10.8%   303  780s
  4903  2184  108.00000   59  202  111.00000   99.00000  10.8%   302  785s
  4946  2200  107.00000   57  185  111.00000   99.00000  10.8%   303  790s
  4977  2215  106.44206   58  221  111.00000   99.00000  10.8%   303  795s
  5008  2235  103.00000   49  216  111.00000   99.00000  10.8%   304  800s
  5031  2246  102.00000   43  267  111.00000   99.00000  10.8%   304  807s
  5045  2257  105.00000   57  259  111.00000   99.00000  10.8%   304  810s
  5086  2284  105.00000   47  253  111.00000   99.00000  10.8%   304  816s
  5102  2295  102.00000   44  258  111.00000   99.00000  10.8%   304  826s
  5108  2299  109.00000   72  279  111.00000   99.00000  10.8%   303  830s
  5113  2302  101.00000   42  204  111.00000   99.00000  10.8%   303  835s
  5118  2306  107.00000   78  294  111.00000   99.00000  10.8%   303  840s
  5120  2307  104.00000   52  229  111.00000   99.00000  10.8%   303  845s
  5122  2310   99.00000   38  296  111.00000   99.00000  10.8%   307  852s
  5124  2311   99.00000   39  284  111.00000   99.00000  10.8%   307  857s
  5125  2311   99.00000   39  267  111.00000   99.00000  10.8%   307  860s
  5127  2311   99.00000   40  222  111.00000   99.00000  10.8%   307  865s
  5128  2311   99.00000   41  262  111.00000   99.00000  10.8%   307  870s
  5131  2313   99.00000   43  274  111.00000   99.00000  10.8%   307  876s
  5135  2315   99.00000   45  261  111.00000   99.00000  10.8%   307  880s
  5144  2316  100.66178   50  189  111.00000   99.00000  10.8%   307  885s
  5154  2317  102.00000   56  241  111.00000   99.00000  10.8%   308  890s
  5167  2317  104.00000   64  203  111.00000   99.00000  10.8%   308  895s
  5190  2316  107.00000   77  189  111.00000   99.00000  10.8%   308  900s
  5222  2309   99.00000   41  256  111.00000   99.00000  10.8%   307  905s
  5232  2311   99.00000   47  241  111.00000   99.00000  10.8%   307  910s
  5245  2313  100.16836   54  179  111.00000   99.00000  10.8%   308  915s
  5263  2316  106.66057   64  196  111.00000   99.00000  10.8%   308  920s
  5283  2323  103.00000   75  237  111.00000   99.00000  10.8%   308  925s
  5309  2325  105.76871   89  156  111.00000   99.00000  10.8%   308  930s
  5334  2323  107.00000  103  228  111.00000   99.00000  10.8%   308  935s
  5378  2313   99.00000   42  261  111.00000   99.00000  10.8%   307  940s
  5395  2318   99.00000   52  216  111.00000   99.00000  10.8%   307  945s
  5418  2320  103.06863   65  170  111.00000   99.00000  10.8%   308  950s
  5438  2322  105.00000   76  189  111.00000   99.00000  10.8%   309  955s
  5466  2321  108.23047   92  114  111.00000   99.00000  10.8%   309  960s
  5501  2321  100.00000   54  256  111.00000   99.00000  10.8%   309  965s
  5523  2324  103.39829   68  180  111.00000   99.00000  10.8%   310  970s
  5575  2330  109.00000   99  194  111.00000   99.00000  10.8%   309  975s
  5602  2328   99.64512   54  164  111.00000   99.00000  10.8%   309  980s
  5630  2335  102.00000   73  211  111.00000   99.00000  10.8%   309  985s
  5648  2340  107.00000   84  160  111.00000   99.00000  10.8%   310  990s
  5675  2341   99.00000   46  253  111.00000   99.00000  10.8%   310  995s
  5701  2344  101.00000   58  197  111.00000   99.00000  10.8%   310 1000s
  5743  2348  105.03928   85  135  111.00000   99.00000  10.8%   310 1005s
  5788  2349  102.00000   60  262  111.00000   99.00000  10.8%   309 1010s
  5816  2363  107.00000   88  249  111.00000   99.00000  10.8%   309 1015s
  5848  2379  110.00000  119  229  111.00000   99.00000  10.8%   309 1020s
  5885  2373  109.84941   69  123  111.00000   99.00000  10.8%   309 1025s
  5922  2377  103.00000   66  245  111.00000   99.00000  10.8%   308 1030s
  5955  2391  109.37862   99  171  111.00000   99.00000  10.8%   308 1035s
  5987  2395  104.00000   62  207  111.00000   99.00000  10.8%   308 1040s
  6027  2411  110.00000  100  209  111.00000   99.00000  10.8%   308 1045s
  6055  2414  105.00000   52  211  111.00000   99.00000  10.8%   308 1050s
  6088  2416   99.00000   48  275  111.00000   99.00000  10.8%   308 1055s
  6116  2429  109.00000   76  239  111.00000   99.00000  10.8%   309 1060s
  6152  2438  104.00000   70  234  111.00000   99.00000  10.8%   309 1065s
  6213  2457   99.00000   45  277  111.00000   99.00000  10.8%   308 1070s
  6232  2466  103.00000   64  254  111.00000   99.00000  10.8%   308 1075s
  6263  2473  100.00000   51  247  111.00000   99.00000  10.8%   308 1080s
  6291  2484  109.00000   79  180  111.00000   99.00000  10.8%   308 1085s
  6320  2489  105.00000   69  227  111.00000   99.00000  10.8%   309 1090s
  6360  2496  103.00443   58  228  111.00000   99.00000  10.8%   309 1095s
  6387  2499  105.00000   74  178  111.00000   99.00000  10.8%   309 1100s
  6436  2492  108.42181  100  134  111.00000   99.00000  10.8%   309 1105s
  6462  2501  105.00000   71  210  111.00000   99.00000  10.8%   309 1110s
  6492  2506  104.00000   60  251  111.00000   99.00000  10.8%   310 1115s
  6519  2510   99.00000   47  280  111.00000   99.00000  10.8%   310 1120s
  6550  2514  102.23369   59  172  111.00000   99.00000  10.8%   310 1125s
  6586  2519  107.00000   74  175  111.00000   99.00000  10.8%   311 1130s
  6616  2520  102.00000   57  243  111.00000   99.00000  10.8%   311 1135s
  6641  2530  110.00000   82  211  111.00000   99.00000  10.8%   311 1140s
  6672  2531  109.64847   67  191  111.00000   99.00000  10.8%   312 1145s
  6710  2540  106.00000   73  227  111.00000   99.00000  10.8%   312 1150s
  6753  2551  100.43883   49  249  111.00000   99.00000  10.8%   311 1155s
  6783  2555   99.00000   45  219  111.00000   99.00000  10.8%   311 1160s
  6812  2566  107.00000   74  240  111.00000   99.00000  10.8%   312 1165s
  6844  2571  104.00000   56  273  111.00000   99.00000  10.8%   312 1170s
  6873  2580  109.37971   83  216  111.00000   99.00000  10.8%   312 1175s
  6900  2582  104.00000   59  219  111.00000   99.00000  10.8%   312 1180s
  6925  2587  102.00000   61  253  111.00000   99.00000  10.8%   312 1185s
  6948  2593  109.54716   83  195  111.00000   99.00000  10.8%   312 1190s
  6979  2593  103.00000   63  265  111.00000   99.00000  10.8%   312 1195s
  7001  2602  109.00000   85  224  111.00000   99.00000  10.8%   312 1200s
  7026  2607  103.73205   66  202  111.00000   99.00000  10.8%   313 1205s
  7059  2612   99.70879   54  213  111.00000   99.00000  10.8%   313 1210s
  7082  2615  102.00000   66  206  111.00000   99.00000  10.8%   313 1215s
  7120  2620  106.00000   89  127  111.00000   99.00000  10.8%   313 1220s
  7160  2622  103.00000   67  266  111.00000   99.00000  10.8%   313 1225s
  7196  2630  102.00000   60  224  111.00000   99.00000  10.8%   313 1230s
  7227  2643  110.00000   91  230  111.00000   99.00000  10.8%   313 1235s
  7256  2645  106.00000   64  273  111.00000   99.00000  10.8%   313 1240s
  7289  2652  103.00000   63  239  111.00000   99.00000  10.8%   314 1245s
  7326  2660 infeasible   47       111.00000   99.00000  10.8%   313 1250s
  7357  2669  103.63959   61  207  111.00000   99.00000  10.8%   314 1255s
  7397  2676  102.00000   54  233  111.00000   99.00000  10.8%   314 1260s
  7424  2688  108.00000   81  202  111.00000   99.00000  10.8%   314 1265s
  7455  2694  103.00000   61  240  111.00000   99.00000  10.8%   314 1270s
  7486  2707  110.00000   92  218  111.00000   99.00000  10.8%   315 1275s
  7514  2711  107.00000   73  253  111.00000   99.00000  10.8%   315 1280s
  7554  2720  107.00000   75  231  111.00000   99.00000  10.8%   315 1285s
  7591  2727   99.00000   47  215  111.00000   99.00000  10.8%   315 1290s
  7606  2728  109.00000   52  202  111.00000   99.00000  10.8%   316 1295s
  7651  2729   99.00000   44  239  111.00000   99.00000  10.8%   316 1300s
  7679  2740  108.00000   72  202  111.00000   99.00000  10.8%   316 1305s
  7721  2753  105.00000   76  248  111.00000   99.00000  10.8%   316 1310s
  7754  2759  104.00000   63  241  111.00000   99.00000  10.8%   316 1315s
  7788  2768  100.00000   43  263  111.00000   99.00000  10.8%   316 1320s
  7817  2779  105.00000   71  189  111.00000   99.00000  10.8%   316 1325s
  7857  2792  103.00000   51  224  111.00000   99.00000  10.8%   316 1330s
  7883  2803  109.59969   77  231  111.00000   99.00000  10.8%   317 1335s
  7913  2803  103.00000   61  228  111.00000   99.00000  10.8%   317 1340s
  7964  2821   99.00000   48  243  111.00000   99.00000  10.8%   316 1345s
  8010  2831  101.00000   48  270  111.00000   99.00000  10.8%   316 1350s
  8035  2837  106.95318   60  213  111.00000   99.00000  10.8%   316 1355s
  8078  2830  102.00000   54  244  111.00000   99.00000  10.8%   316 1360s
  8116  2836  100.00000   49  259  111.00000   99.00000  10.8%   316 1365s
  8167  2853   99.99874   46  209  111.00000   99.00000  10.8%   315 1370s
  8218  2866  106.00000   80  165  111.00000   99.00000  10.8%   315 1375s
  8268  2869  103.00000   60  212  111.00000   99.00000  10.8%   314 1380s
  8307  2878  100.00000   54  211  111.00000   99.00000  10.8%   314 1385s
  8347  2877  100.00000   53  215  111.00000   99.00000  10.8%   314 1390s
  8398  2888  103.00000   59  208  111.00000   99.00000  10.8%   313 1395s
  8448  2901  101.20993   54  195  111.00000   99.00000  10.8%   313 1400s
  8477  2905   99.07288   46  212  111.00000   99.00000  10.8%   313 1405s
  8499  2914  108.00000   68  212  111.00000   99.00000  10.8%   314 1410s
  8529  2919  105.58763   61  229  111.00000   99.00000  10.8%   314 1415s
  8562  2923  102.18409   62  233  111.00000   99.00000  10.8%   314 1420s
  8609  2933  101.00000   51  215  111.00000   99.00000  10.8%   314 1425s
  8652  2937  101.32485   64  163  111.00000   99.00000  10.8%   314 1430s
  8706  2941     cutoff   96       111.00000   99.00000  10.8%   313 1435s
  8745  2953  109.00000   85  228  111.00000   99.00000  10.8%   313 1440s
  8790  2958   99.25413   48  231  111.00000   99.00000  10.8%   313 1445s
  8822  2966  109.03123   76  232  111.00000   99.00000  10.8%   313 1450s
  8850  2975  109.02061   76  207  111.00000   99.00000  10.8%   313 1455s
  8882  2986  107.00000   72  187  111.00000   99.00000  10.8%   313 1460s
  8933  2999  103.21560   64  172  111.00000   99.00000  10.8%   312 1465s
  8965  3005  101.98726   51  214  111.00000   99.00000  10.8%   313 1470s
  8994  3010   99.14727   49  186  111.00000   99.00000  10.8%   313 1475s
  9028  3026  107.00000   83  213  111.00000   99.00000  10.8%   313 1480s
  9071  3032 infeasible   86       111.00000   99.00000  10.8%   312 1485s
  9097  3030  106.98701   63  154  111.00000   99.00000  10.8%   313 1490s
  9131  3030  102.00000   57  207  111.00000   99.00000  10.8%   313 1495s
  9166  3029   99.00000   50  223  111.00000   99.00000  10.8%   313 1500s
  9192  3029  107.64174   66  179  111.00000   99.00000  10.8%   313 1505s
  9225  3033  107.00000   77  253  111.00000   99.00000  10.8%   314 1510s
  9264  3043  106.01995   65  146  111.00000   99.00000  10.8%   314 1515s
  9313  3056  105.00000   60  169  111.00000   99.00000  10.8%   313 1520s
  9359  3069  105.00000   71  190  111.00000   99.00000  10.8%   313 1525s
  9420  3081   99.00000   43  266  111.00000   99.00000  10.8%   312 1530s
  9447  3091  107.00000   70  262  111.00000   99.00000  10.8%   313 1535s
  9476  3089  104.00000   60  229  111.00000   99.00000  10.8%   313 1540s
  9524  3102  102.06525   61  213  111.00000   99.00000  10.8%   313 1545s
  9567  3115  103.15230   57  189  111.00000   99.00000  10.8%   312 1550s
  9605  3122  107.26569   80  153  111.00000   99.00000  10.8%   312 1555s
  9642  3118  101.00000   58  201  111.00000   99.00000  10.8%   312 1560s
  9701  3135  104.00000   61  228  111.00000   99.00000  10.8%   312 1565s
  9740  3153  110.00000  100  225  111.00000   99.00000  10.8%   311 1570s
  9773  3157  109.00000   76  204  111.00000   99.00000  10.8%   311 1575s
  9841  3173  100.00000   53  259  111.00000   99.00000  10.8%   311 1580s
  9872  3185  109.00000   84  214  111.00000   99.00000  10.8%   311 1585s
  9912  3198  106.00000   78  204  111.00000   99.00000  10.8%   310 1590s
  9952  3201  102.04051   68  202  111.00000   99.00000  10.8%   310 1595s
  9991  3201  100.80938   58  236  111.00000   99.00000  10.8%   310 1600s
 10015  3209  110.00000   82  222  111.00000   99.00000  10.8%   310 1605s
 10045  3208  107.00000   68  207  111.00000   99.00000  10.8%   311 1610s
 10076  3212  108.00000   73  232  111.00000   99.00000  10.8%   311 1615s
 10111  3215  101.14948   62  181  111.00000   99.00000  10.8%   311 1620s
 10148  3218  104.57710   71  109  111.00000   99.00000  10.8%   311 1625s
 10192  3217  109.04869   84  161  111.00000   99.00000  10.8%   311 1630s
 10202  3213 infeasible   86       111.00000   99.00000  10.8%   311 1707s
 10213  3208  104.59520   59  218  111.00000   99.00000  10.8%   311 1710s
 10242  3214  102.00000   56  212  111.00000   99.00000  10.8%   311 1715s
 10275  3221  105.00000   55  175  111.00000   99.00000  10.8%   311 1720s
 10305  3224  107.00000   64  263  111.00000   99.00000  10.8%   311 1725s
 10332  3227  100.00000   51  251  111.00000   99.00000  10.8%   312 1730s
 10355  3233  108.04146   62  130  111.00000   99.00000  10.8%   312 1735s
 10386  3235  106.00000   59  248  111.00000   99.00000  10.8%   312 1740s
 10421  3242  102.00000   67  228  111.00000   99.00000  10.8%   312 1745s
 10451  3246  102.00000   62  248  111.00000   99.00000  10.8%   313 1750s
 10491  3256  100.22166   53  218  111.00000   99.00000  10.8%   312 1755s
 10531  3273  110.00000   93  219  111.00000   99.00000  10.8%   312 1760s
 10565  3272  103.00000   65  213  111.00000   99.00000  10.8%   313 1765s
 10605  3277  109.00000   87  166  111.00000   99.00000  10.8%   313 1770s
 10643  3280 infeasible   63       111.00000   99.00000  10.8%   312 1775s
 10670  3289  108.00000   72  237  111.00000   99.00000  10.8%   313 1780s
 10704  3293  104.00000   65  272  111.00000   99.00000  10.8%   313 1785s
 10740  3308  110.00000   99  184  111.00000   99.00000  10.8%   313 1790s
 10772  3303  106.49935   69  196  111.00000   99.00000  10.8%   313 1795s

Cutting planes:
  Gomory: 2
  Cover: 1
  Implied bound: 4
  Clique: 4
  MIR: 13
  Flow cover: 74
  Inf proof: 2
  Zero half: 4
  Mod-K: 1

Explored 10809 nodes (3392762 simplex iterations) in 1800.00 seconds
Thread count was 1 (of 12 available processors)

Solution count 10: 111 114 123 ... 6099
Pool objective bound 99

Time limit reached
Best objective 1.110000000000e+02, best bound 9.900000000000e+01, gap 10.8108%
